======================================================================
CORRECTED FUELINST INGESTION - Using Insights API
======================================================================
Started: Wed Oct 29 00:50:17 GMT 2025

Code fix: FUELINST now uses /generation/actual/per-type (Insights API)
Previous issue: Was using /datasets/FUELINST (live data only)

Timeline:
  [1/3] 2023 FUELINST/FUELHH: ~30 minutes
  [2/3] 2024 FUELINST/FUELHH: ~30 minutes
  [3/3] 2025 FUELINST/FUELHH: ~25 minutes
  Total: ~85 minutes
======================================================================

[1/3] Starting 2023 FUELINST repair (CORRECTED)...
Start: Wed Oct 29 00:50:17 GMT 2025
✅ 2023 FUELINST completed at Wed Oct 29 00:52:28 GMT 2025

[2/3] Starting 2024 FUELINST repair (CORRECTED)...
Start: Wed Oct 29 00:52:28 GMT 2025
✅ 2024 FUELINST completed at Wed Oct 29 00:53:45 GMT 2025

[3/3] Starting 2025 FUELINST repair (CORRECTED)...
Start: Wed Oct 29 00:53:45 GMT 2025
✅ 2025 FUELINST completed at Wed Oct 29 00:54:55 GMT 2025

======================================================================
ALL CORRECTED FUELINST INGESTION COMPLETE!
======================================================================

Summary:
  2023 FUELINST loads: 0
  2024 FUELINST loads: 0
  2025 FUELINST loads: 0

Verification:
  Run: .venv/bin/python test_user_query.py
  Run: .venv/bin/python verify_data_complete.py

Expected completion: Wed Oct 29 02:24:55 GMT 2025
