тЪая╕П  WARNING: High error count in recent logs!
тЪая╕П  WARNING: File backlog exceeds 50000
тЪая╕П  WARNING: High error count in recent logs!
тЪая╕П  WARNING: File backlog exceeds 50000
тЪая╕П  WARNING: High error count in recent logs!
тЪая╕П ALERT: IRIS Processor stopped at Thu Oct 30 18:36:26 GMT 2025
ЁЯЪи CRITICAL: IRIS Processor stopped!
тЪая╕П  WARNING: File backlog exceeds 50000
тЪая╕П ALERT: IRIS Processor stopped at Thu Oct 30 18:41:30 GMT 2025
ЁЯЪи CRITICAL: IRIS Processor stopped!
тЪая╕П  WARNING: File backlog exceeds 50000
тЪая╕П ALERT: IRIS Processor stopped at Thu Oct 30 18:46:35 GMT 2025
ЁЯЪи CRITICAL: IRIS Processor stopped!
тЪая╕П  WARNING: File backlog exceeds 50000
тЪая╕П  WARNING: Data lag exceeds 10 minutes!
тЪая╕П ALERT: IRIS Processor stopped at Thu Oct 30 18:51:41 GMT 2025
ЁЯЪи CRITICAL: IRIS Processor stopped!
тЪая╕П  WARNING: File backlog exceeds 50000
тЪая╕П  WARNING: Data lag exceeds 10 minutes!
тЪая╕П ALERT: IRIS Processor stopped at Thu Oct 30 18:56:45 GMT 2025
ЁЯЪи CRITICAL: IRIS Processor stopped!
тЪая╕П  WARNING: File backlog exceeds 50000
тЪая╕П ALERT: IRIS Processor stopped at Thu Oct 30 19:01:49 GMT 2025
ЁЯЪи CRITICAL: IRIS Processor stopped!
тЪая╕П  WARNING: File backlog exceeds 50000
тЪая╕П ALERT: IRIS Processor stopped at Thu Oct 30 19:06:55 GMT 2025
ЁЯЪи CRITICAL: IRIS Processor stopped!
тЪая╕П  WARNING: File backlog exceeds 50000
тЪая╕П  WARNING: Data lag exceeds 10 minutes!
тЪая╕П ALERT: IRIS Processor stopped at Thu Oct 30 19:11:59 GMT 2025
ЁЯЪи CRITICAL: IRIS Processor stopped!
тЪая╕П  WARNING: File backlog exceeds 50000
тЪая╕П  WARNING: Data lag exceeds 10 minutes!
тЪая╕П ALERT: IRIS Processor stopped at Thu Oct 30 19:17:04 GMT 2025
ЁЯЪи CRITICAL: IRIS Processor stopped!
тЪая╕П  WARNING: File backlog exceeds 50000
тЪая╕П ALERT: IRIS Processor stopped at Thu Oct 30 19:22:11 GMT 2025
ЁЯЪи CRITICAL: IRIS Processor stopped!
тЪая╕П  WARNING: File backlog exceeds 50000
тЪая╕П ALERT: IRIS Processor stopped at Thu Oct 30 19:27:14 GMT 2025
ЁЯЪи CRITICAL: IRIS Processor stopped!
тЪая╕П  WARNING: File backlog exceeds 50000
тЪая╕П  WARNING: Data lag exceeds 10 minutes!
тЪая╕П ALERT: IRIS Processor stopped at Thu Oct 30 19:32:18 GMT 2025
ЁЯЪи CRITICAL: IRIS Processor stopped!
тЪая╕П  WARNING: File backlog exceeds 50000
тЪая╕П  WARNING: Data lag exceeds 10 minutes!
тЪая╕П ALERT: IRIS Processor stopped at Thu Oct 30 19:37:23 GMT 2025
ЁЯЪи CRITICAL: IRIS Processor stopped!
тЪая╕П  WARNING: File backlog exceeds 50000
тЪая╕П  WARNING: High error count in recent logs!
тЪая╕П ALERT: IRIS Processor stopped at Thu Oct 30 19:42:28 GMT 2025
ЁЯЪи CRITICAL: IRIS Processor stopped!
тЪая╕П  WARNING: File backlog exceeds 50000
тЪая╕П  WARNING: High error count in recent logs!
тЪая╕П ALERT: IRIS Processor stopped at Thu Oct 30 19:47:32 GMT 2025
ЁЯЪи CRITICAL: IRIS Processor stopped!
тЪая╕П  WARNING: File backlog exceeds 50000
тЪая╕П  WARNING: Data lag exceeds 10 minutes!
тЪая╕П  WARNING: High error count in recent logs!
тЪая╕П ALERT: IRIS Processor stopped at Thu Oct 30 19:52:38 GMT 2025
ЁЯЪи CRITICAL: IRIS Processor stopped!
тЪая╕П  WARNING: File backlog exceeds 50000
тЪая╕П  WARNING: Data lag exceeds 10 minutes!
тЪая╕П  WARNING: High error count in recent logs!
тЪая╕П ALERT: IRIS Processor stopped at Thu Oct 30 19:57:41 GMT 2025
ЁЯЪи CRITICAL: IRIS Processor stopped!
тЪая╕П  WARNING: File backlog exceeds 50000
тЪая╕П  WARNING: High error count in recent logs!
тЪая╕П ALERT: IRIS Processor stopped at Thu Oct 30 20:02:45 GMT 2025
ЁЯЪи CRITICAL: IRIS Processor stopped!
тЪая╕П  WARNING: File backlog exceeds 50000
тЪая╕П  WARNING: High error count in recent logs!
тЪая╕П ALERT: IRIS Processor stopped at Thu Oct 30 20:07:51 GMT 2025
ЁЯЪи CRITICAL: IRIS Processor stopped!
тЪая╕П  WARNING: File backlog exceeds 50000
тЪая╕П  WARNING: Data lag exceeds 10 minutes!
тЪая╕П  WARNING: High error count in recent logs!
тЪая╕П ALERT: IRIS Processor stopped at Thu Oct 30 20:12:55 GMT 2025
ЁЯЪи CRITICAL: IRIS Processor stopped!
тЪая╕П  WARNING: File backlog exceeds 50000
тЪая╕П  WARNING: Data lag exceeds 10 minutes!
тЪая╕П  WARNING: High error count in recent logs!
тЪая╕П ALERT: IRIS Processor stopped at Thu Oct 30 20:17:58 GMT 2025
ЁЯЪи CRITICAL: IRIS Processor stopped!
тЪая╕П  WARNING: File backlog exceeds 50000
тЪая╕П  WARNING: High error count in recent logs!
тЪая╕П ALERT: IRIS Processor stopped at Thu Oct 30 20:23:04 GMT 2025
ЁЯЪи CRITICAL: IRIS Processor stopped!
тЪая╕П  WARNING: File backlog exceeds 50000
тЪая╕П  WARNING: High error count in recent logs!
тЪая╕П ALERT: IRIS Processor stopped at Thu Oct 30 20:28:08 GMT 2025
ЁЯЪи CRITICAL: IRIS Processor stopped!
тЪая╕П  WARNING: File backlog exceeds 50000
тЪая╕П  WARNING: Data lag exceeds 10 minutes!
тЪая╕П  WARNING: High error count in recent logs!
тЪая╕П ALERT: IRIS Processor stopped at Thu Oct 30 20:33:11 GMT 2025
ЁЯЪи CRITICAL: IRIS Processor stopped!
тЪая╕П  WARNING: File backlog exceeds 50000
тЪая╕П  WARNING: Data lag exceeds 10 minutes!
тЪая╕П  WARNING: High error count in recent logs!
тЪая╕П ALERT: IRIS Processor stopped at Thu Oct 30 20:38:17 GMT 2025
ЁЯЪи CRITICAL: IRIS Processor stopped!
тЪая╕П  WARNING: File backlog exceeds 50000
тЪая╕П  WARNING: High error count in recent logs!
тЪая╕П ALERT: IRIS Processor stopped at Thu Oct 30 20:43:21 GMT 2025
ЁЯЪи CRITICAL: IRIS Processor stopped!
тЪая╕П  WARNING: File backlog exceeds 50000
тЪая╕П  WARNING: High error count in recent logs!
тЪая╕П ALERT: IRIS Processor stopped at Thu Oct 30 20:48:24 GMT 2025
ЁЯЪи CRITICAL: IRIS Processor stopped!
тЪая╕П  WARNING: File backlog exceeds 50000
тЪая╕П  WARNING: Data lag exceeds 10 minutes!
тЪая╕П  WARNING: High error count in recent logs!
тЪая╕П ALERT: IRIS Processor stopped at Thu Oct 30 20:53:30 GMT 2025
ЁЯЪи CRITICAL: IRIS Processor stopped!
тЪая╕П  WARNING: File backlog exceeds 50000
тЪая╕П  WARNING: Data lag exceeds 10 minutes!
тЪая╕П  WARNING: High error count in recent logs!
тЪая╕П ALERT: IRIS Processor stopped at Thu Oct 30 20:58:33 GMT 2025
ЁЯЪи CRITICAL: IRIS Processor stopped!
тЪая╕П  WARNING: File backlog exceeds 50000
тЪая╕П  WARNING: High error count in recent logs!
тЪая╕П ALERT: IRIS Processor stopped at Thu Oct 30 21:03:37 GMT 2025
ЁЯЪи CRITICAL: IRIS Processor stopped!
тЪая╕П  WARNING: File backlog exceeds 50000
тЪая╕П  WARNING: High error count in recent logs!
тЪая╕П ALERT: IRIS Processor stopped at Thu Oct 30 21:08:43 GMT 2025
ЁЯЪи CRITICAL: IRIS Processor stopped!
тЪая╕П  WARNING: File backlog exceeds 50000
тЪая╕П  WARNING: Data lag exceeds 10 minutes!
тЪая╕П  WARNING: High error count in recent logs!
тЪая╕П ALERT: IRIS Processor stopped at Thu Oct 30 21:13:46 GMT 2025
ЁЯЪи CRITICAL: IRIS Processor stopped!
тЪая╕П  WARNING: File backlog exceeds 50000
тЪая╕П  WARNING: High error count in recent logs!
тЪая╕П ALERT: IRIS Processor stopped at Thu Oct 30 21:18:50 GMT 2025
ЁЯЪи CRITICAL: IRIS Processor stopped!
тЪая╕П  WARNING: File backlog exceeds 50000
тЪая╕П  WARNING: High error count in recent logs!
тЪая╕П ALERT: IRIS Processor stopped at Thu Oct 30 21:23:55 GMT 2025
ЁЯЪи CRITICAL: IRIS Processor stopped!
тЪая╕П  WARNING: File backlog exceeds 50000
тЪая╕П  WARNING: High error count in recent logs!
тЪая╕П ALERT: IRIS Processor stopped at Thu Oct 30 21:28:59 GMT 2025
ЁЯЪи CRITICAL: IRIS Processor stopped!
тЪая╕П  WARNING: File backlog exceeds 50000
тЪая╕П  WARNING: Data lag exceeds 10 minutes!
тЪая╕П  WARNING: High error count in recent logs!
тЪая╕П ALERT: IRIS Processor stopped at Thu Oct 30 21:34:02 GMT 2025
ЁЯЪи CRITICAL: IRIS Processor stopped!
тЪая╕П  WARNING: File backlog exceeds 50000
тЪая╕П  WARNING: Data lag exceeds 10 minutes!
тЪая╕П  WARNING: High error count in recent logs!
тЪая╕П ALERT: IRIS Processor stopped at Thu Oct 30 21:39:09 GMT 2025
ЁЯЪи CRITICAL: IRIS Processor stopped!
тЪая╕П  WARNING: File backlog exceeds 50000
тЪая╕П  WARNING: Data lag exceeds 10 minutes!
тЪая╕П  WARNING: High error count in recent logs!
тЪая╕П ALERT: IRIS Processor stopped at Thu Oct 30 21:44:12 GMT 2025
ЁЯЪи CRITICAL: IRIS Processor stopped!
тЪая╕П  WARNING: File backlog exceeds 50000
тЪая╕П  WARNING: High error count in recent logs!
тЪая╕П ALERT: IRIS Processor stopped at Thu Oct 30 21:49:15 GMT 2025
ЁЯЪи CRITICAL: IRIS Processor stopped!
тЪая╕П  WARNING: File backlog exceeds 50000
тЪая╕П  WARNING: High error count in recent logs!
тЪая╕П ALERT: IRIS Processor stopped at Thu Oct 30 21:54:21 GMT 2025
ЁЯЪи CRITICAL: IRIS Processor stopped!
тЪая╕П  WARNING: File backlog exceeds 50000
тЪая╕П  WARNING: Data lag exceeds 10 minutes!
тЪая╕П  WARNING: High error count in recent logs!
тЪая╕П ALERT: IRIS Processor stopped at Thu Oct 30 21:59:25 GMT 2025
ЁЯЪи CRITICAL: IRIS Processor stopped!
тЪая╕П  WARNING: File backlog exceeds 50000
тЪая╕П  WARNING: Data lag exceeds 10 minutes!
тЪая╕П  WARNING: High error count in recent logs!
тЪая╕П ALERT: IRIS Processor stopped at Thu Oct 30 22:04:28 GMT 2025
ЁЯЪи CRITICAL: IRIS Processor stopped!
тЪая╕П  WARNING: File backlog exceeds 50000
тЪая╕П  WARNING: High error count in recent logs!
тЪая╕П ALERT: IRIS Processor stopped at Thu Oct 30 22:09:34 GMT 2025
ЁЯЪи CRITICAL: IRIS Processor stopped!
тЪая╕П  WARNING: File backlog exceeds 50000
тЪая╕П  WARNING: High error count in recent logs!
тЪая╕П ALERT: IRIS Processor stopped at Thu Oct 30 22:14:38 GMT 2025
ЁЯЪи CRITICAL: IRIS Processor stopped!
тЪая╕П  WARNING: File backlog exceeds 50000
тЪая╕П  WARNING: Data lag exceeds 10 minutes!
тЪая╕П  WARNING: High error count in recent logs!
тЪая╕П ALERT: IRIS Processor stopped at Thu Oct 30 22:19:42 GMT 2025
ЁЯЪи CRITICAL: IRIS Processor stopped!
тЪая╕П  WARNING: File backlog exceeds 50000
тЪая╕П  WARNING: Data lag exceeds 10 minutes!
тЪая╕П  WARNING: High error count in recent logs!
тЪая╕П ALERT: IRIS Processor stopped at Thu Oct 30 22:24:49 GMT 2025
ЁЯЪи CRITICAL: IRIS Processor stopped!
тЪая╕П  WARNING: File backlog exceeds 50000
тЪая╕П  WARNING: High error count in recent logs!
тЪая╕П ALERT: IRIS Processor stopped at Thu Oct 30 22:29:53 GMT 2025
ЁЯЪи CRITICAL: IRIS Processor stopped!
тЪая╕П  WARNING: File backlog exceeds 50000
тЪая╕П  WARNING: High error count in recent logs!
тЪая╕П ALERT: IRIS Processor stopped at Thu Oct 30 22:34:57 GMT 2025
ЁЯЪи CRITICAL: IRIS Processor stopped!
тЪая╕П  WARNING: File backlog exceeds 50000
тЪая╕П  WARNING: Data lag exceeds 10 minutes!
тЪая╕П  WARNING: High error count in recent logs!
тЪая╕П ALERT: IRIS Processor stopped at Thu Oct 30 22:40:03 GMT 2025
ЁЯЪи CRITICAL: IRIS Processor stopped!
тЪая╕П  WARNING: File backlog exceeds 50000
тЪая╕П  WARNING: Data lag exceeds 10 minutes!
тЪая╕П  WARNING: High error count in recent logs!
тЪая╕П ALERT: IRIS Processor stopped at Thu Oct 30 22:45:07 GMT 2025
ЁЯЪи CRITICAL: IRIS Processor stopped!
тЪая╕П  WARNING: File backlog exceeds 50000
тЪая╕П  WARNING: High error count in recent logs!
тЪая╕П ALERT: IRIS Client stopped at Thu Oct 30 22:50:13 GMT 2025
тЪая╕П ALERT: IRIS Processor stopped at Thu Oct 30 22:50:13 GMT 2025
ЁЯЪи CRITICAL: IRIS Client stopped!
ЁЯЪи CRITICAL: IRIS Processor stopped!
тЪая╕П  WARNING: File backlog exceeds 50000
тЪая╕П  WARNING: High error count in recent logs!
тЪая╕П ALERT: IRIS Client stopped at Thu Oct 30 22:55:21 GMT 2025
тЪая╕П ALERT: IRIS Processor stopped at Thu Oct 30 22:55:21 GMT 2025
ЁЯЪи CRITICAL: IRIS Client stopped!
ЁЯЪи CRITICAL: IRIS Processor stopped!
тЪая╕П  WARNING: File backlog exceeds 50000
тЪая╕П  WARNING: Data lag exceeds 10 minutes!
тЪая╕П  WARNING: High error count in recent logs!
тЪая╕П ALERT: IRIS Client stopped at Thu Oct 30 23:00:25 GMT 2025
тЪая╕П ALERT: IRIS Processor stopped at Thu Oct 30 23:00:25 GMT 2025
ЁЯЪи CRITICAL: IRIS Client stopped!
ЁЯЪи CRITICAL: IRIS Processor stopped!
тЪая╕П  WARNING: File backlog exceeds 50000
тЪая╕П  WARNING: Data lag exceeds 10 minutes!
тЪая╕П  WARNING: High error count in recent logs!
тЪая╕П ALERT: IRIS Client stopped at Thu Oct 30 23:05:30 GMT 2025
тЪая╕П ALERT: IRIS Processor stopped at Thu Oct 30 23:05:30 GMT 2025
ЁЯЪи CRITICAL: IRIS Client stopped!
ЁЯЪи CRITICAL: IRIS Processor stopped!
тЪая╕П  WARNING: File backlog exceeds 50000
тЪая╕П  WARNING: Data lag exceeds 10 minutes!
тЪая╕П  WARNING: High error count in recent logs!
тЪая╕П ALERT: IRIS Client stopped at Thu Oct 30 23:10:37 GMT 2025
тЪая╕П ALERT: IRIS Processor stopped at Thu Oct 30 23:10:37 GMT 2025
ЁЯЪи CRITICAL: IRIS Client stopped!
ЁЯЪи CRITICAL: IRIS Processor stopped!
тЪая╕П  WARNING: File backlog exceeds 50000
тЪая╕П  WARNING: Data lag exceeds 10 minutes!
тЪая╕П  WARNING: High error count in recent logs!
тЪая╕П ALERT: IRIS Client stopped at Thu Oct 30 23:15:42 GMT 2025
тЪая╕П ALERT: IRIS Processor stopped at Thu Oct 30 23:15:42 GMT 2025
ЁЯЪи CRITICAL: IRIS Client stopped!
ЁЯЪи CRITICAL: IRIS Processor stopped!
тЪая╕П  WARNING: File backlog exceeds 50000
тЪая╕П  WARNING: Data lag exceeds 10 minutes!
тЪая╕П  WARNING: High error count in recent logs!
тЪая╕П ALERT: IRIS Client stopped at Thu Oct 30 23:20:47 GMT 2025
тЪая╕П ALERT: IRIS Processor stopped at Thu Oct 30 23:20:47 GMT 2025
ЁЯЪи CRITICAL: IRIS Client stopped!
ЁЯЪи CRITICAL: IRIS Processor stopped!
тЪая╕П  WARNING: File backlog exceeds 50000
тЪая╕П  WARNING: Data lag exceeds 10 minutes!
тЪая╕П  WARNING: High error count in recent logs!
тЪая╕П ALERT: IRIS Client stopped at Thu Oct 30 23:25:56 GMT 2025
тЪая╕П ALERT: IRIS Processor stopped at Thu Oct 30 23:25:56 GMT 2025
ЁЯЪи CRITICAL: IRIS Client stopped!
ЁЯЪи CRITICAL: IRIS Processor stopped!
тЪая╕П  WARNING: File backlog exceeds 50000
тЪая╕П  WARNING: Data lag exceeds 10 minutes!
тЪая╕П  WARNING: High error count in recent logs!
тЪая╕П ALERT: IRIS Client stopped at Thu Oct 30 23:31:01 GMT 2025
тЪая╕П ALERT: IRIS Processor stopped at Thu Oct 30 23:31:01 GMT 2025
ЁЯЪи CRITICAL: IRIS Client stopped!
ЁЯЪи CRITICAL: IRIS Processor stopped!
тЪая╕П  WARNING: File backlog exceeds 50000
тЪая╕П  WARNING: Data lag exceeds 10 minutes!
тЪая╕П  WARNING: High error count in recent logs!
тЪая╕П ALERT: IRIS Client stopped at Thu Oct 30 23:36:06 GMT 2025
тЪая╕П ALERT: IRIS Processor stopped at Thu Oct 30 23:36:06 GMT 2025
ЁЯЪи CRITICAL: IRIS Client stopped!
ЁЯЪи CRITICAL: IRIS Processor stopped!
тЪая╕П  WARNING: File backlog exceeds 50000
тЪая╕П  WARNING: Data lag exceeds 10 minutes!
тЪая╕П  WARNING: High error count in recent logs!
тЪая╕П ALERT: IRIS Client stopped at Thu Oct 30 23:41:14 GMT 2025
тЪая╕П ALERT: IRIS Processor stopped at Thu Oct 30 23:41:14 GMT 2025
ЁЯЪи CRITICAL: IRIS Client stopped!
ЁЯЪи CRITICAL: IRIS Processor stopped!
тЪая╕П  WARNING: File backlog exceeds 50000
тЪая╕П  WARNING: Data lag exceeds 10 minutes!
тЪая╕П  WARNING: High error count in recent logs!
тЪая╕П ALERT: IRIS Client stopped at Thu Oct 30 23:46:19 GMT 2025
тЪая╕П ALERT: IRIS Processor stopped at Thu Oct 30 23:46:19 GMT 2025
ЁЯЪи CRITICAL: IRIS Client stopped!
ЁЯЪи CRITICAL: IRIS Processor stopped!
тЪая╕П  WARNING: File backlog exceeds 50000
тЪая╕П  WARNING: Data lag exceeds 10 minutes!
тЪая╕П  WARNING: High error count in recent logs!
тЪая╕П ALERT: IRIS Client stopped at Thu Oct 30 23:51:24 GMT 2025
тЪая╕П ALERT: IRIS Processor stopped at Thu Oct 30 23:51:24 GMT 2025
ЁЯЪи CRITICAL: IRIS Client stopped!
ЁЯЪи CRITICAL: IRIS Processor stopped!
тЪая╕П  WARNING: File backlog exceeds 50000
тЪая╕П  WARNING: Data lag exceeds 10 minutes!
тЪая╕П  WARNING: High error count in recent logs!
тЪая╕П ALERT: IRIS Client stopped at Thu Oct 30 23:56:31 GMT 2025
тЪая╕П ALERT: IRIS Processor stopped at Thu Oct 30 23:56:31 GMT 2025
ЁЯЪи CRITICAL: IRIS Client stopped!
ЁЯЪи CRITICAL: IRIS Processor stopped!
тЪая╕П  WARNING: File backlog exceeds 50000
тЪая╕П  WARNING: Data lag exceeds 10 minutes!
тЪая╕П  WARNING: High error count in recent logs!
тЪая╕П ALERT: IRIS Client stopped at Fri Oct 31 00:01:37 GMT 2025
тЪая╕П ALERT: IRIS Processor stopped at Fri Oct 31 00:01:37 GMT 2025
ЁЯЪи CRITICAL: IRIS Client stopped!
ЁЯЪи CRITICAL: IRIS Processor stopped!
тЪая╕П  WARNING: File backlog exceeds 50000
тЪая╕П  WARNING: Data lag exceeds 10 minutes!
тЪая╕П  WARNING: High error count in recent logs!
тЪая╕П ALERT: IRIS Client stopped at Fri Oct 31 00:06:42 GMT 2025
тЪая╕П ALERT: IRIS Processor stopped at Fri Oct 31 00:06:42 GMT 2025
ЁЯЪи CRITICAL: IRIS Client stopped!
ЁЯЪи CRITICAL: IRIS Processor stopped!
тЪая╕П  WARNING: File backlog exceeds 50000
тЪая╕П  WARNING: Data lag exceeds 10 minutes!
тЪая╕П  WARNING: High error count in recent logs!
тЪая╕П ALERT: IRIS Client stopped at Fri Oct 31 00:11:50 GMT 2025
тЪая╕П ALERT: IRIS Processor stopped at Fri Oct 31 00:11:50 GMT 2025
ЁЯЪи CRITICAL: IRIS Client stopped!
ЁЯЪи CRITICAL: IRIS Processor stopped!
тЪая╕П  WARNING: File backlog exceeds 50000
тЪая╕П  WARNING: Data lag exceeds 10 minutes!
тЪая╕П  WARNING: High error count in recent logs!
тЪая╕П ALERT: IRIS Client stopped at Fri Oct 31 00:16:56 GMT 2025
тЪая╕П ALERT: IRIS Processor stopped at Fri Oct 31 00:16:56 GMT 2025
ЁЯЪи CRITICAL: IRIS Client stopped!
ЁЯЪи CRITICAL: IRIS Processor stopped!
тЪая╕П  WARNING: File backlog exceeds 50000
тЪая╕П  WARNING: Data lag exceeds 10 minutes!
тЪая╕П  WARNING: High error count in recent logs!
тЪая╕П ALERT: IRIS Client stopped at Fri Oct 31 00:22:00 GMT 2025
тЪая╕П ALERT: IRIS Processor stopped at Fri Oct 31 00:22:00 GMT 2025
ЁЯЪи CRITICAL: IRIS Client stopped!
ЁЯЪи CRITICAL: IRIS Processor stopped!
тЪая╕П  WARNING: File backlog exceeds 50000
тЪая╕П  WARNING: Data lag exceeds 10 minutes!
тЪая╕П  WARNING: High error count in recent logs!
тЪая╕П ALERT: IRIS Client stopped at Fri Oct 31 00:27:07 GMT 2025
тЪая╕П ALERT: IRIS Processor stopped at Fri Oct 31 00:27:07 GMT 2025
ЁЯЪи CRITICAL: IRIS Client stopped!
ЁЯЪи CRITICAL: IRIS Processor stopped!
тЪая╕П  WARNING: File backlog exceeds 50000
тЪая╕П  WARNING: Data lag exceeds 10 minutes!
тЪая╕П  WARNING: High error count in recent logs!
тЪая╕П ALERT: IRIS Client stopped at Fri Oct 31 00:32:12 GMT 2025
тЪая╕П ALERT: IRIS Processor stopped at Fri Oct 31 00:32:12 GMT 2025
ЁЯЪи CRITICAL: IRIS Client stopped!
ЁЯЪи CRITICAL: IRIS Processor stopped!
тЪая╕П  WARNING: File backlog exceeds 50000
тЪая╕П  WARNING: Data lag exceeds 10 minutes!
тЪая╕П  WARNING: High error count in recent logs!
тЪая╕П ALERT: IRIS Client stopped at Fri Oct 31 00:37:17 GMT 2025
тЪая╕П ALERT: IRIS Processor stopped at Fri Oct 31 00:37:17 GMT 2025
ЁЯЪи CRITICAL: IRIS Client stopped!
ЁЯЪи CRITICAL: IRIS Processor stopped!
тЪая╕П  WARNING: File backlog exceeds 50000
тЪая╕П  WARNING: Data lag exceeds 10 minutes!
тЪая╕П  WARNING: High error count in recent logs!
тЪая╕П ALERT: IRIS Client stopped at Fri Oct 31 00:42:24 GMT 2025
тЪая╕П ALERT: IRIS Processor stopped at Fri Oct 31 00:42:24 GMT 2025
ЁЯЪи CRITICAL: IRIS Client stopped!
ЁЯЪи CRITICAL: IRIS Processor stopped!
тЪая╕П  WARNING: File backlog exceeds 50000
тЪая╕П  WARNING: Data lag exceeds 10 minutes!
тЪая╕П  WARNING: High error count in recent logs!
тЪая╕П ALERT: IRIS Client stopped at Fri Oct 31 00:47:28 GMT 2025
тЪая╕П ALERT: IRIS Processor stopped at Fri Oct 31 00:47:28 GMT 2025
ЁЯЪи CRITICAL: IRIS Client stopped!
ЁЯЪи CRITICAL: IRIS Processor stopped!
тЪая╕П  WARNING: File backlog exceeds 50000
тЪая╕П  WARNING: Data lag exceeds 10 minutes!
тЪая╕П  WARNING: High error count in recent logs!
тЪая╕П ALERT: IRIS Client stopped at Fri Oct 31 00:52:32 GMT 2025
тЪая╕П ALERT: IRIS Processor stopped at Fri Oct 31 00:52:32 GMT 2025
ЁЯЪи CRITICAL: IRIS Client stopped!
ЁЯЪи CRITICAL: IRIS Processor stopped!
тЪая╕П  WARNING: File backlog exceeds 50000
тЪая╕П  WARNING: Data lag exceeds 10 minutes!
тЪая╕П  WARNING: High error count in recent logs!
тЪая╕П ALERT: IRIS Client stopped at Fri Oct 31 00:57:39 GMT 2025
тЪая╕П ALERT: IRIS Processor stopped at Fri Oct 31 00:57:39 GMT 2025
ЁЯЪи CRITICAL: IRIS Client stopped!
ЁЯЪи CRITICAL: IRIS Processor stopped!
тЪая╕П  WARNING: File backlog exceeds 50000
тЪая╕П  WARNING: Data lag exceeds 10 minutes!
тЪая╕П  WARNING: High error count in recent logs!
тЪая╕П ALERT: IRIS Client stopped at Fri Oct 31 01:02:43 GMT 2025
тЪая╕П ALERT: IRIS Processor stopped at Fri Oct 31 01:02:43 GMT 2025
ЁЯЪи CRITICAL: IRIS Client stopped!
ЁЯЪи CRITICAL: IRIS Processor stopped!
тЪая╕П  WARNING: File backlog exceeds 50000
тЪая╕П  WARNING: Data lag exceeds 10 minutes!
тЪая╕П  WARNING: High error count in recent logs!
тЪая╕П ALERT: IRIS Client stopped at Fri Oct 31 01:07:48 GMT 2025
тЪая╕П ALERT: IRIS Processor stopped at Fri Oct 31 01:07:48 GMT 2025
ЁЯЪи CRITICAL: IRIS Client stopped!
ЁЯЪи CRITICAL: IRIS Processor stopped!
тЪая╕П  WARNING: File backlog exceeds 50000
тЪая╕П  WARNING: Data lag exceeds 10 minutes!
тЪая╕П  WARNING: High error count in recent logs!
тЪая╕П ALERT: IRIS Client stopped at Fri Oct 31 01:12:55 GMT 2025
тЪая╕П ALERT: IRIS Processor stopped at Fri Oct 31 01:12:55 GMT 2025
ЁЯЪи CRITICAL: IRIS Client stopped!
ЁЯЪи CRITICAL: IRIS Processor stopped!
тЪая╕П  WARNING: File backlog exceeds 50000
тЪая╕П  WARNING: Data lag exceeds 10 minutes!
тЪая╕П  WARNING: High error count in recent logs!
тЪая╕П ALERT: IRIS Client stopped at Fri Oct 31 01:17:59 GMT 2025
тЪая╕П ALERT: IRIS Processor stopped at Fri Oct 31 01:17:59 GMT 2025
ЁЯЪи CRITICAL: IRIS Client stopped!
ЁЯЪи CRITICAL: IRIS Processor stopped!
тЪая╕П  WARNING: File backlog exceeds 50000
тЪая╕П  WARNING: Data lag exceeds 10 minutes!
тЪая╕П  WARNING: High error count in recent logs!
тЪая╕П ALERT: IRIS Client stopped at Fri Oct 31 01:23:04 GMT 2025
тЪая╕П ALERT: IRIS Processor stopped at Fri Oct 31 01:23:04 GMT 2025
ЁЯЪи CRITICAL: IRIS Client stopped!
ЁЯЪи CRITICAL: IRIS Processor stopped!
тЪая╕П  WARNING: File backlog exceeds 50000
тЪая╕П  WARNING: Data lag exceeds 10 minutes!
тЪая╕П  WARNING: High error count in recent logs!
тЪая╕П ALERT: IRIS Client stopped at Fri Oct 31 01:28:11 GMT 2025
тЪая╕П ALERT: IRIS Processor stopped at Fri Oct 31 01:28:11 GMT 2025
ЁЯЪи CRITICAL: IRIS Client stopped!
ЁЯЪи CRITICAL: IRIS Processor stopped!
тЪая╕П  WARNING: File backlog exceeds 50000
тЪая╕П  WARNING: Data lag exceeds 10 minutes!
тЪая╕П  WARNING: High error count in recent logs!
тЪая╕П ALERT: IRIS Client stopped at Fri Oct 31 01:33:15 GMT 2025
тЪая╕П ALERT: IRIS Processor stopped at Fri Oct 31 01:33:15 GMT 2025
ЁЯЪи CRITICAL: IRIS Client stopped!
ЁЯЪи CRITICAL: IRIS Processor stopped!
тЪая╕П  WARNING: File backlog exceeds 50000
тЪая╕П  WARNING: Data lag exceeds 10 minutes!
тЪая╕П  WARNING: High error count in recent logs!
тЪая╕П ALERT: IRIS Client stopped at Fri Oct 31 01:38:19 GMT 2025
тЪая╕П ALERT: IRIS Processor stopped at Fri Oct 31 01:38:19 GMT 2025
ЁЯЪи CRITICAL: IRIS Client stopped!
ЁЯЪи CRITICAL: IRIS Processor stopped!
тЪая╕П  WARNING: File backlog exceeds 50000
тЪая╕П  WARNING: Data lag exceeds 10 minutes!
тЪая╕П  WARNING: High error count in recent logs!
тЪая╕П ALERT: IRIS Client stopped at Fri Oct 31 01:43:24 GMT 2025
тЪая╕П ALERT: IRIS Processor stopped at Fri Oct 31 01:43:24 GMT 2025
ЁЯЪи CRITICAL: IRIS Client stopped!
ЁЯЪи CRITICAL: IRIS Processor stopped!
тЪая╕П  WARNING: File backlog exceeds 50000
тЪая╕П  WARNING: Data lag exceeds 10 minutes!
тЪая╕П  WARNING: High error count in recent logs!
тЪая╕П ALERT: IRIS Client stopped at Fri Oct 31 01:48:27 GMT 2025
тЪая╕П ALERT: IRIS Processor stopped at Fri Oct 31 01:48:27 GMT 2025
ЁЯЪи CRITICAL: IRIS Client stopped!
ЁЯЪи CRITICAL: IRIS Processor stopped!
тЪая╕П  WARNING: File backlog exceeds 50000
тЪая╕П  WARNING: Data lag exceeds 10 minutes!
тЪая╕П  WARNING: High error count in recent logs!
тЪая╕П ALERT: IRIS Client stopped at Fri Oct 31 01:53:31 GMT 2025
тЪая╕П ALERT: IRIS Processor stopped at Fri Oct 31 01:53:31 GMT 2025
ЁЯЪи CRITICAL: IRIS Client stopped!
ЁЯЪи CRITICAL: IRIS Processor stopped!
тЪая╕П  WARNING: File backlog exceeds 50000
тЪая╕П  WARNING: Data lag exceeds 10 minutes!
тЪая╕П  WARNING: High error count in recent logs!
тЪая╕П ALERT: IRIS Client stopped at Fri Oct 31 01:58:36 GMT 2025
тЪая╕П ALERT: IRIS Processor stopped at Fri Oct 31 01:58:36 GMT 2025
ЁЯЪи CRITICAL: IRIS Client stopped!
ЁЯЪи CRITICAL: IRIS Processor stopped!
тЪая╕П  WARNING: File backlog exceeds 50000
тЪая╕П  WARNING: Data lag exceeds 10 minutes!
тЪая╕П  WARNING: High error count in recent logs!
тЪая╕П ALERT: IRIS Client stopped at Fri Oct 31 02:03:39 GMT 2025
тЪая╕П ALERT: IRIS Processor stopped at Fri Oct 31 02:03:39 GMT 2025
ЁЯЪи CRITICAL: IRIS Client stopped!
ЁЯЪи CRITICAL: IRIS Processor stopped!
тЪая╕П  WARNING: File backlog exceeds 50000
тЪая╕П  WARNING: Data lag exceeds 10 minutes!
тЪая╕П  WARNING: High error count in recent logs!
тЪая╕П ALERT: IRIS Client stopped at Fri Oct 31 02:08:43 GMT 2025
тЪая╕П ALERT: IRIS Processor stopped at Fri Oct 31 02:08:43 GMT 2025
ЁЯЪи CRITICAL: IRIS Client stopped!
ЁЯЪи CRITICAL: IRIS Processor stopped!
тЪая╕П  WARNING: File backlog exceeds 50000
тЪая╕П  WARNING: Data lag exceeds 10 minutes!
тЪая╕П  WARNING: High error count in recent logs!
тЪая╕П ALERT: IRIS Client stopped at Fri Oct 31 02:13:50 GMT 2025
тЪая╕П ALERT: IRIS Processor stopped at Fri Oct 31 02:13:50 GMT 2025
ЁЯЪи CRITICAL: IRIS Client stopped!
ЁЯЪи CRITICAL: IRIS Processor stopped!
тЪая╕П  WARNING: File backlog exceeds 50000
тЪая╕П  WARNING: Data lag exceeds 10 minutes!
тЪая╕П  WARNING: High error count in recent logs!
тЪая╕П ALERT: IRIS Client stopped at Fri Oct 31 02:18:55 GMT 2025
тЪая╕П ALERT: IRIS Processor stopped at Fri Oct 31 02:18:55 GMT 2025
ЁЯЪи CRITICAL: IRIS Client stopped!
ЁЯЪи CRITICAL: IRIS Processor stopped!
тЪая╕П  WARNING: File backlog exceeds 50000
тЪая╕П  WARNING: Data lag exceeds 10 minutes!
тЪая╕П  WARNING: High error count in recent logs!
тЪая╕П ALERT: IRIS Client stopped at Fri Oct 31 02:23:59 GMT 2025
тЪая╕П ALERT: IRIS Processor stopped at Fri Oct 31 02:23:59 GMT 2025
ЁЯЪи CRITICAL: IRIS Client stopped!
ЁЯЪи CRITICAL: IRIS Processor stopped!
тЪая╕П  WARNING: File backlog exceeds 50000
тЪая╕П  WARNING: Data lag exceeds 10 minutes!
тЪая╕П  WARNING: High error count in recent logs!
тЪая╕П ALERT: IRIS Client stopped at Fri Oct 31 02:29:06 GMT 2025
тЪая╕П ALERT: IRIS Processor stopped at Fri Oct 31 02:29:06 GMT 2025
ЁЯЪи CRITICAL: IRIS Client stopped!
ЁЯЪи CRITICAL: IRIS Processor stopped!
тЪая╕П  WARNING: File backlog exceeds 50000
тЪая╕П  WARNING: Data lag exceeds 10 minutes!
тЪая╕П  WARNING: High error count in recent logs!
тЪая╕П ALERT: IRIS Client stopped at Fri Oct 31 02:34:11 GMT 2025
тЪая╕П ALERT: IRIS Processor stopped at Fri Oct 31 02:34:11 GMT 2025
ЁЯЪи CRITICAL: IRIS Client stopped!
ЁЯЪи CRITICAL: IRIS Processor stopped!
тЪая╕П  WARNING: File backlog exceeds 50000
тЪая╕П  WARNING: Data lag exceeds 10 minutes!
тЪая╕П  WARNING: High error count in recent logs!
тЪая╕П ALERT: IRIS Client stopped at Fri Oct 31 02:39:15 GMT 2025
тЪая╕П ALERT: IRIS Processor stopped at Fri Oct 31 02:39:15 GMT 2025
ЁЯЪи CRITICAL: IRIS Client stopped!
ЁЯЪи CRITICAL: IRIS Processor stopped!
тЪая╕П  WARNING: File backlog exceeds 50000
тЪая╕П  WARNING: Data lag exceeds 10 minutes!
тЪая╕П  WARNING: High error count in recent logs!
тЪая╕П ALERT: IRIS Client stopped at Fri Oct 31 02:44:22 GMT 2025
тЪая╕П ALERT: IRIS Processor stopped at Fri Oct 31 02:44:22 GMT 2025
ЁЯЪи CRITICAL: IRIS Client stopped!
ЁЯЪи CRITICAL: IRIS Processor stopped!
тЪая╕П  WARNING: File backlog exceeds 50000
тЪая╕П  WARNING: Data lag exceeds 10 minutes!
тЪая╕П  WARNING: High error count in recent logs!
тЪая╕П ALERT: IRIS Client stopped at Fri Oct 31 02:49:25 GMT 2025
тЪая╕П ALERT: IRIS Processor stopped at Fri Oct 31 02:49:25 GMT 2025
ЁЯЪи CRITICAL: IRIS Client stopped!
ЁЯЪи CRITICAL: IRIS Processor stopped!
тЪая╕П  WARNING: File backlog exceeds 50000
тЪая╕П  WARNING: Data lag exceeds 10 minutes!
тЪая╕П  WARNING: High error count in recent logs!
тЪая╕П ALERT: IRIS Client stopped at Fri Oct 31 02:54:29 GMT 2025
тЪая╕П ALERT: IRIS Processor stopped at Fri Oct 31 02:54:29 GMT 2025
ЁЯЪи CRITICAL: IRIS Client stopped!
ЁЯЪи CRITICAL: IRIS Processor stopped!
тЪая╕П  WARNING: File backlog exceeds 50000
тЪая╕П  WARNING: Data lag exceeds 10 minutes!
тЪая╕П  WARNING: High error count in recent logs!
тЪая╕П ALERT: IRIS Client stopped at Fri Oct 31 02:59:35 GMT 2025
тЪая╕П ALERT: IRIS Processor stopped at Fri Oct 31 02:59:35 GMT 2025
ЁЯЪи CRITICAL: IRIS Client stopped!
ЁЯЪи CRITICAL: IRIS Processor stopped!
тЪая╕П  WARNING: File backlog exceeds 50000
тЪая╕П  WARNING: Data lag exceeds 10 minutes!
тЪая╕П  WARNING: High error count in recent logs!
тЪая╕П ALERT: IRIS Client stopped at Fri Oct 31 03:04:40 GMT 2025
тЪая╕П ALERT: IRIS Processor stopped at Fri Oct 31 03:04:40 GMT 2025
ЁЯЪи CRITICAL: IRIS Client stopped!
ЁЯЪи CRITICAL: IRIS Processor stopped!
тЪая╕П  WARNING: File backlog exceeds 50000
тЪая╕П  WARNING: Data lag exceeds 10 minutes!
тЪая╕П  WARNING: High error count in recent logs!
тЪая╕П ALERT: IRIS Client stopped at Fri Oct 31 03:09:44 GMT 2025
тЪая╕П ALERT: IRIS Processor stopped at Fri Oct 31 03:09:44 GMT 2025
ЁЯЪи CRITICAL: IRIS Client stopped!
ЁЯЪи CRITICAL: IRIS Processor stopped!
тЪая╕П  WARNING: File backlog exceeds 50000
тЪая╕П  WARNING: Data lag exceeds 10 minutes!
тЪая╕П  WARNING: High error count in recent logs!
тЪая╕П ALERT: IRIS Client stopped at Fri Oct 31 03:14:51 GMT 2025
тЪая╕П ALERT: IRIS Processor stopped at Fri Oct 31 03:14:51 GMT 2025
ЁЯЪи CRITICAL: IRIS Client stopped!
ЁЯЪи CRITICAL: IRIS Processor stopped!
тЪая╕П  WARNING: File backlog exceeds 50000
тЪая╕П  WARNING: Data lag exceeds 10 minutes!
тЪая╕П  WARNING: High error count in recent logs!
тЪая╕П ALERT: IRIS Client stopped at Fri Oct 31 03:19:55 GMT 2025
тЪая╕П ALERT: IRIS Processor stopped at Fri Oct 31 03:19:55 GMT 2025
ЁЯЪи CRITICAL: IRIS Client stopped!
ЁЯЪи CRITICAL: IRIS Processor stopped!
тЪая╕П  WARNING: File backlog exceeds 50000
тЪая╕П  WARNING: Data lag exceeds 10 minutes!
тЪая╕П  WARNING: High error count in recent logs!
тЪая╕П ALERT: IRIS Client stopped at Fri Oct 31 03:24:59 GMT 2025
тЪая╕П ALERT: IRIS Processor stopped at Fri Oct 31 03:24:59 GMT 2025
ЁЯЪи CRITICAL: IRIS Client stopped!
ЁЯЪи CRITICAL: IRIS Processor stopped!
тЪая╕П  WARNING: File backlog exceeds 50000
тЪая╕П  WARNING: Data lag exceeds 10 minutes!
тЪая╕П  WARNING: High error count in recent logs!
тЪая╕П ALERT: IRIS Client stopped at Fri Oct 31 03:30:06 GMT 2025
тЪая╕П ALERT: IRIS Processor stopped at Fri Oct 31 03:30:06 GMT 2025
ЁЯЪи CRITICAL: IRIS Client stopped!
ЁЯЪи CRITICAL: IRIS Processor stopped!
тЪая╕П  WARNING: File backlog exceeds 50000
тЪая╕П  WARNING: Data lag exceeds 10 minutes!
тЪая╕П  WARNING: High error count in recent logs!
тЪая╕П ALERT: IRIS Client stopped at Fri Oct 31 03:35:10 GMT 2025
тЪая╕П ALERT: IRIS Processor stopped at Fri Oct 31 03:35:10 GMT 2025
ЁЯЪи CRITICAL: IRIS Client stopped!
ЁЯЪи CRITICAL: IRIS Processor stopped!
тЪая╕П  WARNING: File backlog exceeds 50000
тЪая╕П  WARNING: Data lag exceeds 10 minutes!
тЪая╕П  WARNING: High error count in recent logs!
тЪая╕П ALERT: IRIS Client stopped at Fri Oct 31 03:40:14 GMT 2025
тЪая╕П ALERT: IRIS Processor stopped at Fri Oct 31 03:40:14 GMT 2025
ЁЯЪи CRITICAL: IRIS Client stopped!
ЁЯЪи CRITICAL: IRIS Processor stopped!
тЪая╕П  WARNING: File backlog exceeds 50000
тЪая╕П  WARNING: Data lag exceeds 10 minutes!
тЪая╕П  WARNING: High error count in recent logs!
тЪая╕П ALERT: IRIS Client stopped at Fri Oct 31 03:45:21 GMT 2025
тЪая╕П ALERT: IRIS Processor stopped at Fri Oct 31 03:45:21 GMT 2025
ЁЯЪи CRITICAL: IRIS Client stopped!
ЁЯЪи CRITICAL: IRIS Processor stopped!
тЪая╕П  WARNING: File backlog exceeds 50000
тЪая╕П  WARNING: Data lag exceeds 10 minutes!
тЪая╕П  WARNING: High error count in recent logs!
тЪая╕П ALERT: IRIS Client stopped at Fri Oct 31 03:50:25 GMT 2025
тЪая╕П ALERT: IRIS Processor stopped at Fri Oct 31 03:50:25 GMT 2025
ЁЯЪи CRITICAL: IRIS Client stopped!
ЁЯЪи CRITICAL: IRIS Processor stopped!
тЪая╕П  WARNING: File backlog exceeds 50000
тЪая╕П  WARNING: Data lag exceeds 10 minutes!
тЪая╕П  WARNING: High error count in recent logs!
тЪая╕П ALERT: IRIS Client stopped at Fri Oct 31 03:55:30 GMT 2025
тЪая╕П ALERT: IRIS Processor stopped at Fri Oct 31 03:55:30 GMT 2025
ЁЯЪи CRITICAL: IRIS Client stopped!
ЁЯЪи CRITICAL: IRIS Processor stopped!
тЪая╕П  WARNING: File backlog exceeds 50000
тЪая╕П  WARNING: Data lag exceeds 10 minutes!
тЪая╕П  WARNING: High error count in recent logs!
тЪая╕П ALERT: IRIS Client stopped at Fri Oct 31 04:00:35 GMT 2025
тЪая╕П ALERT: IRIS Processor stopped at Fri Oct 31 04:00:35 GMT 2025
ЁЯЪи CRITICAL: IRIS Client stopped!
ЁЯЪи CRITICAL: IRIS Processor stopped!
тЪая╕П  WARNING: File backlog exceeds 50000
тЪая╕П  WARNING: Data lag exceeds 10 minutes!
тЪая╕П  WARNING: High error count in recent logs!
тЪая╕П ALERT: IRIS Client stopped at Fri Oct 31 04:05:40 GMT 2025
тЪая╕П ALERT: IRIS Processor stopped at Fri Oct 31 04:05:40 GMT 2025
ЁЯЪи CRITICAL: IRIS Client stopped!
ЁЯЪи CRITICAL: IRIS Processor stopped!
тЪая╕П  WARNING: File backlog exceeds 50000
тЪая╕П  WARNING: Data lag exceeds 10 minutes!
тЪая╕П  WARNING: High error count in recent logs!
тЪая╕П ALERT: IRIS Client stopped at Fri Oct 31 04:10:43 GMT 2025
тЪая╕П ALERT: IRIS Processor stopped at Fri Oct 31 04:10:43 GMT 2025
ЁЯЪи CRITICAL: IRIS Client stopped!
ЁЯЪи CRITICAL: IRIS Processor stopped!
тЪая╕П  WARNING: File backlog exceeds 50000
тЪая╕П  WARNING: Data lag exceeds 10 minutes!
тЪая╕П  WARNING: High error count in recent logs!
тЪая╕П ALERT: IRIS Client stopped at Fri Oct 31 04:15:50 GMT 2025
тЪая╕П ALERT: IRIS Processor stopped at Fri Oct 31 04:15:50 GMT 2025
ЁЯЪи CRITICAL: IRIS Client stopped!
ЁЯЪи CRITICAL: IRIS Processor stopped!
тЪая╕П  WARNING: File backlog exceeds 50000
тЪая╕П  WARNING: Data lag exceeds 10 minutes!
тЪая╕П  WARNING: High error count in recent logs!
тЪая╕П ALERT: IRIS Client stopped at Fri Oct 31 04:20:53 GMT 2025
тЪая╕П ALERT: IRIS Processor stopped at Fri Oct 31 04:20:53 GMT 2025
ЁЯЪи CRITICAL: IRIS Client stopped!
ЁЯЪи CRITICAL: IRIS Processor stopped!
тЪая╕П  WARNING: File backlog exceeds 50000
тЪая╕П  WARNING: Data lag exceeds 10 minutes!
тЪая╕П  WARNING: High error count in recent logs!
тЪая╕П ALERT: IRIS Client stopped at Fri Oct 31 04:25:57 GMT 2025
тЪая╕П ALERT: IRIS Processor stopped at Fri Oct 31 04:25:57 GMT 2025
ЁЯЪи CRITICAL: IRIS Client stopped!
ЁЯЪи CRITICAL: IRIS Processor stopped!
тЪая╕П  WARNING: File backlog exceeds 50000
тЪая╕П  WARNING: Data lag exceeds 10 minutes!
тЪая╕П  WARNING: High error count in recent logs!
тЪая╕П ALERT: IRIS Client stopped at Fri Oct 31 04:31:03 GMT 2025
тЪая╕П ALERT: IRIS Processor stopped at Fri Oct 31 04:31:03 GMT 2025
ЁЯЪи CRITICAL: IRIS Client stopped!
ЁЯЪи CRITICAL: IRIS Processor stopped!
тЪая╕П  WARNING: File backlog exceeds 50000
тЪая╕П  WARNING: Data lag exceeds 10 minutes!
тЪая╕П  WARNING: High error count in recent logs!
тЪая╕П ALERT: IRIS Client stopped at Fri Oct 31 04:36:07 GMT 2025
тЪая╕П ALERT: IRIS Processor stopped at Fri Oct 31 04:36:07 GMT 2025
ЁЯЪи CRITICAL: IRIS Client stopped!
ЁЯЪи CRITICAL: IRIS Processor stopped!
тЪая╕П  WARNING: File backlog exceeds 50000
тЪая╕П  WARNING: Data lag exceeds 10 minutes!
тЪая╕П  WARNING: High error count in recent logs!
тЪая╕П ALERT: IRIS Client stopped at Fri Oct 31 04:41:11 GMT 2025
тЪая╕П ALERT: IRIS Processor stopped at Fri Oct 31 04:41:11 GMT 2025
ЁЯЪи CRITICAL: IRIS Client stopped!
ЁЯЪи CRITICAL: IRIS Processor stopped!
тЪая╕П  WARNING: File backlog exceeds 50000
тЪая╕П  WARNING: Data lag exceeds 10 minutes!
тЪая╕П  WARNING: High error count in recent logs!
тЪая╕П ALERT: IRIS Client stopped at Fri Oct 31 04:46:17 GMT 2025
тЪая╕П ALERT: IRIS Processor stopped at Fri Oct 31 04:46:17 GMT 2025
ЁЯЪи CRITICAL: IRIS Client stopped!
ЁЯЪи CRITICAL: IRIS Processor stopped!
тЪая╕П  WARNING: File backlog exceeds 50000
тЪая╕П  WARNING: Data lag exceeds 10 minutes!
тЪая╕П  WARNING: High error count in recent logs!
тЪая╕П ALERT: IRIS Client stopped at Fri Oct 31 04:51:20 GMT 2025
тЪая╕П ALERT: IRIS Processor stopped at Fri Oct 31 04:51:20 GMT 2025
ЁЯЪи CRITICAL: IRIS Client stopped!
ЁЯЪи CRITICAL: IRIS Processor stopped!
тЪая╕П  WARNING: File backlog exceeds 50000
тЪая╕П  WARNING: Data lag exceeds 10 minutes!
тЪая╕П  WARNING: High error count in recent logs!
тЪая╕П ALERT: IRIS Client stopped at Fri Oct 31 04:56:25 GMT 2025
тЪая╕П ALERT: IRIS Processor stopped at Fri Oct 31 04:56:25 GMT 2025
ЁЯЪи CRITICAL: IRIS Client stopped!
ЁЯЪи CRITICAL: IRIS Processor stopped!
тЪая╕П  WARNING: File backlog exceeds 50000
тЪая╕П  WARNING: Data lag exceeds 10 minutes!
тЪая╕П  WARNING: High error count in recent logs!
тЪая╕П ALERT: IRIS Client stopped at Fri Oct 31 05:01:30 GMT 2025
тЪая╕П ALERT: IRIS Processor stopped at Fri Oct 31 05:01:30 GMT 2025
ЁЯЪи CRITICAL: IRIS Client stopped!
ЁЯЪи CRITICAL: IRIS Processor stopped!
тЪая╕П  WARNING: File backlog exceeds 50000
тЪая╕П  WARNING: Data lag exceeds 10 minutes!
тЪая╕П  WARNING: High error count in recent logs!
тЪая╕П ALERT: IRIS Client stopped at Fri Oct 31 05:06:34 GMT 2025
тЪая╕П ALERT: IRIS Processor stopped at Fri Oct 31 05:06:34 GMT 2025
ЁЯЪи CRITICAL: IRIS Client stopped!
ЁЯЪи CRITICAL: IRIS Processor stopped!
тЪая╕П  WARNING: File backlog exceeds 50000
тЪая╕П  WARNING: Data lag exceeds 10 minutes!
тЪая╕П  WARNING: High error count in recent logs!
тЪая╕П ALERT: IRIS Client stopped at Fri Oct 31 05:11:38 GMT 2025
тЪая╕П ALERT: IRIS Processor stopped at Fri Oct 31 05:11:38 GMT 2025
ЁЯЪи CRITICAL: IRIS Client stopped!
ЁЯЪи CRITICAL: IRIS Processor stopped!
тЪая╕П  WARNING: File backlog exceeds 50000
тЪая╕П  WARNING: Data lag exceeds 10 minutes!
тЪая╕П  WARNING: High error count in recent logs!
тЪая╕П ALERT: IRIS Client stopped at Fri Oct 31 05:16:45 GMT 2025
тЪая╕П ALERT: IRIS Processor stopped at Fri Oct 31 05:16:45 GMT 2025
ЁЯЪи CRITICAL: IRIS Client stopped!
ЁЯЪи CRITICAL: IRIS Processor stopped!
тЪая╕П  WARNING: File backlog exceeds 50000
тЪая╕П  WARNING: Data lag exceeds 10 minutes!
тЪая╕П  WARNING: High error count in recent logs!
тЪая╕П ALERT: IRIS Client stopped at Fri Oct 31 05:21:48 GMT 2025
тЪая╕П ALERT: IRIS Processor stopped at Fri Oct 31 05:21:48 GMT 2025
ЁЯЪи CRITICAL: IRIS Client stopped!
ЁЯЪи CRITICAL: IRIS Processor stopped!
тЪая╕П  WARNING: File backlog exceeds 50000
тЪая╕П  WARNING: Data lag exceeds 10 minutes!
тЪая╕П  WARNING: High error count in recent logs!
тЪая╕П ALERT: IRIS Client stopped at Fri Oct 31 05:26:52 GMT 2025
тЪая╕П ALERT: IRIS Processor stopped at Fri Oct 31 05:26:52 GMT 2025
ЁЯЪи CRITICAL: IRIS Client stopped!
ЁЯЪи CRITICAL: IRIS Processor stopped!
тЪая╕П  WARNING: File backlog exceeds 50000
тЪая╕П  WARNING: Data lag exceeds 10 minutes!
тЪая╕П  WARNING: High error count in recent logs!
тЪая╕П ALERT: IRIS Client stopped at Fri Oct 31 05:31:59 GMT 2025
тЪая╕П ALERT: IRIS Processor stopped at Fri Oct 31 05:31:59 GMT 2025
ЁЯЪи CRITICAL: IRIS Client stopped!
ЁЯЪи CRITICAL: IRIS Processor stopped!
тЪая╕П  WARNING: File backlog exceeds 50000
тЪая╕П  WARNING: Data lag exceeds 10 minutes!
тЪая╕П  WARNING: High error count in recent logs!
тЪая╕П ALERT: IRIS Client stopped at Fri Oct 31 05:37:03 GMT 2025
тЪая╕П ALERT: IRIS Processor stopped at Fri Oct 31 05:37:03 GMT 2025
ЁЯЪи CRITICAL: IRIS Client stopped!
ЁЯЪи CRITICAL: IRIS Processor stopped!
тЪая╕П  WARNING: File backlog exceeds 50000
тЪая╕П  WARNING: Data lag exceeds 10 minutes!
тЪая╕П  WARNING: High error count in recent logs!
тЪая╕П ALERT: IRIS Client stopped at Fri Oct 31 05:42:06 GMT 2025
тЪая╕П ALERT: IRIS Processor stopped at Fri Oct 31 05:42:06 GMT 2025
ЁЯЪи CRITICAL: IRIS Client stopped!
ЁЯЪи CRITICAL: IRIS Processor stopped!
тЪая╕П  WARNING: File backlog exceeds 50000
тЪая╕П  WARNING: Data lag exceeds 10 minutes!
тЪая╕П  WARNING: High error count in recent logs!
тЪая╕П ALERT: IRIS Client stopped at Fri Oct 31 05:47:11 GMT 2025
тЪая╕П ALERT: IRIS Processor stopped at Fri Oct 31 05:47:11 GMT 2025
ЁЯЪи CRITICAL: IRIS Client stopped!
ЁЯЪи CRITICAL: IRIS Processor stopped!
тЪая╕П  WARNING: File backlog exceeds 50000
тЪая╕П  WARNING: Data lag exceeds 10 minutes!
тЪая╕П  WARNING: High error count in recent logs!
тЪая╕П ALERT: IRIS Client stopped at Fri Oct 31 05:52:14 GMT 2025
тЪая╕П ALERT: IRIS Processor stopped at Fri Oct 31 05:52:14 GMT 2025
ЁЯЪи CRITICAL: IRIS Client stopped!
ЁЯЪи CRITICAL: IRIS Processor stopped!
тЪая╕П  WARNING: File backlog exceeds 50000
тЪая╕П  WARNING: Data lag exceeds 10 minutes!
тЪая╕П  WARNING: High error count in recent logs!
тЪая╕П ALERT: IRIS Client stopped at Fri Oct 31 05:57:18 GMT 2025
тЪая╕П ALERT: IRIS Processor stopped at Fri Oct 31 05:57:18 GMT 2025
ЁЯЪи CRITICAL: IRIS Client stopped!
ЁЯЪи CRITICAL: IRIS Processor stopped!
тЪая╕П  WARNING: File backlog exceeds 50000
тЪая╕П  WARNING: Data lag exceeds 10 minutes!
тЪая╕П  WARNING: High error count in recent logs!
тЪая╕П ALERT: IRIS Client stopped at Fri Oct 31 06:02:24 GMT 2025
тЪая╕П ALERT: IRIS Processor stopped at Fri Oct 31 06:02:24 GMT 2025
ЁЯЪи CRITICAL: IRIS Client stopped!
ЁЯЪи CRITICAL: IRIS Processor stopped!
тЪая╕П  WARNING: File backlog exceeds 50000
тЪая╕П  WARNING: Data lag exceeds 10 minutes!
тЪая╕П  WARNING: High error count in recent logs!
тЪая╕П ALERT: IRIS Client stopped at Fri Oct 31 06:07:27 GMT 2025
тЪая╕П ALERT: IRIS Processor stopped at Fri Oct 31 06:07:27 GMT 2025
ЁЯЪи CRITICAL: IRIS Client stopped!
ЁЯЪи CRITICAL: IRIS Processor stopped!
тЪая╕П  WARNING: File backlog exceeds 50000
тЪая╕П  WARNING: Data lag exceeds 10 minutes!
тЪая╕П  WARNING: High error count in recent logs!
тЪая╕П ALERT: IRIS Client stopped at Fri Oct 31 06:12:32 GMT 2025
тЪая╕П ALERT: IRIS Processor stopped at Fri Oct 31 06:12:32 GMT 2025
ЁЯЪи CRITICAL: IRIS Client stopped!
ЁЯЪи CRITICAL: IRIS Processor stopped!
тЪая╕П  WARNING: File backlog exceeds 50000
тЪая╕П  WARNING: Data lag exceeds 10 minutes!
тЪая╕П  WARNING: High error count in recent logs!
тЪая╕П ALERT: IRIS Client stopped at Fri Oct 31 06:17:38 GMT 2025
тЪая╕П ALERT: IRIS Processor stopped at Fri Oct 31 06:17:38 GMT 2025
ЁЯЪи CRITICAL: IRIS Client stopped!
ЁЯЪи CRITICAL: IRIS Processor stopped!
тЪая╕П  WARNING: File backlog exceeds 50000
тЪая╕П  WARNING: Data lag exceeds 10 minutes!
тЪая╕П  WARNING: High error count in recent logs!
тЪая╕П ALERT: IRIS Client stopped at Fri Oct 31 06:22:41 GMT 2025
тЪая╕П ALERT: IRIS Processor stopped at Fri Oct 31 06:22:41 GMT 2025
ЁЯЪи CRITICAL: IRIS Client stopped!
ЁЯЪи CRITICAL: IRIS Processor stopped!
тЪая╕П  WARNING: File backlog exceeds 50000
тЪая╕П  WARNING: Data lag exceeds 10 minutes!
тЪая╕П  WARNING: High error count in recent logs!
тЪая╕П ALERT: IRIS Client stopped at Fri Oct 31 06:27:44 GMT 2025
тЪая╕П ALERT: IRIS Processor stopped at Fri Oct 31 06:27:44 GMT 2025
ЁЯЪи CRITICAL: IRIS Client stopped!
ЁЯЪи CRITICAL: IRIS Processor stopped!
тЪая╕П  WARNING: File backlog exceeds 50000
тЪая╕П  WARNING: Data lag exceeds 10 minutes!
тЪая╕П  WARNING: High error count in recent logs!
тЪая╕П ALERT: IRIS Client stopped at Fri Oct 31 06:32:49 GMT 2025
тЪая╕П ALERT: IRIS Processor stopped at Fri Oct 31 06:32:49 GMT 2025
ЁЯЪи CRITICAL: IRIS Client stopped!
ЁЯЪи CRITICAL: IRIS Processor stopped!
тЪая╕П  WARNING: File backlog exceeds 50000
тЪая╕П  WARNING: Data lag exceeds 10 minutes!
тЪая╕П  WARNING: High error count in recent logs!
тЪая╕П ALERT: IRIS Client stopped at Fri Oct 31 06:37:54 GMT 2025
тЪая╕П ALERT: IRIS Processor stopped at Fri Oct 31 06:37:54 GMT 2025
ЁЯЪи CRITICAL: IRIS Client stopped!
ЁЯЪи CRITICAL: IRIS Processor stopped!
тЪая╕П  WARNING: File backlog exceeds 50000
тЪая╕П  WARNING: Data lag exceeds 10 minutes!
тЪая╕П  WARNING: High error count in recent logs!
тЪая╕П ALERT: IRIS Client stopped at Fri Oct 31 06:42:58 GMT 2025
тЪая╕П ALERT: IRIS Processor stopped at Fri Oct 31 06:42:58 GMT 2025
ЁЯЪи CRITICAL: IRIS Client stopped!
ЁЯЪи CRITICAL: IRIS Processor stopped!
тЪая╕П  WARNING: File backlog exceeds 50000
тЪая╕П  WARNING: Data lag exceeds 10 minutes!
тЪая╕П  WARNING: High error count in recent logs!
тЪая╕П ALERT: IRIS Client stopped at Fri Oct 31 06:48:04 GMT 2025
тЪая╕П ALERT: IRIS Processor stopped at Fri Oct 31 06:48:04 GMT 2025
ЁЯЪи CRITICAL: IRIS Client stopped!
ЁЯЪи CRITICAL: IRIS Processor stopped!
тЪая╕П  WARNING: File backlog exceeds 50000
тЪая╕П  WARNING: Data lag exceeds 10 minutes!
тЪая╕П  WARNING: High error count in recent logs!
тЪая╕П ALERT: IRIS Client stopped at Fri Oct 31 06:53:09 GMT 2025
тЪая╕П ALERT: IRIS Processor stopped at Fri Oct 31 06:53:09 GMT 2025
ЁЯЪи CRITICAL: IRIS Client stopped!
ЁЯЪи CRITICAL: IRIS Processor stopped!
тЪая╕П  WARNING: File backlog exceeds 50000
тЪая╕П  WARNING: Data lag exceeds 10 minutes!
тЪая╕П  WARNING: High error count in recent logs!
тЪая╕П ALERT: IRIS Client stopped at Fri Oct 31 06:58:13 GMT 2025
тЪая╕П ALERT: IRIS Processor stopped at Fri Oct 31 06:58:13 GMT 2025
ЁЯЪи CRITICAL: IRIS Client stopped!
ЁЯЪи CRITICAL: IRIS Processor stopped!
тЪая╕П  WARNING: File backlog exceeds 50000
тЪая╕П  WARNING: Data lag exceeds 10 minutes!
тЪая╕П  WARNING: High error count in recent logs!
тЪая╕П ALERT: IRIS Client stopped at Fri Oct 31 07:03:19 GMT 2025
тЪая╕П ALERT: IRIS Processor stopped at Fri Oct 31 07:03:19 GMT 2025
ЁЯЪи CRITICAL: IRIS Client stopped!
ЁЯЪи CRITICAL: IRIS Processor stopped!
тЪая╕П  WARNING: File backlog exceeds 50000
тЪая╕П  WARNING: Data lag exceeds 10 minutes!
тЪая╕П  WARNING: High error count in recent logs!
тЪая╕П ALERT: IRIS Client stopped at Fri Oct 31 07:08:24 GMT 2025
тЪая╕П ALERT: IRIS Processor stopped at Fri Oct 31 07:08:24 GMT 2025
ЁЯЪи CRITICAL: IRIS Client stopped!
ЁЯЪи CRITICAL: IRIS Processor stopped!
тЪая╕П  WARNING: File backlog exceeds 50000
тЪая╕П  WARNING: Data lag exceeds 10 minutes!
тЪая╕П  WARNING: High error count in recent logs!
тЪая╕П ALERT: IRIS Client stopped at Fri Oct 31 07:13:28 GMT 2025
тЪая╕П ALERT: IRIS Processor stopped at Fri Oct 31 07:13:28 GMT 2025
ЁЯЪи CRITICAL: IRIS Client stopped!
ЁЯЪи CRITICAL: IRIS Processor stopped!
тЪая╕П  WARNING: File backlog exceeds 50000
тЪая╕П  WARNING: Data lag exceeds 10 minutes!
тЪая╕П  WARNING: High error count in recent logs!
тЪая╕П ALERT: IRIS Client stopped at Fri Oct 31 07:18:35 GMT 2025
тЪая╕П ALERT: IRIS Processor stopped at Fri Oct 31 07:18:35 GMT 2025
ЁЯЪи CRITICAL: IRIS Client stopped!
ЁЯЪи CRITICAL: IRIS Processor stopped!
тЪая╕П  WARNING: File backlog exceeds 50000
тЪая╕П  WARNING: Data lag exceeds 10 minutes!
тЪая╕П  WARNING: High error count in recent logs!
тЪая╕П ALERT: IRIS Client stopped at Fri Oct 31 07:23:39 GMT 2025
тЪая╕П ALERT: IRIS Processor stopped at Fri Oct 31 07:23:39 GMT 2025
ЁЯЪи CRITICAL: IRIS Client stopped!
ЁЯЪи CRITICAL: IRIS Processor stopped!
тЪая╕П  WARNING: File backlog exceeds 50000
тЪая╕П  WARNING: Data lag exceeds 10 minutes!
тЪая╕П  WARNING: High error count in recent logs!
тЪая╕П ALERT: IRIS Client stopped at Fri Oct 31 07:28:45 GMT 2025
тЪая╕П ALERT: IRIS Processor stopped at Fri Oct 31 07:28:45 GMT 2025
ЁЯЪи CRITICAL: IRIS Client stopped!
ЁЯЪи CRITICAL: IRIS Processor stopped!
тЪая╕П  WARNING: File backlog exceeds 50000
тЪая╕П  WARNING: Data lag exceeds 10 minutes!
тЪая╕П  WARNING: High error count in recent logs!
тЪая╕П ALERT: IRIS Client stopped at Fri Oct 31 07:33:51 GMT 2025
тЪая╕П ALERT: IRIS Processor stopped at Fri Oct 31 07:33:51 GMT 2025
ЁЯЪи CRITICAL: IRIS Client stopped!
ЁЯЪи CRITICAL: IRIS Processor stopped!
тЪая╕П  WARNING: File backlog exceeds 50000
тЪая╕П  WARNING: Data lag exceeds 10 minutes!
тЪая╕П  WARNING: High error count in recent logs!
тЪая╕П ALERT: IRIS Client stopped at Fri Oct 31 07:38:56 GMT 2025
тЪая╕П ALERT: IRIS Processor stopped at Fri Oct 31 07:38:56 GMT 2025
ЁЯЪи CRITICAL: IRIS Client stopped!
ЁЯЪи CRITICAL: IRIS Processor stopped!
тЪая╕П  WARNING: File backlog exceeds 50000
тЪая╕П  WARNING: Data lag exceeds 10 minutes!
тЪая╕П  WARNING: High error count in recent logs!
тЪая╕П ALERT: IRIS Client stopped at Fri Oct 31 07:44:00 GMT 2025
тЪая╕П ALERT: IRIS Processor stopped at Fri Oct 31 07:44:00 GMT 2025
ЁЯЪи CRITICAL: IRIS Client stopped!
ЁЯЪи CRITICAL: IRIS Processor stopped!
тЪая╕П  WARNING: File backlog exceeds 50000
тЪая╕П  WARNING: Data lag exceeds 10 minutes!
тЪая╕П  WARNING: High error count in recent logs!
тЪая╕П ALERT: IRIS Client stopped at Fri Oct 31 07:49:06 GMT 2025
тЪая╕П ALERT: IRIS Processor stopped at Fri Oct 31 07:49:06 GMT 2025
ЁЯЪи CRITICAL: IRIS Client stopped!
ЁЯЪи CRITICAL: IRIS Processor stopped!
тЪая╕П  WARNING: File backlog exceeds 50000
тЪая╕П  WARNING: Data lag exceeds 10 minutes!
тЪая╕П  WARNING: High error count in recent logs!
тЪая╕П ALERT: IRIS Client stopped at Fri Oct 31 07:54:11 GMT 2025
тЪая╕П ALERT: IRIS Processor stopped at Fri Oct 31 07:54:11 GMT 2025
ЁЯЪи CRITICAL: IRIS Client stopped!
ЁЯЪи CRITICAL: IRIS Processor stopped!
тЪая╕П  WARNING: File backlog exceeds 50000
тЪая╕П  WARNING: Data lag exceeds 10 minutes!
тЪая╕П  WARNING: High error count in recent logs!
тЪая╕П ALERT: IRIS Client stopped at Fri Oct 31 07:59:16 GMT 2025
тЪая╕П ALERT: IRIS Processor stopped at Fri Oct 31 07:59:16 GMT 2025
ЁЯЪи CRITICAL: IRIS Client stopped!
ЁЯЪи CRITICAL: IRIS Processor stopped!
тЪая╕П  WARNING: File backlog exceeds 50000
тЪая╕П  WARNING: Data lag exceeds 10 minutes!
тЪая╕П  WARNING: High error count in recent logs!
тЪая╕П ALERT: IRIS Client stopped at Fri Oct 31 08:04:23 GMT 2025
тЪая╕П ALERT: IRIS Processor stopped at Fri Oct 31 08:04:23 GMT 2025
ЁЯЪи CRITICAL: IRIS Client stopped!
ЁЯЪи CRITICAL: IRIS Processor stopped!
тЪая╕П  WARNING: File backlog exceeds 50000
тЪая╕П  WARNING: Data lag exceeds 10 minutes!
тЪая╕П  WARNING: High error count in recent logs!
тЪая╕П ALERT: IRIS Client stopped at Fri Oct 31 08:09:27 GMT 2025
тЪая╕П ALERT: IRIS Processor stopped at Fri Oct 31 08:09:27 GMT 2025
ЁЯЪи CRITICAL: IRIS Client stopped!
ЁЯЪи CRITICAL: IRIS Processor stopped!
тЪая╕П  WARNING: File backlog exceeds 50000
тЪая╕П  WARNING: Data lag exceeds 10 minutes!
тЪая╕П  WARNING: High error count in recent logs!
тЪая╕П ALERT: IRIS Client stopped at Fri Oct 31 08:14:32 GMT 2025
тЪая╕П ALERT: IRIS Processor stopped at Fri Oct 31 08:14:32 GMT 2025
ЁЯЪи CRITICAL: IRIS Client stopped!
ЁЯЪи CRITICAL: IRIS Processor stopped!
тЪая╕П  WARNING: File backlog exceeds 50000
тЪая╕П  WARNING: Data lag exceeds 10 minutes!
тЪая╕П  WARNING: High error count in recent logs!
тЪая╕П ALERT: IRIS Client stopped at Fri Oct 31 08:19:39 GMT 2025
тЪая╕П ALERT: IRIS Processor stopped at Fri Oct 31 08:19:39 GMT 2025
ЁЯЪи CRITICAL: IRIS Client stopped!
ЁЯЪи CRITICAL: IRIS Processor stopped!
тЪая╕П  WARNING: File backlog exceeds 50000
тЪая╕П  WARNING: Data lag exceeds 10 minutes!
тЪая╕П  WARNING: High error count in recent logs!
тЪая╕П ALERT: IRIS Client stopped at Fri Oct 31 08:24:44 GMT 2025
тЪая╕П ALERT: IRIS Processor stopped at Fri Oct 31 08:24:44 GMT 2025
ЁЯЪи CRITICAL: IRIS Client stopped!
ЁЯЪи CRITICAL: IRIS Processor stopped!
тЪая╕П  WARNING: File backlog exceeds 50000
тЪая╕П  WARNING: Data lag exceeds 10 minutes!
тЪая╕П  WARNING: High error count in recent logs!
тЪая╕П ALERT: IRIS Client stopped at Fri Oct 31 08:29:48 GMT 2025
тЪая╕П ALERT: IRIS Processor stopped at Fri Oct 31 08:29:48 GMT 2025
ЁЯЪи CRITICAL: IRIS Client stopped!
ЁЯЪи CRITICAL: IRIS Processor stopped!
тЪая╕П  WARNING: File backlog exceeds 50000
тЪая╕П  WARNING: Data lag exceeds 10 minutes!
тЪая╕П  WARNING: High error count in recent logs!
тЪая╕П ALERT: IRIS Client stopped at Fri Oct 31 08:34:55 GMT 2025
тЪая╕П ALERT: IRIS Processor stopped at Fri Oct 31 08:34:55 GMT 2025
ЁЯЪи CRITICAL: IRIS Client stopped!
ЁЯЪи CRITICAL: IRIS Processor stopped!
тЪая╕П  WARNING: File backlog exceeds 50000
тЪая╕П  WARNING: Data lag exceeds 10 minutes!
тЪая╕П  WARNING: High error count in recent logs!
тЪая╕П ALERT: IRIS Client stopped at Fri Oct 31 08:40:00 GMT 2025
тЪая╕П ALERT: IRIS Processor stopped at Fri Oct 31 08:40:00 GMT 2025
ЁЯЪи CRITICAL: IRIS Client stopped!
ЁЯЪи CRITICAL: IRIS Processor stopped!
тЪая╕П  WARNING: File backlog exceeds 50000
тЪая╕П  WARNING: Data lag exceeds 10 minutes!
тЪая╕П  WARNING: High error count in recent logs!
тЪая╕П ALERT: IRIS Client stopped at Fri Oct 31 08:45:04 GMT 2025
тЪая╕П ALERT: IRIS Processor stopped at Fri Oct 31 08:45:04 GMT 2025
ЁЯЪи CRITICAL: IRIS Client stopped!
ЁЯЪи CRITICAL: IRIS Processor stopped!
тЪая╕П  WARNING: File backlog exceeds 50000
тЪая╕П  WARNING: Data lag exceeds 10 minutes!
тЪая╕П  WARNING: High error count in recent logs!
тЪая╕П ALERT: IRIS Client stopped at Fri Oct 31 08:50:11 GMT 2025
тЪая╕П ALERT: IRIS Processor stopped at Fri Oct 31 08:50:11 GMT 2025
ЁЯЪи CRITICAL: IRIS Client stopped!
ЁЯЪи CRITICAL: IRIS Processor stopped!
тЪая╕П  WARNING: File backlog exceeds 50000
тЪая╕П  WARNING: Data lag exceeds 10 minutes!
тЪая╕П  WARNING: High error count in recent logs!
тЪая╕П ALERT: IRIS Client stopped at Fri Oct 31 08:55:15 GMT 2025
тЪая╕П ALERT: IRIS Processor stopped at Fri Oct 31 08:55:15 GMT 2025
ЁЯЪи CRITICAL: IRIS Client stopped!
ЁЯЪи CRITICAL: IRIS Processor stopped!
тЪая╕П  WARNING: File backlog exceeds 50000
тЪая╕П  WARNING: Data lag exceeds 10 minutes!
тЪая╕П  WARNING: High error count in recent logs!
тЪая╕П ALERT: IRIS Client stopped at Fri Oct 31 09:00:19 GMT 2025
тЪая╕П ALERT: IRIS Processor stopped at Fri Oct 31 09:00:19 GMT 2025
ЁЯЪи CRITICAL: IRIS Client stopped!
ЁЯЪи CRITICAL: IRIS Processor stopped!
тЪая╕П  WARNING: File backlog exceeds 50000
тЪая╕П  WARNING: Data lag exceeds 10 minutes!
тЪая╕П  WARNING: High error count in recent logs!
тЪая╕П ALERT: IRIS Client stopped at Fri Oct 31 09:05:26 GMT 2025
тЪая╕П ALERT: IRIS Processor stopped at Fri Oct 31 09:05:26 GMT 2025
ЁЯЪи CRITICAL: IRIS Client stopped!
ЁЯЪи CRITICAL: IRIS Processor stopped!
тЪая╕П  WARNING: File backlog exceeds 50000
тЪая╕П  WARNING: Data lag exceeds 10 minutes!
тЪая╕П  WARNING: High error count in recent logs!
тЪая╕П ALERT: IRIS Client stopped at Fri Oct 31 09:10:30 GMT 2025
тЪая╕П ALERT: IRIS Processor stopped at Fri Oct 31 09:10:30 GMT 2025
ЁЯЪи CRITICAL: IRIS Client stopped!
ЁЯЪи CRITICAL: IRIS Processor stopped!
тЪая╕П  WARNING: File backlog exceeds 50000
тЪая╕П  WARNING: Data lag exceeds 10 minutes!
тЪая╕П  WARNING: High error count in recent logs!
тЪая╕П ALERT: IRIS Client stopped at Fri Oct 31 09:15:34 GMT 2025
тЪая╕П ALERT: IRIS Processor stopped at Fri Oct 31 09:15:34 GMT 2025
ЁЯЪи CRITICAL: IRIS Client stopped!
ЁЯЪи CRITICAL: IRIS Processor stopped!
тЪая╕П  WARNING: File backlog exceeds 50000
тЪая╕П  WARNING: Data lag exceeds 10 minutes!
тЪая╕П  WARNING: High error count in recent logs!
тЪая╕П ALERT: IRIS Client stopped at Fri Oct 31 09:20:41 GMT 2025
тЪая╕П ALERT: IRIS Processor stopped at Fri Oct 31 09:20:41 GMT 2025
ЁЯЪи CRITICAL: IRIS Client stopped!
ЁЯЪи CRITICAL: IRIS Processor stopped!
тЪая╕П  WARNING: File backlog exceeds 50000
тЪая╕П  WARNING: Data lag exceeds 10 minutes!
тЪая╕П  WARNING: High error count in recent logs!
тЪая╕П ALERT: IRIS Client stopped at Fri Oct 31 09:25:44 GMT 2025
тЪая╕П ALERT: IRIS Processor stopped at Fri Oct 31 09:25:44 GMT 2025
ЁЯЪи CRITICAL: IRIS Client stopped!
ЁЯЪи CRITICAL: IRIS Processor stopped!
тЪая╕П  WARNING: File backlog exceeds 50000
тЪая╕П  WARNING: Data lag exceeds 10 minutes!
тЪая╕П  WARNING: High error count in recent logs!
тЪая╕П ALERT: IRIS Client stopped at Fri Oct 31 09:30:49 GMT 2025
тЪая╕П ALERT: IRIS Processor stopped at Fri Oct 31 09:30:49 GMT 2025
ЁЯЪи CRITICAL: IRIS Client stopped!
ЁЯЪи CRITICAL: IRIS Processor stopped!
тЪая╕П  WARNING: File backlog exceeds 50000
тЪая╕П  WARNING: Data lag exceeds 10 minutes!
тЪая╕П  WARNING: High error count in recent logs!
тЪая╕П ALERT: IRIS Client stopped at Fri Oct 31 09:35:55 GMT 2025
тЪая╕П ALERT: IRIS Processor stopped at Fri Oct 31 09:35:55 GMT 2025
ЁЯЪи CRITICAL: IRIS Client stopped!
ЁЯЪи CRITICAL: IRIS Processor stopped!
тЪая╕П  WARNING: File backlog exceeds 50000
тЪая╕П  WARNING: Data lag exceeds 10 minutes!
тЪая╕П  WARNING: High error count in recent logs!
тЪая╕П ALERT: IRIS Client stopped at Fri Oct 31 09:40:59 GMT 2025
тЪая╕П ALERT: IRIS Processor stopped at Fri Oct 31 09:40:59 GMT 2025
ЁЯЪи CRITICAL: IRIS Client stopped!
ЁЯЪи CRITICAL: IRIS Processor stopped!
тЪая╕П  WARNING: File backlog exceeds 50000
тЪая╕П  WARNING: Data lag exceeds 10 minutes!
тЪая╕П  WARNING: High error count in recent logs!
тЪая╕П ALERT: IRIS Client stopped at Fri Oct 31 09:46:04 GMT 2025
тЪая╕П ALERT: IRIS Processor stopped at Fri Oct 31 09:46:04 GMT 2025
ЁЯЪи CRITICAL: IRIS Client stopped!
ЁЯЪи CRITICAL: IRIS Processor stopped!
тЪая╕П  WARNING: File backlog exceeds 50000
тЪая╕П  WARNING: Data lag exceeds 10 minutes!
тЪая╕П  WARNING: High error count in recent logs!
тЪая╕П ALERT: IRIS Client stopped at Fri Oct 31 09:51:11 GMT 2025
тЪая╕П ALERT: IRIS Processor stopped at Fri Oct 31 09:51:11 GMT 2025
ЁЯЪи CRITICAL: IRIS Client stopped!
ЁЯЪи CRITICAL: IRIS Processor stopped!
тЪая╕П  WARNING: File backlog exceeds 50000
тЪая╕П  WARNING: Data lag exceeds 10 minutes!
тЪая╕П  WARNING: High error count in recent logs!
тЪая╕П ALERT: IRIS Client stopped at Fri Oct 31 09:56:13 GMT 2025
тЪая╕П ALERT: IRIS Processor stopped at Fri Oct 31 09:56:13 GMT 2025
ЁЯЪи CRITICAL: IRIS Client stopped!
ЁЯЪи CRITICAL: IRIS Processor stopped!
тЪая╕П  WARNING: File backlog exceeds 50000
тЪая╕П  WARNING: Data lag exceeds 10 minutes!
тЪая╕П  WARNING: High error count in recent logs!
тЪая╕П ALERT: IRIS Client stopped at Fri Oct 31 10:01:16 GMT 2025
тЪая╕П ALERT: IRIS Processor stopped at Fri Oct 31 10:01:16 GMT 2025
ЁЯЪи CRITICAL: IRIS Client stopped!
ЁЯЪи CRITICAL: IRIS Processor stopped!
тЪая╕П  WARNING: File backlog exceeds 50000
тЪая╕П  WARNING: Data lag exceeds 10 minutes!
тЪая╕П  WARNING: High error count in recent logs!
тЪая╕П ALERT: IRIS Client stopped at Fri Oct 31 10:06:23 GMT 2025
тЪая╕П ALERT: IRIS Processor stopped at Fri Oct 31 10:06:23 GMT 2025
ЁЯЪи CRITICAL: IRIS Client stopped!
ЁЯЪи CRITICAL: IRIS Processor stopped!
тЪая╕П  WARNING: File backlog exceeds 50000
тЪая╕П  WARNING: Data lag exceeds 10 minutes!
тЪая╕П  WARNING: High error count in recent logs!
тЪая╕П ALERT: IRIS Client stopped at Fri Oct 31 10:11:28 GMT 2025
тЪая╕П ALERT: IRIS Processor stopped at Fri Oct 31 10:11:28 GMT 2025
ЁЯЪи CRITICAL: IRIS Client stopped!
ЁЯЪи CRITICAL: IRIS Processor stopped!
тЪая╕П  WARNING: File backlog exceeds 50000
тЪая╕П  WARNING: Data lag exceeds 10 minutes!
тЪая╕П  WARNING: High error count in recent logs!
тЪая╕П ALERT: IRIS Client stopped at Fri Oct 31 10:16:33 GMT 2025
тЪая╕П ALERT: IRIS Processor stopped at Fri Oct 31 10:16:33 GMT 2025
ЁЯЪи CRITICAL: IRIS Client stopped!
ЁЯЪи CRITICAL: IRIS Processor stopped!
тЪая╕П  WARNING: File backlog exceeds 50000
тЪая╕П  WARNING: Data lag exceeds 10 minutes!
тЪая╕П  WARNING: High error count in recent logs!
тЪая╕П ALERT: IRIS Client stopped at Fri Oct 31 10:21:39 GMT 2025
тЪая╕П ALERT: IRIS Processor stopped at Fri Oct 31 10:21:39 GMT 2025
ЁЯЪи CRITICAL: IRIS Client stopped!
ЁЯЪи CRITICAL: IRIS Processor stopped!
тЪая╕П  WARNING: File backlog exceeds 50000
тЪая╕П  WARNING: Data lag exceeds 10 minutes!
тЪая╕П  WARNING: High error count in recent logs!
тЪая╕П ALERT: IRIS Client stopped at Fri Oct 31 10:26:44 GMT 2025
тЪая╕П ALERT: IRIS Processor stopped at Fri Oct 31 10:26:44 GMT 2025
ЁЯЪи CRITICAL: IRIS Client stopped!
ЁЯЪи CRITICAL: IRIS Processor stopped!
тЪая╕П  WARNING: File backlog exceeds 50000
тЪая╕П  WARNING: Data lag exceeds 10 minutes!
тЪая╕П  WARNING: High error count in recent logs!
тЪая╕П ALERT: IRIS Client stopped at Fri Oct 31 10:31:48 GMT 2025
тЪая╕П ALERT: IRIS Processor stopped at Fri Oct 31 10:31:48 GMT 2025
ЁЯЪи CRITICAL: IRIS Client stopped!
ЁЯЪи CRITICAL: IRIS Processor stopped!
тЪая╕П  WARNING: File backlog exceeds 50000
тЪая╕П  WARNING: Data lag exceeds 10 minutes!
тЪая╕П  WARNING: High error count in recent logs!
тЪая╕П ALERT: IRIS Client stopped at Fri Oct 31 10:36:55 GMT 2025
тЪая╕П ALERT: IRIS Processor stopped at Fri Oct 31 10:36:55 GMT 2025
ЁЯЪи CRITICAL: IRIS Client stopped!
ЁЯЪи CRITICAL: IRIS Processor stopped!
тЪая╕П  WARNING: File backlog exceeds 50000
тЪая╕П  WARNING: Data lag exceeds 10 minutes!
тЪая╕П  WARNING: High error count in recent logs!
тЪая╕П ALERT: IRIS Client stopped at Fri Oct 31 10:42:00 GMT 2025
тЪая╕П ALERT: IRIS Processor stopped at Fri Oct 31 10:42:00 GMT 2025
ЁЯЪи CRITICAL: IRIS Client stopped!
ЁЯЪи CRITICAL: IRIS Processor stopped!
тЪая╕П  WARNING: File backlog exceeds 50000
тЪая╕П  WARNING: Data lag exceeds 10 minutes!
тЪая╕П  WARNING: High error count in recent logs!
тЪая╕П ALERT: IRIS Client stopped at Fri Oct 31 10:47:05 GMT 2025
тЪая╕П ALERT: IRIS Processor stopped at Fri Oct 31 10:47:05 GMT 2025
ЁЯЪи CRITICAL: IRIS Client stopped!
ЁЯЪи CRITICAL: IRIS Processor stopped!
тЪая╕П  WARNING: File backlog exceeds 50000
тЪая╕П  WARNING: Data lag exceeds 10 minutes!
тЪая╕П  WARNING: High error count in recent logs!
тЪая╕П ALERT: IRIS Client stopped at Fri Oct 31 10:52:12 GMT 2025
тЪая╕П ALERT: IRIS Processor stopped at Fri Oct 31 10:52:12 GMT 2025
ЁЯЪи CRITICAL: IRIS Client stopped!
ЁЯЪи CRITICAL: IRIS Processor stopped!
тЪая╕П  WARNING: File backlog exceeds 50000
тЪая╕П  WARNING: Data lag exceeds 10 minutes!
тЪая╕П  WARNING: High error count in recent logs!
тЪая╕П ALERT: IRIS Client stopped at Fri Oct 31 10:57:16 GMT 2025
тЪая╕П ALERT: IRIS Processor stopped at Fri Oct 31 10:57:16 GMT 2025
ЁЯЪи CRITICAL: IRIS Client stopped!
ЁЯЪи CRITICAL: IRIS Processor stopped!
тЪая╕П  WARNING: File backlog exceeds 50000
тЪая╕П  WARNING: Data lag exceeds 10 minutes!
тЪая╕П  WARNING: High error count in recent logs!
тЪая╕П ALERT: IRIS Client stopped at Fri Oct 31 11:02:23 GMT 2025
тЪая╕П ALERT: IRIS Processor stopped at Fri Oct 31 11:02:23 GMT 2025
ЁЯЪи CRITICAL: IRIS Client stopped!
ЁЯЪи CRITICAL: IRIS Processor stopped!
тЪая╕П  WARNING: File backlog exceeds 50000
тЪая╕П  WARNING: Data lag exceeds 10 minutes!
тЪая╕П  WARNING: High error count in recent logs!
тЪая╕П ALERT: IRIS Client stopped at Fri Oct 31 11:07:29 GMT 2025
тЪая╕П ALERT: IRIS Processor stopped at Fri Oct 31 11:07:29 GMT 2025
ЁЯЪи CRITICAL: IRIS Client stopped!
ЁЯЪи CRITICAL: IRIS Processor stopped!
тЪая╕П  WARNING: File backlog exceeds 50000
тЪая╕П  WARNING: Data lag exceeds 10 minutes!
тЪая╕П  WARNING: High error count in recent logs!
тЪая╕П ALERT: IRIS Client stopped at Fri Oct 31 11:12:34 GMT 2025
тЪая╕П ALERT: IRIS Processor stopped at Fri Oct 31 11:12:34 GMT 2025
ЁЯЪи CRITICAL: IRIS Client stopped!
ЁЯЪи CRITICAL: IRIS Processor stopped!
тЪая╕П  WARNING: File backlog exceeds 50000
тЪая╕П  WARNING: Data lag exceeds 10 minutes!
тЪая╕П  WARNING: High error count in recent logs!
тЪая╕П ALERT: IRIS Client stopped at Fri Oct 31 11:17:39 GMT 2025
тЪая╕П ALERT: IRIS Processor stopped at Fri Oct 31 11:17:39 GMT 2025
ЁЯЪи CRITICAL: IRIS Client stopped!
ЁЯЪи CRITICAL: IRIS Processor stopped!
тЪая╕П  WARNING: File backlog exceeds 50000
тЪая╕П  WARNING: Data lag exceeds 10 minutes!
тЪая╕П  WARNING: High error count in recent logs!
тЪая╕П ALERT: IRIS Client stopped at Fri Oct 31 11:22:46 GMT 2025
тЪая╕П ALERT: IRIS Processor stopped at Fri Oct 31 11:22:46 GMT 2025
ЁЯЪи CRITICAL: IRIS Client stopped!
ЁЯЪи CRITICAL: IRIS Processor stopped!
тЪая╕П  WARNING: File backlog exceeds 50000
тЪая╕П  WARNING: Data lag exceeds 10 minutes!
тЪая╕П  WARNING: High error count in recent logs!
тЪая╕П ALERT: IRIS Client stopped at Fri Oct 31 11:27:52 GMT 2025
тЪая╕П ALERT: IRIS Processor stopped at Fri Oct 31 11:27:52 GMT 2025
ЁЯЪи CRITICAL: IRIS Client stopped!
ЁЯЪи CRITICAL: IRIS Processor stopped!
тЪая╕П  WARNING: File backlog exceeds 50000
тЪая╕П  WARNING: Data lag exceeds 10 minutes!
тЪая╕П  WARNING: High error count in recent logs!
тЪая╕П ALERT: IRIS Client stopped at Fri Oct 31 11:32:56 GMT 2025
тЪая╕П ALERT: IRIS Processor stopped at Fri Oct 31 11:32:56 GMT 2025
ЁЯЪи CRITICAL: IRIS Client stopped!
ЁЯЪи CRITICAL: IRIS Processor stopped!
тЪая╕П  WARNING: File backlog exceeds 50000
тЪая╕П  WARNING: Data lag exceeds 10 minutes!
тЪая╕П  WARNING: High error count in recent logs!
тЪая╕П ALERT: IRIS Client stopped at Fri Oct 31 11:38:03 GMT 2025
тЪая╕П ALERT: IRIS Processor stopped at Fri Oct 31 11:38:03 GMT 2025
ЁЯЪи CRITICAL: IRIS Client stopped!
ЁЯЪи CRITICAL: IRIS Processor stopped!
тЪая╕П  WARNING: File backlog exceeds 50000
тЪая╕П  WARNING: Data lag exceeds 10 minutes!
тЪая╕П  WARNING: High error count in recent logs!
тЪая╕П ALERT: IRIS Client stopped at Fri Oct 31 11:43:08 GMT 2025
тЪая╕П ALERT: IRIS Processor stopped at Fri Oct 31 11:43:08 GMT 2025
ЁЯЪи CRITICAL: IRIS Client stopped!
ЁЯЪи CRITICAL: IRIS Processor stopped!
тЪая╕П  WARNING: File backlog exceeds 50000
тЪая╕П  WARNING: Data lag exceeds 10 minutes!
тЪая╕П  WARNING: High error count in recent logs!
тЪая╕П ALERT: IRIS Client stopped at Fri Oct 31 11:48:13 GMT 2025
тЪая╕П ALERT: IRIS Processor stopped at Fri Oct 31 11:48:13 GMT 2025
ЁЯЪи CRITICAL: IRIS Client stopped!
ЁЯЪи CRITICAL: IRIS Processor stopped!
тЪая╕П  WARNING: File backlog exceeds 50000
тЪая╕П  WARNING: Data lag exceeds 10 minutes!
тЪая╕П  WARNING: High error count in recent logs!
тЪая╕П ALERT: IRIS Client stopped at Fri Oct 31 11:53:20 GMT 2025
тЪая╕П ALERT: IRIS Processor stopped at Fri Oct 31 11:53:20 GMT 2025
ЁЯЪи CRITICAL: IRIS Client stopped!
ЁЯЪи CRITICAL: IRIS Processor stopped!
тЪая╕П  WARNING: File backlog exceeds 50000
тЪая╕П  WARNING: Data lag exceeds 10 minutes!
тЪая╕П  WARNING: High error count in recent logs!
тЪая╕П ALERT: IRIS Client stopped at Fri Oct 31 11:58:25 GMT 2025
тЪая╕П ALERT: IRIS Processor stopped at Fri Oct 31 11:58:25 GMT 2025
ЁЯЪи CRITICAL: IRIS Client stopped!
ЁЯЪи CRITICAL: IRIS Processor stopped!
тЪая╕П  WARNING: File backlog exceeds 50000
тЪая╕П  WARNING: Data lag exceeds 10 minutes!
тЪая╕П  WARNING: High error count in recent logs!
