================================================================================
BATCH ZIP EXTRACTION TO GOOGLE DRIVE
================================================================================

⚙️  Configuration:
  Batch size: 10 ZIPs at a time
  Max ZIP size: 500 MB
  Min free space: 3 GB

💾 Current free space: 6.23 GB

🔐 Authenticating with Google Drive...
✓ Authenticated

✓ Using Drive folder: Extracted ZIP Contents

🔍 Searching for ZIP files in Drive...
  Found 1000 ZIP files
  Filtered to 1000 valid files (0-500MB)

📋 Will process 1000 ZIP files in batches of 10


================================================================================
BATCH 1/100 - Processing 10 ZIPs
================================================================================
💾 Free space: 6.23 GB

[2/1000] 2020 ambient gamma radiation dose rates across the UK fixed and mobile monitor readings.zip (0.01 MB) - Downloading...
[1/1000] UK Extractive Industries Transparency Initiative UK EITI report 2018 EITI sector information.zip (0.01 MB) - Downloading...
[4/1000] 2011 ambient gamma radiation dose rates across the UK.zip (0.01 MB) - Downloading...
[3/1000] 2021 ambient gamma radiation dose rates across the UK fixed and mobile monitor readings.zip (0.01 MB) - Downloading...
[6/1000] 2012 ambient gamma radiation dose rates across the UK.zip (0.01 MB) - Downloading...
[7/1000] Capacity_Heatmaps_Appendix_2_Open_API.zip (0.01 MB) - Downloading...
[5/1000] cacfe3a7_Capacity_Heatmaps_Appendix_2_Open_API.zip (0.01 MB) - Downloading...
[9/1000] 2010 ambient gamma radiation dose rates across the UK.zip (0.01 MB) - Downloading...
[10/1000] tnuosgenzones.zip (0.01 MB) - Downloading...
[8/1000] UK Extractive Industries Transparency Initiative UK EITI report 2016 EITI sector information.zip (0.01 MB) - Downloading...
[9/1000] 2010 ambient gamma radiation dose rates across the UK.zip - Extracting...
[4/1000] 2011 ambient gamma radiation dose rates across the UK.zip - Extracting...
[4/1000] 2011 ambient gamma radiation dose rates across the UK.zip - Uploading 4 files...
[9/1000] 2010 ambient gamma radiation dose rates across the UK.zip - Uploading 4 files...
[1/1000] UK Extractive Industries Transparency Initiative UK EITI report 2018 EITI sector information.zip - Extracting...
[1/1000] UK Extractive Industries Transparency Initiative UK EITI report 2018 EITI sector information.zip - Uploading 5 files...
[7/1000] Capacity_Heatmaps_Appendix_2_Open_API.zip - Extracting...
[7/1000] Capacity_Heatmaps_Appendix_2_Open_API.zip - Uploading 1 files...
[6/1000] 2012 ambient gamma radiation dose rates across the UK.zip - Extracting...
[8/1000] UK Extractive Industries Transparency Initiative UK EITI report 2016 EITI sector information.zip - Extracting...
[6/1000] 2012 ambient gamma radiation dose rates across the UK.zip - Uploading 4 files...
[5/1000] cacfe3a7_Capacity_Heatmaps_Appendix_2_Open_API.zip - Extracting...
[5/1000] cacfe3a7_Capacity_Heatmaps_Appendix_2_Open_API.zip - Uploading 1 files...
[8/1000] UK Extractive Industries Transparency Initiative UK EITI report 2016 EITI sector information.zip - Uploading 8 files...
[3/1000] 2021 ambient gamma radiation dose rates across the UK fixed and mobile monitor readings.zip - Extracting...
[3/1000] 2021 ambient gamma radiation dose rates across the UK fixed and mobile monitor readings.zip - Uploading 8 files...
[2/1000] 2020 ambient gamma radiation dose rates across the UK fixed and mobile monitor readings.zip - Extracting...
[2/1000] 2020 ambient gamma radiation dose rates across the UK fixed and mobile monitor readings.zip - Uploading 8 files...
[10/1000] tnuosgenzones.zip - Extracting...
[10/1000] tnuosgenzones.zip - Uploading 5 files...
[7/1000] Capacity_Heatmaps_Appendix_2_Open_API.zip - ✓ Complete (1 files uploaded)
[5/1000] cacfe3a7_Capacity_Heatmaps_Appendix_2_Open_API.zip - ✓ Complete (1 files uploaded)
[9/1000] 2010 ambient gamma radiation dose rates across the UK.zip - ✓ Complete (4 files uploaded)
[6/1000] 2012 ambient gamma radiation dose rates across the UK.zip - ✓ Complete (4 files uploaded)
[4/1000] 2011 ambient gamma radiation dose rates across the UK.zip - ✓ Complete (4 files uploaded)
[1/1000] UK Extractive Industries Transparency Initiative UK EITI report 2018 EITI sector information.zip - ✓ Complete (5 files uploaded)
[10/1000] tnuosgenzones.zip - ✓ Complete (5 files uploaded)
[8/1000] UK Extractive Industries Transparency Initiative UK EITI report 2016 EITI sector information.zip - ✓ Complete (8 files uploaded)
[2/1000] 2020 ambient gamma radiation dose rates across the UK fixed and mobile monitor readings.zip - ✓ Complete (8 files uploaded)
[3/1000] 2021 ambient gamma radiation dose rates across the UK fixed and mobile monitor readings.zip - ✓ Complete (8 files uploaded)

✓ Batch 1 complete

================================================================================
BATCH 2/100 - Processing 10 ZIPs
================================================================================
💾 Free space: 7.22 GB

[11/1000] 2015 ambient gamma radiation dose rates across the UK.zip (0.05 MB) - Downloading...
[12/1000] 2013 ambient gamma radiation dose rates across the UK.zip (0.04 MB) - Downloading...
[13/1000] 68c8aeed_Grid_Modelling_Appendix_6_LTDS_Subset_of_CGMES_Constraints_in_SHACL.zip (0.04 MB) - Downloading...
[14/1000] community_energy_and_energy_efficiency_subgroup_supplementary_material.zip (0.06 MB) - Downloading...
[16/1000] UK Extractive Industries Transparency Initiative UK EITI report 2017 EITI sector information.zip (0.02 MB) - Downloading...
[18/1000] Grid_Modelling_Appendix_6_LTDS_Subset_of_CGMES_Constraints_in_SHACL.zip (0.04 MB) - Downloading...
[19/1000] 68763949_community_energy_and_energy_efficiency_subgroup_supplementary_material.zip (0.06 MB) - Downloading...
[17/1000] 2Co Energy.zip (0.06 MB) - Downloading...
[20/1000] 2019 ambient gamma radiation dose rates across the UK fixed and mobile monitor readings.zip (0.06 MB) - Downloading...
[15/1000] 2014 ambient gamma radiation dose rates across the UK.zip (0.05 MB) - Downloading...
[12/1000] 2013 ambient gamma radiation dose rates across the UK.zip - Extracting...
[12/1000] 2013 ambient gamma radiation dose rates across the UK.zip - Uploading 4 files...
[13/1000] 68c8aeed_Grid_Modelling_Appendix_6_LTDS_Subset_of_CGMES_Constraints_in_SHACL.zip - Extracting...
[13/1000] 68c8aeed_Grid_Modelling_Appendix_6_LTDS_Subset_of_CGMES_Constraints_in_SHACL.zip - Uploading 10 files...
[16/1000] UK Extractive Industries Transparency Initiative UK EITI report 2017 EITI sector information.zip - Extracting...
[16/1000] UK Extractive Industries Transparency Initiative UK EITI report 2017 EITI sector information.zip - Uploading 8 files...
[17/1000] 2Co Energy.zip - Extracting...
[17/1000] 2Co Energy.zip - Uploading 1 files...
[11/1000] 2015 ambient gamma radiation dose rates across the UK.zip - Extracting...
[11/1000] 2015 ambient gamma radiation dose rates across the UK.zip - Uploading 4 files...
[19/1000] 68763949_community_energy_and_energy_efficiency_subgroup_supplementary_material.zip - Extracting...
[19/1000] 68763949_community_energy_and_energy_efficiency_subgroup_supplementary_material.zip - Uploading 2 files...
[14/1000] community_energy_and_energy_efficiency_subgroup_supplementary_material.zip - Extracting...
[14/1000] community_energy_and_energy_efficiency_subgroup_supplementary_material.zip - Uploading 2 files...
[18/1000] Grid_Modelling_Appendix_6_LTDS_Subset_of_CGMES_Constraints_in_SHACL.zip - Extracting...
[18/1000] Grid_Modelling_Appendix_6_LTDS_Subset_of_CGMES_Constraints_in_SHACL.zip - Uploading 10 files...
[20/1000] 2019 ambient gamma radiation dose rates across the UK fixed and mobile monitor readings.zip - Extracting...
[20/1000] 2019 ambient gamma radiation dose rates across the UK fixed and mobile monitor readings.zip - Uploading 8 files...
[15/1000] 2014 ambient gamma radiation dose rates across the UK.zip - Extracting...
[15/1000] 2014 ambient gamma radiation dose rates across the UK.zip - Uploading 4 files...
[17/1000] 2Co Energy.zip - ✓ Complete (1 files uploaded)
[19/1000] 68763949_community_energy_and_energy_efficiency_subgroup_supplementary_material.zip - ✓ Complete (2 files uploaded)
[14/1000] community_energy_and_energy_efficiency_subgroup_supplementary_material.zip - ✓ Complete (2 files uploaded)
[12/1000] 2013 ambient gamma radiation dose rates across the UK.zip - ✓ Complete (4 files uploaded)
[11/1000] 2015 ambient gamma radiation dose rates across the UK.zip - ✓ Complete (4 files uploaded)
[15/1000] 2014 ambient gamma radiation dose rates across the UK.zip - ✓ Complete (4 files uploaded)
[16/1000] UK Extractive Industries Transparency Initiative UK EITI report 2017 EITI sector information.zip - ✓ Complete (8 files uploaded)
[20/1000] 2019 ambient gamma radiation dose rates across the UK fixed and mobile monitor readings.zip - ✓ Complete (8 files uploaded)
[18/1000] Grid_Modelling_Appendix_6_LTDS_Subset_of_CGMES_Constraints_in_SHACL.zip - ✓ Complete (10 files uploaded)
[13/1000] 68c8aeed_Grid_Modelling_Appendix_6_LTDS_Subset_of_CGMES_Constraints_in_SHACL.zip - ✓ Complete (10 files uploaded)

✓ Batch 2 complete

================================================================================
BATCH 3/100 - Processing 10 ZIPs
================================================================================
💾 Free space: 7.21 GB

[21/1000] ECO Brokerage Results 2019 - all files.zip (0.11 MB) - Downloading...
[23/1000] question_log_and_answers_1.zip (0.11 MB) - Downloading...
[22/1000] 2016 ambient gamma radiation dose rates across the UK fixed and mobile monitor readings.zip (0.10 MB) - Downloading...
[24/1000] dd0348d6_question_log_and_answers_-_mtte.zip (0.10 MB) - Downloading...
[25/1000] etys-boundary-gis-data-mar25.zip (0.08 MB) - Downloading...
[26/1000] 2017 ambient gamma radiation dose rates across the UK fixed and mobile monitor readings.zip (0.09 MB) - Downloading...
[27/1000] 88be51dc_dno_dsr_services_options_0.zip (0.12 MB) - Downloading...
[29/1000] da9e7313_appendix_3_pure_oak_gtfinmdl_appx_3_vs_gtfinmdl_pcfm_change_control_7_type_b_v1_0_appx_2_0.zip (0.11 MB) - Downloading...
[28/1000] 2018 ambient gamma radiation dose rates across the UK fixed and mobile monitor readings.zip (0.10 MB) - Downloading...
[30/1000] cd1106d5_question_log_and_answers_1.zip (0.11 MB) - Downloading...
[25/1000] etys-boundary-gis-data-mar25.zip - Extracting...
[25/1000] etys-boundary-gis-data-mar25.zip - Uploading 5 files...
[23/1000] question_log_and_answers_1.zip - Extracting...
[23/1000] question_log_and_answers_1.zip - Uploading 2 files...
[30/1000] cd1106d5_question_log_and_answers_1.zip - Extracting...
[30/1000] cd1106d5_question_log_and_answers_1.zip - Uploading 2 files...
[21/1000] ECO Brokerage Results 2019 - all files.zip - Extracting...
[21/1000] ECO Brokerage Results 2019 - all files.zip - Uploading 32 files...
[24/1000] dd0348d6_question_log_and_answers_-_mtte.zip - Extracting...
[24/1000] dd0348d6_question_log_and_answers_-_mtte.zip - Uploading 12 files...
[22/1000] 2016 ambient gamma radiation dose rates across the UK fixed and mobile monitor readings.zip - Extracting...
[22/1000] 2016 ambient gamma radiation dose rates across the UK fixed and mobile monitor readings.zip - Uploading 8 files...
[26/1000] 2017 ambient gamma radiation dose rates across the UK fixed and mobile monitor readings.zip - Extracting...
[29/1000] da9e7313_appendix_3_pure_oak_gtfinmdl_appx_3_vs_gtfinmdl_pcfm_change_control_7_type_b_v1_0_appx_2_0.zip - Extracting...
[29/1000] da9e7313_appendix_3_pure_oak_gtfinmdl_appx_3_vs_gtfinmdl_pcfm_change_control_7_type_b_v1_0_appx_2_0.zip - Uploading 1 files...
[26/1000] 2017 ambient gamma radiation dose rates across the UK fixed and mobile monitor readings.zip - Uploading 8 files...
[27/1000] 88be51dc_dno_dsr_services_options_0.zip - Extracting...
[27/1000] 88be51dc_dno_dsr_services_options_0.zip - Uploading 3 files...
[28/1000] 2018 ambient gamma radiation dose rates across the UK fixed and mobile monitor readings.zip - Extracting...
[28/1000] 2018 ambient gamma radiation dose rates across the UK fixed and mobile monitor readings.zip - Uploading 8 files...
[29/1000] da9e7313_appendix_3_pure_oak_gtfinmdl_appx_3_vs_gtfinmdl_pcfm_change_control_7_type_b_v1_0_appx_2_0.zip - ✓ Complete (1 files uploaded)
[30/1000] cd1106d5_question_log_and_answers_1.zip - ✓ Complete (2 files uploaded)
[23/1000] question_log_and_answers_1.zip - ✓ Complete (2 files uploaded)
[27/1000] 88be51dc_dno_dsr_services_options_0.zip - ✓ Complete (3 files uploaded)
[25/1000] etys-boundary-gis-data-mar25.zip - ✓ Complete (5 files uploaded)
[26/1000] 2017 ambient gamma radiation dose rates across the UK fixed and mobile monitor readings.zip - ✓ Complete (8 files uploaded)
[22/1000] 2016 ambient gamma radiation dose rates across the UK fixed and mobile monitor readings.zip - ✓ Complete (8 files uploaded)
[28/1000] 2018 ambient gamma radiation dose rates across the UK fixed and mobile monitor readings.zip - ✓ Complete (8 files uploaded)
[24/1000] dd0348d6_question_log_and_answers_-_mtte.zip - ✓ Complete (12 files uploaded)
[21/1000] ECO Brokerage Results 2019 - all files.zip - ✓ Complete (32 files uploaded)

✓ Batch 3 complete

================================================================================
BATCH 4/100 - Processing 10 ZIPs
================================================================================
💾 Free space: 5.30 GB

[32/1000] Annex for Fuel poverty report.zip (0.13 MB) - Downloading...
[31/1000] ssen03_q_a_log.zip (0.13 MB) - Downloading...
[35/1000] 04642367_responses_to_consultation_on_introducing_bmpolr_obligations_to_nggs_nts_licence.zip (0.15 MB) - Downloading...
[36/1000] visibility_subgroup_supplementary_material.zip (0.18 MB) - Downloading...
[33/1000] responses_to_consultation_on_introducing_bmpolr_obligations_to_nggs_nts_licence.zip (0.15 MB) - Downloading...
[34/1000] ae7e177a_storage_and_distribution_generation_subgroup_supplementary_material.zip (0.14 MB) - Downloading...
[37/1000] a3e55ed7_riio-2_pcfm_guidance_issue_logs_and_responses_-_zipped_folder_1.zip (0.15 MB) - Downloading...
[38/1000] dad2f4ab_visibility_subgroup_supplementary_material.zip (0.18 MB) - Downloading...
[39/1000] 0ceab19e_ssen03_q_a_log.zip (0.13 MB) - Downloading...
[40/1000] storage_and_distribution_generation_subgroup_supplementary_material.zip (0.14 MB) - Downloading...
[31/1000] ssen03_q_a_log.zip - Extracting...
[31/1000] ssen03_q_a_log.zip - Uploading 2 files...
[35/1000] 04642367_responses_to_consultation_on_introducing_bmpolr_obligations_to_nggs_nts_licence.zip - Extracting...
[35/1000] 04642367_responses_to_consultation_on_introducing_bmpolr_obligations_to_nggs_nts_licence.zip - Uploading 2 files...
[33/1000] responses_to_consultation_on_introducing_bmpolr_obligations_to_nggs_nts_licence.zip - Extracting...
[33/1000] responses_to_consultation_on_introducing_bmpolr_obligations_to_nggs_nts_licence.zip - Uploading 2 files...
[32/1000] Annex for Fuel poverty report.zip - Extracting...
[32/1000] Annex for Fuel poverty report.zip - Uploading 6 files...
[39/1000] 0ceab19e_ssen03_q_a_log.zip - Extracting...
[39/1000] 0ceab19e_ssen03_q_a_log.zip - Uploading 2 files...
[34/1000] ae7e177a_storage_and_distribution_generation_subgroup_supplementary_material.zip - Extracting...
[34/1000] ae7e177a_storage_and_distribution_generation_subgroup_supplementary_material.zip - Uploading 2 files...
[37/1000] a3e55ed7_riio-2_pcfm_guidance_issue_logs_and_responses_-_zipped_folder_1.zip - Extracting...
[37/1000] a3e55ed7_riio-2_pcfm_guidance_issue_logs_and_responses_-_zipped_folder_1.zip - Uploading 3 files...
[40/1000] storage_and_distribution_generation_subgroup_supplementary_material.zip - Extracting...
[40/1000] storage_and_distribution_generation_subgroup_supplementary_material.zip - Uploading 2 files...
[36/1000] visibility_subgroup_supplementary_material.zip - Extracting...
[36/1000] visibility_subgroup_supplementary_material.zip - Uploading 2 files...
[38/1000] dad2f4ab_visibility_subgroup_supplementary_material.zip - Extracting...
[38/1000] dad2f4ab_visibility_subgroup_supplementary_material.zip - Uploading 2 files...
