Fri Aug 22 23:36:10 BST 2025: Live data updater process with PID 70576 has stopped. Restarting...
Fri Aug 22 23:36:10 BST 2025: Restarted with PID 77628
Fri Aug 22 23:38:10 BST 2025: Live data updater process with PID 77628 has stopped. Restarting...
Fri Aug 22 23:38:10 BST 2025: Restarted with PID 79291
Fri Aug 22 23:39:28 BST 2025: Process with PID 78564 has died. Restarting...
Fri Aug 22 23:39:28 BST 2025: Restarted process with PID 80277
Fri Aug 22 23:40:10 BST 2025: Live data updater process with PID 79291 has stopped. Restarting...
Fri Aug 22 23:40:10 BST 2025: Restarted with PID 80863
Fri Aug 22 23:41:10 BST 2025: Live data updater process with PID 80863 has stopped. Restarting...
Fri Aug 22 23:41:10 BST 2025: Restarted with PID 82357
Sat Aug 23 00:16:18 BST 2025: Process with PID 81208 has died. Restarting...
Sat Aug 23 00:16:18 BST 2025: Restarted process with PID 15860
Sat Aug 23 00:17:11 BST 2025: Live data updater process with PID 82357 has stopped. Restarting...
Sat Aug 23 00:17:11 BST 2025: Restarted with PID 16872
Sat Aug 23 00:18:11 BST 2025: Live data updater process with PID 16872 has stopped. Restarting...
Sat Aug 23 00:18:11 BST 2025: Restarted with PID 18244
Sat Aug 23 00:18:18 BST 2025: Process with PID 15860 has died. Restarting...
Sat Aug 23 00:18:18 BST 2025: Restarted process with PID 18416
Sat Aug 23 00:20:11 BST 2025: Live data updater process with PID 18244 has stopped. Restarting...
Sat Aug 23 00:20:11 BST 2025: Restarted with PID 19827
Sat Aug 23 00:20:18 BST 2025: Process with PID 18416 has died. Restarting...
Sat Aug 23 00:20:18 BST 2025: Restarted process with PID 19898
Sat Aug 23 00:21:11 BST 2025: Live data updater process with PID 19827 has stopped. Restarting...
Sat Aug 23 00:21:11 BST 2025: Restarted with PID 21089
Sat Aug 23 00:21:18 BST 2025: Process with PID 19898 has died. Restarting...
Sat Aug 23 00:21:18 BST 2025: Restarted process with PID 21170
Sat Aug 23 00:27:11 BST 2025: Live data updater process with PID 21089 has stopped. Restarting...
Sat Aug 23 00:27:11 BST 2025: Restarted with PID 25390
Sat Aug 23 00:27:18 BST 2025: Process with PID 21170 has died. Restarting...
Sat Aug 23 00:27:18 BST 2025: Restarted process with PID 25458
Sat Aug 23 00:37:12 BST 2025: Live data updater process with PID 25390 has stopped. Restarting...
Sat Aug 23 00:37:12 BST 2025: Restarted with PID 32450
Sat Aug 23 00:37:18 BST 2025: Process with PID 25458 has died. Restarting...
Sat Aug 23 00:37:18 BST 2025: Restarted process with PID 32784
Sat Aug 23 00:38:12 BST 2025: Live data updater process with PID 32450 has stopped. Restarting...
Sat Aug 23 00:38:12 BST 2025: Restarted with PID 33561
Sat Aug 23 00:38:18 BST 2025: Process with PID 32784 has died. Restarting...
Sat Aug 23 00:38:19 BST 2025: Restarted process with PID 33634
Sat Aug 23 00:39:12 BST 2025: Live data updater process with PID 33561 has stopped. Restarting...
Sat Aug 23 00:39:12 BST 2025: Restarted with PID 34597
Sat Aug 23 00:39:19 BST 2025: Process with PID 33634 has died. Restarting...
Sat Aug 23 00:39:19 BST 2025: Restarted process with PID 34869
Sat Aug 23 00:40:12 BST 2025: Live data updater process with PID 34597 has stopped. Restarting...
Sat Aug 23 00:40:12 BST 2025: Restarted with PID 35891
Sat Aug 23 00:40:19 BST 2025: Process with PID 34869 has died. Restarting...
Sat Aug 23 00:40:19 BST 2025: Restarted process with PID 35969
Sat Aug 23 00:41:12 BST 2025: Live data updater process with PID 35891 has stopped. Restarting...
Sat Aug 23 00:41:12 BST 2025: Restarted with PID 36761
Sat Aug 23 00:41:19 BST 2025: Process with PID 35969 has died. Restarting...
Sat Aug 23 00:41:19 BST 2025: Restarted process with PID 36861
