2025-08-23 00:40:44,255 - INFO - 🔍 Checking for existing processes...
2025-08-23 00:40:44,357 - INFO - 🚀 Initializing System Warnings Monitor
2025-08-23 00:40:44,358 - INFO - ✅ Loaded BMRS API key from api.env file
2025-08-23 00:40:45,119 - INFO - ✅ Connected to BigQuery
2025-08-23 00:40:45,678 - INFO - ✅ Connected to Cloud Storage
2025-08-23 00:40:45,678 - INFO - ✅ System Warnings Monitor initialized
2025-08-23 00:40:45,678 - INFO - 🚀 Starting System Warnings Monitor
2025-08-23 00:40:45,679 - INFO - 🔍 Checking for system warnings...
2025-08-23 00:40:45,806 - INFO - ⚠️ Found 1 system warnings
2025-08-23 00:40:46,367 - ERROR - ❌ Error uploading to Cloud Storage: 404 POST https://storage.googleapis.com/upload/storage/v1/b/energy-data-collection/o?uploadType=multipart: {
  "error": {
    "code": 404,
    "message": "The specified bucket does not exist.",
    "errors": [
      {
        "message": "The specified bucket does not exist.",
        "domain": "global",
        "reason": "notFound"
      }
    ]
  }
}
: ('Request failed with status code', 404, 'Expected one of', <HTTPStatus.OK: 200>)
2025-08-23 00:40:46,870 - ERROR - ❌ Error updating BigQuery: 400 Unrecognized name: id at [2:28]; reason: invalidQuery, location: query, message: Unrecognized name: id at [2:28]

Location: europe-west2
Job ID: 75fa9d92-d192-4397-a241-db9dd044030a

2025-08-23 00:40:46,870 - INFO - ✅ Scheduled checks every 10 minutes
2025-08-23 00:40:46,870 - INFO - 📊 === SYSTEM WARNINGS MONITOR STATUS ===
2025-08-23 00:40:46,870 - INFO - ⏱️ Uptime: 0:00:01.191348
2025-08-23 00:40:46,870 - INFO - 🔍 Total checks: 1
2025-08-23 00:40:46,870 - INFO - ⚠️ Total warnings found: 1
2025-08-23 00:40:46,870 - INFO - 🆕 New warnings added: 0
2025-08-23 00:40:46,870 - INFO - ❌ Errors encountered: 1
2025-08-23 00:50:47,013 - INFO - 🔍 Checking for system warnings...
2025-08-23 00:50:47,493 - INFO - ⚠️ Found 1 system warnings
2025-08-23 00:50:48,282 - ERROR - ❌ Error uploading to Cloud Storage: 404 POST https://storage.googleapis.com/upload/storage/v1/b/energy-data-collection/o?uploadType=multipart: {
  "error": {
    "code": 404,
    "message": "The specified bucket does not exist.",
    "errors": [
      {
        "message": "The specified bucket does not exist.",
        "domain": "global",
        "reason": "notFound"
      }
    ]
  }
}
: ('Request failed with status code', 404, 'Expected one of', <HTTPStatus.OK: 200>)
2025-08-23 00:50:48,727 - ERROR - ❌ Error updating BigQuery: 400 Unrecognized name: id at [2:28]; reason: invalidQuery, location: query, message: Unrecognized name: id at [2:28]

Location: europe-west2
Job ID: e2c1640a-ca38-4481-9ca7-e07b14861ac8

2025-08-23 01:00:49,691 - INFO - 🔍 Checking for system warnings...
2025-08-23 01:00:49,873 - INFO - ⚠️ Found 1 system warnings
2025-08-23 01:00:50,594 - ERROR - ❌ Error uploading to Cloud Storage: 404 POST https://storage.googleapis.com/upload/storage/v1/b/energy-data-collection/o?uploadType=multipart: {
  "error": {
    "code": 404,
    "message": "The specified bucket does not exist.",
    "errors": [
      {
        "message": "The specified bucket does not exist.",
        "domain": "global",
        "reason": "notFound"
      }
    ]
  }
}
: ('Request failed with status code', 404, 'Expected one of', <HTTPStatus.OK: 200>)
2025-08-23 01:00:51,097 - ERROR - ❌ Error updating BigQuery: 400 Unrecognized name: id at [2:28]; reason: invalidQuery, location: query, message: Unrecognized name: id at [2:28]

Location: europe-west2
Job ID: 75f0c948-6e0d-4387-ba6c-ed805d710390

2025-08-23 01:10:51,575 - INFO - 🔍 Checking for system warnings...
2025-08-23 01:10:51,689 - INFO - ⚠️ Found 1 system warnings
2025-08-23 01:10:52,358 - ERROR - ❌ Error uploading to Cloud Storage: 404 POST https://storage.googleapis.com/upload/storage/v1/b/energy-data-collection/o?uploadType=multipart: {
  "error": {
    "code": 404,
    "message": "The specified bucket does not exist.",
    "errors": [
      {
        "message": "The specified bucket does not exist.",
        "domain": "global",
        "reason": "notFound"
      }
    ]
  }
}
: ('Request failed with status code', 404, 'Expected one of', <HTTPStatus.OK: 200>)
2025-08-23 01:10:52,964 - ERROR - ❌ Error updating BigQuery: 400 Unrecognized name: id at [2:28]; reason: invalidQuery, location: query, message: Unrecognized name: id at [2:28]

Location: europe-west2
Job ID: 23fe4266-ea78-4a6e-b32f-c2caf20193e8

2025-08-23 01:20:53,873 - INFO - 🔍 Checking for system warnings...
2025-08-23 01:20:54,070 - INFO - ⚠️ Found 1 system warnings
2025-08-23 01:20:54,845 - ERROR - ❌ Error uploading to Cloud Storage: 404 POST https://storage.googleapis.com/upload/storage/v1/b/energy-data-collection/o?uploadType=multipart: {
  "error": {
    "code": 404,
    "message": "The specified bucket does not exist.",
    "errors": [
      {
        "message": "The specified bucket does not exist.",
        "domain": "global",
        "reason": "notFound"
      }
    ]
  }
}
: ('Request failed with status code', 404, 'Expected one of', <HTTPStatus.OK: 200>)
2025-08-23 01:20:55,193 - ERROR - ❌ Error updating BigQuery: 400 Unrecognized name: id at [2:28]; reason: invalidQuery, location: query, message: Unrecognized name: id at [2:28]

Location: europe-west2
Job ID: 667c34c5-d901-4e38-8f9c-ac97c0e22caa

2025-08-23 01:30:56,139 - INFO - 🔍 Checking for system warnings...
2025-08-23 01:30:56,306 - INFO - ⚠️ Found 1 system warnings
2025-08-23 01:30:57,145 - ERROR - ❌ Error uploading to Cloud Storage: 404 POST https://storage.googleapis.com/upload/storage/v1/b/energy-data-collection/o?uploadType=multipart: {
  "error": {
    "code": 404,
    "message": "The specified bucket does not exist.",
    "errors": [
      {
        "message": "The specified bucket does not exist.",
        "domain": "global",
        "reason": "notFound"
      }
    ]
  }
}
: ('Request failed with status code', 404, 'Expected one of', <HTTPStatus.OK: 200>)
2025-08-23 01:30:57,667 - ERROR - ❌ Error updating BigQuery: 400 Unrecognized name: id at [2:28]; reason: invalidQuery, location: query, message: Unrecognized name: id at [2:28]

Location: europe-west2
Job ID: e58f28fd-501d-47e1-857d-39b3800ff732

2025-08-23 01:40:47,243 - INFO - 📊 === SYSTEM WARNINGS MONITOR STATUS ===
2025-08-23 01:40:47,255 - INFO - ⏱️ Uptime: 1:00:01.575715
2025-08-23 01:40:47,257 - INFO - 🔍 Total checks: 6
2025-08-23 01:40:47,258 - INFO - ⚠️ Total warnings found: 6
2025-08-23 01:40:47,258 - INFO - 🆕 New warnings added: 0
2025-08-23 01:40:47,258 - INFO - ❌ Errors encountered: 6
2025-08-23 01:40:58,303 - INFO - 🔍 Checking for system warnings...
2025-08-23 01:40:58,438 - INFO - ⚠️ Found 1 system warnings
2025-08-23 01:40:59,127 - ERROR - ❌ Error uploading to Cloud Storage: 404 POST https://storage.googleapis.com/upload/storage/v1/b/energy-data-collection/o?uploadType=multipart: {
  "error": {
    "code": 404,
    "message": "The specified bucket does not exist.",
    "errors": [
      {
        "message": "The specified bucket does not exist.",
        "domain": "global",
        "reason": "notFound"
      }
    ]
  }
}
: ('Request failed with status code', 404, 'Expected one of', <HTTPStatus.OK: 200>)
2025-08-23 01:40:59,540 - ERROR - ❌ Error updating BigQuery: 400 Unrecognized name: id at [2:28]; reason: invalidQuery, location: query, message: Unrecognized name: id at [2:28]

Location: europe-west2
Job ID: 0db15b45-dd50-4ea9-aa93-e3dc7def0e8e

2025-08-23 01:51:00,060 - INFO - 🔍 Checking for system warnings...
2025-08-23 01:51:00,313 - INFO - ⚠️ Found 1 system warnings
2025-08-23 01:51:00,897 - ERROR - ❌ Error uploading to Cloud Storage: 404 POST https://storage.googleapis.com/upload/storage/v1/b/energy-data-collection/o?uploadType=multipart: {
  "error": {
    "code": 404,
    "message": "The specified bucket does not exist.",
    "errors": [
      {
        "message": "The specified bucket does not exist.",
        "domain": "global",
        "reason": "notFound"
      }
    ]
  }
}
: ('Request failed with status code', 404, 'Expected one of', <HTTPStatus.OK: 200>)
2025-08-23 01:51:01,344 - ERROR - ❌ Error updating BigQuery: 400 Unrecognized name: id at [2:28]; reason: invalidQuery, location: query, message: Unrecognized name: id at [2:28]

Location: europe-west2
Job ID: b6c845c5-d667-4197-9003-01a9d64f7cd4

2025-08-23 02:01:02,130 - INFO - 🔍 Checking for system warnings...
2025-08-23 02:01:02,314 - INFO - ⚠️ Found 1 system warnings
2025-08-23 02:01:02,882 - ERROR - ❌ Error uploading to Cloud Storage: 404 POST https://storage.googleapis.com/upload/storage/v1/b/energy-data-collection/o?uploadType=multipart: {
  "error": {
    "code": 404,
    "message": "The specified bucket does not exist.",
    "errors": [
      {
        "message": "The specified bucket does not exist.",
        "domain": "global",
        "reason": "notFound"
      }
    ]
  }
}
: ('Request failed with status code', 404, 'Expected one of', <HTTPStatus.OK: 200>)
2025-08-23 02:01:03,260 - ERROR - ❌ Error updating BigQuery: 400 Unrecognized name: id at [2:28]; reason: invalidQuery, location: query, message: Unrecognized name: id at [2:28]

Location: europe-west2
Job ID: 6fb31ec7-6528-4b9d-b487-a65d50b28d4d

2025-08-23 02:11:03,529 - INFO - 🔍 Checking for system warnings...
2025-08-23 02:11:03,654 - INFO - ⚠️ Found 1 system warnings
2025-08-23 02:11:04,172 - ERROR - ❌ Error uploading to Cloud Storage: 404 POST https://storage.googleapis.com/upload/storage/v1/b/energy-data-collection/o?uploadType=multipart: {
  "error": {
    "code": 404,
    "message": "The specified bucket does not exist.",
    "errors": [
      {
        "message": "The specified bucket does not exist.",
        "domain": "global",
        "reason": "notFound"
      }
    ]
  }
}
: ('Request failed with status code', 404, 'Expected one of', <HTTPStatus.OK: 200>)
2025-08-23 02:11:04,628 - ERROR - ❌ Error updating BigQuery: 400 Unrecognized name: id at [2:28]; reason: invalidQuery, location: query, message: Unrecognized name: id at [2:28]

Location: europe-west2
Job ID: 2c5eb7b0-e02c-49f4-9b27-585e82c3d083

2025-08-23 02:21:04,996 - INFO - 🔍 Checking for system warnings...
2025-08-23 02:21:05,148 - INFO - ⚠️ Found 1 system warnings
2025-08-23 02:21:05,795 - ERROR - ❌ Error uploading to Cloud Storage: 404 POST https://storage.googleapis.com/upload/storage/v1/b/energy-data-collection/o?uploadType=multipart: {
  "error": {
    "code": 404,
    "message": "The specified bucket does not exist.",
    "errors": [
      {
        "message": "The specified bucket does not exist.",
        "domain": "global",
        "reason": "notFound"
      }
    ]
  }
}
: ('Request failed with status code', 404, 'Expected one of', <HTTPStatus.OK: 200>)
2025-08-23 02:21:06,212 - ERROR - ❌ Error updating BigQuery: 400 Unrecognized name: id at [2:28]; reason: invalidQuery, location: query, message: Unrecognized name: id at [2:28]

Location: europe-west2
Job ID: 5a8d560d-1c6f-48fe-a4d4-e76d36abf5b5

2025-08-23 02:31:07,179 - INFO - 🔍 Checking for system warnings...
2025-08-23 02:31:07,372 - INFO - ⚠️ Found 1 system warnings
2025-08-23 02:31:07,870 - ERROR - ❌ Error uploading to Cloud Storage: 404 POST https://storage.googleapis.com/upload/storage/v1/b/energy-data-collection/o?uploadType=multipart: {
  "error": {
    "code": 404,
    "message": "The specified bucket does not exist.",
    "errors": [
      {
        "message": "The specified bucket does not exist.",
        "domain": "global",
        "reason": "notFound"
      }
    ]
  }
}
: ('Request failed with status code', 404, 'Expected one of', <HTTPStatus.OK: 200>)
2025-08-23 02:31:08,303 - ERROR - ❌ Error updating BigQuery: 400 Unrecognized name: id at [2:28]; reason: invalidQuery, location: query, message: Unrecognized name: id at [2:28]

Location: europe-west2
Job ID: dc567185-18ae-4596-9b24-2cbffd6e0b3f

2025-08-23 02:40:48,250 - INFO - 📊 === SYSTEM WARNINGS MONITOR STATUS ===
2025-08-23 02:40:48,261 - INFO - ⏱️ Uptime: 2:00:02.582646
2025-08-23 02:40:48,261 - INFO - 🔍 Total checks: 12
2025-08-23 02:40:48,261 - INFO - ⚠️ Total warnings found: 12
2025-08-23 02:40:48,261 - INFO - 🆕 New warnings added: 0
2025-08-23 02:40:48,261 - INFO - ❌ Errors encountered: 12
2025-08-23 02:41:08,399 - INFO - 🔍 Checking for system warnings...
2025-08-23 02:41:08,493 - INFO - ⚠️ Found 1 system warnings
2025-08-23 02:41:08,690 - ERROR - ❌ Error uploading to Cloud Storage: Reauthentication is needed. Please run `gcloud auth application-default login` to reauthenticate.
2025-08-23 02:41:08,798 - ERROR - ❌ Error updating BigQuery: Reauthentication is needed. Please run `gcloud auth application-default login` to reauthenticate.
2025-08-23 02:51:08,959 - INFO - 🔍 Checking for system warnings...
2025-08-23 02:51:09,122 - INFO - ⚠️ Found 1 system warnings
2025-08-23 02:51:09,236 - ERROR - ❌ Error uploading to Cloud Storage: Reauthentication is needed. Please run `gcloud auth application-default login` to reauthenticate.
2025-08-23 02:51:09,342 - ERROR - ❌ Error updating BigQuery: Reauthentication is needed. Please run `gcloud auth application-default login` to reauthenticate.
2025-08-23 03:01:10,352 - INFO - 🔍 Checking for system warnings...
2025-08-23 03:01:10,533 - INFO - ⚠️ Found 1 system warnings
2025-08-23 03:01:10,663 - ERROR - ❌ Error uploading to Cloud Storage: Reauthentication is needed. Please run `gcloud auth application-default login` to reauthenticate.
2025-08-23 03:01:10,843 - ERROR - ❌ Error updating BigQuery: Reauthentication is needed. Please run `gcloud auth application-default login` to reauthenticate.
2025-08-23 03:11:10,875 - INFO - 🔍 Checking for system warnings...
2025-08-23 03:11:10,970 - INFO - ⚠️ Found 1 system warnings
2025-08-23 03:11:11,175 - ERROR - ❌ Error uploading to Cloud Storage: Reauthentication is needed. Please run `gcloud auth application-default login` to reauthenticate.
2025-08-23 03:11:11,275 - ERROR - ❌ Error updating BigQuery: Reauthentication is needed. Please run `gcloud auth application-default login` to reauthenticate.
2025-08-23 03:21:11,352 - INFO - 🔍 Checking for system warnings...
2025-08-23 03:21:11,600 - INFO - ⚠️ Found 1 system warnings
2025-08-23 03:21:11,739 - ERROR - ❌ Error uploading to Cloud Storage: Reauthentication is needed. Please run `gcloud auth application-default login` to reauthenticate.
2025-08-23 03:21:11,834 - ERROR - ❌ Error updating BigQuery: Reauthentication is needed. Please run `gcloud auth application-default login` to reauthenticate.
2025-08-23 03:31:12,040 - INFO - 🔍 Checking for system warnings...
2025-08-23 03:31:12,325 - INFO - ⚠️ Found 1 system warnings
2025-08-23 03:31:12,500 - ERROR - ❌ Error uploading to Cloud Storage: Reauthentication is needed. Please run `gcloud auth application-default login` to reauthenticate.
2025-08-23 03:31:12,588 - ERROR - ❌ Error updating BigQuery: Reauthentication is needed. Please run `gcloud auth application-default login` to reauthenticate.
2025-08-23 03:40:48,320 - INFO - 📊 === SYSTEM WARNINGS MONITOR STATUS ===
2025-08-23 03:40:48,328 - INFO - ⏱️ Uptime: 3:00:02.649843
2025-08-23 03:40:48,328 - INFO - 🔍 Total checks: 18
2025-08-23 03:40:48,329 - INFO - ⚠️ Total warnings found: 18
2025-08-23 03:40:48,329 - INFO - 🆕 New warnings added: 0
2025-08-23 03:40:48,329 - INFO - ❌ Errors encountered: 18
2025-08-23 03:41:13,515 - INFO - 🔍 Checking for system warnings...
2025-08-23 03:41:13,725 - INFO - ⚠️ Found 1 system warnings
2025-08-23 03:41:13,844 - ERROR - ❌ Error uploading to Cloud Storage: Reauthentication is needed. Please run `gcloud auth application-default login` to reauthenticate.
2025-08-23 03:41:13,949 - ERROR - ❌ Error updating BigQuery: Reauthentication is needed. Please run `gcloud auth application-default login` to reauthenticate.
2025-08-23 03:51:14,678 - INFO - 🔍 Checking for system warnings...
2025-08-23 03:51:14,840 - INFO - ⚠️ Found 1 system warnings
2025-08-23 03:51:15,040 - ERROR - ❌ Error uploading to Cloud Storage: Reauthentication is needed. Please run `gcloud auth application-default login` to reauthenticate.
2025-08-23 03:51:15,150 - ERROR - ❌ Error updating BigQuery: Reauthentication is needed. Please run `gcloud auth application-default login` to reauthenticate.
2025-08-23 04:01:16,027 - INFO - 🔍 Checking for system warnings...
2025-08-23 04:01:16,210 - INFO - ⚠️ Found 1 system warnings
2025-08-23 04:01:16,448 - ERROR - ❌ Error uploading to Cloud Storage: Reauthentication is needed. Please run `gcloud auth application-default login` to reauthenticate.
2025-08-23 04:01:16,598 - ERROR - ❌ Error updating BigQuery: Reauthentication is needed. Please run `gcloud auth application-default login` to reauthenticate.
2025-08-23 04:11:17,279 - INFO - 🔍 Checking for system warnings...
2025-08-23 04:11:17,374 - INFO - ⚠️ Found 1 system warnings
2025-08-23 04:11:17,503 - ERROR - ❌ Error uploading to Cloud Storage: Reauthentication is needed. Please run `gcloud auth application-default login` to reauthenticate.
2025-08-23 04:11:17,603 - ERROR - ❌ Error updating BigQuery: Reauthentication is needed. Please run `gcloud auth application-default login` to reauthenticate.
2025-08-23 04:21:18,342 - INFO - 🔍 Checking for system warnings...
2025-08-23 04:21:18,454 - INFO - ⚠️ Found 1 system warnings
2025-08-23 04:21:18,658 - ERROR - ❌ Error uploading to Cloud Storage: Reauthentication is needed. Please run `gcloud auth application-default login` to reauthenticate.
2025-08-23 04:21:18,763 - ERROR - ❌ Error updating BigQuery: Reauthentication is needed. Please run `gcloud auth application-default login` to reauthenticate.
2025-08-23 04:31:19,573 - INFO - 🔍 Checking for system warnings...
2025-08-23 04:31:19,687 - INFO - ⚠️ Found 1 system warnings
2025-08-23 04:31:19,803 - ERROR - ❌ Error uploading to Cloud Storage: Reauthentication is needed. Please run `gcloud auth application-default login` to reauthenticate.
2025-08-23 04:31:20,011 - ERROR - ❌ Error updating BigQuery: Reauthentication is needed. Please run `gcloud auth application-default login` to reauthenticate.
2025-08-23 04:40:48,676 - INFO - 📊 === SYSTEM WARNINGS MONITOR STATUS ===
2025-08-23 04:40:48,680 - INFO - ⏱️ Uptime: 4:00:03.001781
2025-08-23 04:40:48,680 - INFO - 🔍 Total checks: 24
2025-08-23 04:40:48,681 - INFO - ⚠️ Total warnings found: 24
2025-08-23 04:40:48,681 - INFO - 🆕 New warnings added: 0
2025-08-23 04:40:48,681 - INFO - ❌ Errors encountered: 24
2025-08-23 04:41:20,886 - INFO - 🔍 Checking for system warnings...
2025-08-23 04:41:20,972 - INFO - ⚠️ Found 1 system warnings
2025-08-23 04:41:21,098 - ERROR - ❌ Error uploading to Cloud Storage: Reauthentication is needed. Please run `gcloud auth application-default login` to reauthenticate.
2025-08-23 04:41:21,197 - ERROR - ❌ Error updating BigQuery: Reauthentication is needed. Please run `gcloud auth application-default login` to reauthenticate.
2025-08-23 04:51:22,137 - INFO - 🔍 Checking for system warnings...
2025-08-23 04:51:22,326 - INFO - ⚠️ Found 1 system warnings
2025-08-23 04:51:22,475 - ERROR - ❌ Error uploading to Cloud Storage: Reauthentication is needed. Please run `gcloud auth application-default login` to reauthenticate.
2025-08-23 04:51:22,698 - ERROR - ❌ Error updating BigQuery: Reauthentication is needed. Please run `gcloud auth application-default login` to reauthenticate.
2025-08-23 05:01:23,684 - INFO - 🔍 Checking for system warnings...
2025-08-23 05:01:23,839 - INFO - ⚠️ Found 1 system warnings
2025-08-23 05:01:23,967 - ERROR - ❌ Error uploading to Cloud Storage: Reauthentication is needed. Please run `gcloud auth application-default login` to reauthenticate.
2025-08-23 05:01:24,152 - ERROR - ❌ Error updating BigQuery: Reauthentication is needed. Please run `gcloud auth application-default login` to reauthenticate.
2025-08-23 05:11:24,974 - INFO - 🔍 Checking for system warnings...
2025-08-23 05:11:25,075 - INFO - ⚠️ Found 1 system warnings
2025-08-23 05:11:25,196 - ERROR - ❌ Error uploading to Cloud Storage: Reauthentication is needed. Please run `gcloud auth application-default login` to reauthenticate.
2025-08-23 05:11:25,356 - ERROR - ❌ Error updating BigQuery: Reauthentication is needed. Please run `gcloud auth application-default login` to reauthenticate.
2025-08-23 05:21:26,062 - INFO - 🔍 Checking for system warnings...
2025-08-23 05:21:26,277 - INFO - ⚠️ Found 1 system warnings
2025-08-23 05:21:26,393 - ERROR - ❌ Error uploading to Cloud Storage: Reauthentication is needed. Please run `gcloud auth application-default login` to reauthenticate.
2025-08-23 05:21:26,486 - ERROR - ❌ Error updating BigQuery: Reauthentication is needed. Please run `gcloud auth application-default login` to reauthenticate.
2025-08-23 05:31:27,328 - INFO - 🔍 Checking for system warnings...
2025-08-23 05:31:27,461 - INFO - ⚠️ Found 1 system warnings
2025-08-23 05:31:27,660 - ERROR - ❌ Error uploading to Cloud Storage: Reauthentication is needed. Please run `gcloud auth application-default login` to reauthenticate.
2025-08-23 05:31:27,764 - ERROR - ❌ Error updating BigQuery: Reauthentication is needed. Please run `gcloud auth application-default login` to reauthenticate.
2025-08-23 05:40:49,359 - INFO - 📊 === SYSTEM WARNINGS MONITOR STATUS ===
2025-08-23 05:40:49,362 - INFO - ⏱️ Uptime: 5:00:03.683294
2025-08-23 05:40:49,362 - INFO - 🔍 Total checks: 30
2025-08-23 05:40:49,362 - INFO - ⚠️ Total warnings found: 30
2025-08-23 05:40:49,362 - INFO - 🆕 New warnings added: 0
2025-08-23 05:40:49,362 - INFO - ❌ Errors encountered: 30
2025-08-23 05:41:28,618 - INFO - 🔍 Checking for system warnings...
2025-08-23 05:41:28,706 - INFO - ⚠️ Found 1 system warnings
2025-08-23 05:41:28,820 - ERROR - ❌ Error uploading to Cloud Storage: Reauthentication is needed. Please run `gcloud auth application-default login` to reauthenticate.
2025-08-23 05:41:29,007 - ERROR - ❌ Error updating BigQuery: Reauthentication is needed. Please run `gcloud auth application-default login` to reauthenticate.
2025-08-23 05:51:29,743 - INFO - 🔍 Checking for system warnings...
2025-08-23 05:51:29,908 - INFO - ⚠️ Found 1 system warnings
2025-08-23 05:51:30,057 - ERROR - ❌ Error uploading to Cloud Storage: Reauthentication is needed. Please run `gcloud auth application-default login` to reauthenticate.
2025-08-23 05:51:30,144 - ERROR - ❌ Error updating BigQuery: Reauthentication is needed. Please run `gcloud auth application-default login` to reauthenticate.
2025-08-23 06:01:31,046 - INFO - 🔍 Checking for system warnings...
2025-08-23 06:01:31,238 - INFO - ⚠️ Found 1 system warnings
2025-08-23 06:01:31,649 - ERROR - ❌ Error uploading to Cloud Storage: Reauthentication is needed. Please run `gcloud auth application-default login` to reauthenticate.
2025-08-23 06:01:31,749 - ERROR - ❌ Error updating BigQuery: Reauthentication is needed. Please run `gcloud auth application-default login` to reauthenticate.
2025-08-23 06:11:32,591 - INFO - 🔍 Checking for system warnings...
2025-08-23 06:11:32,751 - INFO - ⚠️ Found 1 system warnings
2025-08-23 06:11:32,928 - ERROR - ❌ Error uploading to Cloud Storage: Reauthentication is needed. Please run `gcloud auth application-default login` to reauthenticate.
2025-08-23 06:11:33,019 - ERROR - ❌ Error updating BigQuery: Reauthentication is needed. Please run `gcloud auth application-default login` to reauthenticate.
2025-08-23 06:21:33,728 - INFO - 🔍 Checking for system warnings...
2025-08-23 06:21:33,887 - INFO - ⚠️ Found 1 system warnings
2025-08-23 06:21:34,003 - ERROR - ❌ Error uploading to Cloud Storage: Reauthentication is needed. Please run `gcloud auth application-default login` to reauthenticate.
2025-08-23 06:21:34,096 - ERROR - ❌ Error updating BigQuery: Reauthentication is needed. Please run `gcloud auth application-default login` to reauthenticate.
2025-08-23 06:31:34,805 - INFO - 🔍 Checking for system warnings...
2025-08-23 06:31:34,932 - INFO - ⚠️ Found 1 system warnings
2025-08-23 06:31:35,041 - ERROR - ❌ Error uploading to Cloud Storage: Reauthentication is needed. Please run `gcloud auth application-default login` to reauthenticate.
2025-08-23 06:31:35,225 - ERROR - ❌ Error updating BigQuery: Reauthentication is needed. Please run `gcloud auth application-default login` to reauthenticate.
2025-08-23 06:40:49,626 - INFO - 📊 === SYSTEM WARNINGS MONITOR STATUS ===
2025-08-23 06:40:49,628 - INFO - ⏱️ Uptime: 6:00:03.949778
2025-08-23 06:40:49,628 - INFO - 🔍 Total checks: 36
2025-08-23 06:40:49,629 - INFO - ⚠️ Total warnings found: 36
2025-08-23 06:40:49,629 - INFO - 🆕 New warnings added: 0
2025-08-23 06:40:49,629 - INFO - ❌ Errors encountered: 36
2025-08-23 06:41:35,948 - INFO - 🔍 Checking for system warnings...
2025-08-23 06:41:36,131 - INFO - ⚠️ Found 1 system warnings
2025-08-23 06:41:36,245 - ERROR - ❌ Error uploading to Cloud Storage: Reauthentication is needed. Please run `gcloud auth application-default login` to reauthenticate.
2025-08-23 06:41:36,342 - ERROR - ❌ Error updating BigQuery: Reauthentication is needed. Please run `gcloud auth application-default login` to reauthenticate.
2025-08-23 06:51:37,147 - INFO - 🔍 Checking for system warnings...
2025-08-23 06:51:37,303 - INFO - ⚠️ Found 1 system warnings
2025-08-23 06:51:37,501 - ERROR - ❌ Error uploading to Cloud Storage: Reauthentication is needed. Please run `gcloud auth application-default login` to reauthenticate.
2025-08-23 06:51:37,613 - ERROR - ❌ Error updating BigQuery: Reauthentication is needed. Please run `gcloud auth application-default login` to reauthenticate.
2025-08-23 07:01:38,384 - INFO - 🔍 Checking for system warnings...
2025-08-23 07:01:38,536 - INFO - ⚠️ Found 1 system warnings
2025-08-23 07:01:38,836 - ERROR - ❌ Error uploading to Cloud Storage: Reauthentication is needed. Please run `gcloud auth application-default login` to reauthenticate.
2025-08-23 07:01:38,929 - ERROR - ❌ Error updating BigQuery: Reauthentication is needed. Please run `gcloud auth application-default login` to reauthenticate.
2025-08-23 07:11:39,743 - INFO - 🔍 Checking for system warnings...
2025-08-23 07:11:39,842 - INFO - ⚠️ Found 1 system warnings
2025-08-23 07:11:40,025 - ERROR - ❌ Error uploading to Cloud Storage: Reauthentication is needed. Please run `gcloud auth application-default login` to reauthenticate.
2025-08-23 07:11:40,137 - ERROR - ❌ Error updating BigQuery: Reauthentication is needed. Please run `gcloud auth application-default login` to reauthenticate.
2025-08-23 07:21:40,843 - INFO - 🔍 Checking for system warnings...
2025-08-23 07:21:40,989 - INFO - ⚠️ Found 1 system warnings
2025-08-23 07:21:41,108 - ERROR - ❌ Error uploading to Cloud Storage: Reauthentication is needed. Please run `gcloud auth application-default login` to reauthenticate.
2025-08-23 07:21:41,208 - ERROR - ❌ Error updating BigQuery: Reauthentication is needed. Please run `gcloud auth application-default login` to reauthenticate.
2025-08-23 07:31:41,996 - INFO - 🔍 Checking for system warnings...
2025-08-23 07:31:42,114 - INFO - ⚠️ Found 1 system warnings
2025-08-23 07:31:42,292 - ERROR - ❌ Error uploading to Cloud Storage: Reauthentication is needed. Please run `gcloud auth application-default login` to reauthenticate.
2025-08-23 07:31:42,391 - ERROR - ❌ Error updating BigQuery: Reauthentication is needed. Please run `gcloud auth application-default login` to reauthenticate.
2025-08-23 07:40:49,716 - INFO - 📊 === SYSTEM WARNINGS MONITOR STATUS ===
2025-08-23 07:40:49,723 - INFO - ⏱️ Uptime: 7:00:04.044448
2025-08-23 07:40:49,723 - INFO - 🔍 Total checks: 42
2025-08-23 07:40:49,723 - INFO - ⚠️ Total warnings found: 42
2025-08-23 07:40:49,723 - INFO - 🆕 New warnings added: 0
2025-08-23 07:40:49,723 - INFO - ❌ Errors encountered: 42
2025-08-23 07:41:43,067 - INFO - 🔍 Checking for system warnings...
2025-08-23 07:41:43,258 - INFO - ⚠️ Found 1 system warnings
2025-08-23 07:41:43,379 - ERROR - ❌ Error uploading to Cloud Storage: Reauthentication is needed. Please run `gcloud auth application-default login` to reauthenticate.
2025-08-23 07:41:43,485 - ERROR - ❌ Error updating BigQuery: Reauthentication is needed. Please run `gcloud auth application-default login` to reauthenticate.
2025-08-23 07:51:44,378 - INFO - 🔍 Checking for system warnings...
2025-08-23 07:51:44,632 - INFO - ⚠️ Found 1 system warnings
2025-08-23 07:51:44,758 - ERROR - ❌ Error uploading to Cloud Storage: Reauthentication is needed. Please run `gcloud auth application-default login` to reauthenticate.
2025-08-23 07:51:44,858 - ERROR - ❌ Error updating BigQuery: Reauthentication is needed. Please run `gcloud auth application-default login` to reauthenticate.
2025-08-23 08:01:45,590 - INFO - 🔍 Checking for system warnings...
2025-08-23 08:01:45,725 - INFO - ⚠️ Found 1 system warnings
2025-08-23 08:01:45,891 - ERROR - ❌ Error uploading to Cloud Storage: Reauthentication is needed. Please run `gcloud auth application-default login` to reauthenticate.
2025-08-23 08:01:45,989 - ERROR - ❌ Error updating BigQuery: Reauthentication is needed. Please run `gcloud auth application-default login` to reauthenticate.
2025-08-23 08:11:46,697 - INFO - 🔍 Checking for system warnings...
2025-08-23 08:11:47,189 - INFO - ⚠️ Found 1 system warnings
2025-08-23 08:11:47,339 - ERROR - ❌ Error uploading to Cloud Storage: Reauthentication is needed. Please run `gcloud auth application-default login` to reauthenticate.
2025-08-23 08:11:47,450 - ERROR - ❌ Error updating BigQuery: Reauthentication is needed. Please run `gcloud auth application-default login` to reauthenticate.
2025-08-23 08:21:48,343 - INFO - 🔍 Checking for system warnings...
2025-08-23 08:21:48,465 - INFO - ⚠️ Found 1 system warnings
2025-08-23 08:21:48,667 - ERROR - ❌ Error uploading to Cloud Storage: Reauthentication is needed. Please run `gcloud auth application-default login` to reauthenticate.
2025-08-23 08:21:48,763 - ERROR - ❌ Error updating BigQuery: Reauthentication is needed. Please run `gcloud auth application-default login` to reauthenticate.
2025-08-23 08:31:49,751 - INFO - 🔍 Checking for system warnings...
2025-08-23 08:31:50,014 - INFO - ⚠️ Found 1 system warnings
2025-08-23 08:31:50,156 - ERROR - ❌ Error uploading to Cloud Storage: Reauthentication is needed. Please run `gcloud auth application-default login` to reauthenticate.
2025-08-23 08:31:50,242 - ERROR - ❌ Error updating BigQuery: Reauthentication is needed. Please run `gcloud auth application-default login` to reauthenticate.
2025-08-23 08:40:50,336 - INFO - 📊 === SYSTEM WARNINGS MONITOR STATUS ===
2025-08-23 08:40:50,347 - INFO - ⏱️ Uptime: 8:00:04.667852
2025-08-23 08:40:50,347 - INFO - 🔍 Total checks: 48
2025-08-23 08:40:50,347 - INFO - ⚠️ Total warnings found: 48
2025-08-23 08:40:50,347 - INFO - 🆕 New warnings added: 0
2025-08-23 08:40:50,347 - INFO - ❌ Errors encountered: 48
2025-08-23 08:41:50,564 - INFO - 🔍 Checking for system warnings...
2025-08-23 08:41:50,836 - INFO - ⚠️ Found 1 system warnings
2025-08-23 08:41:51,010 - ERROR - ❌ Error uploading to Cloud Storage: Reauthentication is needed. Please run `gcloud auth application-default login` to reauthenticate.
2025-08-23 08:41:51,105 - ERROR - ❌ Error updating BigQuery: Reauthentication is needed. Please run `gcloud auth application-default login` to reauthenticate.
2025-08-23 08:51:51,553 - INFO - 🔍 Checking for system warnings...
2025-08-23 08:51:51,726 - INFO - ⚠️ Found 1 system warnings
2025-08-23 08:51:51,864 - ERROR - ❌ Error uploading to Cloud Storage: Reauthentication is needed. Please run `gcloud auth application-default login` to reauthenticate.
2025-08-23 08:51:52,075 - ERROR - ❌ Error updating BigQuery: Reauthentication is needed. Please run `gcloud auth application-default login` to reauthenticate.
2025-08-23 09:01:52,827 - INFO - 🔍 Checking for system warnings...
2025-08-23 09:01:53,055 - INFO - ⚠️ Found 1 system warnings
2025-08-23 09:01:53,198 - ERROR - ❌ Error uploading to Cloud Storage: Reauthentication is needed. Please run `gcloud auth application-default login` to reauthenticate.
2025-08-23 09:01:53,300 - ERROR - ❌ Error updating BigQuery: Reauthentication is needed. Please run `gcloud auth application-default login` to reauthenticate.
2025-08-23 09:11:54,301 - INFO - 🔍 Checking for system warnings...
2025-08-23 09:11:54,420 - INFO - ⚠️ Found 1 system warnings
2025-08-23 09:11:54,629 - ERROR - ❌ Error uploading to Cloud Storage: Reauthentication is needed. Please run `gcloud auth application-default login` to reauthenticate.
2025-08-23 09:11:54,732 - ERROR - ❌ Error updating BigQuery: Reauthentication is needed. Please run `gcloud auth application-default login` to reauthenticate.
2025-08-23 09:21:55,730 - INFO - 🔍 Checking for system warnings...
2025-08-23 09:21:55,892 - INFO - ⚠️ Found 1 system warnings
2025-08-23 09:21:56,034 - ERROR - ❌ Error uploading to Cloud Storage: Reauthentication is needed. Please run `gcloud auth application-default login` to reauthenticate.
2025-08-23 09:21:56,218 - ERROR - ❌ Error updating BigQuery: Reauthentication is needed. Please run `gcloud auth application-default login` to reauthenticate.
2025-08-23 09:31:56,253 - INFO - 🔍 Checking for system warnings...
2025-08-23 09:31:56,419 - INFO - ⚠️ Found 1 system warnings
2025-08-23 09:31:56,568 - ERROR - ❌ Error uploading to Cloud Storage: Reauthentication is needed. Please run `gcloud auth application-default login` to reauthenticate.
2025-08-23 09:31:56,776 - ERROR - ❌ Error updating BigQuery: Reauthentication is needed. Please run `gcloud auth application-default login` to reauthenticate.
2025-08-23 09:40:50,362 - INFO - 📊 === SYSTEM WARNINGS MONITOR STATUS ===
2025-08-23 09:40:50,369 - INFO - ⏱️ Uptime: 9:00:04.690686
2025-08-23 09:40:50,370 - INFO - 🔍 Total checks: 54
2025-08-23 09:40:50,370 - INFO - ⚠️ Total warnings found: 54
2025-08-23 09:40:50,370 - INFO - 🆕 New warnings added: 0
2025-08-23 09:40:50,370 - INFO - ❌ Errors encountered: 54
2025-08-23 09:41:57,625 - INFO - 🔍 Checking for system warnings...
2025-08-23 09:41:57,804 - INFO - ⚠️ Found 1 system warnings
2025-08-23 09:41:57,954 - ERROR - ❌ Error uploading to Cloud Storage: Reauthentication is needed. Please run `gcloud auth application-default login` to reauthenticate.
2025-08-23 09:41:58,049 - ERROR - ❌ Error updating BigQuery: Reauthentication is needed. Please run `gcloud auth application-default login` to reauthenticate.
2025-08-23 09:51:58,432 - INFO - 🔍 Checking for system warnings...
2025-08-23 09:51:58,699 - INFO - ⚠️ Found 1 system warnings
2025-08-23 09:51:58,843 - ERROR - ❌ Error uploading to Cloud Storage: Reauthentication is needed. Please run `gcloud auth application-default login` to reauthenticate.
2025-08-23 09:51:58,941 - ERROR - ❌ Error updating BigQuery: Reauthentication is needed. Please run `gcloud auth application-default login` to reauthenticate.
2025-08-23 10:01:59,824 - INFO - 🔍 Checking for system warnings...
2025-08-23 10:01:59,984 - INFO - ⚠️ Found 1 system warnings
2025-08-23 10:02:00,149 - ERROR - ❌ Error uploading to Cloud Storage: Reauthentication is needed. Please run `gcloud auth application-default login` to reauthenticate.
2025-08-23 10:02:00,252 - ERROR - ❌ Error updating BigQuery: Reauthentication is needed. Please run `gcloud auth application-default login` to reauthenticate.
2025-08-23 10:12:00,873 - INFO - 🔍 Checking for system warnings...
2025-08-23 10:12:01,075 - INFO - ⚠️ Found 1 system warnings
2025-08-23 10:12:01,305 - ERROR - ❌ Error uploading to Cloud Storage: Reauthentication is needed. Please run `gcloud auth application-default login` to reauthenticate.
2025-08-23 10:12:01,396 - ERROR - ❌ Error updating BigQuery: Reauthentication is needed. Please run `gcloud auth application-default login` to reauthenticate.
2025-08-23 10:22:02,343 - INFO - 🔍 Checking for system warnings...
2025-08-23 10:22:02,524 - INFO - ⚠️ Found 1 system warnings
2025-08-23 10:22:02,746 - ERROR - ❌ Error uploading to Cloud Storage: Reauthentication is needed. Please run `gcloud auth application-default login` to reauthenticate.
2025-08-23 10:22:02,863 - ERROR - ❌ Error updating BigQuery: Reauthentication is needed. Please run `gcloud auth application-default login` to reauthenticate.
2025-08-23 10:32:03,291 - INFO - 🔍 Checking for system warnings...
2025-08-23 10:32:03,527 - INFO - ⚠️ Found 1 system warnings
2025-08-23 10:32:03,687 - ERROR - ❌ Error uploading to Cloud Storage: Reauthentication is needed. Please run `gcloud auth application-default login` to reauthenticate.
2025-08-23 10:32:03,786 - ERROR - ❌ Error updating BigQuery: Reauthentication is needed. Please run `gcloud auth application-default login` to reauthenticate.
2025-08-23 10:40:50,438 - INFO - 📊 === SYSTEM WARNINGS MONITOR STATUS ===
2025-08-23 10:40:50,447 - INFO - ⏱️ Uptime: 10:00:04.767526
2025-08-23 10:40:50,447 - INFO - 🔍 Total checks: 60
2025-08-23 10:40:50,447 - INFO - ⚠️ Total warnings found: 60
2025-08-23 10:40:50,447 - INFO - 🆕 New warnings added: 0
2025-08-23 10:40:50,447 - INFO - ❌ Errors encountered: 60
2025-08-23 10:42:03,844 - INFO - 🔍 Checking for system warnings...
2025-08-23 10:42:04,019 - INFO - ⚠️ Found 1 system warnings
2025-08-23 10:42:04,163 - ERROR - ❌ Error uploading to Cloud Storage: Reauthentication is needed. Please run `gcloud auth application-default login` to reauthenticate.
2025-08-23 10:42:04,252 - ERROR - ❌ Error updating BigQuery: Reauthentication is needed. Please run `gcloud auth application-default login` to reauthenticate.
2025-08-23 10:52:04,337 - INFO - 🔍 Checking for system warnings...
2025-08-23 10:52:04,607 - INFO - ⚠️ Found 1 system warnings
2025-08-23 10:52:04,983 - ERROR - ❌ Error uploading to Cloud Storage: Reauthentication is needed. Please run `gcloud auth application-default login` to reauthenticate.
2025-08-23 10:52:05,107 - ERROR - ❌ Error updating BigQuery: Reauthentication is needed. Please run `gcloud auth application-default login` to reauthenticate.
2025-08-23 11:02:05,275 - INFO - 🔍 Checking for system warnings...
2025-08-23 11:02:05,557 - INFO - ⚠️ Found 1 system warnings
2025-08-23 11:02:05,720 - ERROR - ❌ Error uploading to Cloud Storage: Reauthentication is needed. Please run `gcloud auth application-default login` to reauthenticate.
2025-08-23 11:02:05,824 - ERROR - ❌ Error updating BigQuery: Reauthentication is needed. Please run `gcloud auth application-default login` to reauthenticate.
2025-08-23 11:12:06,585 - INFO - 🔍 Checking for system warnings...
2025-08-23 11:12:06,734 - INFO - ⚠️ Found 1 system warnings
2025-08-23 11:12:06,844 - ERROR - ❌ Error uploading to Cloud Storage: Reauthentication is needed. Please run `gcloud auth application-default login` to reauthenticate.
2025-08-23 11:12:07,142 - ERROR - ❌ Error updating BigQuery: Reauthentication is needed. Please run `gcloud auth application-default login` to reauthenticate.
2025-08-23 11:22:07,303 - INFO - 🔍 Checking for system warnings...
2025-08-23 11:22:07,561 - INFO - ⚠️ Found 1 system warnings
2025-08-23 11:22:07,723 - ERROR - ❌ Error uploading to Cloud Storage: Reauthentication is needed. Please run `gcloud auth application-default login` to reauthenticate.
2025-08-23 11:22:07,840 - ERROR - ❌ Error updating BigQuery: Reauthentication is needed. Please run `gcloud auth application-default login` to reauthenticate.
2025-08-23 11:32:08,797 - INFO - 🔍 Checking for system warnings...
2025-08-23 11:32:08,985 - INFO - ⚠️ Found 1 system warnings
2025-08-23 11:32:09,152 - ERROR - ❌ Error uploading to Cloud Storage: Reauthentication is needed. Please run `gcloud auth application-default login` to reauthenticate.
2025-08-23 11:32:09,338 - ERROR - ❌ Error updating BigQuery: Reauthentication is needed. Please run `gcloud auth application-default login` to reauthenticate.
2025-08-23 11:40:51,430 - INFO - 📊 === SYSTEM WARNINGS MONITOR STATUS ===
2025-08-23 11:40:51,443 - INFO - ⏱️ Uptime: 11:00:05.764230
2025-08-23 11:40:51,445 - INFO - 🔍 Total checks: 66
2025-08-23 11:40:51,447 - INFO - ⚠️ Total warnings found: 66
2025-08-23 11:40:51,447 - INFO - 🆕 New warnings added: 0
2025-08-23 11:40:51,448 - INFO - ❌ Errors encountered: 66
2025-08-23 11:42:09,773 - INFO - 🔍 Checking for system warnings...
2025-08-23 11:42:09,906 - INFO - ⚠️ Found 1 system warnings
2025-08-23 11:42:10,056 - ERROR - ❌ Error uploading to Cloud Storage: Reauthentication is needed. Please run `gcloud auth application-default login` to reauthenticate.
2025-08-23 11:42:10,214 - ERROR - ❌ Error updating BigQuery: Reauthentication is needed. Please run `gcloud auth application-default login` to reauthenticate.
2025-08-23 11:52:10,990 - INFO - 🔍 Checking for system warnings...
2025-08-23 11:52:11,281 - INFO - ⚠️ Found 1 system warnings
2025-08-23 11:52:11,565 - ERROR - ❌ Error uploading to Cloud Storage: Reauthentication is needed. Please run `gcloud auth application-default login` to reauthenticate.
2025-08-23 11:52:11,703 - ERROR - ❌ Error updating BigQuery: Reauthentication is needed. Please run `gcloud auth application-default login` to reauthenticate.
2025-08-23 12:02:12,291 - INFO - 🔍 Checking for system warnings...
2025-08-23 12:02:12,454 - INFO - ⚠️ Found 1 system warnings
2025-08-23 12:02:12,598 - ERROR - ❌ Error uploading to Cloud Storage: Reauthentication is needed. Please run `gcloud auth application-default login` to reauthenticate.
2025-08-23 12:02:12,797 - ERROR - ❌ Error updating BigQuery: Reauthentication is needed. Please run `gcloud auth application-default login` to reauthenticate.
2025-08-23 12:12:13,753 - INFO - 🔍 Checking for system warnings...
2025-08-23 12:12:13,865 - INFO - ⚠️ Found 1 system warnings
2025-08-23 12:12:14,129 - ERROR - ❌ Error uploading to Cloud Storage: Reauthentication is needed. Please run `gcloud auth application-default login` to reauthenticate.
2025-08-23 12:12:14,248 - ERROR - ❌ Error updating BigQuery: Reauthentication is needed. Please run `gcloud auth application-default login` to reauthenticate.
2025-08-23 12:22:14,921 - INFO - 🔍 Checking for system warnings...
2025-08-23 12:22:15,172 - INFO - ⚠️ Found 1 system warnings
2025-08-23 12:22:15,385 - ERROR - ❌ Error uploading to Cloud Storage: Reauthentication is needed. Please run `gcloud auth application-default login` to reauthenticate.
2025-08-23 12:22:15,473 - ERROR - ❌ Error updating BigQuery: Reauthentication is needed. Please run `gcloud auth application-default login` to reauthenticate.
2025-08-23 12:32:16,396 - INFO - 🔍 Checking for system warnings...
2025-08-23 12:32:17,604 - INFO - ⚠️ Found 1 system warnings
2025-08-23 12:32:17,805 - ERROR - ❌ Error uploading to Cloud Storage: Reauthentication is needed. Please run `gcloud auth application-default login` to reauthenticate.
2025-08-23 12:32:17,919 - ERROR - ❌ Error updating BigQuery: Reauthentication is needed. Please run `gcloud auth application-default login` to reauthenticate.
2025-08-23 12:40:51,593 - INFO - 📊 === SYSTEM WARNINGS MONITOR STATUS ===
2025-08-23 12:40:51,599 - INFO - ⏱️ Uptime: 12:00:05.919701
2025-08-23 12:40:51,599 - INFO - 🔍 Total checks: 72
2025-08-23 12:40:51,599 - INFO - ⚠️ Total warnings found: 72
2025-08-23 12:40:51,599 - INFO - 🆕 New warnings added: 0
2025-08-23 12:40:51,599 - INFO - ❌ Errors encountered: 72
2025-08-23 12:42:17,964 - INFO - 🔍 Checking for system warnings...
2025-08-23 12:42:18,166 - INFO - ⚠️ Found 1 system warnings
2025-08-23 12:42:18,298 - ERROR - ❌ Error uploading to Cloud Storage: Reauthentication is needed. Please run `gcloud auth application-default login` to reauthenticate.
2025-08-23 12:42:18,405 - ERROR - ❌ Error updating BigQuery: Reauthentication is needed. Please run `gcloud auth application-default login` to reauthenticate.
2025-08-23 12:52:18,578 - INFO - 🔍 Checking for system warnings...
2025-08-23 12:52:18,712 - INFO - ⚠️ Found 1 system warnings
2025-08-23 12:52:18,925 - ERROR - ❌ Error uploading to Cloud Storage: Reauthentication is needed. Please run `gcloud auth application-default login` to reauthenticate.
2025-08-23 12:52:19,034 - ERROR - ❌ Error updating BigQuery: Reauthentication is needed. Please run `gcloud auth application-default login` to reauthenticate.
2025-08-23 13:02:19,341 - INFO - 🔍 Checking for system warnings...
2025-08-23 13:02:19,648 - INFO - ⚠️ Found 1 system warnings
2025-08-23 13:02:19,823 - ERROR - ❌ Error uploading to Cloud Storage: Reauthentication is needed. Please run `gcloud auth application-default login` to reauthenticate.
2025-08-23 13:02:20,009 - ERROR - ❌ Error updating BigQuery: Reauthentication is needed. Please run `gcloud auth application-default login` to reauthenticate.
2025-08-23 13:12:20,892 - INFO - 🔍 Checking for system warnings...
2025-08-23 13:12:21,057 - INFO - ⚠️ Found 1 system warnings
2025-08-23 13:12:21,225 - ERROR - ❌ Error uploading to Cloud Storage: Reauthentication is needed. Please run `gcloud auth application-default login` to reauthenticate.
2025-08-23 13:12:21,441 - ERROR - ❌ Error updating BigQuery: Reauthentication is needed. Please run `gcloud auth application-default login` to reauthenticate.
2025-08-23 13:22:22,277 - INFO - 🔍 Checking for system warnings...
2025-08-23 13:22:22,466 - INFO - ⚠️ Found 1 system warnings
2025-08-23 13:22:22,596 - ERROR - ❌ Error uploading to Cloud Storage: Reauthentication is needed. Please run `gcloud auth application-default login` to reauthenticate.
2025-08-23 13:22:22,689 - ERROR - ❌ Error updating BigQuery: Reauthentication is needed. Please run `gcloud auth application-default login` to reauthenticate.
2025-08-23 13:32:22,834 - INFO - 🔍 Checking for system warnings...
2025-08-23 13:32:23,046 - INFO - ⚠️ Found 1 system warnings
2025-08-23 13:32:23,319 - ERROR - ❌ Error uploading to Cloud Storage: Reauthentication is needed. Please run `gcloud auth application-default login` to reauthenticate.
2025-08-23 13:32:23,420 - ERROR - ❌ Error updating BigQuery: Reauthentication is needed. Please run `gcloud auth application-default login` to reauthenticate.
2025-08-23 13:40:51,625 - INFO - 📊 === SYSTEM WARNINGS MONITOR STATUS ===
2025-08-23 13:40:51,634 - INFO - ⏱️ Uptime: 13:00:05.955118
2025-08-23 13:40:51,634 - INFO - 🔍 Total checks: 78
2025-08-23 13:40:51,635 - INFO - ⚠️ Total warnings found: 78
2025-08-23 13:40:51,635 - INFO - 🆕 New warnings added: 0
2025-08-23 13:40:51,635 - INFO - ❌ Errors encountered: 78
2025-08-23 13:42:24,302 - INFO - 🔍 Checking for system warnings...
2025-08-23 13:42:25,308 - INFO - ⚠️ Found 1 system warnings
2025-08-23 13:42:25,604 - ERROR - ❌ Error uploading to Cloud Storage: Reauthentication is needed. Please run `gcloud auth application-default login` to reauthenticate.
2025-08-23 13:42:25,710 - ERROR - ❌ Error updating BigQuery: Reauthentication is needed. Please run `gcloud auth application-default login` to reauthenticate.
2025-08-23 13:52:26,271 - INFO - 🔍 Checking for system warnings...
2025-08-23 13:52:26,507 - INFO - ⚠️ Found 1 system warnings
2025-08-23 13:52:26,666 - ERROR - ❌ Error uploading to Cloud Storage: Reauthentication is needed. Please run `gcloud auth application-default login` to reauthenticate.
2025-08-23 13:52:26,835 - ERROR - ❌ Error updating BigQuery: Reauthentication is needed. Please run `gcloud auth application-default login` to reauthenticate.
2025-08-23 14:02:27,761 - INFO - 🔍 Checking for system warnings...
2025-08-23 14:02:28,269 - INFO - ⚠️ Found 1 system warnings
2025-08-23 14:02:28,438 - ERROR - ❌ Error uploading to Cloud Storage: Reauthentication is needed. Please run `gcloud auth application-default login` to reauthenticate.
2025-08-23 14:02:28,539 - ERROR - ❌ Error updating BigQuery: Reauthentication is needed. Please run `gcloud auth application-default login` to reauthenticate.
2025-08-23 14:12:28,701 - INFO - 🔍 Checking for system warnings...
2025-08-23 14:12:28,868 - INFO - ⚠️ Found 1 system warnings
2025-08-23 14:12:29,392 - ERROR - ❌ Error uploading to Cloud Storage: Reauthentication is needed. Please run `gcloud auth application-default login` to reauthenticate.
2025-08-23 14:12:29,585 - ERROR - ❌ Error updating BigQuery: Reauthentication is needed. Please run `gcloud auth application-default login` to reauthenticate.
2025-08-23 14:22:30,402 - INFO - 🔍 Checking for system warnings...
2025-08-23 14:22:30,679 - INFO - ⚠️ Found 1 system warnings
2025-08-23 14:22:30,819 - ERROR - ❌ Error uploading to Cloud Storage: Reauthentication is needed. Please run `gcloud auth application-default login` to reauthenticate.
2025-08-23 14:22:30,925 - ERROR - ❌ Error updating BigQuery: Reauthentication is needed. Please run `gcloud auth application-default login` to reauthenticate.
2025-08-23 14:32:31,490 - INFO - 🔍 Checking for system warnings...
2025-08-23 14:32:31,677 - INFO - ⚠️ Found 1 system warnings
2025-08-23 14:32:31,937 - ERROR - ❌ Error uploading to Cloud Storage: Reauthentication is needed. Please run `gcloud auth application-default login` to reauthenticate.
2025-08-23 14:32:32,150 - ERROR - ❌ Error updating BigQuery: Reauthentication is needed. Please run `gcloud auth application-default login` to reauthenticate.
2025-08-23 14:40:51,894 - INFO - 📊 === SYSTEM WARNINGS MONITOR STATUS ===
2025-08-23 14:40:51,906 - INFO - ⏱️ Uptime: 14:00:06.225945
2025-08-23 14:40:51,906 - INFO - 🔍 Total checks: 84
2025-08-23 14:40:51,907 - INFO - ⚠️ Total warnings found: 84
2025-08-23 14:40:51,907 - INFO - 🆕 New warnings added: 0
2025-08-23 14:40:51,907 - INFO - ❌ Errors encountered: 84
2025-08-23 14:42:32,532 - INFO - 🔍 Checking for system warnings...
2025-08-23 14:42:33,060 - INFO - ⚠️ Found 1 system warnings
2025-08-23 14:42:33,186 - ERROR - ❌ Error uploading to Cloud Storage: Reauthentication is needed. Please run `gcloud auth application-default login` to reauthenticate.
2025-08-23 14:42:33,892 - ERROR - ❌ Error updating BigQuery: Reauthentication is needed. Please run `gcloud auth application-default login` to reauthenticate.
2025-08-23 14:52:34,446 - INFO - 🔍 Checking for system warnings...
2025-08-23 14:52:34,684 - INFO - ⚠️ Found 1 system warnings
2025-08-23 14:52:35,378 - ERROR - ❌ Error uploading to Cloud Storage: Reauthentication is needed. Please run `gcloud auth application-default login` to reauthenticate.
2025-08-23 14:52:35,640 - ERROR - ❌ Error updating BigQuery: Reauthentication is needed. Please run `gcloud auth application-default login` to reauthenticate.
2025-08-23 15:02:36,176 - INFO - 🔍 Checking for system warnings...
2025-08-23 15:02:36,700 - INFO - ⚠️ Found 1 system warnings
2025-08-23 15:02:36,867 - ERROR - ❌ Error uploading to Cloud Storage: Reauthentication is needed. Please run `gcloud auth application-default login` to reauthenticate.
2025-08-23 15:02:36,963 - ERROR - ❌ Error updating BigQuery: Reauthentication is needed. Please run `gcloud auth application-default login` to reauthenticate.
2025-08-23 15:12:36,992 - INFO - 🔍 Checking for system warnings...
2025-08-23 15:12:37,938 - INFO - ⚠️ Found 1 system warnings
2025-08-23 15:12:38,100 - ERROR - ❌ Error uploading to Cloud Storage: Reauthentication is needed. Please run `gcloud auth application-default login` to reauthenticate.
2025-08-23 15:12:38,219 - ERROR - ❌ Error updating BigQuery: Reauthentication is needed. Please run `gcloud auth application-default login` to reauthenticate.
2025-08-23 15:22:38,474 - INFO - 🔍 Checking for system warnings...
2025-08-23 15:22:39,269 - INFO - ⚠️ Found 1 system warnings
2025-08-23 15:22:39,449 - ERROR - ❌ Error uploading to Cloud Storage: Reauthentication is needed. Please run `gcloud auth application-default login` to reauthenticate.
2025-08-23 15:22:39,567 - ERROR - ❌ Error updating BigQuery: Reauthentication is needed. Please run `gcloud auth application-default login` to reauthenticate.
2025-08-23 15:32:39,898 - INFO - 🔍 Checking for system warnings...
2025-08-23 15:32:40,193 - INFO - ⚠️ Found 1 system warnings
2025-08-23 15:32:40,345 - ERROR - ❌ Error uploading to Cloud Storage: Reauthentication is needed. Please run `gcloud auth application-default login` to reauthenticate.
2025-08-23 15:32:40,443 - ERROR - ❌ Error updating BigQuery: Reauthentication is needed. Please run `gcloud auth application-default login` to reauthenticate.
2025-08-23 15:40:52,376 - INFO - 📊 === SYSTEM WARNINGS MONITOR STATUS ===
2025-08-23 15:40:52,390 - INFO - ⏱️ Uptime: 15:00:06.710736
2025-08-23 15:40:52,390 - INFO - 🔍 Total checks: 90
2025-08-23 15:40:52,391 - INFO - ⚠️ Total warnings found: 90
2025-08-23 15:40:52,391 - INFO - 🆕 New warnings added: 0
2025-08-23 15:40:52,391 - INFO - ❌ Errors encountered: 90
2025-08-23 15:42:40,485 - INFO - 🔍 Checking for system warnings...
2025-08-23 15:42:40,639 - INFO - ⚠️ Found 1 system warnings
2025-08-23 15:42:40,865 - ERROR - ❌ Error uploading to Cloud Storage: Reauthentication is needed. Please run `gcloud auth application-default login` to reauthenticate.
2025-08-23 15:42:41,028 - ERROR - ❌ Error updating BigQuery: Reauthentication is needed. Please run `gcloud auth application-default login` to reauthenticate.
2025-08-23 15:52:41,690 - INFO - 🔍 Checking for system warnings...
2025-08-23 15:52:41,901 - INFO - ⚠️ Found 1 system warnings
2025-08-23 15:52:42,029 - ERROR - ❌ Error uploading to Cloud Storage: Reauthentication is needed. Please run `gcloud auth application-default login` to reauthenticate.
2025-08-23 15:52:42,122 - ERROR - ❌ Error updating BigQuery: Reauthentication is needed. Please run `gcloud auth application-default login` to reauthenticate.
pplication-default login` to reauthenticate.
2025-08-23 15:52:41,690 - INFO - 🔍 Checking for system warnings...
2025-08-23 15:52:41,901 - INFO - ⚠️ Found 1 system warnings
2025-08-23 15:52:42,029 - ERROR - ❌ Error uploading to Cloud Storage: Reauthentication is needed. Please run `gcloud auth application-default login` to reauthenticate.
2025-08-23 15:52:42,122 - ERROR - ❌ Error updating BigQuery: Reauthentication is needed. Please run `gcloud auth application-default login` to reauthenticate.
