2025-09-09T23:11:03.167258+00:00,BOD,batch_load,400 POST https://bigquery.googleapis.com/upload/bigquery/v2/projects/jibber-jabber-knowledge/jobs?uploadType=multipart: Invalid field name "_file_hash". Field names are not allowed to start with the (case-insensitive) prefixes _PARTITION, _TABLE_, _FILE_, _ROW_TIMESTAMP, __ROOT__ and _COLIDENTIFIER
2025-09-09T23:11:03.792331+00:00,BOD,batch_load,400 POST https://bigquery.googleapis.com/upload/bigquery/v2/projects/jibber-jabber-knowledge/jobs?uploadType=multipart: Invalid field name "_file_hash". Field names are not allowed to start with the (case-insensitive) prefixes _PARTITION, _TABLE_, _FILE_, _ROW_TIMESTAMP, __ROOT__ and _COLIDENTIFIER
2025-09-09T23:11:04.492849+00:00,BOD,batch_load,400 POST https://bigquery.googleapis.com/upload/bigquery/v2/projects/jibber-jabber-knowledge/jobs?uploadType=multipart: Invalid field name "_file_hash". Field names are not allowed to start with the (case-insensitive) prefixes _PARTITION, _TABLE_, _FILE_, _ROW_TIMESTAMP, __ROOT__ and _COLIDENTIFIER
2025-09-09T23:11:05.056169+00:00,BOD,batch_load,400 POST https://bigquery.googleapis.com/upload/bigquery/v2/projects/jibber-jabber-knowledge/jobs?uploadType=multipart: Invalid field name "_file_hash". Field names are not allowed to start with the (case-insensitive) prefixes _PARTITION, _TABLE_, _FILE_, _ROW_TIMESTAMP, __ROOT__ and _COLIDENTIFIER
2025-09-09T23:11:05.695487+00:00,BOD,batch_load,400 POST https://bigquery.googleapis.com/upload/bigquery/v2/projects/jibber-jabber-knowledge/jobs?uploadType=multipart: Invalid field name "_file_hash". Field names are not allowed to start with the (case-insensitive) prefixes _PARTITION, _TABLE_, _FILE_, _ROW_TIMESTAMP, __ROOT__ and _COLIDENTIFIER
2025-09-09T23:11:06.185946+00:00,BOD,batch_load,400 POST https://bigquery.googleapis.com/upload/bigquery/v2/projects/jibber-jabber-knowledge/jobs?uploadType=multipart: Invalid field name "_file_hash". Field names are not allowed to start with the (case-insensitive) prefixes _PARTITION, _TABLE_, _FILE_, _ROW_TIMESTAMP, __ROOT__ and _COLIDENTIFIER
2025-09-09T23:11:06.605863+00:00,BOD,batch_load,400 POST https://bigquery.googleapis.com/upload/bigquery/v2/projects/jibber-jabber-knowledge/jobs?uploadType=multipart: Invalid field name "_file_hash". Field names are not allowed to start with the (case-insensitive) prefixes _PARTITION, _TABLE_, _FILE_, _ROW_TIMESTAMP, __ROOT__ and _COLIDENTIFIER
2025-09-09T23:11:07.059892+00:00,BOD,batch_load,400 POST https://bigquery.googleapis.com/upload/bigquery/v2/projects/jibber-jabber-knowledge/jobs?uploadType=multipart: Invalid field name "_file_hash". Field names are not allowed to start with the (case-insensitive) prefixes _PARTITION, _TABLE_, _FILE_, _ROW_TIMESTAMP, __ROOT__ and _COLIDENTIFIER
2025-09-09T23:11:07.485168+00:00,BOD,batch_load,400 POST https://bigquery.googleapis.com/upload/bigquery/v2/projects/jibber-jabber-knowledge/jobs?uploadType=multipart: Invalid field name "_file_hash". Field names are not allowed to start with the (case-insensitive) prefixes _PARTITION, _TABLE_, _FILE_, _ROW_TIMESTAMP, __ROOT__ and _COLIDENTIFIER
2025-09-09T23:11:07.947604+00:00,BOD,batch_load,400 POST https://bigquery.googleapis.com/upload/bigquery/v2/projects/jibber-jabber-knowledge/jobs?uploadType=multipart: Invalid field name "_file_hash". Field names are not allowed to start with the (case-insensitive) prefixes _PARTITION, _TABLE_, _FILE_, _ROW_TIMESTAMP, __ROOT__ and _COLIDENTIFIER
2025-09-09T23:11:08.443465+00:00,BOD,batch_load,400 POST https://bigquery.googleapis.com/upload/bigquery/v2/projects/jibber-jabber-knowledge/jobs?uploadType=multipart: Invalid field name "_file_hash". Field names are not allowed to start with the (case-insensitive) prefixes _PARTITION, _TABLE_, _FILE_, _ROW_TIMESTAMP, __ROOT__ and _COLIDENTIFIER
2025-09-09T23:11:08.923512+00:00,BOD,batch_load,400 POST https://bigquery.googleapis.com/upload/bigquery/v2/projects/jibber-jabber-knowledge/jobs?uploadType=multipart: Invalid field name "_file_hash". Field names are not allowed to start with the (case-insensitive) prefixes _PARTITION, _TABLE_, _FILE_, _ROW_TIMESTAMP, __ROOT__ and _COLIDENTIFIER
2025-09-09T23:11:09.408288+00:00,BOD,batch_load,400 POST https://bigquery.googleapis.com/upload/bigquery/v2/projects/jibber-jabber-knowledge/jobs?uploadType=multipart: Invalid field name "_file_hash". Field names are not allowed to start with the (case-insensitive) prefixes _PARTITION, _TABLE_, _FILE_, _ROW_TIMESTAMP, __ROOT__ and _COLIDENTIFIER
2025-09-09T23:11:09.843044+00:00,BOD,batch_load,400 POST https://bigquery.googleapis.com/upload/bigquery/v2/projects/jibber-jabber-knowledge/jobs?uploadType=multipart: Invalid field name "_file_hash". Field names are not allowed to start with the (case-insensitive) prefixes _PARTITION, _TABLE_, _FILE_, _ROW_TIMESTAMP, __ROOT__ and _COLIDENTIFIER
2025-09-09T23:11:10.349586+00:00,BOD,batch_load,400 POST https://bigquery.googleapis.com/upload/bigquery/v2/projects/jibber-jabber-knowledge/jobs?uploadType=multipart: Invalid field name "_file_hash". Field names are not allowed to start with the (case-insensitive) prefixes _PARTITION, _TABLE_, _FILE_, _ROW_TIMESTAMP, __ROOT__ and _COLIDENTIFIER
2025-09-09T23:11:10.848577+00:00,BOD,batch_load,400 POST https://bigquery.googleapis.com/upload/bigquery/v2/projects/jibber-jabber-knowledge/jobs?uploadType=multipart: Invalid field name "_file_hash". Field names are not allowed to start with the (case-insensitive) prefixes _PARTITION, _TABLE_, _FILE_, _ROW_TIMESTAMP, __ROOT__ and _COLIDENTIFIER
2025-09-09T23:11:11.289211+00:00,BOD,batch_load,400 POST https://bigquery.googleapis.com/upload/bigquery/v2/projects/jibber-jabber-knowledge/jobs?uploadType=multipart: Invalid field name "_file_hash". Field names are not allowed to start with the (case-insensitive) prefixes _PARTITION, _TABLE_, _FILE_, _ROW_TIMESTAMP, __ROOT__ and _COLIDENTIFIER
2025-09-09T23:11:11.752894+00:00,BOD,batch_load,400 POST https://bigquery.googleapis.com/upload/bigquery/v2/projects/jibber-jabber-knowledge/jobs?uploadType=multipart: Invalid field name "_file_hash". Field names are not allowed to start with the (case-insensitive) prefixes _PARTITION, _TABLE_, _FILE_, _ROW_TIMESTAMP, __ROOT__ and _COLIDENTIFIER
2025-09-09T23:11:12.250270+00:00,BOD,batch_load,400 POST https://bigquery.googleapis.com/upload/bigquery/v2/projects/jibber-jabber-knowledge/jobs?uploadType=multipart: Invalid field name "_file_hash". Field names are not allowed to start with the (case-insensitive) prefixes _PARTITION, _TABLE_, _FILE_, _ROW_TIMESTAMP, __ROOT__ and _COLIDENTIFIER
2025-09-09T23:11:12.720655+00:00,BOD,batch_load,400 POST https://bigquery.googleapis.com/upload/bigquery/v2/projects/jibber-jabber-knowledge/jobs?uploadType=multipart: Invalid field name "_file_hash". Field names are not allowed to start with the (case-insensitive) prefixes _PARTITION, _TABLE_, _FILE_, _ROW_TIMESTAMP, __ROOT__ and _COLIDENTIFIER
2025-09-09T23:11:13.208599+00:00,BOD,batch_load,400 POST https://bigquery.googleapis.com/upload/bigquery/v2/projects/jibber-jabber-knowledge/jobs?uploadType=multipart: Invalid field name "_file_hash". Field names are not allowed to start with the (case-insensitive) prefixes _PARTITION, _TABLE_, _FILE_, _ROW_TIMESTAMP, __ROOT__ and _COLIDENTIFIER
2025-09-09T23:11:13.826631+00:00,BOD,batch_load,400 POST https://bigquery.googleapis.com/upload/bigquery/v2/projects/jibber-jabber-knowledge/jobs?uploadType=multipart: Invalid field name "_file_hash". Field names are not allowed to start with the (case-insensitive) prefixes _PARTITION, _TABLE_, _FILE_, _ROW_TIMESTAMP, __ROOT__ and _COLIDENTIFIER
2025-09-09T23:11:14.300105+00:00,BOD,batch_load,400 POST https://bigquery.googleapis.com/upload/bigquery/v2/projects/jibber-jabber-knowledge/jobs?uploadType=multipart: Invalid field name "_file_hash". Field names are not allowed to start with the (case-insensitive) prefixes _PARTITION, _TABLE_, _FILE_, _ROW_TIMESTAMP, __ROOT__ and _COLIDENTIFIER
2025-09-09T23:11:14.730073+00:00,BOD,batch_load,400 POST https://bigquery.googleapis.com/upload/bigquery/v2/projects/jibber-jabber-knowledge/jobs?uploadType=multipart: Invalid field name "_file_hash". Field names are not allowed to start with the (case-insensitive) prefixes _PARTITION, _TABLE_, _FILE_, _ROW_TIMESTAMP, __ROOT__ and _COLIDENTIFIER
2025-09-09T23:11:15.242049+00:00,BOD,batch_load,400 POST https://bigquery.googleapis.com/upload/bigquery/v2/projects/jibber-jabber-knowledge/jobs?uploadType=multipart: Invalid field name "_file_hash". Field names are not allowed to start with the (case-insensitive) prefixes _PARTITION, _TABLE_, _FILE_, _ROW_TIMESTAMP, __ROOT__ and _COLIDENTIFIER
2025-09-09T23:11:15.738820+00:00,BOD,batch_load,400 POST https://bigquery.googleapis.com/upload/bigquery/v2/projects/jibber-jabber-knowledge/jobs?uploadType=multipart: Invalid field name "_file_hash". Field names are not allowed to start with the (case-insensitive) prefixes _PARTITION, _TABLE_, _FILE_, _ROW_TIMESTAMP, __ROOT__ and _COLIDENTIFIER
2025-09-09T23:11:16.265850+00:00,BOD,batch_load,400 POST https://bigquery.googleapis.com/upload/bigquery/v2/projects/jibber-jabber-knowledge/jobs?uploadType=multipart: Invalid field name "_file_hash". Field names are not allowed to start with the (case-insensitive) prefixes _PARTITION, _TABLE_, _FILE_, _ROW_TIMESTAMP, __ROOT__ and _COLIDENTIFIER
2025-09-09T23:11:16.820223+00:00,BOD,batch_load,400 POST https://bigquery.googleapis.com/upload/bigquery/v2/projects/jibber-jabber-knowledge/jobs?uploadType=multipart: Invalid field name "_file_hash". Field names are not allowed to start with the (case-insensitive) prefixes _PARTITION, _TABLE_, _FILE_, _ROW_TIMESTAMP, __ROOT__ and _COLIDENTIFIER
2025-09-09T23:11:17.308206+00:00,BOD,batch_load,400 POST https://bigquery.googleapis.com/upload/bigquery/v2/projects/jibber-jabber-knowledge/jobs?uploadType=multipart: Invalid field name "_file_hash". Field names are not allowed to start with the (case-insensitive) prefixes _PARTITION, _TABLE_, _FILE_, _ROW_TIMESTAMP, __ROOT__ and _COLIDENTIFIER
2025-09-09T23:11:17.800485+00:00,BOD,batch_load,400 POST https://bigquery.googleapis.com/upload/bigquery/v2/projects/jibber-jabber-knowledge/jobs?uploadType=multipart: Invalid field name "_file_hash". Field names are not allowed to start with the (case-insensitive) prefixes _PARTITION, _TABLE_, _FILE_, _ROW_TIMESTAMP, __ROOT__ and _COLIDENTIFIER
2025-09-09T23:11:18.243037+00:00,BOD,batch_load,400 POST https://bigquery.googleapis.com/upload/bigquery/v2/projects/jibber-jabber-knowledge/jobs?uploadType=multipart: Invalid field name "_file_hash". Field names are not allowed to start with the (case-insensitive) prefixes _PARTITION, _TABLE_, _FILE_, _ROW_TIMESTAMP, __ROOT__ and _COLIDENTIFIER
2025-09-09T23:11:18.697088+00:00,BOD,batch_load,400 POST https://bigquery.googleapis.com/upload/bigquery/v2/projects/jibber-jabber-knowledge/jobs?uploadType=multipart: Invalid field name "_file_hash". Field names are not allowed to start with the (case-insensitive) prefixes _PARTITION, _TABLE_, _FILE_, _ROW_TIMESTAMP, __ROOT__ and _COLIDENTIFIER
2025-09-09T23:11:19.173931+00:00,BOD,batch_load,400 POST https://bigquery.googleapis.com/upload/bigquery/v2/projects/jibber-jabber-knowledge/jobs?uploadType=multipart: Invalid field name "_file_hash". Field names are not allowed to start with the (case-insensitive) prefixes _PARTITION, _TABLE_, _FILE_, _ROW_TIMESTAMP, __ROOT__ and _COLIDENTIFIER
2025-09-09T23:11:19.646605+00:00,BOD,batch_load,400 POST https://bigquery.googleapis.com/upload/bigquery/v2/projects/jibber-jabber-knowledge/jobs?uploadType=multipart: Invalid field name "_file_hash". Field names are not allowed to start with the (case-insensitive) prefixes _PARTITION, _TABLE_, _FILE_, _ROW_TIMESTAMP, __ROOT__ and _COLIDENTIFIER
2025-09-09T23:11:20.161229+00:00,BOD,batch_load,400 POST https://bigquery.googleapis.com/upload/bigquery/v2/projects/jibber-jabber-knowledge/jobs?uploadType=multipart: Invalid field name "_file_hash". Field names are not allowed to start with the (case-insensitive) prefixes _PARTITION, _TABLE_, _FILE_, _ROW_TIMESTAMP, __ROOT__ and _COLIDENTIFIER
2025-09-09T23:11:20.867638+00:00,BOD,batch_load,400 POST https://bigquery.googleapis.com/upload/bigquery/v2/projects/jibber-jabber-knowledge/jobs?uploadType=multipart: Invalid field name "_file_hash". Field names are not allowed to start with the (case-insensitive) prefixes _PARTITION, _TABLE_, _FILE_, _ROW_TIMESTAMP, __ROOT__ and _COLIDENTIFIER
2025-09-09T23:11:21.329594+00:00,BOD,batch_load,400 POST https://bigquery.googleapis.com/upload/bigquery/v2/projects/jibber-jabber-knowledge/jobs?uploadType=multipart: Invalid field name "_file_hash". Field names are not allowed to start with the (case-insensitive) prefixes _PARTITION, _TABLE_, _FILE_, _ROW_TIMESTAMP, __ROOT__ and _COLIDENTIFIER
2025-09-09T23:11:21.995167+00:00,BOD,batch_load,400 POST https://bigquery.googleapis.com/upload/bigquery/v2/projects/jibber-jabber-knowledge/jobs?uploadType=multipart: Invalid field name "_file_hash". Field names are not allowed to start with the (case-insensitive) prefixes _PARTITION, _TABLE_, _FILE_, _ROW_TIMESTAMP, __ROOT__ and _COLIDENTIFIER
2025-09-09T23:11:22.483584+00:00,BOD,batch_load,400 POST https://bigquery.googleapis.com/upload/bigquery/v2/projects/jibber-jabber-knowledge/jobs?uploadType=multipart: Invalid field name "_file_hash". Field names are not allowed to start with the (case-insensitive) prefixes _PARTITION, _TABLE_, _FILE_, _ROW_TIMESTAMP, __ROOT__ and _COLIDENTIFIER
2025-09-09T23:11:22.981717+00:00,BOD,batch_load,400 POST https://bigquery.googleapis.com/upload/bigquery/v2/projects/jibber-jabber-knowledge/jobs?uploadType=multipart: Invalid field name "_file_hash". Field names are not allowed to start with the (case-insensitive) prefixes _PARTITION, _TABLE_, _FILE_, _ROW_TIMESTAMP, __ROOT__ and _COLIDENTIFIER
2025-09-09T23:11:23.509557+00:00,BOD,batch_load,400 POST https://bigquery.googleapis.com/upload/bigquery/v2/projects/jibber-jabber-knowledge/jobs?uploadType=multipart: Invalid field name "_file_hash". Field names are not allowed to start with the (case-insensitive) prefixes _PARTITION, _TABLE_, _FILE_, _ROW_TIMESTAMP, __ROOT__ and _COLIDENTIFIER
2025-09-09T23:11:24.170877+00:00,BOD,batch_load,400 POST https://bigquery.googleapis.com/upload/bigquery/v2/projects/jibber-jabber-knowledge/jobs?uploadType=multipart: Invalid field name "_file_hash". Field names are not allowed to start with the (case-insensitive) prefixes _PARTITION, _TABLE_, _FILE_, _ROW_TIMESTAMP, __ROOT__ and _COLIDENTIFIER
2025-09-09T23:11:24.721750+00:00,BOD,batch_load,400 POST https://bigquery.googleapis.com/upload/bigquery/v2/projects/jibber-jabber-knowledge/jobs?uploadType=multipart: Invalid field name "_file_hash". Field names are not allowed to start with the (case-insensitive) prefixes _PARTITION, _TABLE_, _FILE_, _ROW_TIMESTAMP, __ROOT__ and _COLIDENTIFIER
2025-09-09T23:11:25.219494+00:00,BOD,batch_load,400 POST https://bigquery.googleapis.com/upload/bigquery/v2/projects/jibber-jabber-knowledge/jobs?uploadType=multipart: Invalid field name "_file_hash". Field names are not allowed to start with the (case-insensitive) prefixes _PARTITION, _TABLE_, _FILE_, _ROW_TIMESTAMP, __ROOT__ and _COLIDENTIFIER
2025-09-09T23:11:25.682063+00:00,BOD,batch_load,400 POST https://bigquery.googleapis.com/upload/bigquery/v2/projects/jibber-jabber-knowledge/jobs?uploadType=multipart: Invalid field name "_file_hash". Field names are not allowed to start with the (case-insensitive) prefixes _PARTITION, _TABLE_, _FILE_, _ROW_TIMESTAMP, __ROOT__ and _COLIDENTIFIER
2025-09-09T23:11:26.239703+00:00,BOD,batch_load,400 POST https://bigquery.googleapis.com/upload/bigquery/v2/projects/jibber-jabber-knowledge/jobs?uploadType=multipart: Invalid field name "_file_hash". Field names are not allowed to start with the (case-insensitive) prefixes _PARTITION, _TABLE_, _FILE_, _ROW_TIMESTAMP, __ROOT__ and _COLIDENTIFIER
2025-09-09T23:11:26.749449+00:00,BOD,batch_load,400 POST https://bigquery.googleapis.com/upload/bigquery/v2/projects/jibber-jabber-knowledge/jobs?uploadType=multipart: Invalid field name "_file_hash". Field names are not allowed to start with the (case-insensitive) prefixes _PARTITION, _TABLE_, _FILE_, _ROW_TIMESTAMP, __ROOT__ and _COLIDENTIFIER
2025-09-09T23:11:27.376628+00:00,BOD,batch_load,400 POST https://bigquery.googleapis.com/upload/bigquery/v2/projects/jibber-jabber-knowledge/jobs?uploadType=multipart: Invalid field name "_file_hash". Field names are not allowed to start with the (case-insensitive) prefixes _PARTITION, _TABLE_, _FILE_, _ROW_TIMESTAMP, __ROOT__ and _COLIDENTIFIER
2025-09-09T23:11:27.477601+00:00,B1770,2025-09-02T00:00:00+00:00,404 Client Error: Resource Not Found for url: https://data.elexon.co.uk/bmrs/api/v1/datasets/B1770?from=2025-09-02T00%3A00%3A00Z&to=2025-09-03T00%3A00%3A00Z&format=json
2025-09-09T23:11:27.527186+00:00,B1770,2025-09-01T00:00:00+00:00,404 Client Error: Resource Not Found for url: https://data.elexon.co.uk/bmrs/api/v1/datasets/B1770?from=2025-09-01T00%3A00%3A00Z&to=2025-09-02T00%3A00%3A00Z&format=json
2025-09-09T23:11:29.016792+00:00,PN,2025-09-02T00:00:00+00:00,404 Client Error: Resource Not Found for url: https://data.elexon.co.uk/bmrs/api/v1/datasets/PN?from=2025-09-02T00%3A00%3A00Z&to=2025-09-03T00%3A00%3A00Z&format=json
2025-09-09T23:11:29.070116+00:00,PN,2025-09-01T00:00:00+00:00,404 Client Error: Resource Not Found for url: https://data.elexon.co.uk/bmrs/api/v1/datasets/PN?from=2025-09-01T00%3A00%3A00Z&to=2025-09-02T00%3A00%3A00Z&format=json
2025-09-09T23:11:29.123363+00:00,QPN,2025-09-02T00:00:00+00:00,404 Client Error: Resource Not Found for url: https://data.elexon.co.uk/bmrs/api/v1/datasets/QPN?from=2025-09-02T00%3A00%3A00Z&to=2025-09-03T00%3A00%3A00Z&format=json
2025-09-09T23:11:29.183238+00:00,QPN,2025-09-01T00:00:00+00:00,404 Client Error: Resource Not Found for url: https://data.elexon.co.uk/bmrs/api/v1/datasets/QPN?from=2025-09-01T00%3A00%3A00Z&to=2025-09-02T00%3A00%3A00Z&format=json
2025-09-09T23:11:30.521396+00:00,B1610,2025-09-01T00:00:00+00:00,404 Client Error: Resource Not Found for url: https://data.elexon.co.uk/bmrs/api/v1/datasets/B1610?from=2025-09-01T00%3A00%3A00Z&to=2025-09-03T00%3A00%3A00Z&format=json
2025-09-09T23:11:30.846143+00:00,MILS,2025-09-02T00:00:00+00:00,400 Client Error: Bad Request for url: https://data.elexon.co.uk/bmrs/api/v1/datasets/MILS?from=2025-09-02T00%3A00%3A00Z&to=2025-09-03T00%3A00%3A00Z&format=json
2025-09-09T23:11:30.913232+00:00,MILS,2025-09-01T00:00:00+00:00,400 Client Error: Bad Request for url: https://data.elexon.co.uk/bmrs/api/v1/datasets/MILS?from=2025-09-01T00%3A00%3A00Z&to=2025-09-02T00%3A00%3A00Z&format=json
2025-09-09T23:11:30.974510+00:00,MELS,2025-09-02T00:00:00+00:00,400 Client Error: Bad Request for url: https://data.elexon.co.uk/bmrs/api/v1/datasets/MELS?from=2025-09-02T00%3A00%3A00Z&to=2025-09-03T00%3A00%3A00Z&format=json
2025-09-09T23:11:31.046675+00:00,MELS,2025-09-01T00:00:00+00:00,400 Client Error: Bad Request for url: https://data.elexon.co.uk/bmrs/api/v1/datasets/MELS?from=2025-09-01T00%3A00%3A00Z&to=2025-09-02T00%3A00%3A00Z&format=json
2025-09-09T23:13:44.857137+00:00,B1770,2025-09-02T00:00:00+00:00,404 Client Error: Resource Not Found for url: https://data.elexon.co.uk/bmrs/api/v1/datasets/B1770?from=2025-09-02T00%3A00%3A00Z&to=2025-09-03T00%3A00%3A00Z&format=json
2025-09-09T23:13:44.910002+00:00,B1770,2025-09-01T00:00:00+00:00,404 Client Error: Resource Not Found for url: https://data.elexon.co.uk/bmrs/api/v1/datasets/B1770?from=2025-09-01T00%3A00%3A00Z&to=2025-09-02T00%3A00%3A00Z&format=json
2025-09-09T23:13:44.964813+00:00,PN,2025-09-02T00:00:00+00:00,404 Client Error: Resource Not Found for url: https://data.elexon.co.uk/bmrs/api/v1/datasets/PN?from=2025-09-02T00%3A00%3A00Z&to=2025-09-03T00%3A00%3A00Z&format=json
2025-09-09T23:13:45.018406+00:00,PN,2025-09-01T00:00:00+00:00,404 Client Error: Resource Not Found for url: https://data.elexon.co.uk/bmrs/api/v1/datasets/PN?from=2025-09-01T00%3A00%3A00Z&to=2025-09-02T00%3A00%3A00Z&format=json
2025-09-09T23:13:45.077857+00:00,QPN,2025-09-02T00:00:00+00:00,404 Client Error: Resource Not Found for url: https://data.elexon.co.uk/bmrs/api/v1/datasets/QPN?from=2025-09-02T00%3A00%3A00Z&to=2025-09-03T00%3A00%3A00Z&format=json
2025-09-09T23:13:45.132863+00:00,QPN,2025-09-01T00:00:00+00:00,404 Client Error: Resource Not Found for url: https://data.elexon.co.uk/bmrs/api/v1/datasets/QPN?from=2025-09-01T00%3A00%3A00Z&to=2025-09-02T00%3A00%3A00Z&format=json
2025-09-09T23:13:45.192585+00:00,B1610,2025-09-01T00:00:00+00:00,404 Client Error: Resource Not Found for url: https://data.elexon.co.uk/bmrs/api/v1/datasets/B1610?from=2025-09-01T00%3A00%3A00Z&to=2025-09-03T00%3A00%3A00Z&format=json
2025-09-09T23:13:45.260535+00:00,MILS,2025-09-02T00:00:00+00:00,400 Client Error: Bad Request for url: https://data.elexon.co.uk/bmrs/api/v1/datasets/MILS?from=2025-09-02T00%3A00%3A00Z&to=2025-09-03T00%3A00%3A00Z&format=json
2025-09-09T23:13:45.321942+00:00,MILS,2025-09-01T00:00:00+00:00,400 Client Error: Bad Request for url: https://data.elexon.co.uk/bmrs/api/v1/datasets/MILS?from=2025-09-01T00%3A00%3A00Z&to=2025-09-02T00%3A00%3A00Z&format=json
2025-09-09T23:13:45.399963+00:00,MELS,2025-09-02T00:00:00+00:00,400 Client Error: Bad Request for url: https://data.elexon.co.uk/bmrs/api/v1/datasets/MELS?from=2025-09-02T00%3A00%3A00Z&to=2025-09-03T00%3A00%3A00Z&format=json
2025-09-09T23:13:45.468237+00:00,MELS,2025-09-01T00:00:00+00:00,400 Client Error: Bad Request for url: https://data.elexon.co.uk/bmrs/api/v1/datasets/MELS?from=2025-09-01T00%3A00%3A00Z&to=2025-09-02T00%3A00%3A00Z&format=json
2025-09-09T23:14:57.876951+00:00,B1770,2025-09-02T00:00:00+00:00,404 Client Error: Resource Not Found for url: https://data.elexon.co.uk/bmrs/api/v1/datasets/B1770?from=2025-09-02T00%3A00%3A00Z&to=2025-09-03T00%3A00%3A00Z&format=json
2025-09-09T23:14:57.923091+00:00,B1770,2025-09-01T00:00:00+00:00,404 Client Error: Resource Not Found for url: https://data.elexon.co.uk/bmrs/api/v1/datasets/B1770?from=2025-09-01T00%3A00%3A00Z&to=2025-09-02T00%3A00%3A00Z&format=json
2025-09-09T23:14:57.975071+00:00,PN,2025-09-02T00:00:00+00:00,404 Client Error: Resource Not Found for url: https://data.elexon.co.uk/bmrs/api/v1/datasets/PN?from=2025-09-02T00%3A00%3A00Z&to=2025-09-03T00%3A00%3A00Z&format=json
2025-09-09T23:14:58.022949+00:00,PN,2025-09-01T00:00:00+00:00,404 Client Error: Resource Not Found for url: https://data.elexon.co.uk/bmrs/api/v1/datasets/PN?from=2025-09-01T00%3A00%3A00Z&to=2025-09-02T00%3A00%3A00Z&format=json
2025-09-09T23:14:58.082143+00:00,QPN,2025-09-02T00:00:00+00:00,404 Client Error: Resource Not Found for url: https://data.elexon.co.uk/bmrs/api/v1/datasets/QPN?from=2025-09-02T00%3A00%3A00Z&to=2025-09-03T00%3A00%3A00Z&format=json
2025-09-09T23:14:58.143305+00:00,QPN,2025-09-01T00:00:00+00:00,404 Client Error: Resource Not Found for url: https://data.elexon.co.uk/bmrs/api/v1/datasets/QPN?from=2025-09-01T00%3A00%3A00Z&to=2025-09-02T00%3A00%3A00Z&format=json
2025-09-09T23:14:58.197483+00:00,B1610,2025-09-01T00:00:00+00:00,404 Client Error: Resource Not Found for url: https://data.elexon.co.uk/bmrs/api/v1/datasets/B1610?from=2025-09-01T00%3A00%3A00Z&to=2025-09-03T00%3A00%3A00Z&format=json
2025-09-09T23:14:58.252957+00:00,MILS,2025-09-02T00:00:00+00:00,400 Client Error: Bad Request for url: https://data.elexon.co.uk/bmrs/api/v1/datasets/MILS?from=2025-09-02T00%3A00%3A00Z&to=2025-09-03T00%3A00%3A00Z&format=json
2025-09-09T23:14:58.306720+00:00,MILS,2025-09-01T00:00:00+00:00,400 Client Error: Bad Request for url: https://data.elexon.co.uk/bmrs/api/v1/datasets/MILS?from=2025-09-01T00%3A00%3A00Z&to=2025-09-02T00%3A00%3A00Z&format=json
2025-09-09T23:14:58.365758+00:00,MELS,2025-09-02T00:00:00+00:00,400 Client Error: Bad Request for url: https://data.elexon.co.uk/bmrs/api/v1/datasets/MELS?from=2025-09-02T00%3A00%3A00Z&to=2025-09-03T00%3A00%3A00Z&format=json
2025-09-09T23:14:58.426315+00:00,MELS,2025-09-01T00:00:00+00:00,400 Client Error: Bad Request for url: https://data.elexon.co.uk/bmrs/api/v1/datasets/MELS?from=2025-09-01T00%3A00%3A00Z&to=2025-09-02T00%3A00%3A00Z&format=json
2025-09-09T23:17:29.708107+00:00,B1770,2025-09-02T00:00:00+00:00,404 Client Error: Resource Not Found for url: https://data.elexon.co.uk/bmrs/api/v1/datasets/B1770?from=2025-09-02T00%3A00%3A00Z&to=2025-09-03T00%3A00%3A00Z&format=json
2025-09-09T23:17:29.759993+00:00,B1770,2025-09-01T00:00:00+00:00,404 Client Error: Resource Not Found for url: https://data.elexon.co.uk/bmrs/api/v1/datasets/B1770?from=2025-09-01T00%3A00%3A00Z&to=2025-09-02T00%3A00%3A00Z&format=json
2025-09-09T23:17:29.820436+00:00,PN,2025-09-02T00:00:00+00:00,404 Client Error: Resource Not Found for url: https://data.elexon.co.uk/bmrs/api/v1/datasets/PN?from=2025-09-02T00%3A00%3A00Z&to=2025-09-03T00%3A00%3A00Z&format=json
2025-09-09T23:17:29.877283+00:00,PN,2025-09-01T00:00:00+00:00,404 Client Error: Resource Not Found for url: https://data.elexon.co.uk/bmrs/api/v1/datasets/PN?from=2025-09-01T00%3A00%3A00Z&to=2025-09-02T00%3A00%3A00Z&format=json
2025-09-09T23:17:29.930465+00:00,QPN,2025-09-02T00:00:00+00:00,404 Client Error: Resource Not Found for url: https://data.elexon.co.uk/bmrs/api/v1/datasets/QPN?from=2025-09-02T00%3A00%3A00Z&to=2025-09-03T00%3A00%3A00Z&format=json
2025-09-09T23:17:29.986537+00:00,QPN,2025-09-01T00:00:00+00:00,404 Client Error: Resource Not Found for url: https://data.elexon.co.uk/bmrs/api/v1/datasets/QPN?from=2025-09-01T00%3A00%3A00Z&to=2025-09-02T00%3A00%3A00Z&format=json
2025-09-09T23:17:30.046403+00:00,B1610,2025-09-01T00:00:00+00:00,404 Client Error: Resource Not Found for url: https://data.elexon.co.uk/bmrs/api/v1/datasets/B1610?from=2025-09-01T00%3A00%3A00Z&to=2025-09-03T00%3A00%3A00Z&format=json
2025-09-09T23:17:30.106353+00:00,MILS,2025-09-02T00:00:00+00:00,400 Client Error: Bad Request for url: https://data.elexon.co.uk/bmrs/api/v1/datasets/MILS?from=2025-09-02T00%3A00%3A00Z&to=2025-09-03T00%3A00%3A00Z&format=json
2025-09-09T23:17:30.167169+00:00,MILS,2025-09-01T00:00:00+00:00,400 Client Error: Bad Request for url: https://data.elexon.co.uk/bmrs/api/v1/datasets/MILS?from=2025-09-01T00%3A00%3A00Z&to=2025-09-02T00%3A00%3A00Z&format=json
2025-09-09T23:17:30.242037+00:00,MELS,2025-09-02T00:00:00+00:00,400 Client Error: Bad Request for url: https://data.elexon.co.uk/bmrs/api/v1/datasets/MELS?from=2025-09-02T00%3A00%3A00Z&to=2025-09-03T00%3A00%3A00Z&format=json
2025-09-09T23:17:30.304542+00:00,MELS,2025-09-01T00:00:00+00:00,400 Client Error: Bad Request for url: https://data.elexon.co.uk/bmrs/api/v1/datasets/MELS?from=2025-09-01T00%3A00%3A00Z&to=2025-09-02T00%3A00%3A00Z&format=json
