2025-08-25 16:42:51,528 - gcs_to_bq_ingest - INFO - ✅ GCS and BigQuery clients initialized successfully.
2025-08-25 16:42:52,153 - gcs_to_bq_ingest - INFO - BQ Dataset 'jibber-jabber-knowledge.bmrs_data' already exists.
2025-08-25 16:42:52,154 - gcs_to_bq_ingest - INFO - 🚀 Found files in gs://jibber-jabber-knowledge-bmrs-data/elexon/. Starting ingestion...
2025-08-25 16:42:52,872 - gcs_to_bq_ingest - INFO - ⏳ Processing gs://jibber-jabber-knowledge-bmrs-data/elexon/FOU2T14D/2025/07/FOU2T14D_2025-07-01_2025-07-07.json for table 'FOU2T14D'
2025-08-25 16:42:55,041 - gcs_to_bq_ingest - INFO - Starting BQ load job 03c9cd46-c63d-499a-a30a-e3f803c2d7f8 for table jibber-jabber-knowledge.bmrs_data.FOU2T14D...
2025-08-25 16:42:58,008 - gcs_to_bq_ingest - INFO - ✅ Loaded 247 rows. Total rows in jibber-jabber-knowledge.bmrs_data.FOU2T14D: 988
2025-08-25 16:42:58,012 - gcs_to_bq_ingest - INFO - ⏳ Processing gs://jibber-jabber-knowledge-bmrs-data/elexon/FOU2T3YW/2025/07/FOU2T3YW_2025-07-01_2025-07-07.json for table 'FOU2T3YW'
2025-08-25 16:43:00,761 - gcs_to_bq_ingest - INFO - Starting BQ load job e96d3b38-44a5-44eb-abb7-fcfd2ab9f9e8 for table jibber-jabber-knowledge.bmrs_data.FOU2T3YW...
2025-08-25 16:43:03,646 - gcs_to_bq_ingest - INFO - ✅ Loaded 2945 rows. Total rows in jibber-jabber-knowledge.bmrs_data.FOU2T3YW: 11780
2025-08-25 16:43:03,740 - gcs_to_bq_ingest - INFO - ⏳ Processing gs://jibber-jabber-knowledge-bmrs-data/elexon/FREQ/2025/07/FREQ_2025-07-01_2025-07-07.json for table 'FREQ'
2025-08-25 16:43:06,055 - gcs_to_bq_ingest - INFO - Starting BQ load job 401691e5-e14f-429e-91d9-edafe4ecf402 for table jibber-jabber-knowledge.bmrs_data.FREQ...
2025-08-25 16:43:08,169 - gcs_to_bq_ingest - INFO - ✅ Loaded 5761 rows. Total rows in jibber-jabber-knowledge.bmrs_data.FREQ: 23044
2025-08-25 16:43:08,171 - gcs_to_bq_ingest - INFO - ⏳ Processing gs://jibber-jabber-knowledge-bmrs-data/elexon/FUELHH/2025/07/FUELHH_2025-07-01_2025-07-07.json for table 'FUELHH'
2025-08-25 16:43:10,218 - gcs_to_bq_ingest - INFO - Starting BQ load job aa35f38b-4d12-40d9-af92-f0070769d5f2 for table jibber-jabber-knowledge.bmrs_data.FUELHH...
2025-08-25 16:43:11,936 - gcs_to_bq_ingest - INFO - ✅ Loaded 620 rows. Total rows in jibber-jabber-knowledge.bmrs_data.FUELHH: 2480
2025-08-25 16:43:11,937 - gcs_to_bq_ingest - INFO - ⏳ Processing gs://jibber-jabber-knowledge-bmrs-data/elexon/FUELINST/2025/07/FUELINST_2025-07-01_2025-07-07.json for table 'FUELINST'
2025-08-25 16:43:14,277 - gcs_to_bq_ingest - INFO - Starting BQ load job 7c5bca4a-69bf-4df5-8f6f-eeb24a329798 for table jibber-jabber-knowledge.bmrs_data.FUELINST...
2025-08-25 16:43:16,852 - gcs_to_bq_ingest - INFO - ✅ Loaded 3760 rows. Total rows in jibber-jabber-knowledge.bmrs_data.FUELINST: 15040
2025-08-25 16:43:16,854 - gcs_to_bq_ingest - INFO - ⏳ Processing gs://jibber-jabber-knowledge-bmrs-data/elexon/IMBALNGC/2025/07/IMBALNGC_2025-07-01_2025-07-07.json for table 'IMBALNGC'
2025-08-25 16:43:19,309 - gcs_to_bq_ingest - INFO - Starting BQ load job 77332454-719b-457f-af57-89c0c30c04fa for table jibber-jabber-knowledge.bmrs_data.IMBALNGC...
2025-08-25 16:43:22,025 - gcs_to_bq_ingest - INFO - ✅ Loaded 1350 rows. Total rows in jibber-jabber-knowledge.bmrs_data.IMBALNGC: 5400
2025-08-25 16:43:22,026 - gcs_to_bq_ingest - INFO - ⏳ Processing gs://jibber-jabber-knowledge-bmrs-data/elexon/INDDEM/2025/07/INDDEM_2025-07-01_2025-07-07.json for table 'INDDEM'
2025-08-25 16:43:24,118 - gcs_to_bq_ingest - INFO - Starting BQ load job db41c05c-e4ea-4517-8c83-fe3d9bdf99bd for table jibber-jabber-knowledge.bmrs_data.INDDEM...
2025-08-25 16:43:26,374 - gcs_to_bq_ingest - INFO - ✅ Loaded 1350 rows. Total rows in jibber-jabber-knowledge.bmrs_data.INDDEM: 5400
2025-08-25 16:43:26,375 - gcs_to_bq_ingest - INFO - ⏳ Processing gs://jibber-jabber-knowledge-bmrs-data/elexon/INDGEN/2025/07/INDGEN_2025-07-01_2025-07-07.json for table 'INDGEN'
2025-08-25 16:43:28,730 - gcs_to_bq_ingest - INFO - Starting BQ load job 8f4e22b1-feb4-481c-83f7-1b21a94db220 for table jibber-jabber-knowledge.bmrs_data.INDGEN...
2025-08-25 16:43:30,449 - gcs_to_bq_ingest - INFO - ✅ Loaded 1350 rows. Total rows in jibber-jabber-knowledge.bmrs_data.INDGEN: 5400
2025-08-25 16:43:30,450 - gcs_to_bq_ingest - INFO - ⏳ Processing gs://jibber-jabber-knowledge-bmrs-data/elexon/INDO/2025/07/INDO_2025-07-01_2025-07-07.json for table 'INDO'
2025-08-25 16:43:31,982 - gcs_to_bq_ingest - INFO - Starting BQ load job 32f3966c-a11d-4619-831f-71a260b01875 for table jibber-jabber-knowledge.bmrs_data.INDO...
2025-08-25 16:43:33,974 - gcs_to_bq_ingest - INFO - ✅ Loaded 1 rows. Total rows in jibber-jabber-knowledge.bmrs_data.INDO: 4
2025-08-25 16:43:33,975 - gcs_to_bq_ingest - INFO - ⏳ Processing gs://jibber-jabber-knowledge-bmrs-data/elexon/ITSDO/2025/07/ITSDO_2025-07-01_2025-07-07.json for table 'ITSDO'
2025-08-25 16:43:35,594 - gcs_to_bq_ingest - INFO - Starting BQ load job 1a446533-abab-4c80-8535-1ff51dd2d6a2 for table jibber-jabber-knowledge.bmrs_data.ITSDO...
2025-08-25 16:43:38,865 - gcs_to_bq_ingest - INFO - ✅ Loaded 1 rows. Total rows in jibber-jabber-knowledge.bmrs_data.ITSDO: 4
2025-08-25 16:43:38,867 - gcs_to_bq_ingest - INFO - ⏳ Processing gs://jibber-jabber-knowledge-bmrs-data/elexon/MELNGC/2025/07/MELNGC_2025-07-01_2025-07-07.json for table 'MELNGC'
2025-08-25 16:43:41,021 - gcs_to_bq_ingest - INFO - Starting BQ load job c6424937-6d02-40a0-8dd8-910bb6735ef9 for table jibber-jabber-knowledge.bmrs_data.MELNGC...
2025-08-25 16:43:43,974 - gcs_to_bq_ingest - INFO - ✅ Loaded 1350 rows. Total rows in jibber-jabber-knowledge.bmrs_data.MELNGC: 5400
2025-08-25 16:43:43,976 - gcs_to_bq_ingest - INFO - ⏳ Processing gs://jibber-jabber-knowledge-bmrs-data/elexon/MID/2025/07/MID_2025-07-01_2025-07-07.json for table 'MID'
2025-08-25 16:43:47,158 - gcs_to_bq_ingest - INFO - Starting BQ load job 9992f99b-3b44-4b78-b459-a00417b4dc73 for table jibber-jabber-knowledge.bmrs_data.MID...
2025-08-25 16:43:49,626 - gcs_to_bq_ingest - INFO - ✅ Loaded 555 rows. Total rows in jibber-jabber-knowledge.bmrs_data.MID: 2220
2025-08-25 16:43:49,627 - gcs_to_bq_ingest - INFO - ⏳ Processing gs://jibber-jabber-knowledge-bmrs-data/elexon/MNZT/2025/07/MNZT_2025-07-01_2025-07-07.json for table 'MNZT'
2025-08-25 16:43:51,553 - gcs_to_bq_ingest - INFO - Starting BQ load job 7f2fa9ee-5e94-478c-b0cc-f2b257c3e19e for table jibber-jabber-knowledge.bmrs_data.MNZT...
2025-08-25 16:43:53,044 - gcs_to_bq_ingest - INFO - ✅ Loaded 293 rows. Total rows in jibber-jabber-knowledge.bmrs_data.MNZT: 1172
2025-08-25 16:43:53,045 - gcs_to_bq_ingest - INFO - ⏳ Processing gs://jibber-jabber-knowledge-bmrs-data/elexon/MZT/2025/07/MZT_2025-07-01_2025-07-07.json for table 'MZT'
2025-08-25 16:43:55,341 - gcs_to_bq_ingest - INFO - Starting BQ load job 6da4ddbf-5a58-4b72-93d1-003afa612a0d for table jibber-jabber-knowledge.bmrs_data.MZT...
2025-08-25 16:44:00,676 - gcs_to_bq_ingest - INFO - ✅ Loaded 188 rows. Total rows in jibber-jabber-knowledge.bmrs_data.MZT: 752
2025-08-25 16:44:00,680 - gcs_to_bq_ingest - INFO - ⏳ Processing gs://jibber-jabber-knowledge-bmrs-data/elexon/NDF/2025/07/NDF_2025-07-01_2025-07-07.json for table 'NDF'
2025-08-25 16:44:02,314 - gcs_to_bq_ingest - INFO - Starting BQ load job b6d6362c-87c6-4beb-bb3d-57d27286ba9a for table jibber-jabber-knowledge.bmrs_data.NDF...
2025-08-25 16:44:04,720 - gcs_to_bq_ingest - INFO - ✅ Loaded 75 rows. Total rows in jibber-jabber-knowledge.bmrs_data.NDF: 300
2025-08-25 16:44:04,721 - gcs_to_bq_ingest - INFO - ⏳ Processing gs://jibber-jabber-knowledge-bmrs-data/elexon/NDFD/2025/07/NDFD_2025-07-01_2025-07-07.json for table 'NDFD'
2025-08-25 16:44:06,308 - gcs_to_bq_ingest - INFO - Starting BQ load job 3719970c-5eaa-4630-8da5-f7c3b95a1da3 for table jibber-jabber-knowledge.bmrs_data.NDFD...
2025-08-25 16:44:08,637 - gcs_to_bq_ingest - INFO - ✅ Loaded 13 rows. Total rows in jibber-jabber-knowledge.bmrs_data.NDFD: 52
2025-08-25 16:44:08,638 - gcs_to_bq_ingest - INFO - ⏳ Processing gs://jibber-jabber-knowledge-bmrs-data/elexon/NDFW/2025/07/NDFW_2025-07-01_2025-07-07.json for table 'NDFW'
2025-08-25 16:44:10,160 - gcs_to_bq_ingest - INFO - Starting BQ load job 5c63cbb9-03b1-4b99-abd7-9b8be720cd19 for table jibber-jabber-knowledge.bmrs_data.NDFW...
2025-08-25 16:44:12,958 - gcs_to_bq_ingest - INFO - ✅ Loaded 51 rows. Total rows in jibber-jabber-knowledge.bmrs_data.NDFW: 204
2025-08-25 16:44:12,960 - gcs_to_bq_ingest - INFO - ⏳ Processing gs://jibber-jabber-knowledge-bmrs-data/elexon/NDZ/2025/07/NDZ_2025-07-01_2025-07-07.json for table 'NDZ'
2025-08-25 16:44:14,707 - gcs_to_bq_ingest - INFO - Starting BQ load job dbf184f9-f00c-47e7-8a98-2ae6d4dd89ee for table jibber-jabber-knowledge.bmrs_data.NDZ...
2025-08-25 16:44:16,660 - gcs_to_bq_ingest - INFO - ✅ Loaded 341 rows. Total rows in jibber-jabber-knowledge.bmrs_data.NDZ: 1364
2025-08-25 16:44:16,662 - gcs_to_bq_ingest - INFO - ⏳ Processing gs://jibber-jabber-knowledge-bmrs-data/elexon/NETBSAD/2025/07/NETBSAD_2025-07-01_2025-07-07.json for table 'NETBSAD'
2025-08-25 16:44:18,704 - gcs_to_bq_ingest - INFO - Starting BQ load job b24ee4fd-69c6-46bd-8ee8-88bef4938bbb for table jibber-jabber-knowledge.bmrs_data.NETBSAD...
2025-08-25 16:44:21,183 - gcs_to_bq_ingest - INFO - ✅ Loaded 289 rows. Total rows in jibber-jabber-knowledge.bmrs_data.NETBSAD: 1156
2025-08-25 16:44:21,187 - gcs_to_bq_ingest - INFO - ⏳ Processing gs://jibber-jabber-knowledge-bmrs-data/elexon/NONBM/2025/07/NONBM_2025-07-01_2025-07-07.json for table 'NONBM'
2025-08-25 16:44:23,356 - gcs_to_bq_ingest - INFO - Starting BQ load job 7b884b8a-3d1f-4cbe-86a3-d68244c812bf for table jibber-jabber-knowledge.bmrs_data.NONBM...
2025-08-25 16:44:26,070 - gcs_to_bq_ingest - INFO - ✅ Loaded 287 rows. Total rows in jibber-jabber-knowledge.bmrs_data.NONBM: 1148
2025-08-25 16:44:26,071 - gcs_to_bq_ingest - INFO - ⏳ Processing gs://jibber-jabber-knowledge-bmrs-data/elexon/NOU2T14D/2025/07/NOU2T14D_2025-07-01_2025-07-07.json for table 'NOU2T14D'
2025-08-25 16:44:27,744 - gcs_to_bq_ingest - INFO - Starting BQ load job ad76f8d8-e455-4e65-9174-23e08b4d89e0 for table jibber-jabber-knowledge.bmrs_data.NOU2T14D...
2025-08-25 16:44:29,468 - gcs_to_bq_ingest - INFO - ✅ Loaded 13 rows. Total rows in jibber-jabber-knowledge.bmrs_data.NOU2T14D: 52
2025-08-25 16:44:29,468 - gcs_to_bq_ingest - INFO - ⏳ Processing gs://jibber-jabber-knowledge-bmrs-data/elexon/NOU2T3YW/2025/07/NOU2T3YW_2025-07-01_2025-07-07.json for table 'NOU2T3YW'
2025-08-25 16:44:31,091 - gcs_to_bq_ingest - INFO - Starting BQ load job fd7fca59-b1dd-45ad-8f97-a2f623d74574 for table jibber-jabber-knowledge.bmrs_data.NOU2T3YW...
2025-08-25 16:44:34,008 - gcs_to_bq_ingest - INFO - ✅ Loaded 155 rows. Total rows in jibber-jabber-knowledge.bmrs_data.NOU2T3YW: 620
2025-08-25 16:44:34,057 - gcs_to_bq_ingest - INFO - ⏳ Processing gs://jibber-jabber-knowledge-bmrs-data/elexon/NTB/2025/07/NTB_2025-07-01_2025-07-07.json for table 'NTB'
2025-08-25 16:44:36,374 - gcs_to_bq_ingest - INFO - Starting BQ load job 99c63899-2143-4798-b39c-036c7713c659 for table jibber-jabber-knowledge.bmrs_data.NTB...
2025-08-25 16:44:39,487 - gcs_to_bq_ingest - INFO - ✅ Loaded 76 rows. Total rows in jibber-jabber-knowledge.bmrs_data.NTB: 304
2025-08-25 16:44:39,488 - gcs_to_bq_ingest - INFO - ⏳ Processing gs://jibber-jabber-knowledge-bmrs-data/elexon/NTO/2025/07/NTO_2025-07-01_2025-07-07.json for table 'NTO'
2025-08-25 16:44:41,047 - gcs_to_bq_ingest - INFO - Starting BQ load job dd5ca0c1-da60-4ac2-9bf9-d67a25bdffc9 for table jibber-jabber-knowledge.bmrs_data.NTO...
2025-08-25 16:44:47,416 - gcs_to_bq_ingest - INFO - ✅ Loaded 76 rows. Total rows in jibber-jabber-knowledge.bmrs_data.NTO: 304
2025-08-25 16:44:47,418 - gcs_to_bq_ingest - INFO - ⏳ Processing gs://jibber-jabber-knowledge-bmrs-data/elexon/OCNMF3Y/2025/07/OCNMF3Y_2025-07-01_2025-07-07.json for table 'OCNMF3Y'
2025-08-25 16:44:50,126 - gcs_to_bq_ingest - INFO - Starting BQ load job 4bd67dbf-2659-40f8-9f5a-e3ca3e34473d for table jibber-jabber-knowledge.bmrs_data.OCNMF3Y...
2025-08-25 16:44:51,928 - gcs_to_bq_ingest - INFO - ✅ Loaded 155 rows. Total rows in jibber-jabber-knowledge.bmrs_data.OCNMF3Y: 620
2025-08-25 16:44:51,932 - gcs_to_bq_ingest - INFO - ⏳ Processing gs://jibber-jabber-knowledge-bmrs-data/elexon/OCNMF3Y2/2025/07/OCNMF3Y2_2025-07-01_2025-07-07.json for table 'OCNMF3Y2'
2025-08-25 16:44:53,352 - gcs_to_bq_ingest - INFO - Starting BQ load job 5fb3dd25-1bdd-41f4-a411-75d5e4920984 for table jibber-jabber-knowledge.bmrs_data.OCNMF3Y2...
2025-08-25 16:44:55,730 - gcs_to_bq_ingest - INFO - ✅ Loaded 155 rows. Total rows in jibber-jabber-knowledge.bmrs_data.OCNMF3Y2: 620
2025-08-25 16:44:55,733 - gcs_to_bq_ingest - INFO - ⏳ Processing gs://jibber-jabber-knowledge-bmrs-data/elexon/OCNMFD/2025/07/OCNMFD_2025-07-01_2025-07-07.json for table 'OCNMFD'
2025-08-25 16:44:57,241 - gcs_to_bq_ingest - INFO - Starting BQ load job d7f26b6d-90e9-4afc-8b5d-ba1192b1986c for table jibber-jabber-knowledge.bmrs_data.OCNMFD...
2025-08-25 16:44:59,255 - gcs_to_bq_ingest - INFO - ✅ Loaded 13 rows. Total rows in jibber-jabber-knowledge.bmrs_data.OCNMFD: 52
2025-08-25 16:44:59,260 - gcs_to_bq_ingest - INFO - ⏳ Processing gs://jibber-jabber-knowledge-bmrs-data/elexon/OCNMFD2/2025/07/OCNMFD2_2025-07-01_2025-07-07.json for table 'OCNMFD2'
2025-08-25 16:45:00,679 - gcs_to_bq_ingest - INFO - Starting BQ load job a53ac768-4102-4326-83d1-a94bedc1bde0 for table jibber-jabber-knowledge.bmrs_data.OCNMFD2...
2025-08-25 16:45:02,737 - gcs_to_bq_ingest - INFO - ✅ Loaded 13 rows. Total rows in jibber-jabber-knowledge.bmrs_data.OCNMFD2: 52
2025-08-25 16:45:02,740 - gcs_to_bq_ingest - INFO - ⏳ Processing gs://jibber-jabber-knowledge-bmrs-data/elexon/RDRE/2025/07/RDRE_2025-07-01_2025-07-07.json for table 'RDRE'
2025-08-25 16:45:04,578 - gcs_to_bq_ingest - INFO - Starting BQ load job ab3bf9c1-671d-447b-8840-0350730438a7 for table jibber-jabber-knowledge.bmrs_data.RDRE...
2025-08-25 16:45:06,520 - gcs_to_bq_ingest - INFO - ✅ Loaded 199 rows. Total rows in jibber-jabber-knowledge.bmrs_data.RDRE: 796
2025-08-25 16:45:06,521 - gcs_to_bq_ingest - INFO - ⏳ Processing gs://jibber-jabber-knowledge-bmrs-data/elexon/RURE/2025/07/RURE_2025-07-01_2025-07-07.json for table 'RURE'
2025-08-25 16:45:08,569 - gcs_to_bq_ingest - INFO - Starting BQ load job ba2868fd-640d-4f03-a2b2-6fe385b9bd96 for table jibber-jabber-knowledge.bmrs_data.RURE...
2025-08-25 16:45:11,537 - gcs_to_bq_ingest - INFO - ✅ Loaded 585 rows. Total rows in jibber-jabber-knowledge.bmrs_data.RURE: 2340
2025-08-25 16:45:11,539 - gcs_to_bq_ingest - INFO - ⏳ Processing gs://jibber-jabber-knowledge-bmrs-data/elexon/RURI/2025/07/RURI_2025-07-01_2025-07-07.json for table 'RURI'
2025-08-25 16:45:13,180 - gcs_to_bq_ingest - INFO - Starting BQ load job 68ccc7b3-0dac-43a3-88b9-6fc2a3a5b95f for table jibber-jabber-knowledge.bmrs_data.RURI...
2025-08-25 16:45:15,734 - gcs_to_bq_ingest - INFO - ✅ Loaded 9 rows. Total rows in jibber-jabber-knowledge.bmrs_data.RURI: 36
2025-08-25 16:45:15,735 - gcs_to_bq_ingest - INFO - ⏳ Processing gs://jibber-jabber-knowledge-bmrs-data/elexon/SEL/2025/07/SEL_2025-07-01_2025-07-07.json for table 'SEL'
2025-08-25 16:45:17,990 - gcs_to_bq_ingest - INFO - Starting BQ load job 9501dfdb-5f79-4961-87f7-ec36bc6c4fc2 for table jibber-jabber-knowledge.bmrs_data.SEL...
2025-08-25 16:45:24,224 - gcs_to_bq_ingest - INFO - ✅ Loaded 816 rows. Total rows in jibber-jabber-knowledge.bmrs_data.SEL: 3264
2025-08-25 16:45:24,225 - gcs_to_bq_ingest - INFO - ⏳ Processing gs://jibber-jabber-knowledge-bmrs-data/elexon/SIL/2025/07/SIL_2025-07-01_2025-07-07.json for table 'SIL'
2025-08-25 16:45:25,975 - gcs_to_bq_ingest - INFO - Starting BQ load job 7cd27e2d-4def-414d-af7f-95df18311d57 for table jibber-jabber-knowledge.bmrs_data.SIL...
2025-08-25 16:45:28,637 - gcs_to_bq_ingest - INFO - ✅ Loaded 310 rows. Total rows in jibber-jabber-knowledge.bmrs_data.SIL: 1240
2025-08-25 16:45:28,637 - gcs_to_bq_ingest - INFO - ⏳ Processing gs://jibber-jabber-knowledge-bmrs-data/elexon/TEMP/2025/07/TEMP_2025-07-01_2025-07-07.json for table 'TEMP'
2025-08-25 16:45:30,585 - gcs_to_bq_ingest - INFO - Starting BQ load job b2469fa8-574b-4495-803c-cfbe27c4a804 for table jibber-jabber-knowledge.bmrs_data.TEMP...
2025-08-25 16:45:32,939 - gcs_to_bq_ingest - INFO - ✅ Loaded 31 rows. Total rows in jibber-jabber-knowledge.bmrs_data.TEMP: 124
2025-08-25 16:45:32,940 - gcs_to_bq_ingest - INFO - ⏳ Processing gs://jibber-jabber-knowledge-bmrs-data/elexon/TSDF/2025/07/TSDF_2025-07-01_2025-07-07.json for table 'TSDF'
2025-08-25 16:45:34,985 - gcs_to_bq_ingest - INFO - Starting BQ load job 64ceddcf-7b79-4c98-9d5d-25287564faa4 for table jibber-jabber-knowledge.bmrs_data.TSDF...
2025-08-25 16:45:37,775 - gcs_to_bq_ingest - INFO - ✅ Loaded 1350 rows. Total rows in jibber-jabber-knowledge.bmrs_data.TSDF: 5400
2025-08-25 16:45:37,776 - gcs_to_bq_ingest - INFO - ⏳ Processing gs://jibber-jabber-knowledge-bmrs-data/elexon/TSDFD/2025/07/TSDFD_2025-07-01_2025-07-07.json for table 'TSDFD'
2025-08-25 16:45:39,440 - gcs_to_bq_ingest - INFO - Starting BQ load job db8befcb-b2a3-4980-a7d5-7e3272f58190 for table jibber-jabber-knowledge.bmrs_data.TSDFD...
2025-08-25 16:45:41,359 - gcs_to_bq_ingest - INFO - ✅ Loaded 13 rows. Total rows in jibber-jabber-knowledge.bmrs_data.TSDFD: 52
2025-08-25 16:45:41,360 - gcs_to_bq_ingest - INFO - ⏳ Processing gs://jibber-jabber-knowledge-bmrs-data/elexon/TSDFW/2025/07/TSDFW_2025-07-01_2025-07-07.json for table 'TSDFW'
2025-08-25 16:45:42,859 - gcs_to_bq_ingest - INFO - Starting BQ load job e7d8d2b9-d2db-435a-9c77-3b2629fc9eb9 for table jibber-jabber-knowledge.bmrs_data.TSDFW...
2025-08-25 16:46:02,682 - gcs_to_bq_ingest - INFO - ✅ Loaded 51 rows. Total rows in jibber-jabber-knowledge.bmrs_data.TSDFW: 204
2025-08-25 16:46:02,684 - gcs_to_bq_ingest - INFO - ⏳ Processing gs://jibber-jabber-knowledge-bmrs-data/elexon/UOU2T14D/2025/07/UOU2T14D_2025-07-01_2025-07-07.json for table 'UOU2T14D'
2025-08-25 16:46:05,127 - gcs_to_bq_ingest - INFO - Starting BQ load job 08269ed6-1e56-4f91-8a04-9b2703b27dc6 for table jibber-jabber-knowledge.bmrs_data.UOU2T14D...
2025-08-25 16:46:07,961 - gcs_to_bq_ingest - INFO - ✅ Loaded 5980 rows. Total rows in jibber-jabber-knowledge.bmrs_data.UOU2T14D: 23920
2025-08-25 16:46:07,962 - gcs_to_bq_ingest - INFO - ⏳ Processing gs://jibber-jabber-knowledge-bmrs-data/elexon/UOU2T3YW/2025/07/UOU2T3YW_2025-07-01_2025-07-07.json for table 'UOU2T3YW'
2025-08-25 16:46:12,158 - gcs_to_bq_ingest - INFO - Starting BQ load job b1edd486-cb48-43c6-973b-b8f5f7530bb4 for table jibber-jabber-knowledge.bmrs_data.UOU2T3YW...
2025-08-25 16:46:14,723 - gcs_to_bq_ingest - INFO - ✅ Loaded 71300 rows. Total rows in jibber-jabber-knowledge.bmrs_data.UOU2T3YW: 285200
2025-08-25 16:46:14,727 - gcs_to_bq_ingest - INFO - ⏳ Processing gs://jibber-jabber-knowledge-bmrs-data/elexon/WINDFOR/2025/07/WINDFOR_2025-07-01_2025-07-07.json for table 'WINDFOR'
2025-08-25 16:46:16,231 - gcs_to_bq_ingest - INFO - Starting BQ load job e71ad69d-d093-4f54-8214-0d5a8737bc41 for table jibber-jabber-knowledge.bmrs_data.WINDFOR...
2025-08-25 16:46:38,593 - gcs_to_bq_ingest - INFO - ✅ Loaded 73 rows. Total rows in jibber-jabber-knowledge.bmrs_data.WINDFOR: 292
2025-08-25 16:46:38,598 - gcs_to_bq_ingest - INFO - ⏳ Processing gs://jibber-jabber-knowledge-bmrs-data/elexon/demand_outturn/recent_20250822231607.json for table 'demand_outturn'
2025-08-25 16:46:40,860 - gcs_to_bq_ingest - INFO - Starting BQ load job b9b4e568-85e6-4f5c-918e-4aefc464b38b for table jibber-jabber-knowledge.bmrs_data.demand_outturn...
2025-08-25 16:46:42,541 - gcs_to_bq_ingest - INFO - ✅ Loaded 1390 rows. Total rows in jibber-jabber-knowledge.bmrs_data.demand_outturn: 51082
2025-08-25 16:46:42,543 - gcs_to_bq_ingest - INFO - ⏳ Processing gs://jibber-jabber-knowledge-bmrs-data/elexon/demand_outturn/recent_20250822232650.json for table 'demand_outturn'
2025-08-25 16:46:44,570 - gcs_to_bq_ingest - INFO - Starting BQ load job d50bb328-48db-4c29-b5bc-e350eddc8aa5 for table jibber-jabber-knowledge.bmrs_data.demand_outturn...
2025-08-25 16:46:47,798 - gcs_to_bq_ingest - INFO - ✅ Loaded 1390 rows. Total rows in jibber-jabber-knowledge.bmrs_data.demand_outturn: 52472
2025-08-25 16:46:47,799 - gcs_to_bq_ingest - INFO - ⏳ Processing gs://jibber-jabber-knowledge-bmrs-data/elexon/demand_outturn/recent_20250822233106.json for table 'demand_outturn'
2025-08-25 16:46:49,837 - gcs_to_bq_ingest - INFO - Starting BQ load job 665299de-615b-43f5-9eb0-03b0baef38d6 for table jibber-jabber-knowledge.bmrs_data.demand_outturn...
2025-08-25 16:46:57,455 - gcs_to_bq_ingest - INFO - ✅ Loaded 1391 rows. Total rows in jibber-jabber-knowledge.bmrs_data.demand_outturn: 53863
2025-08-25 16:46:57,458 - gcs_to_bq_ingest - INFO - ⏳ Processing gs://jibber-jabber-knowledge-bmrs-data/elexon/demand_outturn/recent_20250823000135.json for table 'demand_outturn'
2025-08-25 16:46:59,482 - gcs_to_bq_ingest - INFO - Starting BQ load job 13f0d78d-7c6f-4c1d-8cee-2b076699f7e3 for table jibber-jabber-knowledge.bmrs_data.demand_outturn...
2025-08-25 16:47:03,778 - gcs_to_bq_ingest - INFO - ✅ Loaded 1392 rows. Total rows in jibber-jabber-knowledge.bmrs_data.demand_outturn: 55255
2025-08-25 16:47:03,780 - gcs_to_bq_ingest - INFO - ⏳ Processing gs://jibber-jabber-knowledge-bmrs-data/elexon/demand_outturn/recent_20250823001817.json for table 'demand_outturn'
2025-08-25 16:47:05,824 - gcs_to_bq_ingest - INFO - Starting BQ load job ea1427bb-ec56-485d-ab33-e30e133b7c5f for table jibber-jabber-knowledge.bmrs_data.demand_outturn...
2025-08-25 16:47:08,051 - gcs_to_bq_ingest - INFO - ✅ Loaded 1392 rows. Total rows in jibber-jabber-knowledge.bmrs_data.demand_outturn: 56647
2025-08-25 16:47:08,052 - gcs_to_bq_ingest - INFO - ⏳ Processing gs://jibber-jabber-knowledge-bmrs-data/elexon/demand_outturn/recent_20250823002057.json for table 'demand_outturn'
2025-08-25 16:47:10,117 - gcs_to_bq_ingest - INFO - Starting BQ load job 3430317d-3933-41ee-9dba-6faac3658c4e for table jibber-jabber-knowledge.bmrs_data.demand_outturn...
2025-08-25 16:47:11,808 - gcs_to_bq_ingest - INFO - ✅ Loaded 1392 rows. Total rows in jibber-jabber-knowledge.bmrs_data.demand_outturn: 58039
2025-08-25 16:47:11,809 - gcs_to_bq_ingest - INFO - ⏳ Processing gs://jibber-jabber-knowledge-bmrs-data/elexon/demand_outturn/recent_20250823003918.json for table 'demand_outturn'
2025-08-25 16:47:13,968 - gcs_to_bq_ingest - INFO - Starting BQ load job 021bedf7-895f-43c3-b550-aca806b71173 for table jibber-jabber-knowledge.bmrs_data.demand_outturn...
2025-08-25 16:47:17,783 - gcs_to_bq_ingest - INFO - ✅ Loaded 1392 rows. Total rows in jibber-jabber-knowledge.bmrs_data.demand_outturn: 59431
2025-08-25 16:47:17,791 - gcs_to_bq_ingest - INFO - ⏳ Processing gs://jibber-jabber-knowledge-bmrs-data/elexon/demand_outturn/recent_20250823004002.json for table 'demand_outturn'
2025-08-25 16:47:20,460 - gcs_to_bq_ingest - INFO - Starting BQ load job dadfee03-b1ad-4526-ae59-0245e7b6c218 for table jibber-jabber-knowledge.bmrs_data.demand_outturn...
2025-08-25 16:47:22,282 - gcs_to_bq_ingest - INFO - ✅ Loaded 1392 rows. Total rows in jibber-jabber-knowledge.bmrs_data.demand_outturn: 60823
2025-08-25 16:47:22,286 - gcs_to_bq_ingest - INFO - ⏳ Processing gs://jibber-jabber-knowledge-bmrs-data/elexon/demand_outturn/recent_20250823004048.json for table 'demand_outturn'
2025-08-25 16:47:24,560 - gcs_to_bq_ingest - INFO - Starting BQ load job 439ce43d-1e54-4583-b571-693a262d8738 for table jibber-jabber-knowledge.bmrs_data.demand_outturn...
2025-08-25 16:47:27,010 - gcs_to_bq_ingest - INFO - ✅ Loaded 1392 rows. Total rows in jibber-jabber-knowledge.bmrs_data.demand_outturn: 62215
2025-08-25 16:47:27,012 - gcs_to_bq_ingest - INFO - ⏳ Processing gs://jibber-jabber-knowledge-bmrs-data/elexon/demand_outturn/recent_20250823011048.json for table 'demand_outturn'
2025-08-25 16:47:29,466 - gcs_to_bq_ingest - INFO - Starting BQ load job 1d85c53f-68a1-477f-ac57-b0a70cbf93d3 for table jibber-jabber-knowledge.bmrs_data.demand_outturn...
2025-08-25 16:47:31,618 - gcs_to_bq_ingest - INFO - ✅ Loaded 1346 rows. Total rows in jibber-jabber-knowledge.bmrs_data.demand_outturn: 63561
2025-08-25 16:47:31,625 - gcs_to_bq_ingest - INFO - ⏳ Processing gs://jibber-jabber-knowledge-bmrs-data/elexon/demand_outturn/recent_20250823014056.json for table 'demand_outturn'
2025-08-25 16:47:33,815 - gcs_to_bq_ingest - INFO - Starting BQ load job c64d07cb-c3c7-4363-86f0-09455c212d14 for table jibber-jabber-knowledge.bmrs_data.demand_outturn...
2025-08-25 16:47:35,463 - gcs_to_bq_ingest - INFO - ✅ Loaded 1347 rows. Total rows in jibber-jabber-knowledge.bmrs_data.demand_outturn: 64908
2025-08-25 16:47:35,465 - gcs_to_bq_ingest - INFO - ⏳ Processing gs://jibber-jabber-knowledge-bmrs-data/elexon/demand_outturn/recent_20250823021058.json for table 'demand_outturn'
2025-08-25 16:47:37,457 - gcs_to_bq_ingest - INFO - Starting BQ load job c73316e9-f651-43d3-9c9d-ef5c7e8db11c for table jibber-jabber-knowledge.bmrs_data.demand_outturn...
2025-08-25 16:47:39,548 - gcs_to_bq_ingest - INFO - ✅ Loaded 1348 rows. Total rows in jibber-jabber-knowledge.bmrs_data.demand_outturn: 66256
2025-08-25 16:47:39,552 - gcs_to_bq_ingest - INFO - ⏳ Processing gs://jibber-jabber-knowledge-bmrs-data/elexon/generation_outturn/recent_20250822231612.json for table 'generation_outturn'
2025-08-25 16:47:41,016 - gcs_to_bq_ingest - INFO - Starting BQ load job b084cc22-1179-4469-8b2c-af1a1baf39b8 for table jibber-jabber-knowledge.bmrs_data.generation_outturn...
2025-08-25 16:47:42,578 - gcs_to_bq_ingest - INFO - ✅ Loaded 289 rows. Total rows in jibber-jabber-knowledge.bmrs_data.generation_outturn: 12271
2025-08-25 16:47:42,580 - gcs_to_bq_ingest - INFO - ⏳ Processing gs://jibber-jabber-knowledge-bmrs-data/elexon/generation_outturn/recent_20250822233110.json for table 'generation_outturn'
2025-08-25 16:47:44,314 - gcs_to_bq_ingest - INFO - Starting BQ load job 4ceab411-daf8-45c7-a6c5-b53cc8a5c5e0 for table jibber-jabber-knowledge.bmrs_data.generation_outturn...
2025-08-25 16:47:46,363 - gcs_to_bq_ingest - INFO - ✅ Loaded 289 rows. Total rows in jibber-jabber-knowledge.bmrs_data.generation_outturn: 12560
2025-08-25 16:47:46,365 - gcs_to_bq_ingest - INFO - ⏳ Processing gs://jibber-jabber-knowledge-bmrs-data/elexon/generation_outturn/recent_20250823000138.json for table 'generation_outturn'
2025-08-25 16:47:48,002 - gcs_to_bq_ingest - INFO - Starting BQ load job e0921a06-6e37-4731-9524-cb870485c1b2 for table jibber-jabber-knowledge.bmrs_data.generation_outturn...
2025-08-25 16:47:49,693 - gcs_to_bq_ingest - INFO - ✅ Loaded 564 rows. Total rows in jibber-jabber-knowledge.bmrs_data.generation_outturn: 13124
2025-08-25 16:47:49,694 - gcs_to_bq_ingest - INFO - ⏳ Processing gs://jibber-jabber-knowledge-bmrs-data/elexon/generation_outturn/recent_20250823001818.json for table 'generation_outturn'
2025-08-25 16:47:51,544 - gcs_to_bq_ingest - INFO - Starting BQ load job b7764bc4-40c3-48a2-adc0-317fd3af4ac1 for table jibber-jabber-knowledge.bmrs_data.generation_outturn...
2025-08-25 16:47:53,842 - gcs_to_bq_ingest - INFO - ✅ Loaded 567 rows. Total rows in jibber-jabber-knowledge.bmrs_data.generation_outturn: 13691
2025-08-25 16:47:53,843 - gcs_to_bq_ingest - INFO - ⏳ Processing gs://jibber-jabber-knowledge-bmrs-data/elexon/generation_outturn/recent_20250823002058.json for table 'generation_outturn'
2025-08-25 16:47:55,855 - gcs_to_bq_ingest - INFO - Starting BQ load job b59f61b8-ef4c-46ea-9893-ff41becf8676 for table jibber-jabber-knowledge.bmrs_data.generation_outturn...
2025-08-25 16:47:57,513 - gcs_to_bq_ingest - INFO - ✅ Loaded 568 rows. Total rows in jibber-jabber-knowledge.bmrs_data.generation_outturn: 14259
2025-08-25 16:47:57,513 - gcs_to_bq_ingest - INFO - ⏳ Processing gs://jibber-jabber-knowledge-bmrs-data/elexon/generation_outturn/recent_20250823003920.json for table 'generation_outturn'
2025-08-25 16:47:59,065 - gcs_to_bq_ingest - INFO - Starting BQ load job 3ccbe9aa-d8be-4e25-9401-7abdb2682a04 for table jibber-jabber-knowledge.bmrs_data.generation_outturn...
2025-08-25 16:48:05,108 - gcs_to_bq_ingest - INFO - ✅ Loaded 283 rows. Total rows in jibber-jabber-knowledge.bmrs_data.generation_outturn: 14542
2025-08-25 16:48:05,114 - gcs_to_bq_ingest - INFO - ⏳ Processing gs://jibber-jabber-knowledge-bmrs-data/elexon/generation_outturn/recent_20250823004006.json for table 'generation_outturn'
2025-08-25 16:48:06,682 - gcs_to_bq_ingest - INFO - Starting BQ load job d168e7f3-18d8-4a56-a8ea-2f77aa348a5e for table jibber-jabber-knowledge.bmrs_data.generation_outturn...
2025-08-25 16:48:11,841 - gcs_to_bq_ingest - INFO - ✅ Loaded 283 rows. Total rows in jibber-jabber-knowledge.bmrs_data.generation_outturn: 14825
2025-08-25 16:48:11,844 - gcs_to_bq_ingest - INFO - ⏳ Processing gs://jibber-jabber-knowledge-bmrs-data/elexon/generation_outturn/recent_20250823004050.json for table 'generation_outturn'
2025-08-25 16:48:13,613 - gcs_to_bq_ingest - INFO - Starting BQ load job fb903621-49f2-4b7f-b099-3d9ee2406f2b for table jibber-jabber-knowledge.bmrs_data.generation_outturn...
2025-08-25 16:48:16,573 - gcs_to_bq_ingest - INFO - ✅ Loaded 284 rows. Total rows in jibber-jabber-knowledge.bmrs_data.generation_outturn: 15109
2025-08-25 16:48:16,576 - gcs_to_bq_ingest - INFO - ⏳ Processing gs://jibber-jabber-knowledge-bmrs-data/elexon/generation_outturn/recent_20250823011051.json for table 'generation_outturn'
2025-08-25 16:48:18,214 - gcs_to_bq_ingest - INFO - Starting BQ load job 25246d3b-25fc-47fb-baed-b03ca7be23ad for table jibber-jabber-knowledge.bmrs_data.generation_outturn...
2025-08-25 16:48:20,942 - gcs_to_bq_ingest - INFO - ✅ Loaded 289 rows. Total rows in jibber-jabber-knowledge.bmrs_data.generation_outturn: 15398
2025-08-25 16:48:20,943 - gcs_to_bq_ingest - INFO - ⏳ Processing gs://jibber-jabber-knowledge-bmrs-data/elexon/generation_outturn/recent_20250823014058.json for table 'generation_outturn'
2025-08-25 16:48:22,616 - gcs_to_bq_ingest - INFO - Starting BQ load job c43edd3b-1cc2-4f25-bcd1-d63534b42144 for table jibber-jabber-knowledge.bmrs_data.generation_outturn...
2025-08-25 16:48:28,686 - gcs_to_bq_ingest - INFO - ✅ Loaded 289 rows. Total rows in jibber-jabber-knowledge.bmrs_data.generation_outturn: 15687
2025-08-25 16:48:28,690 - gcs_to_bq_ingest - INFO - ⏳ Processing gs://jibber-jabber-knowledge-bmrs-data/elexon/generation_outturn/recent_20250823021102.json for table 'generation_outturn'
2025-08-25 16:48:30,207 - gcs_to_bq_ingest - INFO - Starting BQ load job 8a0117d0-5b7c-42c3-af21-1c00347e058d for table jibber-jabber-knowledge.bmrs_data.generation_outturn...
2025-08-25 16:48:33,061 - gcs_to_bq_ingest - INFO - ✅ Loaded 289 rows. Total rows in jibber-jabber-knowledge.bmrs_data.generation_outturn: 15976
2025-08-25 16:48:33,063 - gcs_to_bq_ingest - INFO - ⏳ Processing gs://jibber-jabber-knowledge-bmrs-data/elexon/rolling_demand/recent_20250823003923.json for table 'rolling_demand'
2025-08-25 16:48:34,521 - gcs_to_bq_ingest - INFO - Starting BQ load job a2668227-d5e2-463c-8c46-dfc627624aad for table jibber-jabber-knowledge.bmrs_data.rolling_demand...
2025-08-25 16:48:37,465 - gcs_to_bq_ingest - INFO - ✅ Loaded 283 rows. Total rows in jibber-jabber-knowledge.bmrs_data.rolling_demand: 21877
2025-08-25 16:48:37,468 - gcs_to_bq_ingest - INFO - ⏳ Processing gs://jibber-jabber-knowledge-bmrs-data/elexon/rolling_demand/recent_20250823004010.json for table 'rolling_demand'
2025-08-25 16:48:38,936 - gcs_to_bq_ingest - INFO - Starting BQ load job b8eb2a3d-5a42-4b92-bc6a-c3d622151e14 for table jibber-jabber-knowledge.bmrs_data.rolling_demand...
2025-08-25 16:48:41,594 - gcs_to_bq_ingest - INFO - ✅ Loaded 283 rows. Total rows in jibber-jabber-knowledge.bmrs_data.rolling_demand: 22160
2025-08-25 16:48:41,595 - gcs_to_bq_ingest - INFO - ⏳ Processing gs://jibber-jabber-knowledge-bmrs-data/elexon/rolling_demand/recent_20250823004055.json for table 'rolling_demand'
2025-08-25 16:48:43,202 - gcs_to_bq_ingest - INFO - Starting BQ load job 25da6805-a951-4a0d-a295-9583ea02f900 for table jibber-jabber-knowledge.bmrs_data.rolling_demand...
2025-08-25 16:48:47,037 - gcs_to_bq_ingest - INFO - ✅ Loaded 284 rows. Total rows in jibber-jabber-knowledge.bmrs_data.rolling_demand: 22444
2025-08-25 16:48:47,039 - gcs_to_bq_ingest - INFO - ⏳ Processing gs://jibber-jabber-knowledge-bmrs-data/elexon/rolling_demand/recent_20250823004550.json for table 'rolling_demand'
2025-08-25 16:48:49,180 - gcs_to_bq_ingest - INFO - Starting BQ load job 67ede9d8-d817-4f4e-aeae-61cc7a4a9af6 for table jibber-jabber-knowledge.bmrs_data.rolling_demand...
2025-08-25 16:48:50,783 - gcs_to_bq_ingest - INFO - ✅ Loaded 285 rows. Total rows in jibber-jabber-knowledge.bmrs_data.rolling_demand: 22729
2025-08-25 16:48:50,784 - gcs_to_bq_ingest - INFO - ⏳ Processing gs://jibber-jabber-knowledge-bmrs-data/elexon/rolling_demand/recent_20250823005054.json for table 'rolling_demand'
2025-08-25 16:48:52,276 - gcs_to_bq_ingest - INFO - Starting BQ load job 82fe085b-5be3-49aa-a3d9-a76161a534ff for table jibber-jabber-knowledge.bmrs_data.rolling_demand...
2025-08-25 16:48:53,872 - gcs_to_bq_ingest - INFO - ✅ Loaded 286 rows. Total rows in jibber-jabber-knowledge.bmrs_data.rolling_demand: 23015
2025-08-25 16:48:53,874 - gcs_to_bq_ingest - INFO - ⏳ Processing gs://jibber-jabber-knowledge-bmrs-data/elexon/rolling_demand/recent_20250823005557.json for table 'rolling_demand'
2025-08-25 16:48:55,591 - gcs_to_bq_ingest - INFO - Starting BQ load job ee6f7586-11b6-40ad-90d3-fc4d253ebf13 for table jibber-jabber-knowledge.bmrs_data.rolling_demand...
2025-08-25 16:49:04,663 - gcs_to_bq_ingest - INFO - ✅ Loaded 287 rows. Total rows in jibber-jabber-knowledge.bmrs_data.rolling_demand: 23302
2025-08-25 16:49:04,668 - gcs_to_bq_ingest - INFO - ⏳ Processing gs://jibber-jabber-knowledge-bmrs-data/elexon/rolling_demand/recent_20250823010058.json for table 'rolling_demand'
2025-08-25 16:49:06,339 - gcs_to_bq_ingest - INFO - Starting BQ load job 50591288-8671-435b-9e38-68d89e4aac3d for table jibber-jabber-knowledge.bmrs_data.rolling_demand...
2025-08-25 16:49:08,220 - gcs_to_bq_ingest - INFO - ✅ Loaded 288 rows. Total rows in jibber-jabber-knowledge.bmrs_data.rolling_demand: 23590
2025-08-25 16:49:08,221 - gcs_to_bq_ingest - INFO - ⏳ Processing gs://jibber-jabber-knowledge-bmrs-data/elexon/rolling_demand/recent_20250823010600.json for table 'rolling_demand'
2025-08-25 16:49:09,708 - gcs_to_bq_ingest - INFO - Starting BQ load job 3d518b98-032d-47c5-83fe-4b176b8f5ebc for table jibber-jabber-knowledge.bmrs_data.rolling_demand...
2025-08-25 16:49:11,302 - gcs_to_bq_ingest - INFO - ✅ Loaded 289 rows. Total rows in jibber-jabber-knowledge.bmrs_data.rolling_demand: 23879
2025-08-25 16:49:11,305 - gcs_to_bq_ingest - INFO - ⏳ Processing gs://jibber-jabber-knowledge-bmrs-data/elexon/rolling_demand/recent_20250823011102.json for table 'rolling_demand'
2025-08-25 16:49:12,895 - gcs_to_bq_ingest - INFO - Starting BQ load job e890ea61-7466-4da2-9516-6c70fca2ce4f for table jibber-jabber-knowledge.bmrs_data.rolling_demand...
2025-08-25 16:49:14,633 - gcs_to_bq_ingest - INFO - ✅ Loaded 289 rows. Total rows in jibber-jabber-knowledge.bmrs_data.rolling_demand: 24168
2025-08-25 16:49:14,635 - gcs_to_bq_ingest - INFO - ⏳ Processing gs://jibber-jabber-knowledge-bmrs-data/elexon/rolling_demand/recent_20250823011604.json for table 'rolling_demand'
2025-08-25 16:49:16,270 - gcs_to_bq_ingest - INFO - Starting BQ load job e9ad319d-bf19-401c-a845-0d20e4e8c319 for table jibber-jabber-knowledge.bmrs_data.rolling_demand...
2025-08-25 16:49:19,134 - gcs_to_bq_ingest - INFO - ✅ Loaded 289 rows. Total rows in jibber-jabber-knowledge.bmrs_data.rolling_demand: 24457
2025-08-25 16:49:19,138 - gcs_to_bq_ingest - INFO - ⏳ Processing gs://jibber-jabber-knowledge-bmrs-data/elexon/rolling_demand/recent_20250823012106.json for table 'rolling_demand'
2025-08-25 16:49:20,775 - gcs_to_bq_ingest - INFO - Starting BQ load job df494df6-c313-4fed-b3a6-3609be154dda for table jibber-jabber-knowledge.bmrs_data.rolling_demand...
2025-08-25 16:49:43,855 - gcs_to_bq_ingest - INFO - ✅ Loaded 289 rows. Total rows in jibber-jabber-knowledge.bmrs_data.rolling_demand: 24746
2025-08-25 16:49:43,859 - gcs_to_bq_ingest - INFO - ⏳ Processing gs://jibber-jabber-knowledge-bmrs-data/elexon/rolling_demand/recent_20250823012608.json for table 'rolling_demand'
2025-08-25 16:49:45,412 - gcs_to_bq_ingest - INFO - Starting BQ load job 50a080c5-254c-4241-81b6-568324c9410a for table jibber-jabber-knowledge.bmrs_data.rolling_demand...
2025-08-25 16:49:47,180 - gcs_to_bq_ingest - INFO - ✅ Loaded 289 rows. Total rows in jibber-jabber-knowledge.bmrs_data.rolling_demand: 25035
2025-08-25 16:49:47,182 - gcs_to_bq_ingest - INFO - ⏳ Processing gs://jibber-jabber-knowledge-bmrs-data/elexon/rolling_demand/recent_20250823013111.json for table 'rolling_demand'
2025-08-25 16:49:48,736 - gcs_to_bq_ingest - INFO - Starting BQ load job 95f37372-864d-4be1-83ca-565a86c92b57 for table jibber-jabber-knowledge.bmrs_data.rolling_demand...
2025-08-25 16:49:50,637 - gcs_to_bq_ingest - INFO - ✅ Loaded 289 rows. Total rows in jibber-jabber-knowledge.bmrs_data.rolling_demand: 25324
2025-08-25 16:49:50,639 - gcs_to_bq_ingest - INFO - ⏳ Processing gs://jibber-jabber-knowledge-bmrs-data/elexon/rolling_demand/recent_20250823013612.json for table 'rolling_demand'
2025-08-25 16:49:52,216 - gcs_to_bq_ingest - INFO - Starting BQ load job 56499e5c-2df4-4c95-b20a-4b85c63ac1be for table jibber-jabber-knowledge.bmrs_data.rolling_demand...
2025-08-25 16:49:54,258 - gcs_to_bq_ingest - INFO - ✅ Loaded 289 rows. Total rows in jibber-jabber-knowledge.bmrs_data.rolling_demand: 25613
2025-08-25 16:49:54,259 - gcs_to_bq_ingest - INFO - ⏳ Processing gs://jibber-jabber-knowledge-bmrs-data/elexon/rolling_demand/recent_20250823014114.json for table 'rolling_demand'
2025-08-25 16:49:55,718 - gcs_to_bq_ingest - INFO - Starting BQ load job 4e9a49f0-13d1-44f5-9651-af56bf1e8322 for table jibber-jabber-knowledge.bmrs_data.rolling_demand...
2025-08-25 16:49:57,843 - gcs_to_bq_ingest - INFO - ✅ Loaded 289 rows. Total rows in jibber-jabber-knowledge.bmrs_data.rolling_demand: 25902
2025-08-25 16:49:57,845 - gcs_to_bq_ingest - INFO - ⏳ Processing gs://jibber-jabber-knowledge-bmrs-data/elexon/rolling_demand/recent_20250823014617.json for table 'rolling_demand'
2025-08-25 16:49:59,587 - gcs_to_bq_ingest - INFO - Starting BQ load job fe4968de-8c27-4fea-a80d-686038b790fb for table jibber-jabber-knowledge.bmrs_data.rolling_demand...
2025-08-25 16:50:01,339 - gcs_to_bq_ingest - INFO - ✅ Loaded 289 rows. Total rows in jibber-jabber-knowledge.bmrs_data.rolling_demand: 26191
2025-08-25 16:50:01,340 - gcs_to_bq_ingest - INFO - ⏳ Processing gs://jibber-jabber-knowledge-bmrs-data/elexon/rolling_demand/recent_20250823015120.json for table 'rolling_demand'
2025-08-25 16:50:02,989 - gcs_to_bq_ingest - INFO - Starting BQ load job 52faae08-3067-4495-8b21-e246b7de7737 for table jibber-jabber-knowledge.bmrs_data.rolling_demand...
2025-08-25 16:50:05,419 - gcs_to_bq_ingest - INFO - ✅ Loaded 289 rows. Total rows in jibber-jabber-knowledge.bmrs_data.rolling_demand: 26480
2025-08-25 16:50:05,421 - gcs_to_bq_ingest - INFO - ⏳ Processing gs://jibber-jabber-knowledge-bmrs-data/elexon/rolling_demand/recent_20250823015622.json for table 'rolling_demand'
2025-08-25 16:50:07,079 - gcs_to_bq_ingest - INFO - Starting BQ load job 78369fb4-7980-41e3-96cb-1db6af09584f for table jibber-jabber-knowledge.bmrs_data.rolling_demand...
2025-08-25 16:50:08,739 - gcs_to_bq_ingest - INFO - ✅ Loaded 289 rows. Total rows in jibber-jabber-knowledge.bmrs_data.rolling_demand: 26769
2025-08-25 16:50:08,740 - gcs_to_bq_ingest - INFO - ⏳ Processing gs://jibber-jabber-knowledge-bmrs-data/elexon/rolling_demand/recent_20250823020125.json for table 'rolling_demand'
2025-08-25 16:50:10,500 - gcs_to_bq_ingest - INFO - Starting BQ load job 3348ac8c-1553-47a3-a516-1565789b1a0f for table jibber-jabber-knowledge.bmrs_data.rolling_demand...
2025-08-25 16:50:13,307 - gcs_to_bq_ingest - INFO - ✅ Loaded 289 rows. Total rows in jibber-jabber-knowledge.bmrs_data.rolling_demand: 27058
2025-08-25 16:50:13,309 - gcs_to_bq_ingest - INFO - ⏳ Processing gs://jibber-jabber-knowledge-bmrs-data/elexon/rolling_demand/recent_20250823020628.json for table 'rolling_demand'
2025-08-25 16:50:15,156 - gcs_to_bq_ingest - INFO - Starting BQ load job 176f16f8-7425-483a-87d8-2fc3a6be2827 for table jibber-jabber-knowledge.bmrs_data.rolling_demand...
2025-08-25 16:50:18,044 - gcs_to_bq_ingest - INFO - ✅ Loaded 289 rows. Total rows in jibber-jabber-knowledge.bmrs_data.rolling_demand: 27347
2025-08-25 16:50:18,046 - gcs_to_bq_ingest - INFO - ⏳ Processing gs://jibber-jabber-knowledge-bmrs-data/elexon/rolling_demand/recent_20250823021130.json for table 'rolling_demand'
2025-08-25 16:50:19,693 - gcs_to_bq_ingest - INFO - Starting BQ load job 9644a13c-8576-4583-8118-68c2eadc2ae7 for table jibber-jabber-knowledge.bmrs_data.rolling_demand...
2025-08-25 16:50:22,316 - gcs_to_bq_ingest - INFO - ✅ Loaded 289 rows. Total rows in jibber-jabber-knowledge.bmrs_data.rolling_demand: 27636
2025-08-25 16:50:22,319 - gcs_to_bq_ingest - INFO - ⏳ Processing gs://jibber-jabber-knowledge-bmrs-data/elexon/rolling_demand/recent_20250823021633.json for table 'rolling_demand'
2025-08-25 16:50:24,060 - gcs_to_bq_ingest - INFO - Starting BQ load job aeb3e496-e530-440e-a087-18460ac23d59 for table jibber-jabber-knowledge.bmrs_data.rolling_demand...
2025-08-25 16:50:26,171 - gcs_to_bq_ingest - INFO - ✅ Loaded 289 rows. Total rows in jibber-jabber-knowledge.bmrs_data.rolling_demand: 27925
2025-08-25 16:50:26,172 - gcs_to_bq_ingest - INFO - ⏳ Processing gs://jibber-jabber-knowledge-bmrs-data/elexon/rolling_demand/recent_20250823022135.json for table 'rolling_demand'
2025-08-25 16:50:27,779 - gcs_to_bq_ingest - INFO - Starting BQ load job 5617335f-14f0-44f1-ae58-bfef6d98b8ee for table jibber-jabber-knowledge.bmrs_data.rolling_demand...
2025-08-25 16:50:29,900 - gcs_to_bq_ingest - INFO - ✅ Loaded 289 rows. Total rows in jibber-jabber-knowledge.bmrs_data.rolling_demand: 28214
2025-08-25 16:50:29,901 - gcs_to_bq_ingest - INFO - ⏳ Processing gs://jibber-jabber-knowledge-bmrs-data/elexon/rolling_demand/recent_20250823022637.json for table 'rolling_demand'
2025-08-25 16:50:31,542 - gcs_to_bq_ingest - INFO - Starting BQ load job 26e9c607-7cf5-435e-bc6b-790bd85a4c22 for table jibber-jabber-knowledge.bmrs_data.rolling_demand...
2025-08-25 16:50:34,096 - gcs_to_bq_ingest - INFO - ✅ Loaded 289 rows. Total rows in jibber-jabber-knowledge.bmrs_data.rolling_demand: 28503
2025-08-25 16:50:34,097 - gcs_to_bq_ingest - INFO - ⏳ Processing gs://jibber-jabber-knowledge-bmrs-data/elexon/rolling_demand/recent_20250823023139.json for table 'rolling_demand'
2025-08-25 16:50:35,635 - gcs_to_bq_ingest - INFO - Starting BQ load job 900b5603-7291-4ece-91a0-f6001c644497 for table jibber-jabber-knowledge.bmrs_data.rolling_demand...
2025-08-25 16:50:37,381 - gcs_to_bq_ingest - INFO - ✅ Loaded 289 rows. Total rows in jibber-jabber-knowledge.bmrs_data.rolling_demand: 28792
2025-08-25 16:50:37,387 - gcs_to_bq_ingest - INFO - ⏳ Processing gs://jibber-jabber-knowledge-bmrs-data/elexon/system_frequency/recent_20250823003922.json for table 'system_frequency'
2025-08-25 16:50:39,743 - gcs_to_bq_ingest - INFO - Starting BQ load job ca941019-bd4b-4c59-b838-c54ebf991685 for table jibber-jabber-knowledge.bmrs_data.system_frequency...
2025-08-25 16:50:41,469 - gcs_to_bq_ingest - INFO - ✅ Loaded 5672 rows. Total rows in jibber-jabber-knowledge.bmrs_data.system_frequency: 436574
2025-08-25 16:50:41,473 - gcs_to_bq_ingest - INFO - ⏳ Processing gs://jibber-jabber-knowledge-bmrs-data/elexon/system_frequency/recent_20250823004009.json for table 'system_frequency'
2025-08-25 16:50:43,630 - gcs_to_bq_ingest - INFO - Starting BQ load job 2fee95f9-fda2-421b-88d0-e86febb2468d for table jibber-jabber-knowledge.bmrs_data.system_frequency...
2025-08-25 16:50:45,790 - gcs_to_bq_ingest - INFO - ✅ Loaded 5672 rows. Total rows in jibber-jabber-knowledge.bmrs_data.system_frequency: 442246
2025-08-25 16:50:45,792 - gcs_to_bq_ingest - INFO - ⏳ Processing gs://jibber-jabber-knowledge-bmrs-data/elexon/system_frequency/recent_20250823004053.json for table 'system_frequency'
2025-08-25 16:50:48,124 - gcs_to_bq_ingest - INFO - Starting BQ load job 03ec826e-a004-44ea-a182-2f0c8cc0b813 for table jibber-jabber-knowledge.bmrs_data.system_frequency...
2025-08-25 16:50:53,666 - gcs_to_bq_ingest - INFO - ✅ Loaded 5680 rows. Total rows in jibber-jabber-knowledge.bmrs_data.system_frequency: 447926
2025-08-25 16:50:53,678 - gcs_to_bq_ingest - INFO - ⏳ Processing gs://jibber-jabber-knowledge-bmrs-data/elexon/system_frequency/recent_20250823004548.json for table 'system_frequency'
2025-08-25 16:50:55,873 - gcs_to_bq_ingest - INFO - Starting BQ load job c5013670-872d-4770-a02b-63529cd5186b for table jibber-jabber-knowledge.bmrs_data.system_frequency...
2025-08-25 16:50:58,302 - gcs_to_bq_ingest - INFO - ✅ Loaded 5696 rows. Total rows in jibber-jabber-knowledge.bmrs_data.system_frequency: 453622
2025-08-25 16:50:58,303 - gcs_to_bq_ingest - INFO - ⏳ Processing gs://jibber-jabber-knowledge-bmrs-data/elexon/system_frequency/recent_20250823005051.json for table 'system_frequency'
2025-08-25 16:51:00,547 - gcs_to_bq_ingest - INFO - Starting BQ load job d2785fee-688f-416d-9708-d411f83c4e95 for table jibber-jabber-knowledge.bmrs_data.system_frequency...
2025-08-25 16:51:03,183 - gcs_to_bq_ingest - INFO - ✅ Loaded 5720 rows. Total rows in jibber-jabber-knowledge.bmrs_data.system_frequency: 459342
2025-08-25 16:51:03,184 - gcs_to_bq_ingest - INFO - ⏳ Processing gs://jibber-jabber-knowledge-bmrs-data/elexon/system_frequency/recent_20250823005554.json for table 'system_frequency'
2025-08-25 16:51:05,436 - gcs_to_bq_ingest - INFO - Starting BQ load job 59de7b0f-ca28-4026-93d0-d850f4df9829 for table jibber-jabber-knowledge.bmrs_data.system_frequency...
2025-08-25 16:51:07,874 - gcs_to_bq_ingest - INFO - ✅ Loaded 5736 rows. Total rows in jibber-jabber-knowledge.bmrs_data.system_frequency: 465078
2025-08-25 16:51:07,875 - gcs_to_bq_ingest - INFO - ⏳ Processing gs://jibber-jabber-knowledge-bmrs-data/elexon/system_frequency/recent_20250823010056.json for table 'system_frequency'
2025-08-25 16:51:09,939 - gcs_to_bq_ingest - INFO - Starting BQ load job 1567d3e6-41a9-4a85-86a3-23229bc6dc45 for table jibber-jabber-knowledge.bmrs_data.system_frequency...
2025-08-25 16:51:11,986 - gcs_to_bq_ingest - INFO - ✅ Loaded 5760 rows. Total rows in jibber-jabber-knowledge.bmrs_data.system_frequency: 470838
2025-08-25 16:51:11,987 - gcs_to_bq_ingest - INFO - ⏳ Processing gs://jibber-jabber-knowledge-bmrs-data/elexon/system_frequency/recent_20250823010558.json for table 'system_frequency'
2025-08-25 16:51:14,021 - gcs_to_bq_ingest - INFO - Starting BQ load job db986870-183a-455d-affc-842c9749a641 for table jibber-jabber-knowledge.bmrs_data.system_frequency...
2025-08-25 16:51:16,674 - gcs_to_bq_ingest - INFO - ✅ Loaded 5761 rows. Total rows in jibber-jabber-knowledge.bmrs_data.system_frequency: 476599
2025-08-25 16:51:16,676 - gcs_to_bq_ingest - INFO - ⏳ Processing gs://jibber-jabber-knowledge-bmrs-data/elexon/system_frequency/recent_20250823011100.json for table 'system_frequency'
2025-08-25 16:51:18,680 - gcs_to_bq_ingest - INFO - Starting BQ load job 909730a6-e51c-4cd6-b34e-4f7f7edde9f5 for table jibber-jabber-knowledge.bmrs_data.system_frequency...
2025-08-25 16:51:20,894 - gcs_to_bq_ingest - INFO - ✅ Loaded 5761 rows. Total rows in jibber-jabber-knowledge.bmrs_data.system_frequency: 482360
2025-08-25 16:51:20,894 - gcs_to_bq_ingest - INFO - ⏳ Processing gs://jibber-jabber-knowledge-bmrs-data/elexon/system_frequency/recent_20250823011602.json for table 'system_frequency'
2025-08-25 16:51:22,840 - gcs_to_bq_ingest - INFO - Starting BQ load job 74121417-e3eb-4c2b-852f-01071993d86d for table jibber-jabber-knowledge.bmrs_data.system_frequency...
2025-08-25 16:51:25,607 - gcs_to_bq_ingest - INFO - ✅ Loaded 5761 rows. Total rows in jibber-jabber-knowledge.bmrs_data.system_frequency: 488121
2025-08-25 16:51:25,609 - gcs_to_bq_ingest - INFO - ⏳ Processing gs://jibber-jabber-knowledge-bmrs-data/elexon/system_frequency/recent_20250823012104.json for table 'system_frequency'
2025-08-25 16:51:27,653 - gcs_to_bq_ingest - INFO - Starting BQ load job 47cc43af-51de-4e1c-a65b-b0fd5d69bdf3 for table jibber-jabber-knowledge.bmrs_data.system_frequency...
2025-08-25 16:51:30,206 - gcs_to_bq_ingest - INFO - ✅ Loaded 5761 rows. Total rows in jibber-jabber-knowledge.bmrs_data.system_frequency: 493882
2025-08-25 16:51:30,207 - gcs_to_bq_ingest - INFO - ⏳ Processing gs://jibber-jabber-knowledge-bmrs-data/elexon/system_frequency/recent_20250823012606.json for table 'system_frequency'
2025-08-25 16:51:32,467 - gcs_to_bq_ingest - INFO - Starting BQ load job f60a5597-aaf8-49d2-8538-003efb729c73 for table jibber-jabber-knowledge.bmrs_data.system_frequency...
2025-08-25 16:51:34,413 - gcs_to_bq_ingest - INFO - ✅ Loaded 5761 rows. Total rows in jibber-jabber-knowledge.bmrs_data.system_frequency: 499643
2025-08-25 16:51:34,414 - gcs_to_bq_ingest - INFO - ⏳ Processing gs://jibber-jabber-knowledge-bmrs-data/elexon/system_frequency/recent_20250823013108.json for table 'system_frequency'
2025-08-25 16:51:36,562 - gcs_to_bq_ingest - INFO - Starting BQ load job b95210a6-63f0-4fab-92ae-86997661fef2 for table jibber-jabber-knowledge.bmrs_data.system_frequency...
2025-08-25 16:51:38,713 - gcs_to_bq_ingest - INFO - ✅ Loaded 5761 rows. Total rows in jibber-jabber-knowledge.bmrs_data.system_frequency: 505404
2025-08-25 16:51:38,714 - gcs_to_bq_ingest - INFO - ⏳ Processing gs://jibber-jabber-knowledge-bmrs-data/elexon/system_frequency/recent_20250823013610.json for table 'system_frequency'
2025-08-25 16:51:40,863 - gcs_to_bq_ingest - INFO - Starting BQ load job a46189de-8877-4d6c-82c4-2dc3a3581f90 for table jibber-jabber-knowledge.bmrs_data.system_frequency...
2025-08-25 16:51:42,756 - gcs_to_bq_ingest - INFO - ✅ Loaded 5761 rows. Total rows in jibber-jabber-knowledge.bmrs_data.system_frequency: 511165
2025-08-25 16:51:42,757 - gcs_to_bq_ingest - INFO - ⏳ Processing gs://jibber-jabber-knowledge-bmrs-data/elexon/system_frequency/recent_20250823014111.json for table 'system_frequency'
2025-08-25 16:51:44,652 - gcs_to_bq_ingest - INFO - Starting BQ load job 158a8d17-5434-4402-b028-4873f86ece53 for table jibber-jabber-knowledge.bmrs_data.system_frequency...
2025-08-25 16:51:46,290 - gcs_to_bq_ingest - INFO - ✅ Loaded 5761 rows. Total rows in jibber-jabber-knowledge.bmrs_data.system_frequency: 516926
2025-08-25 16:51:46,293 - gcs_to_bq_ingest - INFO - ⏳ Processing gs://jibber-jabber-knowledge-bmrs-data/elexon/system_frequency/recent_20250823014614.json for table 'system_frequency'
2025-08-25 16:51:48,203 - gcs_to_bq_ingest - INFO - Starting BQ load job bf23b7c9-be53-47d6-b302-927f44abe75a for table jibber-jabber-knowledge.bmrs_data.system_frequency...
2025-08-25 16:51:52,434 - gcs_to_bq_ingest - INFO - ✅ Loaded 5761 rows. Total rows in jibber-jabber-knowledge.bmrs_data.system_frequency: 522687
2025-08-25 16:51:52,436 - gcs_to_bq_ingest - INFO - ⏳ Processing gs://jibber-jabber-knowledge-bmrs-data/elexon/system_frequency/recent_20250823015117.json for table 'system_frequency'
2025-08-25 16:51:54,333 - gcs_to_bq_ingest - INFO - Starting BQ load job 3844257d-3b96-45e8-8cfe-680b40e4305b for table jibber-jabber-knowledge.bmrs_data.system_frequency...
2025-08-25 16:51:56,307 - gcs_to_bq_ingest - INFO - ✅ Loaded 5761 rows. Total rows in jibber-jabber-knowledge.bmrs_data.system_frequency: 528448
2025-08-25 16:51:56,309 - gcs_to_bq_ingest - INFO - ⏳ Processing gs://jibber-jabber-knowledge-bmrs-data/elexon/system_frequency/recent_20250823015620.json for table 'system_frequency'
2025-08-25 16:51:58,725 - gcs_to_bq_ingest - INFO - Starting BQ load job 667b0775-72a6-4345-9ac6-9cc701324a99 for table jibber-jabber-knowledge.bmrs_data.system_frequency...
2025-08-25 16:52:02,283 - gcs_to_bq_ingest - INFO - ✅ Loaded 5761 rows. Total rows in jibber-jabber-knowledge.bmrs_data.system_frequency: 534209
2025-08-25 16:52:02,316 - gcs_to_bq_ingest - INFO - ⏳ Processing gs://jibber-jabber-knowledge-bmrs-data/elexon/system_frequency/recent_20250823020123.json for table 'system_frequency'
2025-08-25 16:52:04,432 - gcs_to_bq_ingest - INFO - Starting BQ load job 712baae8-7d76-4c8d-aaeb-961bc79f5bd8 for table jibber-jabber-knowledge.bmrs_data.system_frequency...
2025-08-25 16:52:07,200 - gcs_to_bq_ingest - INFO - ✅ Loaded 5761 rows. Total rows in jibber-jabber-knowledge.bmrs_data.system_frequency: 539970
2025-08-25 16:52:07,202 - gcs_to_bq_ingest - INFO - ⏳ Processing gs://jibber-jabber-knowledge-bmrs-data/elexon/system_frequency/recent_20250823020625.json for table 'system_frequency'
2025-08-25 16:52:08,985 - gcs_to_bq_ingest - INFO - Starting BQ load job 14759181-6bbe-43fd-a7f0-5b69e63e5abf for table jibber-jabber-knowledge.bmrs_data.system_frequency...
2025-08-25 16:52:12,107 - gcs_to_bq_ingest - INFO - ✅ Loaded 5761 rows. Total rows in jibber-jabber-knowledge.bmrs_data.system_frequency: 545731
2025-08-25 16:52:12,108 - gcs_to_bq_ingest - INFO - ⏳ Processing gs://jibber-jabber-knowledge-bmrs-data/elexon/system_frequency/recent_20250823021128.json for table 'system_frequency'
2025-08-25 16:52:14,007 - gcs_to_bq_ingest - INFO - Starting BQ load job 9aad3fe9-46d7-4d81-9182-12f6be78e332 for table jibber-jabber-knowledge.bmrs_data.system_frequency...
2025-08-25 16:52:16,394 - gcs_to_bq_ingest - INFO - ✅ Loaded 5761 rows. Total rows in jibber-jabber-knowledge.bmrs_data.system_frequency: 551492
2025-08-25 16:52:16,395 - gcs_to_bq_ingest - INFO - ⏳ Processing gs://jibber-jabber-knowledge-bmrs-data/elexon/system_frequency/recent_20250823021630.json for table 'system_frequency'
2025-08-25 16:52:18,629 - gcs_to_bq_ingest - INFO - Starting BQ load job fa721ef7-485f-4894-95e0-20b91aacea2b for table jibber-jabber-knowledge.bmrs_data.system_frequency...
2025-08-25 16:52:21,452 - gcs_to_bq_ingest - INFO - ✅ Loaded 5761 rows. Total rows in jibber-jabber-knowledge.bmrs_data.system_frequency: 557253
2025-08-25 16:52:21,453 - gcs_to_bq_ingest - INFO - ⏳ Processing gs://jibber-jabber-knowledge-bmrs-data/elexon/system_frequency/recent_20250823022132.json for table 'system_frequency'
2025-08-25 16:52:23,563 - gcs_to_bq_ingest - INFO - Starting BQ load job facfe222-a651-44e3-918a-89ba0f86ca08 for table jibber-jabber-knowledge.bmrs_data.system_frequency...
2025-08-25 16:52:26,972 - gcs_to_bq_ingest - INFO - ✅ Loaded 5761 rows. Total rows in jibber-jabber-knowledge.bmrs_data.system_frequency: 563014
2025-08-25 16:52:26,975 - gcs_to_bq_ingest - INFO - ⏳ Processing gs://jibber-jabber-knowledge-bmrs-data/elexon/system_frequency/recent_20250823022634.json for table 'system_frequency'
2025-08-25 16:52:29,108 - gcs_to_bq_ingest - INFO - Starting BQ load job 0bdd1b76-a1c3-47c5-a89f-f97ea12988d5 for table jibber-jabber-knowledge.bmrs_data.system_frequency...
2025-08-25 16:52:30,686 - gcs_to_bq_ingest - INFO - ✅ Loaded 5761 rows. Total rows in jibber-jabber-knowledge.bmrs_data.system_frequency: 568775
2025-08-25 16:52:30,688 - gcs_to_bq_ingest - INFO - ⏳ Processing gs://jibber-jabber-knowledge-bmrs-data/elexon/system_frequency/recent_20250823023137.json for table 'system_frequency'
2025-08-25 16:52:32,765 - gcs_to_bq_ingest - INFO - Starting BQ load job be648192-46ec-4b05-a970-f105f560e09b for table jibber-jabber-knowledge.bmrs_data.system_frequency...
2025-08-25 16:52:34,709 - gcs_to_bq_ingest - INFO - ✅ Loaded 5761 rows. Total rows in jibber-jabber-knowledge.bmrs_data.system_frequency: 574536
2025-08-25 16:52:34,709 - gcs_to_bq_ingest - INFO - ⏳ Processing gs://jibber-jabber-knowledge-bmrs-data/elexon/system_warnings/recent_20250822233112.json for table 'system_warnings'
2025-08-25 16:52:36,107 - gcs_to_bq_ingest - INFO - Starting BQ load job 30dd06d1-405d-44e2-ab5a-6a02cecad39e for table jibber-jabber-knowledge.bmrs_data.system_warnings...
2025-08-25 16:52:38,104 - gcs_to_bq_ingest - INFO - ✅ Loaded 1 rows. Total rows in jibber-jabber-knowledge.bmrs_data.system_warnings: 25
2025-08-25 16:52:38,106 - gcs_to_bq_ingest - INFO - ⏳ Processing gs://jibber-jabber-knowledge-bmrs-data/elexon/system_warnings/recent_20250823000140.json for table 'system_warnings'
2025-08-25 16:52:39,643 - gcs_to_bq_ingest - INFO - Starting BQ load job 5116f65a-d5d2-48cd-a6bc-c14c167d4f2d for table jibber-jabber-knowledge.bmrs_data.system_warnings...
2025-08-25 16:52:42,646 - gcs_to_bq_ingest - INFO - ✅ Loaded 1 rows. Total rows in jibber-jabber-knowledge.bmrs_data.system_warnings: 26
2025-08-25 16:52:42,647 - gcs_to_bq_ingest - INFO - ⏳ Processing gs://jibber-jabber-knowledge-bmrs-data/elexon/system_warnings/recent_20250823001819.json for table 'system_warnings'
2025-08-25 16:52:44,042 - gcs_to_bq_ingest - INFO - Starting BQ load job e70f8e8c-657f-4742-a564-d11f799c583b for table jibber-jabber-knowledge.bmrs_data.system_warnings...
2025-08-25 16:52:46,398 - gcs_to_bq_ingest - INFO - ✅ Loaded 1 rows. Total rows in jibber-jabber-knowledge.bmrs_data.system_warnings: 27
2025-08-25 16:52:46,399 - gcs_to_bq_ingest - INFO - ⏳ Processing gs://jibber-jabber-knowledge-bmrs-data/elexon/system_warnings/recent_20250823002059.json for table 'system_warnings'
2025-08-25 16:52:47,904 - gcs_to_bq_ingest - INFO - Starting BQ load job abdc761c-ce5f-428e-b120-1476c49beb3d for table jibber-jabber-knowledge.bmrs_data.system_warnings...
2025-08-25 16:52:49,944 - gcs_to_bq_ingest - INFO - ✅ Loaded 1 rows. Total rows in jibber-jabber-knowledge.bmrs_data.system_warnings: 28
2025-08-25 16:52:49,949 - gcs_to_bq_ingest - INFO - ⏳ Processing gs://jibber-jabber-knowledge-bmrs-data/elexon/system_warnings/recent_20250823003921.json for table 'system_warnings'
2025-08-25 16:52:51,538 - gcs_to_bq_ingest - INFO - Starting BQ load job b33d645d-fbd2-439f-99ae-c9f0453d76e8 for table jibber-jabber-knowledge.bmrs_data.system_warnings...
2025-08-25 16:52:55,719 - gcs_to_bq_ingest - INFO - ✅ Loaded 1 rows. Total rows in jibber-jabber-knowledge.bmrs_data.system_warnings: 29
2025-08-25 16:52:55,722 - gcs_to_bq_ingest - INFO - ⏳ Processing gs://jibber-jabber-knowledge-bmrs-data/elexon/system_warnings/recent_20250823004008.json for table 'system_warnings'
2025-08-25 16:52:57,176 - gcs_to_bq_ingest - INFO - Starting BQ load job 94c7982c-082b-4d37-a92f-f7b341e1aaee for table jibber-jabber-knowledge.bmrs_data.system_warnings...
2025-08-25 16:53:00,018 - gcs_to_bq_ingest - INFO - ✅ Loaded 1 rows. Total rows in jibber-jabber-knowledge.bmrs_data.system_warnings: 30
2025-08-25 16:53:00,019 - gcs_to_bq_ingest - INFO - ⏳ Processing gs://jibber-jabber-knowledge-bmrs-data/elexon/system_warnings/recent_20250823004052.json for table 'system_warnings'
2025-08-25 16:53:01,555 - gcs_to_bq_ingest - INFO - Starting BQ load job 41229d6d-65bb-4943-84ae-545d8c64662d for table jibber-jabber-knowledge.bmrs_data.system_warnings...
2025-08-25 16:53:03,588 - gcs_to_bq_ingest - INFO - ✅ Loaded 1 rows. Total rows in jibber-jabber-knowledge.bmrs_data.system_warnings: 31
2025-08-25 16:53:03,589 - gcs_to_bq_ingest - INFO - ⏳ Processing gs://jibber-jabber-knowledge-bmrs-data/elexon/system_warnings/recent_20250823014048.json for table 'system_warnings'
2025-08-25 16:53:05,073 - gcs_to_bq_ingest - INFO - Starting BQ load job 21a55521-a248-41b0-9bbf-b802b796670d for table jibber-jabber-knowledge.bmrs_data.system_warnings...
2025-08-25 16:53:07,012 - gcs_to_bq_ingest - INFO - ✅ Loaded 1 rows. Total rows in jibber-jabber-knowledge.bmrs_data.system_warnings: 32
2025-08-25 16:53:07,018 - gcs_to_bq_ingest - INFO - 🎉 Ingestion run complete. Processed 121 JSON files.
