2025-08-25 16:00:35,084 - gcs_to_bq_ingest - INFO - ✅ GCS and BigQuery clients initialized successfully.
2025-08-25 16:00:35,762 - gcs_to_bq_ingest - INFO - BQ Dataset 'jibber-jabber-knowledge.bmrs_data' already exists.
2025-08-25 16:00:35,763 - gcs_to_bq_ingest - INFO - 🚀 Found files in gs://jibber-jabber-knowledge-bmrs-data/elexon/. Starting ingestion...
2025-08-25 16:00:36,436 - gcs_to_bq_ingest - INFO - ⏳ Processing gs://jibber-jabber-knowledge-bmrs-data/elexon/FOU2T14D/2025/07/FOU2T14D_2025-07-01_2025-07-07.json for table 'FOU2T14D'
2025-08-25 16:00:39,525 - gcs_to_bq_ingest - INFO - Starting BQ load job 58827b80-1c10-4c7e-b340-0c647e073804 for table jibber-jabber-knowledge.bmrs_data.FOU2T14D...
2025-08-25 16:00:48,876 - gcs_to_bq_ingest - INFO - ✅ Loaded 247 rows. Total rows in jibber-jabber-knowledge.bmrs_data.FOU2T14D: 494
2025-08-25 16:00:48,879 - gcs_to_bq_ingest - INFO - ⏳ Processing gs://jibber-jabber-knowledge-bmrs-data/elexon/FOU2T3YW/2025/07/FOU2T3YW_2025-07-01_2025-07-07.json for table 'FOU2T3YW'
2025-08-25 16:00:51,233 - gcs_to_bq_ingest - INFO - Starting BQ load job cc22ed9e-b89c-4522-9af5-3ef28ca7eae7 for table jibber-jabber-knowledge.bmrs_data.FOU2T3YW...
2025-08-25 16:01:23,585 - gcs_to_bq_ingest - INFO - ✅ Loaded 2945 rows. Total rows in jibber-jabber-knowledge.bmrs_data.FOU2T3YW: 5890
2025-08-25 16:01:23,589 - gcs_to_bq_ingest - INFO - ⏳ Processing gs://jibber-jabber-knowledge-bmrs-data/elexon/FREQ/2025/07/FREQ_2025-07-01_2025-07-07.json for table 'FREQ'
2025-08-25 16:01:25,942 - gcs_to_bq_ingest - INFO - Starting BQ load job 3c36e767-13fd-4370-a778-b09092ed3221 for table jibber-jabber-knowledge.bmrs_data.FREQ...
2025-08-25 16:01:29,094 - gcs_to_bq_ingest - INFO - ✅ Loaded 5761 rows. Total rows in jibber-jabber-knowledge.bmrs_data.FREQ: 11522
2025-08-25 16:01:29,098 - gcs_to_bq_ingest - INFO - ⏳ Processing gs://jibber-jabber-knowledge-bmrs-data/elexon/FUELHH/2025/07/FUELHH_2025-07-01_2025-07-07.json for table 'FUELHH'
2025-08-25 16:01:30,880 - gcs_to_bq_ingest - INFO - Starting BQ load job b6872c54-acbf-46bb-ad71-da9aef64dac3 for table jibber-jabber-knowledge.bmrs_data.FUELHH...
2025-08-25 16:01:34,759 - gcs_to_bq_ingest - INFO - ✅ Loaded 620 rows. Total rows in jibber-jabber-knowledge.bmrs_data.FUELHH: 1240
2025-08-25 16:01:34,768 - gcs_to_bq_ingest - INFO - ⏳ Processing gs://jibber-jabber-knowledge-bmrs-data/elexon/FUELINST/2025/07/FUELINST_2025-07-01_2025-07-07.json for table 'FUELINST'
2025-08-25 16:01:36,883 - gcs_to_bq_ingest - INFO - Starting BQ load job 0735bc82-dd1a-44ab-b2c8-b575c8246bd9 for table jibber-jabber-knowledge.bmrs_data.FUELINST...
2025-08-25 16:01:40,275 - gcs_to_bq_ingest - INFO - ✅ Loaded 3760 rows. Total rows in jibber-jabber-knowledge.bmrs_data.FUELINST: 7520
2025-08-25 16:01:40,280 - gcs_to_bq_ingest - INFO - ⏳ Processing gs://jibber-jabber-knowledge-bmrs-data/elexon/IMBALNGC/2025/07/IMBALNGC_2025-07-01_2025-07-07.json for table 'IMBALNGC'
2025-08-25 16:01:42,507 - gcs_to_bq_ingest - INFO - Starting BQ load job 30472be4-d028-4abf-826a-05502ea0d578 for table jibber-jabber-knowledge.bmrs_data.IMBALNGC...
2025-08-25 16:01:44,782 - gcs_to_bq_ingest - INFO - ✅ Loaded 1350 rows. Total rows in jibber-jabber-knowledge.bmrs_data.IMBALNGC: 2700
2025-08-25 16:01:44,784 - gcs_to_bq_ingest - INFO - ⏳ Processing gs://jibber-jabber-knowledge-bmrs-data/elexon/INDDEM/2025/07/INDDEM_2025-07-01_2025-07-07.json for table 'INDDEM'
2025-08-25 16:01:46,840 - gcs_to_bq_ingest - INFO - Starting BQ load job 2787e584-d8e3-43fe-a4f8-0f6a42b1065a for table jibber-jabber-knowledge.bmrs_data.INDDEM...
2025-08-25 16:01:49,040 - gcs_to_bq_ingest - INFO - ✅ Loaded 1350 rows. Total rows in jibber-jabber-knowledge.bmrs_data.INDDEM: 2700
2025-08-25 16:01:49,044 - gcs_to_bq_ingest - INFO - ⏳ Processing gs://jibber-jabber-knowledge-bmrs-data/elexon/INDGEN/2025/07/INDGEN_2025-07-01_2025-07-07.json for table 'INDGEN'
2025-08-25 16:01:51,052 - gcs_to_bq_ingest - INFO - Starting BQ load job 44b27b9d-c0ef-467e-a0ef-144a7a8aa586 for table jibber-jabber-knowledge.bmrs_data.INDGEN...
2025-08-25 16:01:53,379 - gcs_to_bq_ingest - INFO - ✅ Loaded 1350 rows. Total rows in jibber-jabber-knowledge.bmrs_data.INDGEN: 2700
2025-08-25 16:01:53,388 - gcs_to_bq_ingest - INFO - ⏳ Processing gs://jibber-jabber-knowledge-bmrs-data/elexon/INDO/2025/07/INDO_2025-07-01_2025-07-07.json for table 'INDO'
2025-08-25 16:01:55,070 - gcs_to_bq_ingest - INFO - Starting BQ load job ece0ca60-7f51-449b-85a0-1981e35c9d8e for table jibber-jabber-knowledge.bmrs_data.INDO...
2025-08-25 16:01:57,986 - gcs_to_bq_ingest - INFO - ✅ Loaded 1 rows. Total rows in jibber-jabber-knowledge.bmrs_data.INDO: 2
2025-08-25 16:01:57,988 - gcs_to_bq_ingest - INFO - ⏳ Processing gs://jibber-jabber-knowledge-bmrs-data/elexon/ITSDO/2025/07/ITSDO_2025-07-01_2025-07-07.json for table 'ITSDO'
2025-08-25 16:01:59,686 - gcs_to_bq_ingest - INFO - Starting BQ load job c8b7dcf6-1274-4941-8576-49fd67f0e2bf for table jibber-jabber-knowledge.bmrs_data.ITSDO...
2025-08-25 16:02:01,480 - gcs_to_bq_ingest - INFO - ✅ Loaded 1 rows. Total rows in jibber-jabber-knowledge.bmrs_data.ITSDO: 2
2025-08-25 16:02:01,481 - gcs_to_bq_ingest - INFO - ⏳ Processing gs://jibber-jabber-knowledge-bmrs-data/elexon/MELNGC/2025/07/MELNGC_2025-07-01_2025-07-07.json for table 'MELNGC'
2025-08-25 16:02:03,518 - gcs_to_bq_ingest - INFO - Starting BQ load job eaef9a6f-0d94-4c38-86a0-1deb04460175 for table jibber-jabber-knowledge.bmrs_data.MELNGC...
2025-08-25 16:02:05,964 - gcs_to_bq_ingest - INFO - ✅ Loaded 1350 rows. Total rows in jibber-jabber-knowledge.bmrs_data.MELNGC: 2700
2025-08-25 16:02:05,965 - gcs_to_bq_ingest - INFO - ⏳ Processing gs://jibber-jabber-knowledge-bmrs-data/elexon/MID/2025/07/MID_2025-07-01_2025-07-07.json for table 'MID'
2025-08-25 16:02:07,625 - gcs_to_bq_ingest - INFO - Starting BQ load job 70d5f4fc-cc44-4d94-9a2b-7206c0048d24 for table jibber-jabber-knowledge.bmrs_data.MID...
2025-08-25 16:02:15,797 - gcs_to_bq_ingest - INFO - ✅ Loaded 555 rows. Total rows in jibber-jabber-knowledge.bmrs_data.MID: 1110
2025-08-25 16:02:15,800 - gcs_to_bq_ingest - INFO - ⏳ Processing gs://jibber-jabber-knowledge-bmrs-data/elexon/MNZT/2025/07/MNZT_2025-07-01_2025-07-07.json for table 'MNZT'
2025-08-25 16:02:17,750 - gcs_to_bq_ingest - INFO - Starting BQ load job 2fae2b32-c9fc-4e18-94f5-cf50257b2ec1 for table jibber-jabber-knowledge.bmrs_data.MNZT...
2025-08-25 16:02:20,698 - gcs_to_bq_ingest - INFO - ✅ Loaded 293 rows. Total rows in jibber-jabber-knowledge.bmrs_data.MNZT: 586
2025-08-25 16:02:20,701 - gcs_to_bq_ingest - INFO - ⏳ Processing gs://jibber-jabber-knowledge-bmrs-data/elexon/MZT/2025/07/MZT_2025-07-01_2025-07-07.json for table 'MZT'
2025-08-25 16:02:22,475 - gcs_to_bq_ingest - INFO - Starting BQ load job 7e4d09ef-5a2e-4d60-b53c-d90c53749c7c for table jibber-jabber-knowledge.bmrs_data.MZT...
2025-08-25 16:02:25,461 - gcs_to_bq_ingest - INFO - ✅ Loaded 188 rows. Total rows in jibber-jabber-knowledge.bmrs_data.MZT: 376
2025-08-25 16:02:25,462 - gcs_to_bq_ingest - INFO - ⏳ Processing gs://jibber-jabber-knowledge-bmrs-data/elexon/NDF/2025/07/NDF_2025-07-01_2025-07-07.json for table 'NDF'
2025-08-25 16:02:27,082 - gcs_to_bq_ingest - INFO - Starting BQ load job 33603138-a209-48dd-bc87-8c61f93f78a4 for table jibber-jabber-knowledge.bmrs_data.NDF...
2025-08-25 16:02:29,948 - gcs_to_bq_ingest - INFO - ✅ Loaded 75 rows. Total rows in jibber-jabber-knowledge.bmrs_data.NDF: 150
2025-08-25 16:02:29,951 - gcs_to_bq_ingest - INFO - ⏳ Processing gs://jibber-jabber-knowledge-bmrs-data/elexon/NDFD/2025/07/NDFD_2025-07-01_2025-07-07.json for table 'NDFD'
2025-08-25 16:02:31,585 - gcs_to_bq_ingest - INFO - Starting BQ load job 9a147761-f553-4f67-a9e5-7a9520df2e6e for table jibber-jabber-knowledge.bmrs_data.NDFD...
2025-08-25 16:02:36,538 - gcs_to_bq_ingest - INFO - ✅ Loaded 13 rows. Total rows in jibber-jabber-knowledge.bmrs_data.NDFD: 26
2025-08-25 16:02:36,545 - gcs_to_bq_ingest - INFO - ⏳ Processing gs://jibber-jabber-knowledge-bmrs-data/elexon/NDFW/2025/07/NDFW_2025-07-01_2025-07-07.json for table 'NDFW'
2025-08-25 16:02:38,319 - gcs_to_bq_ingest - INFO - Starting BQ load job 2a7f1819-fd2e-4772-b0f9-b96f72dc28cb for table jibber-jabber-knowledge.bmrs_data.NDFW...
2025-08-25 16:02:43,264 - gcs_to_bq_ingest - INFO - ✅ Loaded 51 rows. Total rows in jibber-jabber-knowledge.bmrs_data.NDFW: 102
2025-08-25 16:02:43,269 - gcs_to_bq_ingest - INFO - ⏳ Processing gs://jibber-jabber-knowledge-bmrs-data/elexon/NDZ/2025/07/NDZ_2025-07-01_2025-07-07.json for table 'NDZ'
2025-08-25 16:02:44,898 - gcs_to_bq_ingest - INFO - Starting BQ load job d666f619-5ec0-401c-a324-adb24dbb7d0c for table jibber-jabber-knowledge.bmrs_data.NDZ...
2025-08-25 16:02:48,309 - gcs_to_bq_ingest - INFO - ✅ Loaded 341 rows. Total rows in jibber-jabber-knowledge.bmrs_data.NDZ: 682
2025-08-25 16:02:48,311 - gcs_to_bq_ingest - INFO - ⏳ Processing gs://jibber-jabber-knowledge-bmrs-data/elexon/NETBSAD/2025/07/NETBSAD_2025-07-01_2025-07-07.json for table 'NETBSAD'
2025-08-25 16:02:50,348 - gcs_to_bq_ingest - INFO - Starting BQ load job 72ed2ea0-a971-4f9c-89dd-873ca5c6a6c3 for table jibber-jabber-knowledge.bmrs_data.NETBSAD...
2025-08-25 16:02:52,681 - gcs_to_bq_ingest - INFO - ✅ Loaded 289 rows. Total rows in jibber-jabber-knowledge.bmrs_data.NETBSAD: 578
2025-08-25 16:02:52,683 - gcs_to_bq_ingest - INFO - ⏳ Processing gs://jibber-jabber-knowledge-bmrs-data/elexon/NONBM/2025/07/NONBM_2025-07-01_2025-07-07.json for table 'NONBM'
2025-08-25 16:02:54,318 - gcs_to_bq_ingest - INFO - Starting BQ load job d4fdda6c-4a16-4fe2-b8c0-7b5c7324997b for table jibber-jabber-knowledge.bmrs_data.NONBM...
2025-08-25 16:02:56,450 - gcs_to_bq_ingest - INFO - ✅ Loaded 287 rows. Total rows in jibber-jabber-knowledge.bmrs_data.NONBM: 574
2025-08-25 16:02:56,451 - gcs_to_bq_ingest - INFO - ⏳ Processing gs://jibber-jabber-knowledge-bmrs-data/elexon/NOU2T14D/2025/07/NOU2T14D_2025-07-01_2025-07-07.json for table 'NOU2T14D'
2025-08-25 16:02:58,003 - gcs_to_bq_ingest - INFO - Starting BQ load job 3c642e9a-c078-43c0-81a5-f6dacf2ef140 for table jibber-jabber-knowledge.bmrs_data.NOU2T14D...
2025-08-25 16:03:00,530 - gcs_to_bq_ingest - INFO - ✅ Loaded 13 rows. Total rows in jibber-jabber-knowledge.bmrs_data.NOU2T14D: 26
2025-08-25 16:03:00,531 - gcs_to_bq_ingest - INFO - ⏳ Processing gs://jibber-jabber-knowledge-bmrs-data/elexon/NOU2T3YW/2025/07/NOU2T3YW_2025-07-01_2025-07-07.json for table 'NOU2T3YW'
2025-08-25 16:03:02,160 - gcs_to_bq_ingest - INFO - Starting BQ load job 2e23ed09-d4c6-489f-9041-eb868d6a6cde for table jibber-jabber-knowledge.bmrs_data.NOU2T3YW...
2025-08-25 16:03:04,964 - gcs_to_bq_ingest - INFO - ✅ Loaded 155 rows. Total rows in jibber-jabber-knowledge.bmrs_data.NOU2T3YW: 310
2025-08-25 16:03:04,965 - gcs_to_bq_ingest - INFO - ⏳ Processing gs://jibber-jabber-knowledge-bmrs-data/elexon/NTB/2025/07/NTB_2025-07-01_2025-07-07.json for table 'NTB'
2025-08-25 16:03:06,400 - gcs_to_bq_ingest - INFO - Starting BQ load job cadea035-82c8-47e9-8551-d9c38249b25e for table jibber-jabber-knowledge.bmrs_data.NTB...
2025-08-25 16:03:08,847 - gcs_to_bq_ingest - INFO - ✅ Loaded 76 rows. Total rows in jibber-jabber-knowledge.bmrs_data.NTB: 152
2025-08-25 16:03:08,850 - gcs_to_bq_ingest - INFO - ⏳ Processing gs://jibber-jabber-knowledge-bmrs-data/elexon/NTO/2025/07/NTO_2025-07-01_2025-07-07.json for table 'NTO'
2025-08-25 16:03:10,499 - gcs_to_bq_ingest - INFO - Starting BQ load job 63031e2d-8919-41f5-bbcf-7f7d270de2d9 for table jibber-jabber-knowledge.bmrs_data.NTO...
2025-08-25 16:03:13,914 - gcs_to_bq_ingest - INFO - ✅ Loaded 76 rows. Total rows in jibber-jabber-knowledge.bmrs_data.NTO: 152
2025-08-25 16:03:13,917 - gcs_to_bq_ingest - INFO - ⏳ Processing gs://jibber-jabber-knowledge-bmrs-data/elexon/OCNMF3Y/2025/07/OCNMF3Y_2025-07-01_2025-07-07.json for table 'OCNMF3Y'
2025-08-25 16:03:15,514 - gcs_to_bq_ingest - INFO - Starting BQ load job d7fbbf63-48bf-4d30-a273-ebe3189c6547 for table jibber-jabber-knowledge.bmrs_data.OCNMF3Y...
2025-08-25 16:03:19,507 - gcs_to_bq_ingest - INFO - ✅ Loaded 155 rows. Total rows in jibber-jabber-knowledge.bmrs_data.OCNMF3Y: 310
2025-08-25 16:03:19,509 - gcs_to_bq_ingest - INFO - ⏳ Processing gs://jibber-jabber-knowledge-bmrs-data/elexon/OCNMF3Y2/2025/07/OCNMF3Y2_2025-07-01_2025-07-07.json for table 'OCNMF3Y2'
2025-08-25 16:03:21,155 - gcs_to_bq_ingest - INFO - Starting BQ load job ef601f43-0554-404c-aaeb-2ce62c5a71fa for table jibber-jabber-knowledge.bmrs_data.OCNMF3Y2...
2025-08-25 16:03:24,114 - gcs_to_bq_ingest - INFO - ✅ Loaded 155 rows. Total rows in jibber-jabber-knowledge.bmrs_data.OCNMF3Y2: 310
2025-08-25 16:03:24,117 - gcs_to_bq_ingest - INFO - ⏳ Processing gs://jibber-jabber-knowledge-bmrs-data/elexon/OCNMFD/2025/07/OCNMFD_2025-07-01_2025-07-07.json for table 'OCNMFD'
2025-08-25 16:03:25,588 - gcs_to_bq_ingest - INFO - Starting BQ load job f14134bb-e471-4e3e-b7a8-55403d79e961 for table jibber-jabber-knowledge.bmrs_data.OCNMFD...
2025-08-25 16:03:28,316 - gcs_to_bq_ingest - INFO - ✅ Loaded 13 rows. Total rows in jibber-jabber-knowledge.bmrs_data.OCNMFD: 26
2025-08-25 16:03:28,320 - gcs_to_bq_ingest - INFO - ⏳ Processing gs://jibber-jabber-knowledge-bmrs-data/elexon/OCNMFD2/2025/07/OCNMFD2_2025-07-01_2025-07-07.json for table 'OCNMFD2'
2025-08-25 16:03:29,868 - gcs_to_bq_ingest - INFO - Starting BQ load job e50fe59c-be9f-4b70-a24c-bdda9308f575 for table jibber-jabber-knowledge.bmrs_data.OCNMFD2...
2025-08-25 16:03:31,626 - gcs_to_bq_ingest - INFO - ✅ Loaded 13 rows. Total rows in jibber-jabber-knowledge.bmrs_data.OCNMFD2: 26
2025-08-25 16:03:31,630 - gcs_to_bq_ingest - INFO - ⏳ Processing gs://jibber-jabber-knowledge-bmrs-data/elexon/RDRE/2025/07/RDRE_2025-07-01_2025-07-07.json for table 'RDRE'
2025-08-25 16:03:33,234 - gcs_to_bq_ingest - INFO - Starting BQ load job 67e25251-b27c-4787-9bf7-a5741e4d6abd for table jibber-jabber-knowledge.bmrs_data.RDRE...
2025-08-25 16:03:36,531 - gcs_to_bq_ingest - INFO - ✅ Loaded 199 rows. Total rows in jibber-jabber-knowledge.bmrs_data.RDRE: 398
2025-08-25 16:03:36,535 - gcs_to_bq_ingest - INFO - ⏳ Processing gs://jibber-jabber-knowledge-bmrs-data/elexon/RURE/2025/07/RURE_2025-07-01_2025-07-07.json for table 'RURE'
2025-08-25 16:03:38,459 - gcs_to_bq_ingest - INFO - Starting BQ load job 84bfe570-29ca-4dc3-9a29-acf74661bec1 for table jibber-jabber-knowledge.bmrs_data.RURE...
2025-08-25 16:03:42,138 - gcs_to_bq_ingest - INFO - ✅ Loaded 585 rows. Total rows in jibber-jabber-knowledge.bmrs_data.RURE: 1170
2025-08-25 16:03:42,141 - gcs_to_bq_ingest - INFO - ⏳ Processing gs://jibber-jabber-knowledge-bmrs-data/elexon/RURI/2025/07/RURI_2025-07-01_2025-07-07.json for table 'RURI'
2025-08-25 16:03:43,802 - gcs_to_bq_ingest - INFO - Starting BQ load job f6f0cf71-bdb2-4772-8a02-26b343f0d79f for table jibber-jabber-knowledge.bmrs_data.RURI...
2025-08-25 16:03:46,204 - gcs_to_bq_ingest - INFO - ✅ Loaded 9 rows. Total rows in jibber-jabber-knowledge.bmrs_data.RURI: 18
2025-08-25 16:03:46,207 - gcs_to_bq_ingest - INFO - ⏳ Processing gs://jibber-jabber-knowledge-bmrs-data/elexon/SEL/2025/07/SEL_2025-07-01_2025-07-07.json for table 'SEL'
2025-08-25 16:03:48,078 - gcs_to_bq_ingest - INFO - Starting BQ load job 33661a8b-3aa7-491d-9e85-c59ff2040fb2 for table jibber-jabber-knowledge.bmrs_data.SEL...
2025-08-25 16:03:49,978 - gcs_to_bq_ingest - INFO - ✅ Loaded 816 rows. Total rows in jibber-jabber-knowledge.bmrs_data.SEL: 1632
2025-08-25 16:03:49,984 - gcs_to_bq_ingest - INFO - ⏳ Processing gs://jibber-jabber-knowledge-bmrs-data/elexon/SIL/2025/07/SIL_2025-07-01_2025-07-07.json for table 'SIL'
2025-08-25 16:03:51,661 - gcs_to_bq_ingest - INFO - Starting BQ load job 0675c23d-5679-476f-a35b-4b342782f2f0 for table jibber-jabber-knowledge.bmrs_data.SIL...
2025-08-25 16:03:53,902 - gcs_to_bq_ingest - INFO - ✅ Loaded 310 rows. Total rows in jibber-jabber-knowledge.bmrs_data.SIL: 620
2025-08-25 16:03:53,904 - gcs_to_bq_ingest - INFO - ⏳ Processing gs://jibber-jabber-knowledge-bmrs-data/elexon/TEMP/2025/07/TEMP_2025-07-01_2025-07-07.json for table 'TEMP'
2025-08-25 16:03:55,374 - gcs_to_bq_ingest - INFO - Starting BQ load job c4adcbe3-e083-4d74-b6e7-2524e427b3b0 for table jibber-jabber-knowledge.bmrs_data.TEMP...
2025-08-25 16:03:57,657 - gcs_to_bq_ingest - INFO - ✅ Loaded 31 rows. Total rows in jibber-jabber-knowledge.bmrs_data.TEMP: 62
2025-08-25 16:03:57,659 - gcs_to_bq_ingest - INFO - ⏳ Processing gs://jibber-jabber-knowledge-bmrs-data/elexon/TSDF/2025/07/TSDF_2025-07-01_2025-07-07.json for table 'TSDF'
2025-08-25 16:03:59,641 - gcs_to_bq_ingest - INFO - Starting BQ load job e9b7786d-d591-4361-a79f-569c45c410ad for table jibber-jabber-knowledge.bmrs_data.TSDF...
2025-08-25 16:04:23,305 - gcs_to_bq_ingest - INFO - ✅ Loaded 1350 rows. Total rows in jibber-jabber-knowledge.bmrs_data.TSDF: 2700
2025-08-25 16:04:23,315 - gcs_to_bq_ingest - INFO - ⏳ Processing gs://jibber-jabber-knowledge-bmrs-data/elexon/TSDFD/2025/07/TSDFD_2025-07-01_2025-07-07.json for table 'TSDFD'
2025-08-25 16:04:24,746 - gcs_to_bq_ingest - INFO - Starting BQ load job 2a414057-13ec-4854-a188-74d195bb80e0 for table jibber-jabber-knowledge.bmrs_data.TSDFD...
2025-08-25 16:04:38,974 - gcs_to_bq_ingest - INFO - ✅ Loaded 13 rows. Total rows in jibber-jabber-knowledge.bmrs_data.TSDFD: 26
2025-08-25 16:04:38,977 - gcs_to_bq_ingest - INFO - ⏳ Processing gs://jibber-jabber-knowledge-bmrs-data/elexon/TSDFW/2025/07/TSDFW_2025-07-01_2025-07-07.json for table 'TSDFW'
2025-08-25 16:04:40,715 - gcs_to_bq_ingest - INFO - Starting BQ load job 821a98a7-962e-4e38-892a-5d1664d11093 for table jibber-jabber-knowledge.bmrs_data.TSDFW...
2025-08-25 16:04:48,480 - gcs_to_bq_ingest - INFO - ✅ Loaded 51 rows. Total rows in jibber-jabber-knowledge.bmrs_data.TSDFW: 102
2025-08-25 16:04:48,483 - gcs_to_bq_ingest - INFO - ⏳ Processing gs://jibber-jabber-knowledge-bmrs-data/elexon/UOU2T14D/2025/07/UOU2T14D_2025-07-01_2025-07-07.json for table 'UOU2T14D'
2025-08-25 16:04:51,251 - gcs_to_bq_ingest - INFO - Starting BQ load job 71d8a7e0-b772-4860-8a6b-16ee5b22234a for table jibber-jabber-knowledge.bmrs_data.UOU2T14D...
2025-08-25 16:05:11,502 - gcs_to_bq_ingest - INFO - ✅ Loaded 5980 rows. Total rows in jibber-jabber-knowledge.bmrs_data.UOU2T14D: 11960
2025-08-25 16:05:11,504 - gcs_to_bq_ingest - INFO - ⏳ Processing gs://jibber-jabber-knowledge-bmrs-data/elexon/UOU2T3YW/2025/07/UOU2T3YW_2025-07-01_2025-07-07.json for table 'UOU2T3YW'
2025-08-25 16:05:15,683 - gcs_to_bq_ingest - INFO - Starting BQ load job 14b2c16d-fcf5-4e19-8faf-699b149cd6b2 for table jibber-jabber-knowledge.bmrs_data.UOU2T3YW...
2025-08-25 16:05:21,263 - gcs_to_bq_ingest - INFO - ✅ Loaded 71300 rows. Total rows in jibber-jabber-knowledge.bmrs_data.UOU2T3YW: 142600
2025-08-25 16:05:21,265 - gcs_to_bq_ingest - INFO - ⏳ Processing gs://jibber-jabber-knowledge-bmrs-data/elexon/WINDFOR/2025/07/WINDFOR_2025-07-01_2025-07-07.json for table 'WINDFOR'
2025-08-25 16:05:22,843 - gcs_to_bq_ingest - INFO - Starting BQ load job 1c6bb32b-26fa-421f-b072-6e5df506b0c2 for table jibber-jabber-knowledge.bmrs_data.WINDFOR...
2025-08-25 16:05:25,562 - gcs_to_bq_ingest - INFO - ✅ Loaded 73 rows. Total rows in jibber-jabber-knowledge.bmrs_data.WINDFOR: 146
2025-08-25 16:05:25,562 - gcs_to_bq_ingest - INFO - ⏳ Processing gs://jibber-jabber-knowledge-bmrs-data/elexon/demand_outturn/recent_20250822231607.json for table 'demand_outturn'
2025-08-25 16:05:27,787 - gcs_to_bq_ingest - INFO - Starting BQ load job 186106e5-78cf-4a89-ad87-280f9206ba61 for table jibber-jabber-knowledge.bmrs_data.demand_outturn...
2025-08-25 16:05:30,503 - gcs_to_bq_ingest - INFO - ✅ Loaded 1390 rows. Total rows in jibber-jabber-knowledge.bmrs_data.demand_outturn: 17954
2025-08-25 16:05:30,507 - gcs_to_bq_ingest - INFO - ⏳ Processing gs://jibber-jabber-knowledge-bmrs-data/elexon/demand_outturn/recent_20250822232650.json for table 'demand_outturn'
2025-08-25 16:05:32,616 - gcs_to_bq_ingest - INFO - Starting BQ load job 31357dee-1c3c-4b4a-9c45-24a2720739e1 for table jibber-jabber-knowledge.bmrs_data.demand_outturn...
2025-08-25 16:05:34,795 - gcs_to_bq_ingest - INFO - ✅ Loaded 1390 rows. Total rows in jibber-jabber-knowledge.bmrs_data.demand_outturn: 19344
2025-08-25 16:05:34,797 - gcs_to_bq_ingest - INFO - ⏳ Processing gs://jibber-jabber-knowledge-bmrs-data/elexon/demand_outturn/recent_20250822233106.json for table 'demand_outturn'
2025-08-25 16:05:36,826 - gcs_to_bq_ingest - INFO - Starting BQ load job d619a6e4-1e3e-4bab-aec5-a85514bed306 for table jibber-jabber-knowledge.bmrs_data.demand_outturn...
2025-08-25 16:05:39,762 - gcs_to_bq_ingest - INFO - ✅ Loaded 1391 rows. Total rows in jibber-jabber-knowledge.bmrs_data.demand_outturn: 20735
2025-08-25 16:05:39,764 - gcs_to_bq_ingest - INFO - ⏳ Processing gs://jibber-jabber-knowledge-bmrs-data/elexon/demand_outturn/recent_20250823000135.json for table 'demand_outturn'
2025-08-25 16:05:41,947 - gcs_to_bq_ingest - INFO - Starting BQ load job a0e6984b-b652-4a4f-97cd-73c79210c27c for table jibber-jabber-knowledge.bmrs_data.demand_outturn...
2025-08-25 16:05:44,292 - gcs_to_bq_ingest - INFO - ✅ Loaded 1392 rows. Total rows in jibber-jabber-knowledge.bmrs_data.demand_outturn: 22127
2025-08-25 16:05:44,293 - gcs_to_bq_ingest - INFO - ⏳ Processing gs://jibber-jabber-knowledge-bmrs-data/elexon/demand_outturn/recent_20250823001817.json for table 'demand_outturn'
2025-08-25 16:05:46,713 - gcs_to_bq_ingest - INFO - Starting BQ load job 18e0310d-3d1d-4280-940d-9033cd3ecdef for table jibber-jabber-knowledge.bmrs_data.demand_outturn...
2025-08-25 16:05:49,754 - gcs_to_bq_ingest - INFO - ✅ Loaded 1392 rows. Total rows in jibber-jabber-knowledge.bmrs_data.demand_outturn: 23519
2025-08-25 16:05:49,757 - gcs_to_bq_ingest - INFO - ⏳ Processing gs://jibber-jabber-knowledge-bmrs-data/elexon/demand_outturn/recent_20250823002057.json for table 'demand_outturn'
2025-08-25 16:05:51,981 - gcs_to_bq_ingest - INFO - Starting BQ load job c7d79be4-0faf-4d57-b544-dcd1ae1fa6ff for table jibber-jabber-knowledge.bmrs_data.demand_outturn...
2025-08-25 16:05:54,339 - gcs_to_bq_ingest - INFO - ✅ Loaded 1392 rows. Total rows in jibber-jabber-knowledge.bmrs_data.demand_outturn: 24911
2025-08-25 16:05:54,340 - gcs_to_bq_ingest - INFO - ⏳ Processing gs://jibber-jabber-knowledge-bmrs-data/elexon/demand_outturn/recent_20250823003918.json for table 'demand_outturn'
2025-08-25 16:05:56,359 - gcs_to_bq_ingest - INFO - Starting BQ load job 2d1d0251-fffc-44d5-aa72-8ec64c322dc4 for table jibber-jabber-knowledge.bmrs_data.demand_outturn...
2025-08-25 16:05:59,913 - gcs_to_bq_ingest - INFO - ✅ Loaded 1392 rows. Total rows in jibber-jabber-knowledge.bmrs_data.demand_outturn: 26303
2025-08-25 16:05:59,916 - gcs_to_bq_ingest - INFO - ⏳ Processing gs://jibber-jabber-knowledge-bmrs-data/elexon/demand_outturn/recent_20250823004002.json for table 'demand_outturn'
2025-08-25 16:06:02,422 - gcs_to_bq_ingest - INFO - Starting BQ load job 71b4acbd-318d-46e3-a316-40211960c2b3 for table jibber-jabber-knowledge.bmrs_data.demand_outturn...
2025-08-25 16:06:04,886 - gcs_to_bq_ingest - INFO - ✅ Loaded 1392 rows. Total rows in jibber-jabber-knowledge.bmrs_data.demand_outturn: 27695
2025-08-25 16:06:04,886 - gcs_to_bq_ingest - INFO - ⏳ Processing gs://jibber-jabber-knowledge-bmrs-data/elexon/demand_outturn/recent_20250823004048.json for table 'demand_outturn'
2025-08-25 16:06:06,912 - gcs_to_bq_ingest - INFO - Starting BQ load job 578ec054-2dec-415a-b745-f01bdbca2945 for table jibber-jabber-knowledge.bmrs_data.demand_outturn...
2025-08-25 16:06:09,162 - gcs_to_bq_ingest - INFO - ✅ Loaded 1392 rows. Total rows in jibber-jabber-knowledge.bmrs_data.demand_outturn: 29087
2025-08-25 16:06:09,166 - gcs_to_bq_ingest - INFO - ⏳ Processing gs://jibber-jabber-knowledge-bmrs-data/elexon/demand_outturn/recent_20250823011048.json for table 'demand_outturn'
2025-08-25 16:06:11,242 - gcs_to_bq_ingest - INFO - Starting BQ load job 8c3768d1-a16f-44cb-811c-cc0d731cd0c4 for table jibber-jabber-knowledge.bmrs_data.demand_outturn...
2025-08-25 16:06:13,794 - gcs_to_bq_ingest - INFO - ✅ Loaded 1346 rows. Total rows in jibber-jabber-knowledge.bmrs_data.demand_outturn: 30433
2025-08-25 16:06:13,795 - gcs_to_bq_ingest - INFO - ⏳ Processing gs://jibber-jabber-knowledge-bmrs-data/elexon/demand_outturn/recent_20250823014056.json for table 'demand_outturn'
2025-08-25 16:06:15,637 - gcs_to_bq_ingest - INFO - Starting BQ load job c74595f9-a0ac-4d6a-a598-c0377807c9c1 for table jibber-jabber-knowledge.bmrs_data.demand_outturn...
2025-08-25 16:06:18,721 - gcs_to_bq_ingest - INFO - ✅ Loaded 1347 rows. Total rows in jibber-jabber-knowledge.bmrs_data.demand_outturn: 31780
2025-08-25 16:06:18,724 - gcs_to_bq_ingest - INFO - ⏳ Processing gs://jibber-jabber-knowledge-bmrs-data/elexon/demand_outturn/recent_20250823021058.json for table 'demand_outturn'
2025-08-25 16:06:20,784 - gcs_to_bq_ingest - INFO - Starting BQ load job add81c54-44c0-435b-93e3-cdf8020e25b0 for table jibber-jabber-knowledge.bmrs_data.demand_outturn...
2025-08-25 16:06:31,132 - gcs_to_bq_ingest - INFO - ✅ Loaded 1348 rows. Total rows in jibber-jabber-knowledge.bmrs_data.demand_outturn: 33128
2025-08-25 16:06:31,140 - gcs_to_bq_ingest - INFO - ⏳ Processing gs://jibber-jabber-knowledge-bmrs-data/elexon/generation_outturn/recent_20250822231612.json for table 'generation_outturn'
2025-08-25 16:06:32,679 - gcs_to_bq_ingest - INFO - Starting BQ load job 20d63782-c8bf-4752-b115-0eb681bb3206 for table jibber-jabber-knowledge.bmrs_data.generation_outturn...
2025-08-25 16:06:42,466 - gcs_to_bq_ingest - INFO - ✅ Loaded 289 rows. Total rows in jibber-jabber-knowledge.bmrs_data.generation_outturn: 4283
2025-08-25 16:06:42,479 - gcs_to_bq_ingest - INFO - ⏳ Processing gs://jibber-jabber-knowledge-bmrs-data/elexon/generation_outturn/recent_20250822233110.json for table 'generation_outturn'
2025-08-25 16:06:44,419 - gcs_to_bq_ingest - INFO - Starting BQ load job ee2e8d65-9d0a-4ed7-878c-9ca417ff0171 for table jibber-jabber-knowledge.bmrs_data.generation_outturn...
2025-08-25 16:06:46,700 - gcs_to_bq_ingest - INFO - ✅ Loaded 289 rows. Total rows in jibber-jabber-knowledge.bmrs_data.generation_outturn: 4572
2025-08-25 16:06:46,705 - gcs_to_bq_ingest - INFO - ⏳ Processing gs://jibber-jabber-knowledge-bmrs-data/elexon/generation_outturn/recent_20250823000138.json for table 'generation_outturn'
2025-08-25 16:06:48,304 - gcs_to_bq_ingest - INFO - Starting BQ load job 11b872e0-9fc3-46c2-81dd-814997af8426 for table jibber-jabber-knowledge.bmrs_data.generation_outturn...
2025-08-25 16:07:00,486 - gcs_to_bq_ingest - INFO - ✅ Loaded 564 rows. Total rows in jibber-jabber-knowledge.bmrs_data.generation_outturn: 5136
2025-08-25 16:07:00,493 - gcs_to_bq_ingest - INFO - ⏳ Processing gs://jibber-jabber-knowledge-bmrs-data/elexon/generation_outturn/recent_20250823001818.json for table 'generation_outturn'
2025-08-25 16:07:02,239 - gcs_to_bq_ingest - INFO - Starting BQ load job bef60503-c3a2-4ec2-8b85-be5643e3a970 for table jibber-jabber-knowledge.bmrs_data.generation_outturn...
2025-08-25 16:07:04,910 - gcs_to_bq_ingest - INFO - ✅ Loaded 567 rows. Total rows in jibber-jabber-knowledge.bmrs_data.generation_outturn: 5703
2025-08-25 16:07:04,914 - gcs_to_bq_ingest - INFO - ⏳ Processing gs://jibber-jabber-knowledge-bmrs-data/elexon/generation_outturn/recent_20250823002058.json for table 'generation_outturn'
2025-08-25 16:07:06,517 - gcs_to_bq_ingest - INFO - Starting BQ load job ec9f08af-2f51-4378-9455-4340fee95d7a for table jibber-jabber-knowledge.bmrs_data.generation_outturn...
2025-08-25 16:07:09,198 - gcs_to_bq_ingest - INFO - ✅ Loaded 568 rows. Total rows in jibber-jabber-knowledge.bmrs_data.generation_outturn: 6271
2025-08-25 16:07:09,202 - gcs_to_bq_ingest - INFO - ⏳ Processing gs://jibber-jabber-knowledge-bmrs-data/elexon/generation_outturn/recent_20250823003920.json for table 'generation_outturn'
2025-08-25 16:07:10,818 - gcs_to_bq_ingest - INFO - Starting BQ load job 121c124c-9a58-4ee2-bc38-16dd36460d5f for table jibber-jabber-knowledge.bmrs_data.generation_outturn...
2025-08-25 16:07:12,830 - gcs_to_bq_ingest - INFO - ✅ Loaded 283 rows. Total rows in jibber-jabber-knowledge.bmrs_data.generation_outturn: 6554
2025-08-25 16:07:12,831 - gcs_to_bq_ingest - INFO - ⏳ Processing gs://jibber-jabber-knowledge-bmrs-data/elexon/generation_outturn/recent_20250823004006.json for table 'generation_outturn'
2025-08-25 16:07:15,027 - gcs_to_bq_ingest - INFO - Starting BQ load job 18b5e890-54e2-4360-aef7-d1cdc0754610 for table jibber-jabber-knowledge.bmrs_data.generation_outturn...
2025-08-25 16:07:17,537 - gcs_to_bq_ingest - INFO - ✅ Loaded 283 rows. Total rows in jibber-jabber-knowledge.bmrs_data.generation_outturn: 6837
2025-08-25 16:07:17,539 - gcs_to_bq_ingest - INFO - ⏳ Processing gs://jibber-jabber-knowledge-bmrs-data/elexon/generation_outturn/recent_20250823004050.json for table 'generation_outturn'
2025-08-25 16:07:19,098 - gcs_to_bq_ingest - INFO - Starting BQ load job c134681a-2179-4bdd-aea0-37bb929dea40 for table jibber-jabber-knowledge.bmrs_data.generation_outturn...
2025-08-25 16:07:21,574 - gcs_to_bq_ingest - INFO - ✅ Loaded 284 rows. Total rows in jibber-jabber-knowledge.bmrs_data.generation_outturn: 7121
2025-08-25 16:07:21,575 - gcs_to_bq_ingest - INFO - ⏳ Processing gs://jibber-jabber-knowledge-bmrs-data/elexon/generation_outturn/recent_20250823011051.json for table 'generation_outturn'
2025-08-25 16:07:23,224 - gcs_to_bq_ingest - INFO - Starting BQ load job 22d23694-b41e-47fd-82f4-321acc4b9a76 for table jibber-jabber-knowledge.bmrs_data.generation_outturn...
2025-08-25 16:07:25,750 - gcs_to_bq_ingest - INFO - ✅ Loaded 289 rows. Total rows in jibber-jabber-knowledge.bmrs_data.generation_outturn: 7410
2025-08-25 16:07:25,750 - gcs_to_bq_ingest - INFO - ⏳ Processing gs://jibber-jabber-knowledge-bmrs-data/elexon/generation_outturn/recent_20250823014058.json for table 'generation_outturn'
2025-08-25 16:07:27,627 - gcs_to_bq_ingest - INFO - Starting BQ load job f19f50c0-95f7-479d-9363-86e80c4b86aa for table jibber-jabber-knowledge.bmrs_data.generation_outturn...
2025-08-25 16:07:29,861 - gcs_to_bq_ingest - INFO - ✅ Loaded 289 rows. Total rows in jibber-jabber-knowledge.bmrs_data.generation_outturn: 7699
2025-08-25 16:07:29,863 - gcs_to_bq_ingest - INFO - ⏳ Processing gs://jibber-jabber-knowledge-bmrs-data/elexon/generation_outturn/recent_20250823021102.json for table 'generation_outturn'
2025-08-25 16:07:31,415 - gcs_to_bq_ingest - INFO - Starting BQ load job 51ed326d-2feb-4f61-9448-9116093f1205 for table jibber-jabber-knowledge.bmrs_data.generation_outturn...
2025-08-25 16:07:36,227 - gcs_to_bq_ingest - INFO - ✅ Loaded 289 rows. Total rows in jibber-jabber-knowledge.bmrs_data.generation_outturn: 7988
2025-08-25 16:07:36,228 - gcs_to_bq_ingest - INFO - ⏳ Processing gs://jibber-jabber-knowledge-bmrs-data/elexon/rolling_demand/recent_20250823003923.json for table 'rolling_demand'
2025-08-25 16:07:37,796 - gcs_to_bq_ingest - INFO - Starting BQ load job e252d371-7fdc-4ca7-9f5d-fc500ac8bedc for table jibber-jabber-knowledge.bmrs_data.rolling_demand...
2025-08-25 16:07:41,141 - gcs_to_bq_ingest - INFO - ✅ Loaded 283 rows. Total rows in jibber-jabber-knowledge.bmrs_data.rolling_demand: 7481
2025-08-25 16:07:41,141 - gcs_to_bq_ingest - INFO - ⏳ Processing gs://jibber-jabber-knowledge-bmrs-data/elexon/rolling_demand/recent_20250823004010.json for table 'rolling_demand'
2025-08-25 16:07:42,676 - gcs_to_bq_ingest - INFO - Starting BQ load job a43a02ea-0760-49e0-81bf-4d7816c3f1a3 for table jibber-jabber-knowledge.bmrs_data.rolling_demand...
2025-08-25 16:07:46,721 - gcs_to_bq_ingest - INFO - ✅ Loaded 283 rows. Total rows in jibber-jabber-knowledge.bmrs_data.rolling_demand: 7764
2025-08-25 16:07:46,723 - gcs_to_bq_ingest - INFO - ⏳ Processing gs://jibber-jabber-knowledge-bmrs-data/elexon/rolling_demand/recent_20250823004055.json for table 'rolling_demand'
2025-08-25 16:07:48,308 - gcs_to_bq_ingest - INFO - Starting BQ load job b72a2313-a50f-4018-b13f-a03cf9afefe8 for table jibber-jabber-knowledge.bmrs_data.rolling_demand...
2025-08-25 16:07:50,868 - gcs_to_bq_ingest - INFO - ✅ Loaded 284 rows. Total rows in jibber-jabber-knowledge.bmrs_data.rolling_demand: 8048
2025-08-25 16:07:50,869 - gcs_to_bq_ingest - INFO - ⏳ Processing gs://jibber-jabber-knowledge-bmrs-data/elexon/rolling_demand/recent_20250823004550.json for table 'rolling_demand'
2025-08-25 16:07:52,609 - gcs_to_bq_ingest - INFO - Starting BQ load job 5bba6b67-ebac-4e37-86d4-7fd396cdbbed for table jibber-jabber-knowledge.bmrs_data.rolling_demand...
2025-08-25 16:07:55,989 - gcs_to_bq_ingest - INFO - ✅ Loaded 285 rows. Total rows in jibber-jabber-knowledge.bmrs_data.rolling_demand: 8333
2025-08-25 16:07:55,989 - gcs_to_bq_ingest - INFO - ⏳ Processing gs://jibber-jabber-knowledge-bmrs-data/elexon/rolling_demand/recent_20250823005054.json for table 'rolling_demand'
2025-08-25 16:07:57,560 - gcs_to_bq_ingest - INFO - Starting BQ load job 862be345-930a-42c3-ad7c-dba085ee2c42 for table jibber-jabber-knowledge.bmrs_data.rolling_demand...
2025-08-25 16:08:40,137 - gcs_to_bq_ingest - INFO - ✅ Loaded 286 rows. Total rows in jibber-jabber-knowledge.bmrs_data.rolling_demand: 8619
2025-08-25 16:08:40,142 - gcs_to_bq_ingest - INFO - ⏳ Processing gs://jibber-jabber-knowledge-bmrs-data/elexon/rolling_demand/recent_20250823005557.json for table 'rolling_demand'
2025-08-25 16:08:42,143 - gcs_to_bq_ingest - INFO - Starting BQ load job adbeb459-e4f0-4473-97b4-0aface8ac3af for table jibber-jabber-knowledge.bmrs_data.rolling_demand...
2025-08-25 16:08:45,117 - gcs_to_bq_ingest - INFO - ✅ Loaded 287 rows. Total rows in jibber-jabber-knowledge.bmrs_data.rolling_demand: 8906
2025-08-25 16:08:45,123 - gcs_to_bq_ingest - INFO - ⏳ Processing gs://jibber-jabber-knowledge-bmrs-data/elexon/rolling_demand/recent_20250823010058.json for table 'rolling_demand'
2025-08-25 16:08:46,858 - gcs_to_bq_ingest - INFO - Starting BQ load job 3d4bc5ef-a3b2-4285-967e-2a4fcacf789a for table jibber-jabber-knowledge.bmrs_data.rolling_demand...
2025-08-25 16:08:48,534 - gcs_to_bq_ingest - INFO - ✅ Loaded 288 rows. Total rows in jibber-jabber-knowledge.bmrs_data.rolling_demand: 9194
2025-08-25 16:08:48,536 - gcs_to_bq_ingest - INFO - ⏳ Processing gs://jibber-jabber-knowledge-bmrs-data/elexon/rolling_demand/recent_20250823010600.json for table 'rolling_demand'
2025-08-25 16:08:50,198 - gcs_to_bq_ingest - INFO - Starting BQ load job 48f9b097-e93b-45e8-812f-72fc4e10edda for table jibber-jabber-knowledge.bmrs_data.rolling_demand...
2025-08-25 16:08:52,725 - gcs_to_bq_ingest - INFO - ✅ Loaded 289 rows. Total rows in jibber-jabber-knowledge.bmrs_data.rolling_demand: 9483
2025-08-25 16:08:52,726 - gcs_to_bq_ingest - INFO - ⏳ Processing gs://jibber-jabber-knowledge-bmrs-data/elexon/rolling_demand/recent_20250823011102.json for table 'rolling_demand'
2025-08-25 16:08:54,867 - gcs_to_bq_ingest - INFO - Starting BQ load job 391fc76e-5c94-43a1-9623-7a20ac32633c for table jibber-jabber-knowledge.bmrs_data.rolling_demand...
2025-08-25 16:08:57,449 - gcs_to_bq_ingest - INFO - ✅ Loaded 289 rows. Total rows in jibber-jabber-knowledge.bmrs_data.rolling_demand: 9772
2025-08-25 16:08:57,451 - gcs_to_bq_ingest - INFO - ⏳ Processing gs://jibber-jabber-knowledge-bmrs-data/elexon/rolling_demand/recent_20250823011604.json for table 'rolling_demand'
2025-08-25 16:08:59,248 - gcs_to_bq_ingest - INFO - Starting BQ load job 1762e68f-86ad-4c79-9a3e-5bd324995192 for table jibber-jabber-knowledge.bmrs_data.rolling_demand...
2025-08-25 16:09:01,501 - gcs_to_bq_ingest - INFO - ✅ Loaded 289 rows. Total rows in jibber-jabber-knowledge.bmrs_data.rolling_demand: 10061
2025-08-25 16:09:01,504 - gcs_to_bq_ingest - INFO - ⏳ Processing gs://jibber-jabber-knowledge-bmrs-data/elexon/rolling_demand/recent_20250823012106.json for table 'rolling_demand'
2025-08-25 16:09:03,366 - gcs_to_bq_ingest - INFO - Starting BQ load job 8cdefc82-91d2-411b-9fa4-ae2cf197d8dd for table jibber-jabber-knowledge.bmrs_data.rolling_demand...
2025-08-25 16:09:05,448 - gcs_to_bq_ingest - INFO - ✅ Loaded 289 rows. Total rows in jibber-jabber-knowledge.bmrs_data.rolling_demand: 10350
2025-08-25 16:09:05,448 - gcs_to_bq_ingest - INFO - ⏳ Processing gs://jibber-jabber-knowledge-bmrs-data/elexon/rolling_demand/recent_20250823012608.json for table 'rolling_demand'
2025-08-25 16:09:06,951 - gcs_to_bq_ingest - INFO - Starting BQ load job a1dce5b0-9c6d-4545-9215-382fd2ca265a for table jibber-jabber-knowledge.bmrs_data.rolling_demand...
2025-08-25 16:09:08,837 - gcs_to_bq_ingest - INFO - ✅ Loaded 289 rows. Total rows in jibber-jabber-knowledge.bmrs_data.rolling_demand: 10639
2025-08-25 16:09:08,839 - gcs_to_bq_ingest - INFO - ⏳ Processing gs://jibber-jabber-knowledge-bmrs-data/elexon/rolling_demand/recent_20250823013111.json for table 'rolling_demand'
2025-08-25 16:09:10,348 - gcs_to_bq_ingest - INFO - Starting BQ load job 3ab00a99-ed09-47b1-a228-3310c802155c for table jibber-jabber-knowledge.bmrs_data.rolling_demand...
2025-08-25 16:09:12,986 - gcs_to_bq_ingest - INFO - ✅ Loaded 289 rows. Total rows in jibber-jabber-knowledge.bmrs_data.rolling_demand: 10928
2025-08-25 16:09:12,989 - gcs_to_bq_ingest - INFO - ⏳ Processing gs://jibber-jabber-knowledge-bmrs-data/elexon/rolling_demand/recent_20250823013612.json for table 'rolling_demand'
2025-08-25 16:09:14,597 - gcs_to_bq_ingest - INFO - Starting BQ load job c6d614f2-3452-4bfa-a36f-87f38c5977e0 for table jibber-jabber-knowledge.bmrs_data.rolling_demand...
2025-08-25 16:09:16,819 - gcs_to_bq_ingest - INFO - ✅ Loaded 289 rows. Total rows in jibber-jabber-knowledge.bmrs_data.rolling_demand: 11217
2025-08-25 16:09:16,820 - gcs_to_bq_ingest - INFO - ⏳ Processing gs://jibber-jabber-knowledge-bmrs-data/elexon/rolling_demand/recent_20250823014114.json for table 'rolling_demand'
2025-08-25 16:09:18,338 - gcs_to_bq_ingest - INFO - Starting BQ load job 8cbe9633-1a55-4a9c-80ef-a009244c917f for table jibber-jabber-knowledge.bmrs_data.rolling_demand...
2025-08-25 16:09:22,771 - gcs_to_bq_ingest - INFO - ✅ Loaded 289 rows. Total rows in jibber-jabber-knowledge.bmrs_data.rolling_demand: 11506
2025-08-25 16:09:22,778 - gcs_to_bq_ingest - INFO - ⏳ Processing gs://jibber-jabber-knowledge-bmrs-data/elexon/rolling_demand/recent_20250823014617.json for table 'rolling_demand'
2025-08-25 16:09:24,936 - gcs_to_bq_ingest - INFO - Starting BQ load job 77682941-4bca-4f93-a741-c7c01d74605e for table jibber-jabber-knowledge.bmrs_data.rolling_demand...
2025-08-25 16:09:27,309 - gcs_to_bq_ingest - INFO - ✅ Loaded 289 rows. Total rows in jibber-jabber-knowledge.bmrs_data.rolling_demand: 11795
2025-08-25 16:09:27,318 - gcs_to_bq_ingest - INFO - ⏳ Processing gs://jibber-jabber-knowledge-bmrs-data/elexon/rolling_demand/recent_20250823015120.json for table 'rolling_demand'
2025-08-25 16:09:28,826 - gcs_to_bq_ingest - INFO - Starting BQ load job dee2d08a-a7fb-45ff-be81-1def9c72eeec for table jibber-jabber-knowledge.bmrs_data.rolling_demand...
2025-08-25 16:09:30,902 - gcs_to_bq_ingest - INFO - ✅ Loaded 289 rows. Total rows in jibber-jabber-knowledge.bmrs_data.rolling_demand: 12084
2025-08-25 16:09:30,906 - gcs_to_bq_ingest - INFO - ⏳ Processing gs://jibber-jabber-knowledge-bmrs-data/elexon/rolling_demand/recent_20250823015622.json for table 'rolling_demand'
2025-08-25 16:09:32,425 - gcs_to_bq_ingest - INFO - Starting BQ load job f5f2f339-488d-48d6-825e-b461f8ac0bb1 for table jibber-jabber-knowledge.bmrs_data.rolling_demand...
2025-08-25 16:09:35,508 - gcs_to_bq_ingest - INFO - ✅ Loaded 289 rows. Total rows in jibber-jabber-knowledge.bmrs_data.rolling_demand: 12373
2025-08-25 16:09:35,511 - gcs_to_bq_ingest - INFO - ⏳ Processing gs://jibber-jabber-knowledge-bmrs-data/elexon/rolling_demand/recent_20250823020125.json for table 'rolling_demand'
2025-08-25 16:09:37,183 - gcs_to_bq_ingest - INFO - Starting BQ load job e426300b-faa2-415d-885d-8b6df16b0964 for table jibber-jabber-knowledge.bmrs_data.rolling_demand...
2025-08-25 16:09:38,835 - gcs_to_bq_ingest - INFO - ✅ Loaded 289 rows. Total rows in jibber-jabber-knowledge.bmrs_data.rolling_demand: 12662
2025-08-25 16:09:38,841 - gcs_to_bq_ingest - INFO - ⏳ Processing gs://jibber-jabber-knowledge-bmrs-data/elexon/rolling_demand/recent_20250823020628.json for table 'rolling_demand'
2025-08-25 16:09:40,502 - gcs_to_bq_ingest - INFO - Starting BQ load job ea6ede7a-4f71-445d-bbda-59631f61ee23 for table jibber-jabber-knowledge.bmrs_data.rolling_demand...
2025-08-25 16:09:43,662 - gcs_to_bq_ingest - INFO - ✅ Loaded 289 rows. Total rows in jibber-jabber-knowledge.bmrs_data.rolling_demand: 12951
2025-08-25 16:09:43,668 - gcs_to_bq_ingest - INFO - ⏳ Processing gs://jibber-jabber-knowledge-bmrs-data/elexon/rolling_demand/recent_20250823021130.json for table 'rolling_demand'
2025-08-25 16:09:45,373 - gcs_to_bq_ingest - INFO - Starting BQ load job cd3c3198-b6aa-4480-b62d-d899994724d3 for table jibber-jabber-knowledge.bmrs_data.rolling_demand...
2025-08-25 16:09:47,908 - gcs_to_bq_ingest - INFO - ✅ Loaded 289 rows. Total rows in jibber-jabber-knowledge.bmrs_data.rolling_demand: 13240
2025-08-25 16:09:47,913 - gcs_to_bq_ingest - INFO - ⏳ Processing gs://jibber-jabber-knowledge-bmrs-data/elexon/rolling_demand/recent_20250823021633.json for table 'rolling_demand'
2025-08-25 16:09:49,384 - gcs_to_bq_ingest - INFO - Starting BQ load job 802a28af-dd86-43eb-9d73-4293e28bd162 for table jibber-jabber-knowledge.bmrs_data.rolling_demand...
2025-08-25 16:09:51,283 - gcs_to_bq_ingest - INFO - ✅ Loaded 289 rows. Total rows in jibber-jabber-knowledge.bmrs_data.rolling_demand: 13529
2025-08-25 16:09:51,286 - gcs_to_bq_ingest - INFO - ⏳ Processing gs://jibber-jabber-knowledge-bmrs-data/elexon/rolling_demand/recent_20250823022135.json for table 'rolling_demand'
2025-08-25 16:09:53,055 - gcs_to_bq_ingest - INFO - Starting BQ load job 5bde5224-0cdb-4f9c-b0ff-99072d971c23 for table jibber-jabber-knowledge.bmrs_data.rolling_demand...
2025-08-25 16:09:55,052 - gcs_to_bq_ingest - INFO - ✅ Loaded 289 rows. Total rows in jibber-jabber-knowledge.bmrs_data.rolling_demand: 13818
2025-08-25 16:09:55,054 - gcs_to_bq_ingest - INFO - ⏳ Processing gs://jibber-jabber-knowledge-bmrs-data/elexon/rolling_demand/recent_20250823022637.json for table 'rolling_demand'
2025-08-25 16:09:56,645 - gcs_to_bq_ingest - INFO - Starting BQ load job f7c3a0df-34de-453e-9763-ddbd3956438f for table jibber-jabber-knowledge.bmrs_data.rolling_demand...
2025-08-25 16:09:58,980 - gcs_to_bq_ingest - INFO - ✅ Loaded 289 rows. Total rows in jibber-jabber-knowledge.bmrs_data.rolling_demand: 14107
2025-08-25 16:09:58,983 - gcs_to_bq_ingest - INFO - ⏳ Processing gs://jibber-jabber-knowledge-bmrs-data/elexon/rolling_demand/recent_20250823023139.json for table 'rolling_demand'
2025-08-25 16:10:00,584 - gcs_to_bq_ingest - INFO - Starting BQ load job 31d7e330-0e8f-41fd-bf93-18e0c8b85809 for table jibber-jabber-knowledge.bmrs_data.rolling_demand...
2025-08-25 16:10:03,003 - gcs_to_bq_ingest - INFO - ✅ Loaded 289 rows. Total rows in jibber-jabber-knowledge.bmrs_data.rolling_demand: 14396
2025-08-25 16:10:03,038 - gcs_to_bq_ingest - INFO - ⏳ Processing gs://jibber-jabber-knowledge-bmrs-data/elexon/system_frequency/recent_20250823003922.json for table 'system_frequency'
2025-08-25 16:10:05,573 - gcs_to_bq_ingest - INFO - Starting BQ load job a664659d-a2b0-4ff4-a1ea-5711a0e212ab for table jibber-jabber-knowledge.bmrs_data.system_frequency...
2025-08-25 16:10:09,798 - gcs_to_bq_ingest - INFO - ✅ Loaded 5672 rows. Total rows in jibber-jabber-knowledge.bmrs_data.system_frequency: 149306
2025-08-25 16:10:09,806 - gcs_to_bq_ingest - INFO - ⏳ Processing gs://jibber-jabber-knowledge-bmrs-data/elexon/system_frequency/recent_20250823004009.json for table 'system_frequency'
2025-08-25 16:10:11,990 - gcs_to_bq_ingest - INFO - Starting BQ load job 3dbb6db9-499e-4dae-9f4d-a5d2e518e8f3 for table jibber-jabber-knowledge.bmrs_data.system_frequency...
2025-08-25 16:10:14,011 - gcs_to_bq_ingest - INFO - ✅ Loaded 5672 rows. Total rows in jibber-jabber-knowledge.bmrs_data.system_frequency: 154978
2025-08-25 16:10:14,013 - gcs_to_bq_ingest - INFO - ⏳ Processing gs://jibber-jabber-knowledge-bmrs-data/elexon/system_frequency/recent_20250823004053.json for table 'system_frequency'
2025-08-25 16:10:15,914 - gcs_to_bq_ingest - INFO - Starting BQ load job fa51d337-008d-4260-a85b-0b1773dd32f5 for table jibber-jabber-knowledge.bmrs_data.system_frequency...
2025-08-25 16:10:19,537 - gcs_to_bq_ingest - INFO - ✅ Loaded 5680 rows. Total rows in jibber-jabber-knowledge.bmrs_data.system_frequency: 160658
2025-08-25 16:10:19,543 - gcs_to_bq_ingest - INFO - ⏳ Processing gs://jibber-jabber-knowledge-bmrs-data/elexon/system_frequency/recent_20250823004548.json for table 'system_frequency'
2025-08-25 16:10:21,574 - gcs_to_bq_ingest - INFO - Starting BQ load job c7bbca4c-18c5-4389-a38c-c9ffa2fc9a1b for table jibber-jabber-knowledge.bmrs_data.system_frequency...
2025-08-25 16:10:24,366 - gcs_to_bq_ingest - INFO - ✅ Loaded 5696 rows. Total rows in jibber-jabber-knowledge.bmrs_data.system_frequency: 166354
2025-08-25 16:10:24,371 - gcs_to_bq_ingest - INFO - ⏳ Processing gs://jibber-jabber-knowledge-bmrs-data/elexon/system_frequency/recent_20250823005051.json for table 'system_frequency'
2025-08-25 16:10:26,293 - gcs_to_bq_ingest - INFO - Starting BQ load job a4251879-0d63-4762-9644-eff5f4695446 for table jibber-jabber-knowledge.bmrs_data.system_frequency...
2025-08-25 16:10:28,342 - gcs_to_bq_ingest - INFO - ✅ Loaded 5720 rows. Total rows in jibber-jabber-knowledge.bmrs_data.system_frequency: 172074
2025-08-25 16:10:28,343 - gcs_to_bq_ingest - INFO - ⏳ Processing gs://jibber-jabber-knowledge-bmrs-data/elexon/system_frequency/recent_20250823005554.json for table 'system_frequency'
2025-08-25 16:10:30,532 - gcs_to_bq_ingest - INFO - Starting BQ load job bfb86d07-7a8c-4bc3-a97a-7ac1fcd76118 for table jibber-jabber-knowledge.bmrs_data.system_frequency...
2025-08-25 16:10:32,741 - gcs_to_bq_ingest - INFO - ✅ Loaded 5736 rows. Total rows in jibber-jabber-knowledge.bmrs_data.system_frequency: 177810
2025-08-25 16:10:32,745 - gcs_to_bq_ingest - INFO - ⏳ Processing gs://jibber-jabber-knowledge-bmrs-data/elexon/system_frequency/recent_20250823010056.json for table 'system_frequency'
2025-08-25 16:10:34,842 - gcs_to_bq_ingest - INFO - Starting BQ load job c90c1223-2736-43ef-be38-127b5d3945fa for table jibber-jabber-knowledge.bmrs_data.system_frequency...
2025-08-25 16:10:36,892 - gcs_to_bq_ingest - INFO - ✅ Loaded 5760 rows. Total rows in jibber-jabber-knowledge.bmrs_data.system_frequency: 183570
2025-08-25 16:10:36,905 - gcs_to_bq_ingest - INFO - ⏳ Processing gs://jibber-jabber-knowledge-bmrs-data/elexon/system_frequency/recent_20250823010558.json for table 'system_frequency'
2025-08-25 16:10:39,205 - gcs_to_bq_ingest - INFO - Starting BQ load job 5c79450b-26bf-4986-9a51-03c9d42efd28 for table jibber-jabber-knowledge.bmrs_data.system_frequency...
2025-08-25 16:10:41,591 - gcs_to_bq_ingest - INFO - ✅ Loaded 5761 rows. Total rows in jibber-jabber-knowledge.bmrs_data.system_frequency: 189331
2025-08-25 16:10:41,593 - gcs_to_bq_ingest - INFO - ⏳ Processing gs://jibber-jabber-knowledge-bmrs-data/elexon/system_frequency/recent_20250823011100.json for table 'system_frequency'
2025-08-25 16:10:43,524 - gcs_to_bq_ingest - INFO - Starting BQ load job 2c34167d-9ced-4f18-b728-93816b7d5b2b for table jibber-jabber-knowledge.bmrs_data.system_frequency...
2025-08-25 16:10:45,775 - gcs_to_bq_ingest - INFO - ✅ Loaded 5761 rows. Total rows in jibber-jabber-knowledge.bmrs_data.system_frequency: 195092
2025-08-25 16:10:45,778 - gcs_to_bq_ingest - INFO - ⏳ Processing gs://jibber-jabber-knowledge-bmrs-data/elexon/system_frequency/recent_20250823011602.json for table 'system_frequency'
2025-08-25 16:10:47,891 - gcs_to_bq_ingest - INFO - Starting BQ load job 85636c09-2db4-4801-a052-038d213ccfff for table jibber-jabber-knowledge.bmrs_data.system_frequency...
2025-08-25 16:10:49,801 - gcs_to_bq_ingest - INFO - ✅ Loaded 5761 rows. Total rows in jibber-jabber-knowledge.bmrs_data.system_frequency: 200853
2025-08-25 16:10:49,803 - gcs_to_bq_ingest - INFO - ⏳ Processing gs://jibber-jabber-knowledge-bmrs-data/elexon/system_frequency/recent_20250823012104.json for table 'system_frequency'
2025-08-25 16:10:51,723 - gcs_to_bq_ingest - INFO - Starting BQ load job 558d2350-a31f-4849-8287-c4f954218db0 for table jibber-jabber-knowledge.bmrs_data.system_frequency...
2025-08-25 16:10:54,056 - gcs_to_bq_ingest - INFO - ✅ Loaded 5761 rows. Total rows in jibber-jabber-knowledge.bmrs_data.system_frequency: 206614
2025-08-25 16:10:54,058 - gcs_to_bq_ingest - INFO - ⏳ Processing gs://jibber-jabber-knowledge-bmrs-data/elexon/system_frequency/recent_20250823012606.json for table 'system_frequency'
2025-08-25 16:10:55,998 - gcs_to_bq_ingest - INFO - Starting BQ load job 10d71d7e-59cb-49b9-a663-51248312c4b9 for table jibber-jabber-knowledge.bmrs_data.system_frequency...
2025-08-25 16:10:58,096 - gcs_to_bq_ingest - INFO - ✅ Loaded 5761 rows. Total rows in jibber-jabber-knowledge.bmrs_data.system_frequency: 212375
2025-08-25 16:10:58,100 - gcs_to_bq_ingest - INFO - ⏳ Processing gs://jibber-jabber-knowledge-bmrs-data/elexon/system_frequency/recent_20250823013108.json for table 'system_frequency'
2025-08-25 16:11:00,056 - gcs_to_bq_ingest - INFO - Starting BQ load job dcbc36e3-b1b4-4545-9023-7228503f1734 for table jibber-jabber-knowledge.bmrs_data.system_frequency...
2025-08-25 16:11:02,551 - gcs_to_bq_ingest - INFO - ✅ Loaded 5761 rows. Total rows in jibber-jabber-knowledge.bmrs_data.system_frequency: 218136
2025-08-25 16:11:02,552 - gcs_to_bq_ingest - INFO - ⏳ Processing gs://jibber-jabber-knowledge-bmrs-data/elexon/system_frequency/recent_20250823013610.json for table 'system_frequency'
2025-08-25 16:11:04,668 - gcs_to_bq_ingest - INFO - Starting BQ load job 61c8de0a-5470-4a06-9fbd-5cc8e3d26adf for table jibber-jabber-knowledge.bmrs_data.system_frequency...
2025-08-25 16:11:06,862 - gcs_to_bq_ingest - INFO - ✅ Loaded 5761 rows. Total rows in jibber-jabber-knowledge.bmrs_data.system_frequency: 223897
2025-08-25 16:11:06,865 - gcs_to_bq_ingest - INFO - ⏳ Processing gs://jibber-jabber-knowledge-bmrs-data/elexon/system_frequency/recent_20250823014111.json for table 'system_frequency'
2025-08-25 16:11:08,686 - gcs_to_bq_ingest - INFO - Starting BQ load job 258afa5f-d54d-4cbf-b307-54a48d54f9c9 for table jibber-jabber-knowledge.bmrs_data.system_frequency...
2025-08-25 16:11:12,289 - gcs_to_bq_ingest - INFO - ✅ Loaded 5761 rows. Total rows in jibber-jabber-knowledge.bmrs_data.system_frequency: 229658
2025-08-25 16:11:12,295 - gcs_to_bq_ingest - INFO - ⏳ Processing gs://jibber-jabber-knowledge-bmrs-data/elexon/system_frequency/recent_20250823014614.json for table 'system_frequency'
2025-08-25 16:11:14,342 - gcs_to_bq_ingest - INFO - Starting BQ load job e46331c3-0636-4cf6-ac2f-b078b3f5f676 for table jibber-jabber-knowledge.bmrs_data.system_frequency...
2025-08-25 16:11:16,159 - gcs_to_bq_ingest - INFO - ✅ Loaded 5761 rows. Total rows in jibber-jabber-knowledge.bmrs_data.system_frequency: 235419
2025-08-25 16:11:16,162 - gcs_to_bq_ingest - INFO - ⏳ Processing gs://jibber-jabber-knowledge-bmrs-data/elexon/system_frequency/recent_20250823015117.json for table 'system_frequency'
2025-08-25 16:11:18,317 - gcs_to_bq_ingest - INFO - Starting BQ load job 31ae2f50-9f12-4d08-9e26-27d6ebc06e2a for table jibber-jabber-knowledge.bmrs_data.system_frequency...
2025-08-25 16:11:21,075 - gcs_to_bq_ingest - INFO - ✅ Loaded 5761 rows. Total rows in jibber-jabber-knowledge.bmrs_data.system_frequency: 241180
2025-08-25 16:11:21,077 - gcs_to_bq_ingest - INFO - ⏳ Processing gs://jibber-jabber-knowledge-bmrs-data/elexon/system_frequency/recent_20250823015620.json for table 'system_frequency'
2025-08-25 16:11:23,115 - gcs_to_bq_ingest - INFO - Starting BQ load job ba227870-7500-4c39-bd06-4070d71bdb92 for table jibber-jabber-knowledge.bmrs_data.system_frequency...
2025-08-25 16:11:25,330 - gcs_to_bq_ingest - INFO - ✅ Loaded 5761 rows. Total rows in jibber-jabber-knowledge.bmrs_data.system_frequency: 246941
2025-08-25 16:11:25,332 - gcs_to_bq_ingest - INFO - ⏳ Processing gs://jibber-jabber-knowledge-bmrs-data/elexon/system_frequency/recent_20250823020123.json for table 'system_frequency'
2025-08-25 16:11:27,488 - gcs_to_bq_ingest - INFO - Starting BQ load job 8f9dde33-63f7-4572-bd32-a8de175de8bf for table jibber-jabber-knowledge.bmrs_data.system_frequency...
2025-08-25 16:11:29,360 - gcs_to_bq_ingest - INFO - ✅ Loaded 5761 rows. Total rows in jibber-jabber-knowledge.bmrs_data.system_frequency: 252702
2025-08-25 16:11:29,362 - gcs_to_bq_ingest - INFO - ⏳ Processing gs://jibber-jabber-knowledge-bmrs-data/elexon/system_frequency/recent_20250823020625.json for table 'system_frequency'
2025-08-25 16:11:31,449 - gcs_to_bq_ingest - INFO - Starting BQ load job ff9ef9f4-aee1-43d7-88d7-e82742a1c764 for table jibber-jabber-knowledge.bmrs_data.system_frequency...
2025-08-25 16:11:34,520 - gcs_to_bq_ingest - INFO - ✅ Loaded 5761 rows. Total rows in jibber-jabber-knowledge.bmrs_data.system_frequency: 258463
2025-08-25 16:11:34,522 - gcs_to_bq_ingest - INFO - ⏳ Processing gs://jibber-jabber-knowledge-bmrs-data/elexon/system_frequency/recent_20250823021128.json for table 'system_frequency'
2025-08-25 16:11:36,578 - gcs_to_bq_ingest - INFO - Starting BQ load job 46171ced-30ee-41e7-bc12-ef28a4acb2ce for table jibber-jabber-knowledge.bmrs_data.system_frequency...
2025-08-25 16:11:46,491 - gcs_to_bq_ingest - INFO - ✅ Loaded 5761 rows. Total rows in jibber-jabber-knowledge.bmrs_data.system_frequency: 264224
2025-08-25 16:11:46,495 - gcs_to_bq_ingest - INFO - ⏳ Processing gs://jibber-jabber-knowledge-bmrs-data/elexon/system_frequency/recent_20250823021630.json for table 'system_frequency'
2025-08-25 16:11:49,323 - gcs_to_bq_ingest - INFO - Starting BQ load job fab109a2-171a-4931-ae8e-c1d62572c79e for table jibber-jabber-knowledge.bmrs_data.system_frequency...
2025-08-25 16:11:52,165 - gcs_to_bq_ingest - INFO - ✅ Loaded 5761 rows. Total rows in jibber-jabber-knowledge.bmrs_data.system_frequency: 269985
2025-08-25 16:11:52,168 - gcs_to_bq_ingest - INFO - ⏳ Processing gs://jibber-jabber-knowledge-bmrs-data/elexon/system_frequency/recent_20250823022132.json for table 'system_frequency'
2025-08-25 16:11:54,007 - gcs_to_bq_ingest - INFO - Starting BQ load job 67364241-0030-4a5e-acbc-a59b72c48ab1 for table jibber-jabber-knowledge.bmrs_data.system_frequency...
2025-08-25 16:11:56,628 - gcs_to_bq_ingest - INFO - ✅ Loaded 5761 rows. Total rows in jibber-jabber-knowledge.bmrs_data.system_frequency: 275746
2025-08-25 16:11:56,631 - gcs_to_bq_ingest - INFO - ⏳ Processing gs://jibber-jabber-knowledge-bmrs-data/elexon/system_frequency/recent_20250823022634.json for table 'system_frequency'
2025-08-25 16:11:58,571 - gcs_to_bq_ingest - INFO - Starting BQ load job d6c9ba6e-2319-4c31-9fa0-63643c2d7c07 for table jibber-jabber-knowledge.bmrs_data.system_frequency...
2025-08-25 16:12:01,437 - gcs_to_bq_ingest - INFO - ✅ Loaded 5761 rows. Total rows in jibber-jabber-knowledge.bmrs_data.system_frequency: 281507
2025-08-25 16:12:01,442 - gcs_to_bq_ingest - INFO - ⏳ Processing gs://jibber-jabber-knowledge-bmrs-data/elexon/system_frequency/recent_20250823023137.json for table 'system_frequency'
2025-08-25 16:12:03,587 - gcs_to_bq_ingest - INFO - Starting BQ load job 68e98e04-b9d1-44d5-944d-fda6ce637bc2 for table jibber-jabber-knowledge.bmrs_data.system_frequency...
2025-08-25 16:12:05,488 - gcs_to_bq_ingest - INFO - ✅ Loaded 5761 rows. Total rows in jibber-jabber-knowledge.bmrs_data.system_frequency: 287268
2025-08-25 16:12:05,490 - gcs_to_bq_ingest - INFO - ⏳ Processing gs://jibber-jabber-knowledge-bmrs-data/elexon/system_warnings/recent_20250822233112.json for table 'system_warnings'
2025-08-25 16:12:07,143 - gcs_to_bq_ingest - INFO - Starting BQ load job 5388fdcd-8e3d-41ca-be98-1a59c473061c for table jibber-jabber-knowledge.bmrs_data.system_warnings...
2025-08-25 16:12:10,310 - gcs_to_bq_ingest - INFO - ✅ Loaded 1 rows. Total rows in jibber-jabber-knowledge.bmrs_data.system_warnings: 9
2025-08-25 16:12:10,315 - gcs_to_bq_ingest - INFO - ⏳ Processing gs://jibber-jabber-knowledge-bmrs-data/elexon/system_warnings/recent_20250823000140.json for table 'system_warnings'
2025-08-25 16:12:11,913 - gcs_to_bq_ingest - INFO - Starting BQ load job 822c6399-b759-40c8-b6f7-59b3acaf0e59 for table jibber-jabber-knowledge.bmrs_data.system_warnings...
2025-08-25 16:12:13,682 - gcs_to_bq_ingest - INFO - ✅ Loaded 1 rows. Total rows in jibber-jabber-knowledge.bmrs_data.system_warnings: 10
2025-08-25 16:12:13,684 - gcs_to_bq_ingest - INFO - ⏳ Processing gs://jibber-jabber-knowledge-bmrs-data/elexon/system_warnings/recent_20250823001819.json for table 'system_warnings'
2025-08-25 16:12:15,264 - gcs_to_bq_ingest - INFO - Starting BQ load job 2e2b47d5-1eed-42b0-a5d3-6a21a6a9bdf1 for table jibber-jabber-knowledge.bmrs_data.system_warnings...
2025-08-25 16:12:18,261 - gcs_to_bq_ingest - INFO - ✅ Loaded 1 rows. Total rows in jibber-jabber-knowledge.bmrs_data.system_warnings: 11
2025-08-25 16:12:18,263 - gcs_to_bq_ingest - INFO - ⏳ Processing gs://jibber-jabber-knowledge-bmrs-data/elexon/system_warnings/recent_20250823002059.json for table 'system_warnings'
2025-08-25 16:12:19,726 - gcs_to_bq_ingest - INFO - Starting BQ load job 4c84bf78-1c86-4cfe-8266-1e08c61a1ceb for table jibber-jabber-knowledge.bmrs_data.system_warnings...
2025-08-25 16:12:21,808 - gcs_to_bq_ingest - INFO - ✅ Loaded 1 rows. Total rows in jibber-jabber-knowledge.bmrs_data.system_warnings: 12
2025-08-25 16:12:21,808 - gcs_to_bq_ingest - INFO - ⏳ Processing gs://jibber-jabber-knowledge-bmrs-data/elexon/system_warnings/recent_20250823003921.json for table 'system_warnings'
2025-08-25 16:12:23,356 - gcs_to_bq_ingest - INFO - Starting BQ load job 48913c90-14b3-4f02-bad5-2fe71c2db22d for table jibber-jabber-knowledge.bmrs_data.system_warnings...
2025-08-25 16:12:25,441 - gcs_to_bq_ingest - INFO - ✅ Loaded 1 rows. Total rows in jibber-jabber-knowledge.bmrs_data.system_warnings: 13
2025-08-25 16:12:25,444 - gcs_to_bq_ingest - INFO - ⏳ Processing gs://jibber-jabber-knowledge-bmrs-data/elexon/system_warnings/recent_20250823004008.json for table 'system_warnings'
2025-08-25 16:12:26,824 - gcs_to_bq_ingest - INFO - Starting BQ load job 46a459ef-c9cd-4eb4-a03b-86ce374149eb for table jibber-jabber-knowledge.bmrs_data.system_warnings...
2025-08-25 16:12:30,012 - gcs_to_bq_ingest - INFO - ✅ Loaded 1 rows. Total rows in jibber-jabber-knowledge.bmrs_data.system_warnings: 14
2025-08-25 16:12:30,015 - gcs_to_bq_ingest - INFO - ⏳ Processing gs://jibber-jabber-knowledge-bmrs-data/elexon/system_warnings/recent_20250823004052.json for table 'system_warnings'
2025-08-25 16:12:31,471 - gcs_to_bq_ingest - INFO - Starting BQ load job f577809c-f1aa-42cb-84ba-1de6ae60e602 for table jibber-jabber-knowledge.bmrs_data.system_warnings...
2025-08-25 16:12:34,498 - gcs_to_bq_ingest - INFO - ✅ Loaded 1 rows. Total rows in jibber-jabber-knowledge.bmrs_data.system_warnings: 15
2025-08-25 16:12:34,503 - gcs_to_bq_ingest - INFO - ⏳ Processing gs://jibber-jabber-knowledge-bmrs-data/elexon/system_warnings/recent_20250823014048.json for table 'system_warnings'
2025-08-25 16:12:35,923 - gcs_to_bq_ingest - INFO - Starting BQ load job b3472470-b781-4f92-a2f1-a8ebebd8c5cd for table jibber-jabber-knowledge.bmrs_data.system_warnings...
2025-08-25 16:12:38,402 - gcs_to_bq_ingest - INFO - ✅ Loaded 1 rows. Total rows in jibber-jabber-knowledge.bmrs_data.system_warnings: 16
2025-08-25 16:12:38,408 - gcs_to_bq_ingest - INFO - 🎉 Ingestion run complete. Processed 121 JSON files.
