2025-08-25 15:29:38,684 - gcs_to_bq_ingest - INFO - ✅ GCS and BigQuery clients initialized successfully.
2025-08-25 15:29:39,453 - gcs_to_bq_ingest - INFO - BQ Dataset 'jibber-jabber-knowledge.bmrs_data' already exists.
2025-08-25 15:29:39,454 - gcs_to_bq_ingest - INFO - 🚀 Found files in gs://jibber-jabber-knowledge-bmrs-data/elexon/. Starting ingestion...
2025-08-25 15:29:40,152 - gcs_to_bq_ingest - INFO - ⏳ Processing gs://jibber-jabber-knowledge-bmrs-data/elexon/FOU2T14D/2025/07/FOU2T14D_2025-07-01_2025-07-07.json for table 'FOU2T14D'
2025-08-25 15:29:43,305 - gcs_to_bq_ingest - INFO - Starting BQ load job 396e4820-9967-4386-8fb4-5e890ccf6a3d for table jibber-jabber-knowledge.bmrs_data.FOU2T14D...
2025-08-25 15:29:45,223 - gcs_to_bq_ingest - INFO - ✅ Loaded 247 rows. Total rows in jibber-jabber-knowledge.bmrs_data.FOU2T14D: 247
2025-08-25 15:29:45,283 - gcs_to_bq_ingest - INFO - ⏳ Processing gs://jibber-jabber-knowledge-bmrs-data/elexon/FOU2T3YW/2025/07/FOU2T3YW_2025-07-01_2025-07-07.json for table 'FOU2T3YW'
2025-08-25 15:29:49,296 - gcs_to_bq_ingest - INFO - Starting BQ load job 47602cf6-e7ca-41f5-a31e-9de50e680114 for table jibber-jabber-knowledge.bmrs_data.FOU2T3YW...
2025-08-25 15:30:04,100 - gcs_to_bq_ingest - INFO - ✅ Loaded 2945 rows. Total rows in jibber-jabber-knowledge.bmrs_data.FOU2T3YW: 2945
2025-08-25 15:30:04,107 - gcs_to_bq_ingest - INFO - ⏳ Processing gs://jibber-jabber-knowledge-bmrs-data/elexon/FREQ/2025/07/FREQ_2025-07-01_2025-07-07.json for table 'FREQ'
2025-08-25 15:30:06,333 - gcs_to_bq_ingest - INFO - Starting BQ load job 0bcfd6b9-d605-474f-8a26-3a7774835af6 for table jibber-jabber-knowledge.bmrs_data.FREQ...
2025-08-25 15:30:08,250 - gcs_to_bq_ingest - INFO - ✅ Loaded 5761 rows. Total rows in jibber-jabber-knowledge.bmrs_data.FREQ: 5761
2025-08-25 15:30:08,251 - gcs_to_bq_ingest - INFO - ⏳ Processing gs://jibber-jabber-knowledge-bmrs-data/elexon/FUELHH/2025/07/FUELHH_2025-07-01_2025-07-07.json for table 'FUELHH'
2025-08-25 15:30:10,124 - gcs_to_bq_ingest - INFO - Starting BQ load job ebeef8e4-1d85-45d4-8421-370f4d2b0d9b for table jibber-jabber-knowledge.bmrs_data.FUELHH...
2025-08-25 15:30:12,903 - gcs_to_bq_ingest - INFO - ✅ Loaded 620 rows. Total rows in jibber-jabber-knowledge.bmrs_data.FUELHH: 620
2025-08-25 15:30:12,910 - gcs_to_bq_ingest - INFO - ⏳ Processing gs://jibber-jabber-knowledge-bmrs-data/elexon/FUELINST/2025/07/FUELINST_2025-07-01_2025-07-07.json for table 'FUELINST'
2025-08-25 15:30:15,192 - gcs_to_bq_ingest - INFO - Starting BQ load job c188111a-07c6-4fc2-83f8-ec0cc11b9f78 for table jibber-jabber-knowledge.bmrs_data.FUELINST...
2025-08-25 15:30:17,672 - gcs_to_bq_ingest - INFO - ✅ Loaded 3760 rows. Total rows in jibber-jabber-knowledge.bmrs_data.FUELINST: 3760
2025-08-25 15:30:17,674 - gcs_to_bq_ingest - INFO - ⏳ Processing gs://jibber-jabber-knowledge-bmrs-data/elexon/IMBALNGC/2025/07/IMBALNGC_2025-07-01_2025-07-07.json for table 'IMBALNGC'
2025-08-25 15:30:19,864 - gcs_to_bq_ingest - INFO - Starting BQ load job 31b3fefd-2abb-4326-ab88-8f03157c8972 for table jibber-jabber-knowledge.bmrs_data.IMBALNGC...
2025-08-25 15:30:22,515 - gcs_to_bq_ingest - INFO - ✅ Loaded 1350 rows. Total rows in jibber-jabber-knowledge.bmrs_data.IMBALNGC: 1350
2025-08-25 15:30:22,518 - gcs_to_bq_ingest - INFO - ⏳ Processing gs://jibber-jabber-knowledge-bmrs-data/elexon/INDDEM/2025/07/INDDEM_2025-07-01_2025-07-07.json for table 'INDDEM'
2025-08-25 15:30:24,560 - gcs_to_bq_ingest - INFO - Starting BQ load job 63865498-a1a3-4ca1-832b-6f97cdc7cb57 for table jibber-jabber-knowledge.bmrs_data.INDDEM...
2025-08-25 15:30:26,744 - gcs_to_bq_ingest - INFO - ✅ Loaded 1350 rows. Total rows in jibber-jabber-knowledge.bmrs_data.INDDEM: 1350
2025-08-25 15:30:26,751 - gcs_to_bq_ingest - INFO - ⏳ Processing gs://jibber-jabber-knowledge-bmrs-data/elexon/INDGEN/2025/07/INDGEN_2025-07-01_2025-07-07.json for table 'INDGEN'
2025-08-25 15:30:29,024 - gcs_to_bq_ingest - INFO - Starting BQ load job bf265b0b-ebb5-4c53-b78e-1e029cdad28e for table jibber-jabber-knowledge.bmrs_data.INDGEN...
2025-08-25 15:30:31,097 - gcs_to_bq_ingest - INFO - ✅ Loaded 1350 rows. Total rows in jibber-jabber-knowledge.bmrs_data.INDGEN: 1350
2025-08-25 15:30:31,099 - gcs_to_bq_ingest - INFO - ⏳ Processing gs://jibber-jabber-knowledge-bmrs-data/elexon/INDO/2025/07/INDO_2025-07-01_2025-07-07.json for table 'INDO'
2025-08-25 15:30:33,542 - gcs_to_bq_ingest - INFO - Starting BQ load job 5e3af053-9b71-4145-b27c-d175cd6fd3b4 for table jibber-jabber-knowledge.bmrs_data.INDO...
2025-08-25 15:30:37,436 - gcs_to_bq_ingest - INFO - ✅ Loaded 1 rows. Total rows in jibber-jabber-knowledge.bmrs_data.INDO: 1
2025-08-25 15:30:37,437 - gcs_to_bq_ingest - INFO - ⏳ Processing gs://jibber-jabber-knowledge-bmrs-data/elexon/ITSDO/2025/07/ITSDO_2025-07-01_2025-07-07.json for table 'ITSDO'
2025-08-25 15:30:39,098 - gcs_to_bq_ingest - INFO - Starting BQ load job 57500f2d-828e-45c5-97b5-ac2dba79fe5d for table jibber-jabber-knowledge.bmrs_data.ITSDO...
2025-08-25 15:30:41,059 - gcs_to_bq_ingest - INFO - ✅ Loaded 1 rows. Total rows in jibber-jabber-knowledge.bmrs_data.ITSDO: 1
2025-08-25 15:30:41,060 - gcs_to_bq_ingest - INFO - ⏳ Processing gs://jibber-jabber-knowledge-bmrs-data/elexon/MELNGC/2025/07/MELNGC_2025-07-01_2025-07-07.json for table 'MELNGC'
2025-08-25 15:30:42,916 - gcs_to_bq_ingest - INFO - Starting BQ load job 8b029cb3-8469-4ca8-b915-8b2ca433b4c9 for table jibber-jabber-knowledge.bmrs_data.MELNGC...
2025-08-25 15:30:46,356 - gcs_to_bq_ingest - INFO - ✅ Loaded 1350 rows. Total rows in jibber-jabber-knowledge.bmrs_data.MELNGC: 1350
2025-08-25 15:30:46,358 - gcs_to_bq_ingest - INFO - ⏳ Processing gs://jibber-jabber-knowledge-bmrs-data/elexon/MID/2025/07/MID_2025-07-01_2025-07-07.json for table 'MID'
2025-08-25 15:30:48,194 - gcs_to_bq_ingest - INFO - Starting BQ load job eedcd86f-4f23-4924-8b63-0a53e211f434 for table jibber-jabber-knowledge.bmrs_data.MID...
2025-08-25 15:30:51,313 - gcs_to_bq_ingest - INFO - ✅ Loaded 555 rows. Total rows in jibber-jabber-knowledge.bmrs_data.MID: 555
2025-08-25 15:30:51,315 - gcs_to_bq_ingest - INFO - ⏳ Processing gs://jibber-jabber-knowledge-bmrs-data/elexon/MNZT/2025/07/MNZT_2025-07-01_2025-07-07.json for table 'MNZT'
2025-08-25 15:30:52,912 - gcs_to_bq_ingest - INFO - Starting BQ load job 64a0f6e1-4660-45a2-b564-f4d916c6bee3 for table jibber-jabber-knowledge.bmrs_data.MNZT...
2025-08-25 15:30:54,489 - gcs_to_bq_ingest - INFO - ✅ Loaded 293 rows. Total rows in jibber-jabber-knowledge.bmrs_data.MNZT: 293
2025-08-25 15:30:54,492 - gcs_to_bq_ingest - INFO - ⏳ Processing gs://jibber-jabber-knowledge-bmrs-data/elexon/MZT/2025/07/MZT_2025-07-01_2025-07-07.json for table 'MZT'
2025-08-25 15:30:55,982 - gcs_to_bq_ingest - INFO - Starting BQ load job 8376fe44-41b8-471e-a9cb-61ef257f30af for table jibber-jabber-knowledge.bmrs_data.MZT...
2025-08-25 15:30:57,822 - gcs_to_bq_ingest - INFO - ✅ Loaded 188 rows. Total rows in jibber-jabber-knowledge.bmrs_data.MZT: 188
2025-08-25 15:30:57,823 - gcs_to_bq_ingest - INFO - ⏳ Processing gs://jibber-jabber-knowledge-bmrs-data/elexon/NDF/2025/07/NDF_2025-07-01_2025-07-07.json for table 'NDF'
2025-08-25 15:30:59,270 - gcs_to_bq_ingest - INFO - Starting BQ load job ed6021fd-1234-4722-88be-64131a112030 for table jibber-jabber-knowledge.bmrs_data.NDF...
2025-08-25 15:31:01,486 - gcs_to_bq_ingest - INFO - ✅ Loaded 75 rows. Total rows in jibber-jabber-knowledge.bmrs_data.NDF: 75
2025-08-25 15:31:01,486 - gcs_to_bq_ingest - INFO - ⏳ Processing gs://jibber-jabber-knowledge-bmrs-data/elexon/NDFD/2025/07/NDFD_2025-07-01_2025-07-07.json for table 'NDFD'
2025-08-25 15:31:03,166 - gcs_to_bq_ingest - INFO - Starting BQ load job dfafa0cc-7f93-44ca-9379-4e89b11919fc for table jibber-jabber-knowledge.bmrs_data.NDFD...
2025-08-25 15:31:06,235 - gcs_to_bq_ingest - INFO - ✅ Loaded 13 rows. Total rows in jibber-jabber-knowledge.bmrs_data.NDFD: 13
2025-08-25 15:31:06,236 - gcs_to_bq_ingest - INFO - ⏳ Processing gs://jibber-jabber-knowledge-bmrs-data/elexon/NDFW/2025/07/NDFW_2025-07-01_2025-07-07.json for table 'NDFW'
2025-08-25 15:31:07,875 - gcs_to_bq_ingest - INFO - Starting BQ load job ab37c16c-0077-4894-ba6c-4ab1a0985b38 for table jibber-jabber-knowledge.bmrs_data.NDFW...
2025-08-25 15:31:10,928 - gcs_to_bq_ingest - INFO - ✅ Loaded 51 rows. Total rows in jibber-jabber-knowledge.bmrs_data.NDFW: 51
2025-08-25 15:31:10,932 - gcs_to_bq_ingest - INFO - ⏳ Processing gs://jibber-jabber-knowledge-bmrs-data/elexon/NDZ/2025/07/NDZ_2025-07-01_2025-07-07.json for table 'NDZ'
2025-08-25 15:31:12,601 - gcs_to_bq_ingest - INFO - Starting BQ load job f0e87bdc-3760-4e16-9589-8f4c0394b874 for table jibber-jabber-knowledge.bmrs_data.NDZ...
2025-08-25 15:31:15,163 - gcs_to_bq_ingest - INFO - ✅ Loaded 341 rows. Total rows in jibber-jabber-knowledge.bmrs_data.NDZ: 341
2025-08-25 15:31:15,166 - gcs_to_bq_ingest - INFO - ⏳ Processing gs://jibber-jabber-knowledge-bmrs-data/elexon/NETBSAD/2025/07/NETBSAD_2025-07-01_2025-07-07.json for table 'NETBSAD'
2025-08-25 15:31:17,051 - gcs_to_bq_ingest - INFO - Starting BQ load job d9f5b4cf-c69d-43aa-a922-75dc8c2266ec for table jibber-jabber-knowledge.bmrs_data.NETBSAD...
2025-08-25 15:31:24,561 - gcs_to_bq_ingest - INFO - ✅ Loaded 289 rows. Total rows in jibber-jabber-knowledge.bmrs_data.NETBSAD: 289
2025-08-25 15:31:24,565 - gcs_to_bq_ingest - INFO - ⏳ Processing gs://jibber-jabber-knowledge-bmrs-data/elexon/NONBM/2025/07/NONBM_2025-07-01_2025-07-07.json for table 'NONBM'
2025-08-25 15:31:26,306 - gcs_to_bq_ingest - INFO - Starting BQ load job 9efbb806-2305-45d8-b932-6853d5fe42a8 for table jibber-jabber-knowledge.bmrs_data.NONBM...
2025-08-25 15:31:30,390 - gcs_to_bq_ingest - INFO - ✅ Loaded 287 rows. Total rows in jibber-jabber-knowledge.bmrs_data.NONBM: 287
2025-08-25 15:31:30,391 - gcs_to_bq_ingest - INFO - ⏳ Processing gs://jibber-jabber-knowledge-bmrs-data/elexon/NOU2T14D/2025/07/NOU2T14D_2025-07-01_2025-07-07.json for table 'NOU2T14D'
2025-08-25 15:31:32,039 - gcs_to_bq_ingest - INFO - Starting BQ load job 301445ac-00cc-42d4-a8a3-b8eb6ae06812 for table jibber-jabber-knowledge.bmrs_data.NOU2T14D...
2025-08-25 15:31:33,999 - gcs_to_bq_ingest - INFO - ✅ Loaded 13 rows. Total rows in jibber-jabber-knowledge.bmrs_data.NOU2T14D: 13
2025-08-25 15:31:34,000 - gcs_to_bq_ingest - INFO - ⏳ Processing gs://jibber-jabber-knowledge-bmrs-data/elexon/NOU2T3YW/2025/07/NOU2T3YW_2025-07-01_2025-07-07.json for table 'NOU2T3YW'
2025-08-25 15:31:35,728 - gcs_to_bq_ingest - INFO - Starting BQ load job 2a998ea7-6cb1-4238-923c-28b7b21ba3a5 for table jibber-jabber-knowledge.bmrs_data.NOU2T3YW...
2025-08-25 15:31:38,952 - gcs_to_bq_ingest - INFO - ✅ Loaded 155 rows. Total rows in jibber-jabber-knowledge.bmrs_data.NOU2T3YW: 155
2025-08-25 15:31:38,963 - gcs_to_bq_ingest - INFO - ⏳ Processing gs://jibber-jabber-knowledge-bmrs-data/elexon/NTB/2025/07/NTB_2025-07-01_2025-07-07.json for table 'NTB'
2025-08-25 15:31:40,819 - gcs_to_bq_ingest - INFO - Starting BQ load job adb4b729-2a0c-4de3-b5b1-6f6ed5190d46 for table jibber-jabber-knowledge.bmrs_data.NTB...
2025-08-25 15:31:42,682 - gcs_to_bq_ingest - INFO - ✅ Loaded 76 rows. Total rows in jibber-jabber-knowledge.bmrs_data.NTB: 76
2025-08-25 15:31:42,699 - gcs_to_bq_ingest - INFO - ⏳ Processing gs://jibber-jabber-knowledge-bmrs-data/elexon/NTO/2025/07/NTO_2025-07-01_2025-07-07.json for table 'NTO'
2025-08-25 15:31:44,447 - gcs_to_bq_ingest - INFO - Starting BQ load job 3452a3c9-ddee-49e6-8f16-0cdd5c6df90e for table jibber-jabber-knowledge.bmrs_data.NTO...
2025-08-25 15:31:46,021 - gcs_to_bq_ingest - INFO - ✅ Loaded 76 rows. Total rows in jibber-jabber-knowledge.bmrs_data.NTO: 76
2025-08-25 15:31:46,023 - gcs_to_bq_ingest - INFO - ⏳ Processing gs://jibber-jabber-knowledge-bmrs-data/elexon/OCNMF3Y/2025/07/OCNMF3Y_2025-07-01_2025-07-07.json for table 'OCNMF3Y'
2025-08-25 15:31:47,532 - gcs_to_bq_ingest - INFO - Starting BQ load job 6539af3e-811f-422f-84a8-a09978d12b3a for table jibber-jabber-knowledge.bmrs_data.OCNMF3Y...
2025-08-25 15:31:49,680 - gcs_to_bq_ingest - INFO - ✅ Loaded 155 rows. Total rows in jibber-jabber-knowledge.bmrs_data.OCNMF3Y: 155
2025-08-25 15:31:49,683 - gcs_to_bq_ingest - INFO - ⏳ Processing gs://jibber-jabber-knowledge-bmrs-data/elexon/OCNMF3Y2/2025/07/OCNMF3Y2_2025-07-01_2025-07-07.json for table 'OCNMF3Y2'
2025-08-25 15:31:51,331 - gcs_to_bq_ingest - INFO - Starting BQ load job 53c4f61f-686e-4ad1-8244-49a53989b79c for table jibber-jabber-knowledge.bmrs_data.OCNMF3Y2...
2025-08-25 15:31:54,365 - gcs_to_bq_ingest - INFO - ✅ Loaded 155 rows. Total rows in jibber-jabber-knowledge.bmrs_data.OCNMF3Y2: 155
2025-08-25 15:31:54,369 - gcs_to_bq_ingest - INFO - ⏳ Processing gs://jibber-jabber-knowledge-bmrs-data/elexon/OCNMFD/2025/07/OCNMFD_2025-07-01_2025-07-07.json for table 'OCNMFD'
2025-08-25 15:31:55,821 - gcs_to_bq_ingest - INFO - Starting BQ load job 17c7ea5e-7463-4f5c-ac00-deb04f3e5b31 for table jibber-jabber-knowledge.bmrs_data.OCNMFD...
2025-08-25 15:32:00,775 - gcs_to_bq_ingest - INFO - ✅ Loaded 13 rows. Total rows in jibber-jabber-knowledge.bmrs_data.OCNMFD: 13
2025-08-25 15:32:00,777 - gcs_to_bq_ingest - INFO - ⏳ Processing gs://jibber-jabber-knowledge-bmrs-data/elexon/OCNMFD2/2025/07/OCNMFD2_2025-07-01_2025-07-07.json for table 'OCNMFD2'
2025-08-25 15:32:02,427 - gcs_to_bq_ingest - INFO - Starting BQ load job b25cc3a5-8be6-43f8-9f8a-6867ab6d26b6 for table jibber-jabber-knowledge.bmrs_data.OCNMFD2...
2025-08-25 15:32:04,643 - gcs_to_bq_ingest - INFO - ✅ Loaded 13 rows. Total rows in jibber-jabber-knowledge.bmrs_data.OCNMFD2: 13
2025-08-25 15:32:04,645 - gcs_to_bq_ingest - INFO - ⏳ Processing gs://jibber-jabber-knowledge-bmrs-data/elexon/RDRE/2025/07/RDRE_2025-07-01_2025-07-07.json for table 'RDRE'
2025-08-25 15:32:06,374 - gcs_to_bq_ingest - INFO - Starting BQ load job eb42540c-ceac-4337-973f-528e5e3d6be1 for table jibber-jabber-knowledge.bmrs_data.RDRE...
2025-08-25 15:32:09,899 - gcs_to_bq_ingest - INFO - ✅ Loaded 199 rows. Total rows in jibber-jabber-knowledge.bmrs_data.RDRE: 199
2025-08-25 15:32:09,903 - gcs_to_bq_ingest - INFO - ⏳ Processing gs://jibber-jabber-knowledge-bmrs-data/elexon/RURE/2025/07/RURE_2025-07-01_2025-07-07.json for table 'RURE'
2025-08-25 15:32:11,748 - gcs_to_bq_ingest - INFO - Starting BQ load job 5473eb2a-8543-4fa9-86aa-073c7bfdb063 for table jibber-jabber-knowledge.bmrs_data.RURE...
2025-08-25 15:32:14,140 - gcs_to_bq_ingest - INFO - ✅ Loaded 585 rows. Total rows in jibber-jabber-knowledge.bmrs_data.RURE: 585
2025-08-25 15:32:14,149 - gcs_to_bq_ingest - INFO - ⏳ Processing gs://jibber-jabber-knowledge-bmrs-data/elexon/RURI/2025/07/RURI_2025-07-01_2025-07-07.json for table 'RURI'
2025-08-25 15:32:15,791 - gcs_to_bq_ingest - INFO - Starting BQ load job 7c790bb6-932a-4a2d-8ba0-488f60244cb4 for table jibber-jabber-knowledge.bmrs_data.RURI...
2025-08-25 15:32:18,672 - gcs_to_bq_ingest - INFO - ✅ Loaded 9 rows. Total rows in jibber-jabber-knowledge.bmrs_data.RURI: 9
2025-08-25 15:32:18,674 - gcs_to_bq_ingest - INFO - ⏳ Processing gs://jibber-jabber-knowledge-bmrs-data/elexon/SEL/2025/07/SEL_2025-07-01_2025-07-07.json for table 'SEL'
2025-08-25 15:32:20,411 - gcs_to_bq_ingest - INFO - Starting BQ load job 61d95c8e-0b6c-4370-ba6f-eda22a5f0b96 for table jibber-jabber-knowledge.bmrs_data.SEL...
2025-08-25 15:32:22,446 - gcs_to_bq_ingest - INFO - ✅ Loaded 816 rows. Total rows in jibber-jabber-knowledge.bmrs_data.SEL: 816
2025-08-25 15:32:22,449 - gcs_to_bq_ingest - INFO - ⏳ Processing gs://jibber-jabber-knowledge-bmrs-data/elexon/SIL/2025/07/SIL_2025-07-01_2025-07-07.json for table 'SIL'
2025-08-25 15:32:23,935 - gcs_to_bq_ingest - INFO - Starting BQ load job 29be630b-5bb7-4b37-9af1-95723a218699 for table jibber-jabber-knowledge.bmrs_data.SIL...
2025-08-25 15:32:26,257 - gcs_to_bq_ingest - INFO - ✅ Loaded 310 rows. Total rows in jibber-jabber-knowledge.bmrs_data.SIL: 310
2025-08-25 15:32:26,263 - gcs_to_bq_ingest - INFO - ⏳ Processing gs://jibber-jabber-knowledge-bmrs-data/elexon/TEMP/2025/07/TEMP_2025-07-01_2025-07-07.json for table 'TEMP'
2025-08-25 15:32:27,653 - gcs_to_bq_ingest - INFO - Starting BQ load job 2715ff25-aa65-4cab-b977-263af3c5d299 for table jibber-jabber-knowledge.bmrs_data.TEMP...
2025-08-25 15:32:29,656 - gcs_to_bq_ingest - INFO - ✅ Loaded 31 rows. Total rows in jibber-jabber-knowledge.bmrs_data.TEMP: 31
2025-08-25 15:32:29,659 - gcs_to_bq_ingest - INFO - ⏳ Processing gs://jibber-jabber-knowledge-bmrs-data/elexon/TSDF/2025/07/TSDF_2025-07-01_2025-07-07.json for table 'TSDF'
2025-08-25 15:32:31,472 - gcs_to_bq_ingest - INFO - Starting BQ load job 2ce5e058-614f-4cb0-b913-6f8a2439c50c for table jibber-jabber-knowledge.bmrs_data.TSDF...
2025-08-25 15:32:34,073 - gcs_to_bq_ingest - INFO - ✅ Loaded 1350 rows. Total rows in jibber-jabber-knowledge.bmrs_data.TSDF: 1350
2025-08-25 15:32:34,079 - gcs_to_bq_ingest - INFO - ⏳ Processing gs://jibber-jabber-knowledge-bmrs-data/elexon/TSDFD/2025/07/TSDFD_2025-07-01_2025-07-07.json for table 'TSDFD'
2025-08-25 15:32:35,506 - gcs_to_bq_ingest - INFO - Starting BQ load job 9aa9769a-3019-4df1-8731-ce043001765a for table jibber-jabber-knowledge.bmrs_data.TSDFD...
2025-08-25 15:32:37,565 - gcs_to_bq_ingest - INFO - ✅ Loaded 13 rows. Total rows in jibber-jabber-knowledge.bmrs_data.TSDFD: 13
2025-08-25 15:32:37,566 - gcs_to_bq_ingest - INFO - ⏳ Processing gs://jibber-jabber-knowledge-bmrs-data/elexon/TSDFW/2025/07/TSDFW_2025-07-01_2025-07-07.json for table 'TSDFW'
2025-08-25 15:32:39,111 - gcs_to_bq_ingest - INFO - Starting BQ load job 5c878ae8-fcaa-49be-9b25-187adc63365e for table jibber-jabber-knowledge.bmrs_data.TSDFW...
2025-08-25 15:32:48,112 - gcs_to_bq_ingest - INFO - ✅ Loaded 51 rows. Total rows in jibber-jabber-knowledge.bmrs_data.TSDFW: 51
2025-08-25 15:32:48,115 - gcs_to_bq_ingest - INFO - ⏳ Processing gs://jibber-jabber-knowledge-bmrs-data/elexon/UOU2T14D/2025/07/UOU2T14D_2025-07-01_2025-07-07.json for table 'UOU2T14D'
2025-08-25 15:32:50,397 - gcs_to_bq_ingest - INFO - Starting BQ load job 0a8c7745-4339-40bd-bcb6-2e6b8bada72f for table jibber-jabber-knowledge.bmrs_data.UOU2T14D...
2025-08-25 15:32:53,845 - gcs_to_bq_ingest - INFO - ✅ Loaded 5980 rows. Total rows in jibber-jabber-knowledge.bmrs_data.UOU2T14D: 5980
2025-08-25 15:32:53,850 - gcs_to_bq_ingest - INFO - ⏳ Processing gs://jibber-jabber-knowledge-bmrs-data/elexon/UOU2T3YW/2025/07/UOU2T3YW_2025-07-01_2025-07-07.json for table 'UOU2T3YW'
2025-08-25 15:32:57,975 - gcs_to_bq_ingest - INFO - Starting BQ load job 924a3580-73b9-4066-b383-08a9d6690d89 for table jibber-jabber-knowledge.bmrs_data.UOU2T3YW...
2025-08-25 15:32:59,727 - gcs_to_bq_ingest - INFO - ✅ Loaded 71300 rows. Total rows in jibber-jabber-knowledge.bmrs_data.UOU2T3YW: 71300
2025-08-25 15:32:59,729 - gcs_to_bq_ingest - INFO - ⏳ Processing gs://jibber-jabber-knowledge-bmrs-data/elexon/WINDFOR/2025/07/WINDFOR_2025-07-01_2025-07-07.json for table 'WINDFOR'
2025-08-25 15:33:01,443 - gcs_to_bq_ingest - INFO - Starting BQ load job f926e2bc-f74c-42f8-8bc6-f27a0b6ff289 for table jibber-jabber-knowledge.bmrs_data.WINDFOR...
2025-08-25 15:33:04,085 - gcs_to_bq_ingest - INFO - ✅ Loaded 73 rows. Total rows in jibber-jabber-knowledge.bmrs_data.WINDFOR: 73
2025-08-25 15:33:04,088 - gcs_to_bq_ingest - INFO - ⏳ Processing gs://jibber-jabber-knowledge-bmrs-data/elexon/demand_outturn/recent_20250822231607.json for table 'demand_outturn'
2025-08-25 15:33:06,129 - gcs_to_bq_ingest - INFO - Starting BQ load job f7b51ff6-7519-4219-9b7f-183e6c08ddd2 for table jibber-jabber-knowledge.bmrs_data.demand_outturn...
2025-08-25 15:33:08,242 - gcs_to_bq_ingest - INFO - ✅ Loaded 1390 rows. Total rows in jibber-jabber-knowledge.bmrs_data.demand_outturn: 1390
2025-08-25 15:33:08,246 - gcs_to_bq_ingest - INFO - ⏳ Processing gs://jibber-jabber-knowledge-bmrs-data/elexon/demand_outturn/recent_20250822232650.json for table 'demand_outturn'
2025-08-25 15:33:10,130 - gcs_to_bq_ingest - INFO - Starting BQ load job 13783b86-41e3-4a58-83e8-2c338c234ec9 for table jibber-jabber-knowledge.bmrs_data.demand_outturn...
2025-08-25 15:33:12,371 - gcs_to_bq_ingest - INFO - ✅ Loaded 1390 rows. Total rows in jibber-jabber-knowledge.bmrs_data.demand_outturn: 2780
2025-08-25 15:33:12,374 - gcs_to_bq_ingest - INFO - ⏳ Processing gs://jibber-jabber-knowledge-bmrs-data/elexon/demand_outturn/recent_20250822233106.json for table 'demand_outturn'
2025-08-25 15:33:14,345 - gcs_to_bq_ingest - INFO - Starting BQ load job 9e4bbae8-c365-43b8-9606-890109be08e4 for table jibber-jabber-knowledge.bmrs_data.demand_outturn...
2025-08-25 15:33:18,339 - gcs_to_bq_ingest - INFO - ✅ Loaded 1391 rows. Total rows in jibber-jabber-knowledge.bmrs_data.demand_outturn: 4171
2025-08-25 15:33:18,343 - gcs_to_bq_ingest - INFO - ⏳ Processing gs://jibber-jabber-knowledge-bmrs-data/elexon/demand_outturn/recent_20250823000135.json for table 'demand_outturn'
2025-08-25 15:33:21,067 - gcs_to_bq_ingest - INFO - Starting BQ load job 7cdfc2fd-7007-401d-a92f-c7f41fa03332 for table jibber-jabber-knowledge.bmrs_data.demand_outturn...
2025-08-25 15:33:23,391 - gcs_to_bq_ingest - INFO - ✅ Loaded 1392 rows. Total rows in jibber-jabber-knowledge.bmrs_data.demand_outturn: 5563
2025-08-25 15:33:23,395 - gcs_to_bq_ingest - INFO - ⏳ Processing gs://jibber-jabber-knowledge-bmrs-data/elexon/demand_outturn/recent_20250823001817.json for table 'demand_outturn'
2025-08-25 15:33:25,259 - gcs_to_bq_ingest - INFO - Starting BQ load job 3d0cef0d-4903-4759-8dfd-aef19ef6409e for table jibber-jabber-knowledge.bmrs_data.demand_outturn...
2025-08-25 15:33:26,944 - gcs_to_bq_ingest - INFO - ✅ Loaded 1392 rows. Total rows in jibber-jabber-knowledge.bmrs_data.demand_outturn: 6955
2025-08-25 15:33:26,945 - gcs_to_bq_ingest - INFO - ⏳ Processing gs://jibber-jabber-knowledge-bmrs-data/elexon/demand_outturn/recent_20250823002057.json for table 'demand_outturn'
2025-08-25 15:33:28,843 - gcs_to_bq_ingest - INFO - Starting BQ load job 1aafad06-4f44-4bf7-96be-c2efdb4cbdac for table jibber-jabber-knowledge.bmrs_data.demand_outturn...
2025-08-25 15:33:30,917 - gcs_to_bq_ingest - INFO - ✅ Loaded 1392 rows. Total rows in jibber-jabber-knowledge.bmrs_data.demand_outturn: 8347
2025-08-25 15:33:30,920 - gcs_to_bq_ingest - INFO - ⏳ Processing gs://jibber-jabber-knowledge-bmrs-data/elexon/demand_outturn/recent_20250823003918.json for table 'demand_outturn'
2025-08-25 15:33:32,651 - gcs_to_bq_ingest - INFO - Starting BQ load job dded2cb4-46fc-47a4-84be-8e3900bd3b4e for table jibber-jabber-knowledge.bmrs_data.demand_outturn...
2025-08-25 15:33:34,872 - gcs_to_bq_ingest - INFO - ✅ Loaded 1392 rows. Total rows in jibber-jabber-knowledge.bmrs_data.demand_outturn: 9739
2025-08-25 15:33:34,873 - gcs_to_bq_ingest - INFO - ⏳ Processing gs://jibber-jabber-knowledge-bmrs-data/elexon/demand_outturn/recent_20250823004002.json for table 'demand_outturn'
2025-08-25 15:33:36,967 - gcs_to_bq_ingest - INFO - Starting BQ load job fadd2d30-f86a-4e2a-b087-f0726c4d7a1c for table jibber-jabber-knowledge.bmrs_data.demand_outturn...
2025-08-25 15:33:39,718 - gcs_to_bq_ingest - INFO - ✅ Loaded 1392 rows. Total rows in jibber-jabber-knowledge.bmrs_data.demand_outturn: 11131
2025-08-25 15:33:39,718 - gcs_to_bq_ingest - INFO - ⏳ Processing gs://jibber-jabber-knowledge-bmrs-data/elexon/demand_outturn/recent_20250823004048.json for table 'demand_outturn'
2025-08-25 15:33:41,698 - gcs_to_bq_ingest - INFO - Starting BQ load job 10cfda6c-300b-457e-829d-72b785e98adc for table jibber-jabber-knowledge.bmrs_data.demand_outturn...
2025-08-25 15:33:43,662 - gcs_to_bq_ingest - INFO - ✅ Loaded 1392 rows. Total rows in jibber-jabber-knowledge.bmrs_data.demand_outturn: 12523
2025-08-25 15:33:43,663 - gcs_to_bq_ingest - INFO - ⏳ Processing gs://jibber-jabber-knowledge-bmrs-data/elexon/demand_outturn/recent_20250823011048.json for table 'demand_outturn'
2025-08-25 15:33:45,885 - gcs_to_bq_ingest - INFO - Starting BQ load job 0f618f0f-7d54-4fe8-b2ef-e9b583423539 for table jibber-jabber-knowledge.bmrs_data.demand_outturn...
2025-08-25 15:33:48,332 - gcs_to_bq_ingest - INFO - ✅ Loaded 1346 rows. Total rows in jibber-jabber-knowledge.bmrs_data.demand_outturn: 13869
2025-08-25 15:33:48,335 - gcs_to_bq_ingest - INFO - ⏳ Processing gs://jibber-jabber-knowledge-bmrs-data/elexon/demand_outturn/recent_20250823014056.json for table 'demand_outturn'
2025-08-25 15:33:50,693 - gcs_to_bq_ingest - INFO - Starting BQ load job b58f4060-e8fb-4a12-874c-218ca1e3fe10 for table jibber-jabber-knowledge.bmrs_data.demand_outturn...
2025-08-25 15:33:52,698 - gcs_to_bq_ingest - INFO - ✅ Loaded 1347 rows. Total rows in jibber-jabber-knowledge.bmrs_data.demand_outturn: 15216
2025-08-25 15:33:52,701 - gcs_to_bq_ingest - INFO - ⏳ Processing gs://jibber-jabber-knowledge-bmrs-data/elexon/demand_outturn/recent_20250823021058.json for table 'demand_outturn'
2025-08-25 15:33:54,683 - gcs_to_bq_ingest - INFO - Starting BQ load job 9c6c0164-288f-48ab-b750-9a342c1a9cf1 for table jibber-jabber-knowledge.bmrs_data.demand_outturn...
2025-08-25 15:33:57,678 - gcs_to_bq_ingest - INFO - ✅ Loaded 1348 rows. Total rows in jibber-jabber-knowledge.bmrs_data.demand_outturn: 16564
2025-08-25 15:33:57,679 - gcs_to_bq_ingest - INFO - ⏳ Processing gs://jibber-jabber-knowledge-bmrs-data/elexon/generation_outturn/recent_20250822231612.json for table 'generation_outturn'
2025-08-25 15:33:59,351 - gcs_to_bq_ingest - INFO - Starting BQ load job 106d1881-8d79-4263-97d1-50d66d7c6c97 for table jibber-jabber-knowledge.bmrs_data.generation_outturn...
2025-08-25 15:34:02,136 - gcs_to_bq_ingest - INFO - ✅ Loaded 289 rows. Total rows in jibber-jabber-knowledge.bmrs_data.generation_outturn: 289
2025-08-25 15:34:02,137 - gcs_to_bq_ingest - INFO - ⏳ Processing gs://jibber-jabber-knowledge-bmrs-data/elexon/generation_outturn/recent_20250822233110.json for table 'generation_outturn'
2025-08-25 15:34:03,759 - gcs_to_bq_ingest - INFO - Starting BQ load job 5c359e5b-429a-4dab-a4a1-f37fdf11c806 for table jibber-jabber-knowledge.bmrs_data.generation_outturn...
2025-08-25 15:34:06,793 - gcs_to_bq_ingest - INFO - ✅ Loaded 289 rows. Total rows in jibber-jabber-knowledge.bmrs_data.generation_outturn: 578
2025-08-25 15:34:06,796 - gcs_to_bq_ingest - INFO - ⏳ Processing gs://jibber-jabber-knowledge-bmrs-data/elexon/generation_outturn/recent_20250823000138.json for table 'generation_outturn'
2025-08-25 15:34:08,514 - gcs_to_bq_ingest - INFO - Starting BQ load job 5bd70dc5-e98e-467e-b1a1-9167a37e4808 for table jibber-jabber-knowledge.bmrs_data.generation_outturn...
2025-08-25 15:34:12,143 - gcs_to_bq_ingest - INFO - ✅ Loaded 564 rows. Total rows in jibber-jabber-knowledge.bmrs_data.generation_outturn: 1142
2025-08-25 15:34:12,144 - gcs_to_bq_ingest - INFO - ⏳ Processing gs://jibber-jabber-knowledge-bmrs-data/elexon/generation_outturn/recent_20250823001818.json for table 'generation_outturn'
2025-08-25 15:34:13,721 - gcs_to_bq_ingest - INFO - Starting BQ load job f3b6f20a-2885-4e39-8a58-a0cdc3dabdff for table jibber-jabber-knowledge.bmrs_data.generation_outturn...
2025-08-25 15:34:15,652 - gcs_to_bq_ingest - INFO - ✅ Loaded 567 rows. Total rows in jibber-jabber-knowledge.bmrs_data.generation_outturn: 1709
2025-08-25 15:34:15,653 - gcs_to_bq_ingest - INFO - ⏳ Processing gs://jibber-jabber-knowledge-bmrs-data/elexon/generation_outturn/recent_20250823002058.json for table 'generation_outturn'
2025-08-25 15:34:17,172 - gcs_to_bq_ingest - INFO - Starting BQ load job ea7b99fa-2dc7-4260-9d46-51fdfd312bd1 for table jibber-jabber-knowledge.bmrs_data.generation_outturn...
2025-08-25 15:34:19,474 - gcs_to_bq_ingest - INFO - ✅ Loaded 568 rows. Total rows in jibber-jabber-knowledge.bmrs_data.generation_outturn: 2277
2025-08-25 15:34:19,475 - gcs_to_bq_ingest - INFO - ⏳ Processing gs://jibber-jabber-knowledge-bmrs-data/elexon/generation_outturn/recent_20250823003920.json for table 'generation_outturn'
2025-08-25 15:34:21,006 - gcs_to_bq_ingest - INFO - Starting BQ load job ac41ba84-f332-484c-bf30-df0a14d6160d for table jibber-jabber-knowledge.bmrs_data.generation_outturn...
2025-08-25 15:34:22,576 - gcs_to_bq_ingest - INFO - ✅ Loaded 283 rows. Total rows in jibber-jabber-knowledge.bmrs_data.generation_outturn: 2560
2025-08-25 15:34:22,577 - gcs_to_bq_ingest - INFO - ⏳ Processing gs://jibber-jabber-knowledge-bmrs-data/elexon/generation_outturn/recent_20250823004006.json for table 'generation_outturn'
2025-08-25 15:34:24,425 - gcs_to_bq_ingest - INFO - Starting BQ load job 90e59850-aafb-4c7b-8b17-9b69389a7d35 for table jibber-jabber-knowledge.bmrs_data.generation_outturn...
2025-08-25 15:34:30,325 - gcs_to_bq_ingest - INFO - ✅ Loaded 283 rows. Total rows in jibber-jabber-knowledge.bmrs_data.generation_outturn: 2843
2025-08-25 15:34:30,327 - gcs_to_bq_ingest - INFO - ⏳ Processing gs://jibber-jabber-knowledge-bmrs-data/elexon/generation_outturn/recent_20250823004050.json for table 'generation_outturn'
2025-08-25 15:34:31,956 - gcs_to_bq_ingest - INFO - Starting BQ load job 7dbf1c24-051c-4643-9b9e-7bb7e7d3858f for table jibber-jabber-knowledge.bmrs_data.generation_outturn...
2025-08-25 15:34:34,998 - gcs_to_bq_ingest - INFO - ✅ Loaded 284 rows. Total rows in jibber-jabber-knowledge.bmrs_data.generation_outturn: 3127
2025-08-25 15:34:35,001 - gcs_to_bq_ingest - INFO - ⏳ Processing gs://jibber-jabber-knowledge-bmrs-data/elexon/generation_outturn/recent_20250823011051.json for table 'generation_outturn'
2025-08-25 15:34:36,525 - gcs_to_bq_ingest - INFO - Starting BQ load job f22af850-9e65-4af9-bbd3-c7113bdda3d9 for table jibber-jabber-knowledge.bmrs_data.generation_outturn...
2025-08-25 15:34:39,335 - gcs_to_bq_ingest - INFO - ✅ Loaded 289 rows. Total rows in jibber-jabber-knowledge.bmrs_data.generation_outturn: 3416
2025-08-25 15:34:39,338 - gcs_to_bq_ingest - INFO - ⏳ Processing gs://jibber-jabber-knowledge-bmrs-data/elexon/generation_outturn/recent_20250823014058.json for table 'generation_outturn'
2025-08-25 15:34:40,900 - gcs_to_bq_ingest - INFO - Starting BQ load job d62c19c2-46b1-4849-a88c-4e3190b2ed9d for table jibber-jabber-knowledge.bmrs_data.generation_outturn...
2025-08-25 15:34:43,564 - gcs_to_bq_ingest - INFO - ✅ Loaded 289 rows. Total rows in jibber-jabber-knowledge.bmrs_data.generation_outturn: 3705
2025-08-25 15:34:43,567 - gcs_to_bq_ingest - INFO - ⏳ Processing gs://jibber-jabber-knowledge-bmrs-data/elexon/generation_outturn/recent_20250823021102.json for table 'generation_outturn'
2025-08-25 15:34:45,108 - gcs_to_bq_ingest - INFO - Starting BQ load job 3790e333-a6f7-4e61-88fc-40cb686ed564 for table jibber-jabber-knowledge.bmrs_data.generation_outturn...
2025-08-25 15:34:46,850 - gcs_to_bq_ingest - INFO - ✅ Loaded 289 rows. Total rows in jibber-jabber-knowledge.bmrs_data.generation_outturn: 3994
2025-08-25 15:34:46,852 - gcs_to_bq_ingest - INFO - ⏳ Processing gs://jibber-jabber-knowledge-bmrs-data/elexon/rolling_demand/recent_20250823003923.json for table 'rolling_demand'
2025-08-25 15:34:48,687 - gcs_to_bq_ingest - INFO - Starting BQ load job 42532367-a53d-4650-b2fd-38d6b61f4107 for table jibber-jabber-knowledge.bmrs_data.rolling_demand...
2025-08-25 15:34:51,320 - gcs_to_bq_ingest - INFO - ✅ Loaded 283 rows. Total rows in jibber-jabber-knowledge.bmrs_data.rolling_demand: 283
2025-08-25 15:34:51,332 - gcs_to_bq_ingest - INFO - ⏳ Processing gs://jibber-jabber-knowledge-bmrs-data/elexon/rolling_demand/recent_20250823004010.json for table 'rolling_demand'
2025-08-25 15:34:53,155 - gcs_to_bq_ingest - INFO - Starting BQ load job 2971b2b6-76a2-4749-a7d0-0037c6789038 for table jibber-jabber-knowledge.bmrs_data.rolling_demand...
2025-08-25 15:34:55,937 - gcs_to_bq_ingest - INFO - ✅ Loaded 283 rows. Total rows in jibber-jabber-knowledge.bmrs_data.rolling_demand: 566
2025-08-25 15:34:55,940 - gcs_to_bq_ingest - INFO - ⏳ Processing gs://jibber-jabber-knowledge-bmrs-data/elexon/rolling_demand/recent_20250823004055.json for table 'rolling_demand'
2025-08-25 15:34:57,395 - gcs_to_bq_ingest - INFO - Starting BQ load job ceaeb755-95f6-4622-9def-c94582bb6994 for table jibber-jabber-knowledge.bmrs_data.rolling_demand...
2025-08-25 15:34:59,815 - gcs_to_bq_ingest - INFO - ✅ Loaded 284 rows. Total rows in jibber-jabber-knowledge.bmrs_data.rolling_demand: 850
2025-08-25 15:34:59,819 - gcs_to_bq_ingest - INFO - ⏳ Processing gs://jibber-jabber-knowledge-bmrs-data/elexon/rolling_demand/recent_20250823004550.json for table 'rolling_demand'
2025-08-25 15:35:01,353 - gcs_to_bq_ingest - INFO - Starting BQ load job 5c84fdfc-5c0a-4182-bc54-2d80339c850d for table jibber-jabber-knowledge.bmrs_data.rolling_demand...
2025-08-25 15:35:04,188 - gcs_to_bq_ingest - INFO - ✅ Loaded 285 rows. Total rows in jibber-jabber-knowledge.bmrs_data.rolling_demand: 1135
2025-08-25 15:35:04,191 - gcs_to_bq_ingest - INFO - ⏳ Processing gs://jibber-jabber-knowledge-bmrs-data/elexon/rolling_demand/recent_20250823005054.json for table 'rolling_demand'
2025-08-25 15:35:05,778 - gcs_to_bq_ingest - INFO - Starting BQ load job 4b4d73c5-d1d9-44a1-933c-6a4a79e17bfb for table jibber-jabber-knowledge.bmrs_data.rolling_demand...
2025-08-25 15:35:08,099 - gcs_to_bq_ingest - INFO - ✅ Loaded 286 rows. Total rows in jibber-jabber-knowledge.bmrs_data.rolling_demand: 1421
2025-08-25 15:35:08,100 - gcs_to_bq_ingest - INFO - ⏳ Processing gs://jibber-jabber-knowledge-bmrs-data/elexon/rolling_demand/recent_20250823005557.json for table 'rolling_demand'
2025-08-25 15:35:10,737 - gcs_to_bq_ingest - INFO - Starting BQ load job 164bbaa8-8d13-4b4b-87e3-84239ce3e88e for table jibber-jabber-knowledge.bmrs_data.rolling_demand...
2025-08-25 15:35:13,253 - gcs_to_bq_ingest - INFO - ✅ Loaded 287 rows. Total rows in jibber-jabber-knowledge.bmrs_data.rolling_demand: 1708
2025-08-25 15:35:13,255 - gcs_to_bq_ingest - INFO - ⏳ Processing gs://jibber-jabber-knowledge-bmrs-data/elexon/rolling_demand/recent_20250823010058.json for table 'rolling_demand'
2025-08-25 15:35:15,089 - gcs_to_bq_ingest - INFO - Starting BQ load job 5b4b186a-9be3-40f7-bd04-6d99095220cc for table jibber-jabber-knowledge.bmrs_data.rolling_demand...
2025-08-25 15:35:18,039 - gcs_to_bq_ingest - INFO - ✅ Loaded 288 rows. Total rows in jibber-jabber-knowledge.bmrs_data.rolling_demand: 1996
2025-08-25 15:35:18,046 - gcs_to_bq_ingest - INFO - ⏳ Processing gs://jibber-jabber-knowledge-bmrs-data/elexon/rolling_demand/recent_20250823010600.json for table 'rolling_demand'
2025-08-25 15:35:19,598 - gcs_to_bq_ingest - INFO - Starting BQ load job 4ad2a7f7-4f75-45ae-bef5-d7a342662abe for table jibber-jabber-knowledge.bmrs_data.rolling_demand...
2025-08-25 15:35:21,722 - gcs_to_bq_ingest - INFO - ✅ Loaded 289 rows. Total rows in jibber-jabber-knowledge.bmrs_data.rolling_demand: 2285
2025-08-25 15:35:21,723 - gcs_to_bq_ingest - INFO - ⏳ Processing gs://jibber-jabber-knowledge-bmrs-data/elexon/rolling_demand/recent_20250823011102.json for table 'rolling_demand'
2025-08-25 15:35:23,308 - gcs_to_bq_ingest - INFO - Starting BQ load job f9e33df7-f14d-4943-9a6d-ec6eb0a67755 for table jibber-jabber-knowledge.bmrs_data.rolling_demand...
2025-08-25 15:35:25,944 - gcs_to_bq_ingest - INFO - ✅ Loaded 289 rows. Total rows in jibber-jabber-knowledge.bmrs_data.rolling_demand: 2574
2025-08-25 15:35:25,945 - gcs_to_bq_ingest - INFO - ⏳ Processing gs://jibber-jabber-knowledge-bmrs-data/elexon/rolling_demand/recent_20250823011604.json for table 'rolling_demand'
2025-08-25 15:35:27,443 - gcs_to_bq_ingest - INFO - Starting BQ load job b7a5f83c-a6d5-417b-aea5-6f2fe4a90b61 for table jibber-jabber-knowledge.bmrs_data.rolling_demand...
2025-08-25 15:35:29,699 - gcs_to_bq_ingest - INFO - ✅ Loaded 289 rows. Total rows in jibber-jabber-knowledge.bmrs_data.rolling_demand: 2863
2025-08-25 15:35:29,704 - gcs_to_bq_ingest - INFO - ⏳ Processing gs://jibber-jabber-knowledge-bmrs-data/elexon/rolling_demand/recent_20250823012106.json for table 'rolling_demand'
2025-08-25 15:35:31,500 - gcs_to_bq_ingest - INFO - Starting BQ load job e3dc2cae-b176-4ea7-875b-7baaa80ec5f8 for table jibber-jabber-knowledge.bmrs_data.rolling_demand...
2025-08-25 15:35:33,876 - gcs_to_bq_ingest - INFO - ✅ Loaded 289 rows. Total rows in jibber-jabber-knowledge.bmrs_data.rolling_demand: 3152
2025-08-25 15:35:33,880 - gcs_to_bq_ingest - INFO - ⏳ Processing gs://jibber-jabber-knowledge-bmrs-data/elexon/rolling_demand/recent_20250823012608.json for table 'rolling_demand'
2025-08-25 15:35:35,755 - gcs_to_bq_ingest - INFO - Starting BQ load job 95947f50-5040-4f0f-8a12-13d335a090f0 for table jibber-jabber-knowledge.bmrs_data.rolling_demand...
2025-08-25 15:35:38,930 - gcs_to_bq_ingest - INFO - ✅ Loaded 289 rows. Total rows in jibber-jabber-knowledge.bmrs_data.rolling_demand: 3441
2025-08-25 15:35:38,934 - gcs_to_bq_ingest - INFO - ⏳ Processing gs://jibber-jabber-knowledge-bmrs-data/elexon/rolling_demand/recent_20250823013111.json for table 'rolling_demand'
2025-08-25 15:35:40,465 - gcs_to_bq_ingest - INFO - Starting BQ load job 3f68b041-cda9-4288-8cb3-62b7b1f01a64 for table jibber-jabber-knowledge.bmrs_data.rolling_demand...
2025-08-25 15:35:42,043 - gcs_to_bq_ingest - INFO - ✅ Loaded 289 rows. Total rows in jibber-jabber-knowledge.bmrs_data.rolling_demand: 3730
2025-08-25 15:35:42,045 - gcs_to_bq_ingest - INFO - ⏳ Processing gs://jibber-jabber-knowledge-bmrs-data/elexon/rolling_demand/recent_20250823013612.json for table 'rolling_demand'
2025-08-25 15:35:43,557 - gcs_to_bq_ingest - INFO - Starting BQ load job 5b3b9c12-ecde-41eb-b9c1-7e77a46d517f for table jibber-jabber-knowledge.bmrs_data.rolling_demand...
2025-08-25 15:35:46,221 - gcs_to_bq_ingest - INFO - ✅ Loaded 289 rows. Total rows in jibber-jabber-knowledge.bmrs_data.rolling_demand: 4019
2025-08-25 15:35:46,223 - gcs_to_bq_ingest - INFO - ⏳ Processing gs://jibber-jabber-knowledge-bmrs-data/elexon/rolling_demand/recent_20250823014114.json for table 'rolling_demand'
2025-08-25 15:35:47,831 - gcs_to_bq_ingest - INFO - Starting BQ load job 98a98b42-221d-49eb-850a-8c56ace75f3c for table jibber-jabber-knowledge.bmrs_data.rolling_demand...
2025-08-25 15:35:49,349 - gcs_to_bq_ingest - INFO - ✅ Loaded 289 rows. Total rows in jibber-jabber-knowledge.bmrs_data.rolling_demand: 4308
2025-08-25 15:35:49,350 - gcs_to_bq_ingest - INFO - ⏳ Processing gs://jibber-jabber-knowledge-bmrs-data/elexon/rolling_demand/recent_20250823014617.json for table 'rolling_demand'
2025-08-25 15:35:50,926 - gcs_to_bq_ingest - INFO - Starting BQ load job 3e2fc453-0852-4f73-a14c-91814966192e for table jibber-jabber-knowledge.bmrs_data.rolling_demand...
2025-08-25 15:35:52,908 - gcs_to_bq_ingest - INFO - ✅ Loaded 289 rows. Total rows in jibber-jabber-knowledge.bmrs_data.rolling_demand: 4597
2025-08-25 15:35:52,918 - gcs_to_bq_ingest - INFO - ⏳ Processing gs://jibber-jabber-knowledge-bmrs-data/elexon/rolling_demand/recent_20250823015120.json for table 'rolling_demand'
2025-08-25 15:35:54,641 - gcs_to_bq_ingest - INFO - Starting BQ load job e670c3db-4106-466e-8d86-8e6b7d506f5d for table jibber-jabber-knowledge.bmrs_data.rolling_demand...
2025-08-25 15:35:56,885 - gcs_to_bq_ingest - INFO - ✅ Loaded 289 rows. Total rows in jibber-jabber-knowledge.bmrs_data.rolling_demand: 4886
2025-08-25 15:35:56,887 - gcs_to_bq_ingest - INFO - ⏳ Processing gs://jibber-jabber-knowledge-bmrs-data/elexon/rolling_demand/recent_20250823015622.json for table 'rolling_demand'
2025-08-25 15:35:59,094 - gcs_to_bq_ingest - INFO - Starting BQ load job a22a65fb-f69c-482a-896a-92ed17529d15 for table jibber-jabber-knowledge.bmrs_data.rolling_demand...
2025-08-25 15:36:02,610 - gcs_to_bq_ingest - INFO - ✅ Loaded 289 rows. Total rows in jibber-jabber-knowledge.bmrs_data.rolling_demand: 5175
2025-08-25 15:36:02,614 - gcs_to_bq_ingest - INFO - ⏳ Processing gs://jibber-jabber-knowledge-bmrs-data/elexon/rolling_demand/recent_20250823020125.json for table 'rolling_demand'
2025-08-25 15:36:04,164 - gcs_to_bq_ingest - INFO - Starting BQ load job d6300fa2-ea6c-4c7a-a035-8e6104302bc3 for table jibber-jabber-knowledge.bmrs_data.rolling_demand...
2025-08-25 15:36:06,000 - gcs_to_bq_ingest - INFO - ✅ Loaded 289 rows. Total rows in jibber-jabber-knowledge.bmrs_data.rolling_demand: 5464
2025-08-25 15:36:06,001 - gcs_to_bq_ingest - INFO - ⏳ Processing gs://jibber-jabber-knowledge-bmrs-data/elexon/rolling_demand/recent_20250823020628.json for table 'rolling_demand'
2025-08-25 15:36:07,703 - gcs_to_bq_ingest - INFO - Starting BQ load job de07c871-e905-432a-b796-0f53912618ed for table jibber-jabber-knowledge.bmrs_data.rolling_demand...
2025-08-25 15:36:10,293 - gcs_to_bq_ingest - INFO - ✅ Loaded 289 rows. Total rows in jibber-jabber-knowledge.bmrs_data.rolling_demand: 5753
2025-08-25 15:36:10,295 - gcs_to_bq_ingest - INFO - ⏳ Processing gs://jibber-jabber-knowledge-bmrs-data/elexon/rolling_demand/recent_20250823021130.json for table 'rolling_demand'
2025-08-25 15:36:12,005 - gcs_to_bq_ingest - INFO - Starting BQ load job 1dc8fc0b-875e-4386-80f6-61d92a66032a for table jibber-jabber-knowledge.bmrs_data.rolling_demand...
2025-08-25 15:36:15,015 - gcs_to_bq_ingest - INFO - ✅ Loaded 289 rows. Total rows in jibber-jabber-knowledge.bmrs_data.rolling_demand: 6042
2025-08-25 15:36:15,016 - gcs_to_bq_ingest - INFO - ⏳ Processing gs://jibber-jabber-knowledge-bmrs-data/elexon/rolling_demand/recent_20250823021633.json for table 'rolling_demand'
2025-08-25 15:36:16,886 - gcs_to_bq_ingest - INFO - Starting BQ load job c8ff1258-1fb7-47fc-8659-b5ca29df93d0 for table jibber-jabber-knowledge.bmrs_data.rolling_demand...
2025-08-25 15:36:20,509 - gcs_to_bq_ingest - INFO - ✅ Loaded 289 rows. Total rows in jibber-jabber-knowledge.bmrs_data.rolling_demand: 6331
2025-08-25 15:36:20,512 - gcs_to_bq_ingest - INFO - ⏳ Processing gs://jibber-jabber-knowledge-bmrs-data/elexon/rolling_demand/recent_20250823022135.json for table 'rolling_demand'
2025-08-25 15:36:22,119 - gcs_to_bq_ingest - INFO - Starting BQ load job 4819db99-8a04-45d2-baff-088d4446d01d for table jibber-jabber-knowledge.bmrs_data.rolling_demand...
2025-08-25 15:36:24,973 - gcs_to_bq_ingest - INFO - ✅ Loaded 289 rows. Total rows in jibber-jabber-knowledge.bmrs_data.rolling_demand: 6620
2025-08-25 15:36:24,976 - gcs_to_bq_ingest - INFO - ⏳ Processing gs://jibber-jabber-knowledge-bmrs-data/elexon/rolling_demand/recent_20250823022637.json for table 'rolling_demand'
2025-08-25 15:36:26,595 - gcs_to_bq_ingest - INFO - Starting BQ load job f800a34d-8ee2-473c-af45-8791ae99ed50 for table jibber-jabber-knowledge.bmrs_data.rolling_demand...
2025-08-25 15:36:31,851 - gcs_to_bq_ingest - INFO - ✅ Loaded 289 rows. Total rows in jibber-jabber-knowledge.bmrs_data.rolling_demand: 6909
2025-08-25 15:36:31,860 - gcs_to_bq_ingest - INFO - ⏳ Processing gs://jibber-jabber-knowledge-bmrs-data/elexon/rolling_demand/recent_20250823023139.json for table 'rolling_demand'
2025-08-25 15:36:33,421 - gcs_to_bq_ingest - INFO - Starting BQ load job ea2d6b07-8c68-44b6-8dfd-cd42d7048141 for table jibber-jabber-knowledge.bmrs_data.rolling_demand...
2025-08-25 15:36:35,582 - gcs_to_bq_ingest - INFO - ✅ Loaded 289 rows. Total rows in jibber-jabber-knowledge.bmrs_data.rolling_demand: 7198
2025-08-25 15:36:35,584 - gcs_to_bq_ingest - INFO - ⏳ Processing gs://jibber-jabber-knowledge-bmrs-data/elexon/system_frequency/recent_20250823003922.json for table 'system_frequency'
2025-08-25 15:36:37,403 - gcs_to_bq_ingest - INFO - Starting BQ load job ee6e134a-d882-45d1-bc73-ab083beae41a for table jibber-jabber-knowledge.bmrs_data.system_frequency...
2025-08-25 15:36:39,581 - gcs_to_bq_ingest - INFO - ✅ Loaded 5672 rows. Total rows in jibber-jabber-knowledge.bmrs_data.system_frequency: 5672
2025-08-25 15:36:39,587 - gcs_to_bq_ingest - INFO - ⏳ Processing gs://jibber-jabber-knowledge-bmrs-data/elexon/system_frequency/recent_20250823004009.json for table 'system_frequency'
2025-08-25 15:36:41,391 - gcs_to_bq_ingest - INFO - Starting BQ load job c4c84a1d-6d11-4954-aa00-50242ab8ddf3 for table jibber-jabber-knowledge.bmrs_data.system_frequency...
2025-08-25 15:36:43,933 - gcs_to_bq_ingest - INFO - ✅ Loaded 5672 rows. Total rows in jibber-jabber-knowledge.bmrs_data.system_frequency: 11344
2025-08-25 15:36:43,935 - gcs_to_bq_ingest - INFO - ⏳ Processing gs://jibber-jabber-knowledge-bmrs-data/elexon/system_frequency/recent_20250823004053.json for table 'system_frequency'
2025-08-25 15:36:45,784 - gcs_to_bq_ingest - INFO - Starting BQ load job fb141b38-f312-486d-8094-75f8d5cf4750 for table jibber-jabber-knowledge.bmrs_data.system_frequency...
2025-08-25 15:36:47,619 - gcs_to_bq_ingest - INFO - ✅ Loaded 5680 rows. Total rows in jibber-jabber-knowledge.bmrs_data.system_frequency: 17024
2025-08-25 15:36:47,621 - gcs_to_bq_ingest - INFO - ⏳ Processing gs://jibber-jabber-knowledge-bmrs-data/elexon/system_frequency/recent_20250823004548.json for table 'system_frequency'
2025-08-25 15:36:49,509 - gcs_to_bq_ingest - INFO - Starting BQ load job e7adcde6-4969-407e-930c-b94fb7204a59 for table jibber-jabber-knowledge.bmrs_data.system_frequency...
2025-08-25 15:36:51,809 - gcs_to_bq_ingest - INFO - ✅ Loaded 5696 rows. Total rows in jibber-jabber-knowledge.bmrs_data.system_frequency: 22720
2025-08-25 15:36:51,812 - gcs_to_bq_ingest - INFO - ⏳ Processing gs://jibber-jabber-knowledge-bmrs-data/elexon/system_frequency/recent_20250823005051.json for table 'system_frequency'
2025-08-25 15:36:54,302 - gcs_to_bq_ingest - INFO - Starting BQ load job 7476c040-6a70-4f40-b45d-8efb8fde8e51 for table jibber-jabber-knowledge.bmrs_data.system_frequency...
2025-08-25 15:36:55,857 - gcs_to_bq_ingest - INFO - ✅ Loaded 5720 rows. Total rows in jibber-jabber-knowledge.bmrs_data.system_frequency: 28440
2025-08-25 15:36:55,860 - gcs_to_bq_ingest - INFO - ⏳ Processing gs://jibber-jabber-knowledge-bmrs-data/elexon/system_frequency/recent_20250823005554.json for table 'system_frequency'
2025-08-25 15:36:57,846 - gcs_to_bq_ingest - INFO - Starting BQ load job 94257d86-e09f-4d48-9e1c-9b3b180683ed for table jibber-jabber-knowledge.bmrs_data.system_frequency...
2025-08-25 15:37:00,544 - gcs_to_bq_ingest - INFO - ✅ Loaded 5736 rows. Total rows in jibber-jabber-knowledge.bmrs_data.system_frequency: 34176
2025-08-25 15:37:00,548 - gcs_to_bq_ingest - INFO - ⏳ Processing gs://jibber-jabber-knowledge-bmrs-data/elexon/system_frequency/recent_20250823010056.json for table 'system_frequency'
2025-08-25 15:37:02,425 - gcs_to_bq_ingest - INFO - Starting BQ load job f236dc22-eff7-491b-acae-365092ded04c for table jibber-jabber-knowledge.bmrs_data.system_frequency...
2025-08-25 15:37:05,181 - gcs_to_bq_ingest - INFO - ✅ Loaded 5760 rows. Total rows in jibber-jabber-knowledge.bmrs_data.system_frequency: 39936
2025-08-25 15:37:05,183 - gcs_to_bq_ingest - INFO - ⏳ Processing gs://jibber-jabber-knowledge-bmrs-data/elexon/system_frequency/recent_20250823010558.json for table 'system_frequency'
2025-08-25 15:37:07,336 - gcs_to_bq_ingest - INFO - Starting BQ load job 18e4680a-a548-4878-9276-eae10d14fd66 for table jibber-jabber-knowledge.bmrs_data.system_frequency...
2025-08-25 15:37:09,686 - gcs_to_bq_ingest - INFO - ✅ Loaded 5761 rows. Total rows in jibber-jabber-knowledge.bmrs_data.system_frequency: 45697
2025-08-25 15:37:09,687 - gcs_to_bq_ingest - INFO - ⏳ Processing gs://jibber-jabber-knowledge-bmrs-data/elexon/system_frequency/recent_20250823011100.json for table 'system_frequency'
2025-08-25 15:37:11,736 - gcs_to_bq_ingest - INFO - Starting BQ load job bf6800c1-a5df-46a7-873f-43524bdb94a4 for table jibber-jabber-knowledge.bmrs_data.system_frequency...
2025-08-25 15:37:38,761 - gcs_to_bq_ingest - INFO - ✅ Loaded 5761 rows. Total rows in jibber-jabber-knowledge.bmrs_data.system_frequency: 51458
2025-08-25 15:37:38,763 - gcs_to_bq_ingest - INFO - ⏳ Processing gs://jibber-jabber-knowledge-bmrs-data/elexon/system_frequency/recent_20250823011602.json for table 'system_frequency'
2025-08-25 15:37:40,770 - gcs_to_bq_ingest - INFO - Starting BQ load job 6a30e4b6-a9d9-4b5f-93c5-d0d669fa1c22 for table jibber-jabber-knowledge.bmrs_data.system_frequency...
2025-08-25 15:37:42,969 - gcs_to_bq_ingest - INFO - ✅ Loaded 5761 rows. Total rows in jibber-jabber-knowledge.bmrs_data.system_frequency: 57219
2025-08-25 15:37:42,970 - gcs_to_bq_ingest - INFO - ⏳ Processing gs://jibber-jabber-knowledge-bmrs-data/elexon/system_frequency/recent_20250823012104.json for table 'system_frequency'
2025-08-25 15:37:44,986 - gcs_to_bq_ingest - INFO - Starting BQ load job 0386b117-16ae-4cad-8629-8d7ca85fa994 for table jibber-jabber-knowledge.bmrs_data.system_frequency...
2025-08-25 15:37:48,037 - gcs_to_bq_ingest - INFO - ✅ Loaded 5761 rows. Total rows in jibber-jabber-knowledge.bmrs_data.system_frequency: 62980
2025-08-25 15:37:48,040 - gcs_to_bq_ingest - INFO - ⏳ Processing gs://jibber-jabber-knowledge-bmrs-data/elexon/system_frequency/recent_20250823012606.json for table 'system_frequency'
2025-08-25 15:37:50,651 - gcs_to_bq_ingest - INFO - Starting BQ load job 693a9f62-8a35-427e-af41-b35b96c5ce78 for table jibber-jabber-knowledge.bmrs_data.system_frequency...
2025-08-25 15:37:53,607 - gcs_to_bq_ingest - INFO - ✅ Loaded 5761 rows. Total rows in jibber-jabber-knowledge.bmrs_data.system_frequency: 68741
2025-08-25 15:37:53,609 - gcs_to_bq_ingest - INFO - ⏳ Processing gs://jibber-jabber-knowledge-bmrs-data/elexon/system_frequency/recent_20250823013108.json for table 'system_frequency'
2025-08-25 15:37:55,747 - gcs_to_bq_ingest - INFO - Starting BQ load job 4864ae23-0255-4f1f-b99a-7e238b130d07 for table jibber-jabber-knowledge.bmrs_data.system_frequency...
2025-08-25 15:37:58,692 - gcs_to_bq_ingest - INFO - ✅ Loaded 5761 rows. Total rows in jibber-jabber-knowledge.bmrs_data.system_frequency: 74502
2025-08-25 15:37:58,694 - gcs_to_bq_ingest - INFO - ⏳ Processing gs://jibber-jabber-knowledge-bmrs-data/elexon/system_frequency/recent_20250823013610.json for table 'system_frequency'
2025-08-25 15:38:00,776 - gcs_to_bq_ingest - INFO - Starting BQ load job 546d5f1d-4dc3-40a0-98a7-18908f82c404 for table jibber-jabber-knowledge.bmrs_data.system_frequency...
2025-08-25 15:38:02,364 - gcs_to_bq_ingest - INFO - ✅ Loaded 5761 rows. Total rows in jibber-jabber-knowledge.bmrs_data.system_frequency: 80263
2025-08-25 15:38:02,365 - gcs_to_bq_ingest - INFO - ⏳ Processing gs://jibber-jabber-knowledge-bmrs-data/elexon/system_frequency/recent_20250823014111.json for table 'system_frequency'
2025-08-25 15:38:04,369 - gcs_to_bq_ingest - INFO - Starting BQ load job a33bbafa-0cc7-4993-8091-466379e7803b for table jibber-jabber-knowledge.bmrs_data.system_frequency...
2025-08-25 15:38:17,729 - gcs_to_bq_ingest - INFO - ✅ Loaded 5761 rows. Total rows in jibber-jabber-knowledge.bmrs_data.system_frequency: 86024
2025-08-25 15:38:17,736 - gcs_to_bq_ingest - INFO - ⏳ Processing gs://jibber-jabber-knowledge-bmrs-data/elexon/system_frequency/recent_20250823014614.json for table 'system_frequency'
2025-08-25 15:38:19,728 - gcs_to_bq_ingest - INFO - Starting BQ load job 6c9b664d-e6dd-4017-acc6-0aa323373a54 for table jibber-jabber-knowledge.bmrs_data.system_frequency...
2025-08-25 15:38:21,243 - gcs_to_bq_ingest - INFO - ✅ Loaded 5761 rows. Total rows in jibber-jabber-knowledge.bmrs_data.system_frequency: 91785
2025-08-25 15:38:21,247 - gcs_to_bq_ingest - INFO - ⏳ Processing gs://jibber-jabber-knowledge-bmrs-data/elexon/system_frequency/recent_20250823015117.json for table 'system_frequency'
2025-08-25 15:38:23,550 - gcs_to_bq_ingest - INFO - Starting BQ load job c9d0fd9e-0487-4140-8941-bd48123e9356 for table jibber-jabber-knowledge.bmrs_data.system_frequency...
2025-08-25 15:38:25,361 - gcs_to_bq_ingest - INFO - ✅ Loaded 5761 rows. Total rows in jibber-jabber-knowledge.bmrs_data.system_frequency: 97546
2025-08-25 15:38:25,366 - gcs_to_bq_ingest - INFO - ⏳ Processing gs://jibber-jabber-knowledge-bmrs-data/elexon/system_frequency/recent_20250823015620.json for table 'system_frequency'
2025-08-25 15:38:27,413 - gcs_to_bq_ingest - INFO - Starting BQ load job 91b6d184-578c-4c37-824d-a24e452caf54 for table jibber-jabber-knowledge.bmrs_data.system_frequency...
2025-08-25 15:38:31,365 - gcs_to_bq_ingest - INFO - ✅ Loaded 5761 rows. Total rows in jibber-jabber-knowledge.bmrs_data.system_frequency: 103307
2025-08-25 15:38:31,367 - gcs_to_bq_ingest - INFO - ⏳ Processing gs://jibber-jabber-knowledge-bmrs-data/elexon/system_frequency/recent_20250823020123.json for table 'system_frequency'
2025-08-25 15:38:33,452 - gcs_to_bq_ingest - INFO - Starting BQ load job 3f5e0738-cce6-4853-bddf-0501961eee4b for table jibber-jabber-knowledge.bmrs_data.system_frequency...
2025-08-25 15:38:35,896 - gcs_to_bq_ingest - INFO - ✅ Loaded 5761 rows. Total rows in jibber-jabber-knowledge.bmrs_data.system_frequency: 109068
2025-08-25 15:38:35,896 - gcs_to_bq_ingest - INFO - ⏳ Processing gs://jibber-jabber-knowledge-bmrs-data/elexon/system_frequency/recent_20250823020625.json for table 'system_frequency'
2025-08-25 15:38:37,956 - gcs_to_bq_ingest - INFO - Starting BQ load job e4b1f66f-8b59-45b7-a722-5c459d2f6a5b for table jibber-jabber-knowledge.bmrs_data.system_frequency...
2025-08-25 15:38:40,402 - gcs_to_bq_ingest - INFO - ✅ Loaded 5761 rows. Total rows in jibber-jabber-knowledge.bmrs_data.system_frequency: 114829
2025-08-25 15:38:40,405 - gcs_to_bq_ingest - INFO - ⏳ Processing gs://jibber-jabber-knowledge-bmrs-data/elexon/system_frequency/recent_20250823021128.json for table 'system_frequency'
2025-08-25 15:38:42,694 - gcs_to_bq_ingest - INFO - Starting BQ load job 9b224f28-7bff-41be-b0a1-86a7b83415b1 for table jibber-jabber-knowledge.bmrs_data.system_frequency...
2025-08-25 15:38:45,843 - gcs_to_bq_ingest - INFO - ✅ Loaded 5761 rows. Total rows in jibber-jabber-knowledge.bmrs_data.system_frequency: 120590
2025-08-25 15:38:45,849 - gcs_to_bq_ingest - INFO - ⏳ Processing gs://jibber-jabber-knowledge-bmrs-data/elexon/system_frequency/recent_20250823021630.json for table 'system_frequency'
2025-08-25 15:38:48,262 - gcs_to_bq_ingest - INFO - Starting BQ load job 3805a0d6-d81a-43ef-9a06-934069e202da for table jibber-jabber-knowledge.bmrs_data.system_frequency...
2025-08-25 15:38:51,060 - gcs_to_bq_ingest - INFO - ✅ Loaded 5761 rows. Total rows in jibber-jabber-knowledge.bmrs_data.system_frequency: 126351
2025-08-25 15:38:51,062 - gcs_to_bq_ingest - INFO - ⏳ Processing gs://jibber-jabber-knowledge-bmrs-data/elexon/system_frequency/recent_20250823022132.json for table 'system_frequency'
2025-08-25 15:38:53,031 - gcs_to_bq_ingest - INFO - Starting BQ load job de6b9cc3-f25a-44a0-85df-cbe72b43a36b for table jibber-jabber-knowledge.bmrs_data.system_frequency...
2025-08-25 15:38:55,291 - gcs_to_bq_ingest - INFO - ✅ Loaded 5761 rows. Total rows in jibber-jabber-knowledge.bmrs_data.system_frequency: 132112
2025-08-25 15:38:55,373 - gcs_to_bq_ingest - INFO - ⏳ Processing gs://jibber-jabber-knowledge-bmrs-data/elexon/system_frequency/recent_20250823022634.json for table 'system_frequency'
2025-08-25 15:38:57,586 - gcs_to_bq_ingest - INFO - Starting BQ load job a5582acc-9c4a-4329-b0be-e739c9646506 for table jibber-jabber-knowledge.bmrs_data.system_frequency...
2025-08-25 15:38:59,725 - gcs_to_bq_ingest - INFO - ✅ Loaded 5761 rows. Total rows in jibber-jabber-knowledge.bmrs_data.system_frequency: 137873
2025-08-25 15:38:59,728 - gcs_to_bq_ingest - INFO - ⏳ Processing gs://jibber-jabber-knowledge-bmrs-data/elexon/system_frequency/recent_20250823023137.json for table 'system_frequency'
2025-08-25 15:39:02,061 - gcs_to_bq_ingest - INFO - Starting BQ load job 50c72fb0-8ead-4d16-9487-3cb0c3fa7ac8 for table jibber-jabber-knowledge.bmrs_data.system_frequency...
2025-08-25 15:39:05,222 - gcs_to_bq_ingest - INFO - ✅ Loaded 5761 rows. Total rows in jibber-jabber-knowledge.bmrs_data.system_frequency: 143634
2025-08-25 15:39:05,226 - gcs_to_bq_ingest - INFO - ⏳ Processing gs://jibber-jabber-knowledge-bmrs-data/elexon/system_warnings/recent_20250822233112.json for table 'system_warnings'
2025-08-25 15:39:06,644 - gcs_to_bq_ingest - INFO - Starting BQ load job 389be0bd-e802-4c0b-ab09-bd88d7de0890 for table jibber-jabber-knowledge.bmrs_data.system_warnings...
2025-08-25 15:39:11,334 - gcs_to_bq_ingest - INFO - ✅ Loaded 1 rows. Total rows in jibber-jabber-knowledge.bmrs_data.system_warnings: 1
2025-08-25 15:39:11,341 - gcs_to_bq_ingest - INFO - ⏳ Processing gs://jibber-jabber-knowledge-bmrs-data/elexon/system_warnings/recent_20250823000140.json for table 'system_warnings'
2025-08-25 15:39:12,946 - gcs_to_bq_ingest - INFO - Starting BQ load job a4718dff-2491-4283-94ee-a398dbd577c9 for table jibber-jabber-knowledge.bmrs_data.system_warnings...
2025-08-25 15:39:15,108 - gcs_to_bq_ingest - INFO - ✅ Loaded 1 rows. Total rows in jibber-jabber-knowledge.bmrs_data.system_warnings: 2
2025-08-25 15:39:15,119 - gcs_to_bq_ingest - INFO - ⏳ Processing gs://jibber-jabber-knowledge-bmrs-data/elexon/system_warnings/recent_20250823001819.json for table 'system_warnings'
2025-08-25 15:39:16,658 - gcs_to_bq_ingest - INFO - Starting BQ load job 19633c64-103b-4c76-a2f6-e88377d404f4 for table jibber-jabber-knowledge.bmrs_data.system_warnings...
2025-08-25 15:39:19,128 - gcs_to_bq_ingest - INFO - ✅ Loaded 1 rows. Total rows in jibber-jabber-knowledge.bmrs_data.system_warnings: 3
2025-08-25 15:39:19,139 - gcs_to_bq_ingest - INFO - ⏳ Processing gs://jibber-jabber-knowledge-bmrs-data/elexon/system_warnings/recent_20250823002059.json for table 'system_warnings'
2025-08-25 15:39:20,811 - gcs_to_bq_ingest - INFO - Starting BQ load job 82fb5da0-20c9-4cf8-9c00-5ad79443284c for table jibber-jabber-knowledge.bmrs_data.system_warnings...
2025-08-25 15:39:25,921 - gcs_to_bq_ingest - INFO - ✅ Loaded 1 rows. Total rows in jibber-jabber-knowledge.bmrs_data.system_warnings: 4
2025-08-25 15:39:25,930 - gcs_to_bq_ingest - INFO - ⏳ Processing gs://jibber-jabber-knowledge-bmrs-data/elexon/system_warnings/recent_20250823003921.json for table 'system_warnings'
2025-08-25 15:39:27,511 - gcs_to_bq_ingest - INFO - Starting BQ load job 7afb5ba4-5a60-4f5a-842d-338965dc36f1 for table jibber-jabber-knowledge.bmrs_data.system_warnings...
2025-08-25 15:39:29,942 - gcs_to_bq_ingest - INFO - ✅ Loaded 1 rows. Total rows in jibber-jabber-knowledge.bmrs_data.system_warnings: 5
2025-08-25 15:39:29,944 - gcs_to_bq_ingest - INFO - ⏳ Processing gs://jibber-jabber-knowledge-bmrs-data/elexon/system_warnings/recent_20250823004008.json for table 'system_warnings'
2025-08-25 15:39:31,475 - gcs_to_bq_ingest - INFO - Starting BQ load job aabf268d-fffa-443e-8de1-2cf1189c9801 for table jibber-jabber-knowledge.bmrs_data.system_warnings...
2025-08-25 15:39:41,373 - gcs_to_bq_ingest - INFO - ✅ Loaded 1 rows. Total rows in jibber-jabber-knowledge.bmrs_data.system_warnings: 6
2025-08-25 15:39:41,378 - gcs_to_bq_ingest - INFO - ⏳ Processing gs://jibber-jabber-knowledge-bmrs-data/elexon/system_warnings/recent_20250823004052.json for table 'system_warnings'
2025-08-25 15:39:42,877 - gcs_to_bq_ingest - INFO - Starting BQ load job 67501f1e-b40d-4040-bf06-5b546583c4c8 for table jibber-jabber-knowledge.bmrs_data.system_warnings...
2025-08-25 15:39:45,395 - gcs_to_bq_ingest - INFO - ✅ Loaded 1 rows. Total rows in jibber-jabber-knowledge.bmrs_data.system_warnings: 7
2025-08-25 15:39:45,398 - gcs_to_bq_ingest - INFO - ⏳ Processing gs://jibber-jabber-knowledge-bmrs-data/elexon/system_warnings/recent_20250823014048.json for table 'system_warnings'
2025-08-25 15:39:47,214 - gcs_to_bq_ingest - INFO - Starting BQ load job 1efd97ac-1e14-4c3d-93e2-88909e6afeca for table jibber-jabber-knowledge.bmrs_data.system_warnings...
2025-08-25 15:39:48,849 - gcs_to_bq_ingest - INFO - ✅ Loaded 1 rows. Total rows in jibber-jabber-knowledge.bmrs_data.system_warnings: 8
2025-08-25 15:39:48,880 - gcs_to_bq_ingest - INFO - 🎉 Ingestion run complete. Processed 121 JSON files.
