2025-08-25 22:24:01,678 - gcs_to_bq_ingest - INFO - ✅ GCS and BigQuery clients initialized successfully.
2025-08-25 22:24:02,458 - gcs_to_bq_ingest - INFO - BQ Dataset 'jibber-jabber-knowledge.bmrs_data' already exists.
2025-08-25 22:24:02,458 - gcs_to_bq_ingest - INFO - 🚀 Found files in gs://jibber-jabber-knowledge-bmrs-data/elexon/. Starting ingestion...
2025-08-25 22:24:03,805 - gcs_to_bq_ingest - INFO - ⏳ Processing gs://jibber-jabber-knowledge-bmrs-data/elexon/FOU2T14D/2016/01/FOU2T14D_2016-01-01_2016-01-07.json for table 'FOU2T14D'
2025-08-25 22:24:05,840 - gcs_to_bq_ingest - INFO - Starting BQ load job ae6c0eeb-d964-42af-b2a8-e8540ff2ebfa for table jibber-jabber-knowledge.bmrs_data.FOU2T14D...
2025-08-25 22:24:08,386 - gcs_to_bq_ingest - INFO - ✅ Loaded 247 rows. Total rows in jibber-jabber-knowledge.bmrs_data.FOU2T14D: 125970
2025-08-25 22:24:08,388 - gcs_to_bq_ingest - INFO - ⏳ Processing gs://jibber-jabber-knowledge-bmrs-data/elexon/FOU2T14D/2016/01/FOU2T14D_2016-01-08_2016-01-14.json for table 'FOU2T14D'
2025-08-25 22:24:10,193 - gcs_to_bq_ingest - INFO - Starting BQ load job 9a9a0158-eb77-4536-9cd7-18e6fb71cb97 for table jibber-jabber-knowledge.bmrs_data.FOU2T14D...
2025-08-25 22:24:12,495 - gcs_to_bq_ingest - INFO - ✅ Loaded 247 rows. Total rows in jibber-jabber-knowledge.bmrs_data.FOU2T14D: 126217
2025-08-25 22:24:12,499 - gcs_to_bq_ingest - INFO - ⏳ Processing gs://jibber-jabber-knowledge-bmrs-data/elexon/FOU2T14D/2016/01/FOU2T14D_2016-01-15_2016-01-21.json for table 'FOU2T14D'
2025-08-25 22:24:14,169 - gcs_to_bq_ingest - INFO - Starting BQ load job 270257e0-3685-4484-a65c-6f276bfbf1dc for table jibber-jabber-knowledge.bmrs_data.FOU2T14D...
2025-08-25 22:24:20,479 - gcs_to_bq_ingest - INFO - ✅ Loaded 247 rows. Total rows in jibber-jabber-knowledge.bmrs_data.FOU2T14D: 126464
2025-08-25 22:24:20,484 - gcs_to_bq_ingest - INFO - ⏳ Processing gs://jibber-jabber-knowledge-bmrs-data/elexon/FOU2T14D/2016/01/FOU2T14D_2016-01-22_2016-01-28.json for table 'FOU2T14D'
2025-08-25 22:24:22,250 - gcs_to_bq_ingest - INFO - Starting BQ load job c61d2772-bb5f-4b80-b524-4b44abb8660d for table jibber-jabber-knowledge.bmrs_data.FOU2T14D...
2025-08-25 22:24:24,802 - gcs_to_bq_ingest - INFO - ✅ Loaded 247 rows. Total rows in jibber-jabber-knowledge.bmrs_data.FOU2T14D: 126711
2025-08-25 22:24:24,806 - gcs_to_bq_ingest - INFO - ⏳ Processing gs://jibber-jabber-knowledge-bmrs-data/elexon/FOU2T14D/2016/01/FOU2T14D_2016-01-29_2016-02-04.json for table 'FOU2T14D'
2025-08-25 22:24:26,579 - gcs_to_bq_ingest - INFO - Starting BQ load job 718193f1-0d1e-4af7-a037-d52dab8b1a9f for table jibber-jabber-knowledge.bmrs_data.FOU2T14D...
2025-08-25 22:24:28,086 - gcs_to_bq_ingest - INFO - ✅ Loaded 247 rows. Total rows in jibber-jabber-knowledge.bmrs_data.FOU2T14D: 126958
2025-08-25 22:24:28,088 - gcs_to_bq_ingest - INFO - ⏳ Processing gs://jibber-jabber-knowledge-bmrs-data/elexon/FOU2T14D/2016/02/FOU2T14D_2016-02-05_2016-02-11.json for table 'FOU2T14D'
2025-08-25 22:24:29,697 - gcs_to_bq_ingest - INFO - Starting BQ load job 1ab59ef3-cf03-427f-8a0b-abe3ca5ca9a2 for table jibber-jabber-knowledge.bmrs_data.FOU2T14D...
2025-08-25 22:24:32,147 - gcs_to_bq_ingest - INFO - ✅ Loaded 247 rows. Total rows in jibber-jabber-knowledge.bmrs_data.FOU2T14D: 127205
2025-08-25 22:24:32,149 - gcs_to_bq_ingest - INFO - ⏳ Processing gs://jibber-jabber-knowledge-bmrs-data/elexon/FOU2T14D/2016/02/FOU2T14D_2016-02-12_2016-02-18.json for table 'FOU2T14D'
2025-08-25 22:24:33,798 - gcs_to_bq_ingest - INFO - Starting BQ load job a0226d2b-5f1a-4c71-9889-a24d9258bba2 for table jibber-jabber-knowledge.bmrs_data.FOU2T14D...
2025-08-25 22:24:35,793 - gcs_to_bq_ingest - INFO - ✅ Loaded 247 rows. Total rows in jibber-jabber-knowledge.bmrs_data.FOU2T14D: 127452
2025-08-25 22:24:35,795 - gcs_to_bq_ingest - INFO - ⏳ Processing gs://jibber-jabber-knowledge-bmrs-data/elexon/FOU2T14D/2016/02/FOU2T14D_2016-02-19_2016-02-25.json for table 'FOU2T14D'
2025-08-25 22:24:37,499 - gcs_to_bq_ingest - INFO - Starting BQ load job 48971135-238e-492e-a71a-3f3b96515ea7 for table jibber-jabber-knowledge.bmrs_data.FOU2T14D...
2025-08-25 22:24:39,025 - gcs_to_bq_ingest - INFO - ✅ Loaded 247 rows. Total rows in jibber-jabber-knowledge.bmrs_data.FOU2T14D: 127699
2025-08-25 22:24:39,179 - gcs_to_bq_ingest - INFO - ⏳ Processing gs://jibber-jabber-knowledge-bmrs-data/elexon/FOU2T14D/2016/02/FOU2T14D_2016-02-26_2016-03-03.json for table 'FOU2T14D'
2025-08-25 22:24:40,906 - gcs_to_bq_ingest - INFO - Starting BQ load job 1dd84d13-b3b9-452b-9d4b-97522d59c4cd for table jibber-jabber-knowledge.bmrs_data.FOU2T14D...
2025-08-25 22:24:44,125 - gcs_to_bq_ingest - INFO - ✅ Loaded 247 rows. Total rows in jibber-jabber-knowledge.bmrs_data.FOU2T14D: 127946
2025-08-25 22:24:44,127 - gcs_to_bq_ingest - INFO - ⏳ Processing gs://jibber-jabber-knowledge-bmrs-data/elexon/FOU2T14D/2016/03/FOU2T14D_2016-03-04_2016-03-10.json for table 'FOU2T14D'
2025-08-25 22:24:45,766 - gcs_to_bq_ingest - INFO - Starting BQ load job c7e0b2df-d434-4d8b-a607-1623bddd41fd for table jibber-jabber-knowledge.bmrs_data.FOU2T14D...
2025-08-25 22:24:48,391 - gcs_to_bq_ingest - INFO - ✅ Loaded 247 rows. Total rows in jibber-jabber-knowledge.bmrs_data.FOU2T14D: 128193
2025-08-25 22:24:48,393 - gcs_to_bq_ingest - INFO - ⏳ Processing gs://jibber-jabber-knowledge-bmrs-data/elexon/FOU2T14D/2016/03/FOU2T14D_2016-03-11_2016-03-17.json for table 'FOU2T14D'
2025-08-25 22:24:50,250 - gcs_to_bq_ingest - INFO - Starting BQ load job 57e313a0-6196-4711-bdca-61fc3bdb4405 for table jibber-jabber-knowledge.bmrs_data.FOU2T14D...
2025-08-25 22:24:52,107 - gcs_to_bq_ingest - INFO - ✅ Loaded 247 rows. Total rows in jibber-jabber-knowledge.bmrs_data.FOU2T14D: 128440
2025-08-25 22:24:52,110 - gcs_to_bq_ingest - INFO - ⏳ Processing gs://jibber-jabber-knowledge-bmrs-data/elexon/FOU2T14D/2016/03/FOU2T14D_2016-03-18_2016-03-24.json for table 'FOU2T14D'
2025-08-25 22:24:53,559 - gcs_to_bq_ingest - INFO - Starting BQ load job 3f570c67-bec3-4193-9690-87c690e0c9b0 for table jibber-jabber-knowledge.bmrs_data.FOU2T14D...
2025-08-25 22:24:55,696 - gcs_to_bq_ingest - INFO - ✅ Loaded 247 rows. Total rows in jibber-jabber-knowledge.bmrs_data.FOU2T14D: 128687
2025-08-25 22:24:55,699 - gcs_to_bq_ingest - INFO - ⏳ Processing gs://jibber-jabber-knowledge-bmrs-data/elexon/FOU2T14D/2016/03/FOU2T14D_2016-03-25_2016-03-31.json for table 'FOU2T14D'
2025-08-25 22:24:57,261 - gcs_to_bq_ingest - INFO - Starting BQ load job fd40ee6c-55d7-4bfa-bc84-560af8d0aacd for table jibber-jabber-knowledge.bmrs_data.FOU2T14D...
2025-08-25 22:24:59,649 - gcs_to_bq_ingest - INFO - ✅ Loaded 247 rows. Total rows in jibber-jabber-knowledge.bmrs_data.FOU2T14D: 128934
2025-08-25 22:24:59,651 - gcs_to_bq_ingest - INFO - ⏳ Processing gs://jibber-jabber-knowledge-bmrs-data/elexon/FOU2T14D/2016/04/FOU2T14D_2016-04-01_2016-04-07.json for table 'FOU2T14D'
2025-08-25 22:25:01,640 - gcs_to_bq_ingest - INFO - Starting BQ load job 999146d1-9e52-4b48-80ab-f998133002e3 for table jibber-jabber-knowledge.bmrs_data.FOU2T14D...
2025-08-25 22:25:03,371 - gcs_to_bq_ingest - INFO - ✅ Loaded 247 rows. Total rows in jibber-jabber-knowledge.bmrs_data.FOU2T14D: 129181
2025-08-25 22:25:03,373 - gcs_to_bq_ingest - INFO - ⏳ Processing gs://jibber-jabber-knowledge-bmrs-data/elexon/FOU2T14D/2016/04/FOU2T14D_2016-04-08_2016-04-14.json for table 'FOU2T14D'
2025-08-25 22:25:04,929 - gcs_to_bq_ingest - INFO - Starting BQ load job 9f8dc86a-65a0-48df-87e3-db5ba111f4f1 for table jibber-jabber-knowledge.bmrs_data.FOU2T14D...
2025-08-25 22:25:07,444 - gcs_to_bq_ingest - INFO - ✅ Loaded 247 rows. Total rows in jibber-jabber-knowledge.bmrs_data.FOU2T14D: 129428
2025-08-25 22:25:07,451 - gcs_to_bq_ingest - INFO - ⏳ Processing gs://jibber-jabber-knowledge-bmrs-data/elexon/FOU2T14D/2016/04/FOU2T14D_2016-04-15_2016-04-21.json for table 'FOU2T14D'
2025-08-25 22:25:09,388 - gcs_to_bq_ingest - INFO - Starting BQ load job 1b88e61b-ada9-4650-a139-539169cbe807 for table jibber-jabber-knowledge.bmrs_data.FOU2T14D...
2025-08-25 22:25:11,601 - gcs_to_bq_ingest - INFO - ✅ Loaded 247 rows. Total rows in jibber-jabber-knowledge.bmrs_data.FOU2T14D: 129675
2025-08-25 22:25:11,604 - gcs_to_bq_ingest - INFO - ⏳ Processing gs://jibber-jabber-knowledge-bmrs-data/elexon/FOU2T14D/2016/04/FOU2T14D_2016-04-22_2016-04-28.json for table 'FOU2T14D'
2025-08-25 22:25:13,237 - gcs_to_bq_ingest - INFO - Starting BQ load job 5e1016d4-05aa-4b71-93bb-b2a1a925d275 for table jibber-jabber-knowledge.bmrs_data.FOU2T14D...
2025-08-25 22:25:14,919 - gcs_to_bq_ingest - INFO - ✅ Loaded 247 rows. Total rows in jibber-jabber-knowledge.bmrs_data.FOU2T14D: 129922
2025-08-25 22:25:14,921 - gcs_to_bq_ingest - INFO - ⏳ Processing gs://jibber-jabber-knowledge-bmrs-data/elexon/FOU2T14D/2016/04/FOU2T14D_2016-04-29_2016-05-05.json for table 'FOU2T14D'
2025-08-25 22:25:16,477 - gcs_to_bq_ingest - INFO - Starting BQ load job 6e69f092-fceb-4b64-b779-12dec166030a for table jibber-jabber-knowledge.bmrs_data.FOU2T14D...
2025-08-25 22:25:20,436 - gcs_to_bq_ingest - INFO - ✅ Loaded 247 rows. Total rows in jibber-jabber-knowledge.bmrs_data.FOU2T14D: 130169
2025-08-25 22:25:20,438 - gcs_to_bq_ingest - INFO - ⏳ Processing gs://jibber-jabber-knowledge-bmrs-data/elexon/FOU2T14D/2016/05/FOU2T14D_2016-05-06_2016-05-12.json for table 'FOU2T14D'
2025-08-25 22:25:22,524 - gcs_to_bq_ingest - INFO - Starting BQ load job 2fbd2e8a-a167-435b-81c7-ea13603a29f9 for table jibber-jabber-knowledge.bmrs_data.FOU2T14D...
2025-08-25 22:25:25,193 - gcs_to_bq_ingest - INFO - ✅ Loaded 247 rows. Total rows in jibber-jabber-knowledge.bmrs_data.FOU2T14D: 130416
2025-08-25 22:25:25,197 - gcs_to_bq_ingest - INFO - ⏳ Processing gs://jibber-jabber-knowledge-bmrs-data/elexon/FOU2T14D/2016/05/FOU2T14D_2016-05-13_2016-05-19.json for table 'FOU2T14D'
2025-08-25 22:25:27,045 - gcs_to_bq_ingest - INFO - Starting BQ load job a6847e2b-4c84-4dac-a0f9-ef24c17be65f for table jibber-jabber-knowledge.bmrs_data.FOU2T14D...
2025-08-25 22:25:38,253 - gcs_to_bq_ingest - INFO - ✅ Loaded 247 rows. Total rows in jibber-jabber-knowledge.bmrs_data.FOU2T14D: 130663
2025-08-25 22:25:38,257 - gcs_to_bq_ingest - INFO - ⏳ Processing gs://jibber-jabber-knowledge-bmrs-data/elexon/FOU2T14D/2016/05/FOU2T14D_2016-05-20_2016-05-26.json for table 'FOU2T14D'
2025-08-25 22:25:39,961 - gcs_to_bq_ingest - INFO - Starting BQ load job 06e23360-6953-4a51-b1ec-a5a6bcb6a0b7 for table jibber-jabber-knowledge.bmrs_data.FOU2T14D...
2025-08-25 22:25:42,025 - gcs_to_bq_ingest - INFO - ✅ Loaded 247 rows. Total rows in jibber-jabber-knowledge.bmrs_data.FOU2T14D: 130910
2025-08-25 22:25:42,027 - gcs_to_bq_ingest - INFO - ⏳ Processing gs://jibber-jabber-knowledge-bmrs-data/elexon/FOU2T14D/2016/05/FOU2T14D_2016-05-27_2016-06-02.json for table 'FOU2T14D'
2025-08-25 22:25:43,561 - gcs_to_bq_ingest - INFO - Starting BQ load job 8a9c07ae-d79b-4cd1-bce2-5ca52c4cc9d2 for table jibber-jabber-knowledge.bmrs_data.FOU2T14D...
2025-08-25 22:25:45,425 - gcs_to_bq_ingest - INFO - ✅ Loaded 247 rows. Total rows in jibber-jabber-knowledge.bmrs_data.FOU2T14D: 131157
2025-08-25 22:25:45,426 - gcs_to_bq_ingest - INFO - ⏳ Processing gs://jibber-jabber-knowledge-bmrs-data/elexon/FOU2T14D/2016/06/FOU2T14D_2016-06-03_2016-06-09.json for table 'FOU2T14D'
2025-08-25 22:25:46,976 - gcs_to_bq_ingest - INFO - Starting BQ load job f6f5d9b4-2379-4c90-9fbe-7e79ac3b093d for table jibber-jabber-knowledge.bmrs_data.FOU2T14D...
2025-08-25 22:25:52,510 - gcs_to_bq_ingest - INFO - ✅ Loaded 247 rows. Total rows in jibber-jabber-knowledge.bmrs_data.FOU2T14D: 131404
2025-08-25 22:25:52,513 - gcs_to_bq_ingest - INFO - ⏳ Processing gs://jibber-jabber-knowledge-bmrs-data/elexon/FOU2T14D/2016/06/FOU2T14D_2016-06-10_2016-06-16.json for table 'FOU2T14D'
2025-08-25 22:25:54,180 - gcs_to_bq_ingest - INFO - Starting BQ load job 72ab10a8-388a-46c8-a7c2-6decd97cab02 for table jibber-jabber-knowledge.bmrs_data.FOU2T14D...
2025-08-25 22:25:55,966 - gcs_to_bq_ingest - INFO - ✅ Loaded 247 rows. Total rows in jibber-jabber-knowledge.bmrs_data.FOU2T14D: 131651
2025-08-25 22:25:55,968 - gcs_to_bq_ingest - INFO - ⏳ Processing gs://jibber-jabber-knowledge-bmrs-data/elexon/FOU2T14D/2016/06/FOU2T14D_2016-06-17_2016-06-23.json for table 'FOU2T14D'
2025-08-25 22:25:57,561 - gcs_to_bq_ingest - INFO - Starting BQ load job ee940592-2553-4737-829e-febbfc2993ae for table jibber-jabber-knowledge.bmrs_data.FOU2T14D...
2025-08-25 22:26:13,387 - gcs_to_bq_ingest - INFO - ✅ Loaded 247 rows. Total rows in jibber-jabber-knowledge.bmrs_data.FOU2T14D: 131898
2025-08-25 22:26:13,391 - gcs_to_bq_ingest - INFO - ⏳ Processing gs://jibber-jabber-knowledge-bmrs-data/elexon/FOU2T14D/2016/06/FOU2T14D_2016-06-24_2016-06-30.json for table 'FOU2T14D'
2025-08-25 22:26:14,972 - gcs_to_bq_ingest - INFO - Starting BQ load job 68c49f17-edc4-493e-af20-3c8827be8bb9 for table jibber-jabber-knowledge.bmrs_data.FOU2T14D...
2025-08-25 22:26:17,254 - gcs_to_bq_ingest - INFO - ✅ Loaded 247 rows. Total rows in jibber-jabber-knowledge.bmrs_data.FOU2T14D: 132145
2025-08-25 22:26:17,254 - gcs_to_bq_ingest - INFO - ⏳ Processing gs://jibber-jabber-knowledge-bmrs-data/elexon/FOU2T14D/2016/07/FOU2T14D_2016-07-01_2016-07-07.json for table 'FOU2T14D'
2025-08-25 22:26:18,719 - gcs_to_bq_ingest - INFO - Starting BQ load job 6842e9e7-7f09-4c04-9aa7-936bd910c228 for table jibber-jabber-knowledge.bmrs_data.FOU2T14D...
2025-08-25 22:26:20,746 - gcs_to_bq_ingest - INFO - ✅ Loaded 247 rows. Total rows in jibber-jabber-knowledge.bmrs_data.FOU2T14D: 132392
2025-08-25 22:26:20,748 - gcs_to_bq_ingest - INFO - ⏳ Processing gs://jibber-jabber-knowledge-bmrs-data/elexon/FOU2T14D/2016/07/FOU2T14D_2016-07-08_2016-07-14.json for table 'FOU2T14D'
2025-08-25 22:26:22,679 - gcs_to_bq_ingest - INFO - Starting BQ load job d0542c51-0e5e-49f4-8cd0-a878be8d2a82 for table jibber-jabber-knowledge.bmrs_data.FOU2T14D...
2025-08-25 22:26:24,871 - gcs_to_bq_ingest - INFO - ✅ Loaded 247 rows. Total rows in jibber-jabber-knowledge.bmrs_data.FOU2T14D: 132639
2025-08-25 22:26:24,873 - gcs_to_bq_ingest - INFO - ⏳ Processing gs://jibber-jabber-knowledge-bmrs-data/elexon/FOU2T14D/2016/07/FOU2T14D_2016-07-15_2016-07-21.json for table 'FOU2T14D'
2025-08-25 22:26:26,495 - gcs_to_bq_ingest - INFO - Starting BQ load job b1b8c193-dfed-4244-b322-529de74dd377 for table jibber-jabber-knowledge.bmrs_data.FOU2T14D...
2025-08-25 22:26:28,071 - gcs_to_bq_ingest - INFO - ✅ Loaded 247 rows. Total rows in jibber-jabber-knowledge.bmrs_data.FOU2T14D: 132886
2025-08-25 22:26:28,071 - gcs_to_bq_ingest - INFO - ⏳ Processing gs://jibber-jabber-knowledge-bmrs-data/elexon/FOU2T14D/2016/07/FOU2T14D_2016-07-22_2016-07-28.json for table 'FOU2T14D'
2025-08-25 22:26:29,566 - gcs_to_bq_ingest - INFO - Starting BQ load job d9ae80b2-ac78-4cf6-983f-57fe43be46a0 for table jibber-jabber-knowledge.bmrs_data.FOU2T14D...
2025-08-25 22:26:32,276 - gcs_to_bq_ingest - INFO - ✅ Loaded 247 rows. Total rows in jibber-jabber-knowledge.bmrs_data.FOU2T14D: 133133
2025-08-25 22:26:32,278 - gcs_to_bq_ingest - INFO - ⏳ Processing gs://jibber-jabber-knowledge-bmrs-data/elexon/FOU2T14D/2016/07/FOU2T14D_2016-07-29_2016-08-04.json for table 'FOU2T14D'
2025-08-25 22:26:33,766 - gcs_to_bq_ingest - INFO - Starting BQ load job 22c94dba-ef10-4368-a7b0-e4e3ec62cc85 for table jibber-jabber-knowledge.bmrs_data.FOU2T14D...
2025-08-25 22:26:35,767 - gcs_to_bq_ingest - INFO - ✅ Loaded 247 rows. Total rows in jibber-jabber-knowledge.bmrs_data.FOU2T14D: 133380
2025-08-25 22:26:35,774 - gcs_to_bq_ingest - INFO - ⏳ Processing gs://jibber-jabber-knowledge-bmrs-data/elexon/FOU2T14D/2016/08/FOU2T14D_2016-08-05_2016-08-11.json for table 'FOU2T14D'
2025-08-25 22:26:37,624 - gcs_to_bq_ingest - INFO - Starting BQ load job 1a8765bc-6c69-4e9a-bc19-78337e45bd2d for table jibber-jabber-knowledge.bmrs_data.FOU2T14D...
2025-08-25 22:26:39,221 - gcs_to_bq_ingest - INFO - ✅ Loaded 247 rows. Total rows in jibber-jabber-knowledge.bmrs_data.FOU2T14D: 133627
2025-08-25 22:26:39,222 - gcs_to_bq_ingest - INFO - ⏳ Processing gs://jibber-jabber-knowledge-bmrs-data/elexon/FOU2T14D/2016/08/FOU2T14D_2016-08-12_2016-08-18.json for table 'FOU2T14D'
2025-08-25 22:26:40,874 - gcs_to_bq_ingest - INFO - Starting BQ load job 91a0ef9b-3c8f-4c50-9dcd-4ba5f36d5c59 for table jibber-jabber-knowledge.bmrs_data.FOU2T14D...
2025-08-25 22:26:43,644 - gcs_to_bq_ingest - INFO - ✅ Loaded 247 rows. Total rows in jibber-jabber-knowledge.bmrs_data.FOU2T14D: 133874
2025-08-25 22:26:43,652 - gcs_to_bq_ingest - INFO - ⏳ Processing gs://jibber-jabber-knowledge-bmrs-data/elexon/FOU2T14D/2016/08/FOU2T14D_2016-08-19_2016-08-25.json for table 'FOU2T14D'
2025-08-25 22:26:45,387 - gcs_to_bq_ingest - INFO - Starting BQ load job feb6503b-3bd6-472f-8ac5-98269baf7d53 for table jibber-jabber-knowledge.bmrs_data.FOU2T14D...
2025-08-25 22:26:47,260 - gcs_to_bq_ingest - INFO - ✅ Loaded 247 rows. Total rows in jibber-jabber-knowledge.bmrs_data.FOU2T14D: 134121
2025-08-25 22:26:47,262 - gcs_to_bq_ingest - INFO - ⏳ Processing gs://jibber-jabber-knowledge-bmrs-data/elexon/FOU2T14D/2016/08/FOU2T14D_2016-08-26_2016-09-01.json for table 'FOU2T14D'
2025-08-25 22:26:48,851 - gcs_to_bq_ingest - INFO - Starting BQ load job 211c61b6-ab21-4669-bf86-2a3a69e5c1f9 for table jibber-jabber-knowledge.bmrs_data.FOU2T14D...
2025-08-25 22:26:51,370 - gcs_to_bq_ingest - INFO - ✅ Loaded 247 rows. Total rows in jibber-jabber-knowledge.bmrs_data.FOU2T14D: 134368
2025-08-25 22:26:51,372 - gcs_to_bq_ingest - INFO - ⏳ Processing gs://jibber-jabber-knowledge-bmrs-data/elexon/FOU2T14D/2016/09/FOU2T14D_2016-09-02_2016-09-08.json for table 'FOU2T14D'
2025-08-25 22:26:52,989 - gcs_to_bq_ingest - INFO - Starting BQ load job 4e2ba44f-e487-4098-aa91-1d40912a9b19 for table jibber-jabber-knowledge.bmrs_data.FOU2T14D...
2025-08-25 22:26:55,298 - gcs_to_bq_ingest - INFO - ✅ Loaded 247 rows. Total rows in jibber-jabber-knowledge.bmrs_data.FOU2T14D: 134615
2025-08-25 22:26:55,300 - gcs_to_bq_ingest - INFO - ⏳ Processing gs://jibber-jabber-knowledge-bmrs-data/elexon/FOU2T14D/2016/09/FOU2T14D_2016-09-09_2016-09-15.json for table 'FOU2T14D'
2025-08-25 22:26:56,842 - gcs_to_bq_ingest - INFO - Starting BQ load job da229689-9e52-405b-89b9-1f3f7cd8720d for table jibber-jabber-knowledge.bmrs_data.FOU2T14D...
2025-08-25 22:26:59,886 - gcs_to_bq_ingest - INFO - ✅ Loaded 247 rows. Total rows in jibber-jabber-knowledge.bmrs_data.FOU2T14D: 134862
2025-08-25 22:26:59,888 - gcs_to_bq_ingest - INFO - ⏳ Processing gs://jibber-jabber-knowledge-bmrs-data/elexon/FOU2T14D/2016/09/FOU2T14D_2016-09-16_2016-09-22.json for table 'FOU2T14D'
2025-08-25 22:27:01,412 - gcs_to_bq_ingest - INFO - Starting BQ load job 99664950-5f38-4e22-9439-482ba7ac68c1 for table jibber-jabber-knowledge.bmrs_data.FOU2T14D...
2025-08-25 22:27:04,834 - gcs_to_bq_ingest - INFO - ✅ Loaded 247 rows. Total rows in jibber-jabber-knowledge.bmrs_data.FOU2T14D: 135109
2025-08-25 22:27:04,836 - gcs_to_bq_ingest - INFO - ⏳ Processing gs://jibber-jabber-knowledge-bmrs-data/elexon/FOU2T14D/2016/09/FOU2T14D_2016-09-23_2016-09-29.json for table 'FOU2T14D'
2025-08-25 22:27:06,361 - gcs_to_bq_ingest - INFO - Starting BQ load job 7728c8d9-4bb6-4d96-ac2d-bacf86cd6fc2 for table jibber-jabber-knowledge.bmrs_data.FOU2T14D...
2025-08-25 22:27:10,460 - gcs_to_bq_ingest - INFO - ✅ Loaded 247 rows. Total rows in jibber-jabber-knowledge.bmrs_data.FOU2T14D: 135356
2025-08-25 22:27:10,464 - gcs_to_bq_ingest - INFO - ⏳ Processing gs://jibber-jabber-knowledge-bmrs-data/elexon/FOU2T14D/2016/09/FOU2T14D_2016-09-30_2016-10-06.json for table 'FOU2T14D'
2025-08-25 22:27:12,604 - gcs_to_bq_ingest - INFO - Starting BQ load job 6558e2ca-3252-46ff-abf7-bf15d39be712 for table jibber-jabber-knowledge.bmrs_data.FOU2T14D...
