2025-08-25 16:17:42,254 - gcs_to_bq_ingest - INFO - ✅ GCS and BigQuery clients initialized successfully.
2025-08-25 16:17:42,828 - gcs_to_bq_ingest - INFO - BQ Dataset 'jibber-jabber-knowledge.bmrs_data' already exists.
2025-08-25 16:17:42,829 - gcs_to_bq_ingest - INFO - 🚀 Found files in gs://jibber-jabber-knowledge-bmrs-data/elexon/. Starting ingestion...
2025-08-25 16:17:43,476 - gcs_to_bq_ingest - INFO - ⏳ Processing gs://jibber-jabber-knowledge-bmrs-data/elexon/FOU2T14D/2025/07/FOU2T14D_2025-07-01_2025-07-07.json for table 'FOU2T14D'
2025-08-25 16:17:45,484 - gcs_to_bq_ingest - INFO - Starting BQ load job a1778b20-424c-4e50-8f9c-a69b51f7c6e4 for table jibber-jabber-knowledge.bmrs_data.FOU2T14D...
2025-08-25 16:17:48,773 - gcs_to_bq_ingest - INFO - ✅ Loaded 247 rows. Total rows in jibber-jabber-knowledge.bmrs_data.FOU2T14D: 741
2025-08-25 16:17:48,778 - gcs_to_bq_ingest - INFO - ⏳ Processing gs://jibber-jabber-knowledge-bmrs-data/elexon/FOU2T3YW/2025/07/FOU2T3YW_2025-07-01_2025-07-07.json for table 'FOU2T3YW'
2025-08-25 16:17:51,059 - gcs_to_bq_ingest - INFO - Starting BQ load job e2eeef4c-3a9e-49c4-a740-7c17310b4547 for table jibber-jabber-knowledge.bmrs_data.FOU2T3YW...
2025-08-25 16:17:52,938 - gcs_to_bq_ingest - INFO - ✅ Loaded 2945 rows. Total rows in jibber-jabber-knowledge.bmrs_data.FOU2T3YW: 8835
2025-08-25 16:17:52,939 - gcs_to_bq_ingest - INFO - ⏳ Processing gs://jibber-jabber-knowledge-bmrs-data/elexon/FREQ/2025/07/FREQ_2025-07-01_2025-07-07.json for table 'FREQ'
2025-08-25 16:17:54,926 - gcs_to_bq_ingest - INFO - Starting BQ load job 69523e06-3ec6-44ca-beaa-b93e726a7f9b for table jibber-jabber-knowledge.bmrs_data.FREQ...
2025-08-25 16:17:57,913 - gcs_to_bq_ingest - INFO - ✅ Loaded 5761 rows. Total rows in jibber-jabber-knowledge.bmrs_data.FREQ: 17283
2025-08-25 16:17:57,916 - gcs_to_bq_ingest - INFO - ⏳ Processing gs://jibber-jabber-knowledge-bmrs-data/elexon/FUELHH/2025/07/FUELHH_2025-07-01_2025-07-07.json for table 'FUELHH'
2025-08-25 16:17:59,909 - gcs_to_bq_ingest - INFO - Starting BQ load job a53f2c25-caff-4a64-83a3-3f84ce63f75d for table jibber-jabber-knowledge.bmrs_data.FUELHH...
2025-08-25 16:18:02,279 - gcs_to_bq_ingest - INFO - ✅ Loaded 620 rows. Total rows in jibber-jabber-knowledge.bmrs_data.FUELHH: 1860
2025-08-25 16:18:02,281 - gcs_to_bq_ingest - INFO - ⏳ Processing gs://jibber-jabber-knowledge-bmrs-data/elexon/FUELINST/2025/07/FUELINST_2025-07-01_2025-07-07.json for table 'FUELINST'
2025-08-25 16:18:04,612 - gcs_to_bq_ingest - INFO - Starting BQ load job 6ed6b34b-1e3b-4583-ada9-3a126450bbe3 for table jibber-jabber-knowledge.bmrs_data.FUELINST...
2025-08-25 16:18:07,360 - gcs_to_bq_ingest - INFO - ✅ Loaded 3760 rows. Total rows in jibber-jabber-knowledge.bmrs_data.FUELINST: 11280
2025-08-25 16:18:07,363 - gcs_to_bq_ingest - INFO - ⏳ Processing gs://jibber-jabber-knowledge-bmrs-data/elexon/IMBALNGC/2025/07/IMBALNGC_2025-07-01_2025-07-07.json for table 'IMBALNGC'
2025-08-25 16:18:09,433 - gcs_to_bq_ingest - INFO - Starting BQ load job 7978f85a-c23f-485a-bc67-d518be24a345 for table jibber-jabber-knowledge.bmrs_data.IMBALNGC...
2025-08-25 16:18:11,531 - gcs_to_bq_ingest - INFO - ✅ Loaded 1350 rows. Total rows in jibber-jabber-knowledge.bmrs_data.IMBALNGC: 4050
2025-08-25 16:18:11,533 - gcs_to_bq_ingest - INFO - ⏳ Processing gs://jibber-jabber-knowledge-bmrs-data/elexon/INDDEM/2025/07/INDDEM_2025-07-01_2025-07-07.json for table 'INDDEM'
2025-08-25 16:18:13,484 - gcs_to_bq_ingest - INFO - Starting BQ load job 698b405f-66da-487f-90e1-6561fceae94d for table jibber-jabber-knowledge.bmrs_data.INDDEM...
2025-08-25 16:18:15,299 - gcs_to_bq_ingest - INFO - ✅ Loaded 1350 rows. Total rows in jibber-jabber-knowledge.bmrs_data.INDDEM: 4050
2025-08-25 16:18:15,301 - gcs_to_bq_ingest - INFO - ⏳ Processing gs://jibber-jabber-knowledge-bmrs-data/elexon/INDGEN/2025/07/INDGEN_2025-07-01_2025-07-07.json for table 'INDGEN'
2025-08-25 16:18:17,405 - gcs_to_bq_ingest - INFO - Starting BQ load job 24d25c65-42cc-48f2-a3b3-cfabbd306303 for table jibber-jabber-knowledge.bmrs_data.INDGEN...
2025-08-25 16:18:19,156 - gcs_to_bq_ingest - INFO - ✅ Loaded 1350 rows. Total rows in jibber-jabber-knowledge.bmrs_data.INDGEN: 4050
2025-08-25 16:18:19,158 - gcs_to_bq_ingest - INFO - ⏳ Processing gs://jibber-jabber-knowledge-bmrs-data/elexon/INDO/2025/07/INDO_2025-07-01_2025-07-07.json for table 'INDO'
2025-08-25 16:18:21,592 - gcs_to_bq_ingest - INFO - Starting BQ load job 248fc374-6961-4090-b7d6-2c148fc63ab3 for table jibber-jabber-knowledge.bmrs_data.INDO...
2025-08-25 16:18:26,798 - gcs_to_bq_ingest - INFO - ✅ Loaded 1 rows. Total rows in jibber-jabber-knowledge.bmrs_data.INDO: 3
2025-08-25 16:18:26,818 - gcs_to_bq_ingest - INFO - ⏳ Processing gs://jibber-jabber-knowledge-bmrs-data/elexon/ITSDO/2025/07/ITSDO_2025-07-01_2025-07-07.json for table 'ITSDO'
2025-08-25 16:18:28,505 - gcs_to_bq_ingest - INFO - Starting BQ load job 2d77a3d8-c48b-4e5f-90f1-a185a7f7a4b1 for table jibber-jabber-knowledge.bmrs_data.ITSDO...
2025-08-25 16:18:30,558 - gcs_to_bq_ingest - INFO - ✅ Loaded 1 rows. Total rows in jibber-jabber-knowledge.bmrs_data.ITSDO: 3
2025-08-25 16:18:30,566 - gcs_to_bq_ingest - INFO - ⏳ Processing gs://jibber-jabber-knowledge-bmrs-data/elexon/MELNGC/2025/07/MELNGC_2025-07-01_2025-07-07.json for table 'MELNGC'
2025-08-25 16:18:32,793 - gcs_to_bq_ingest - INFO - Starting BQ load job cb27c8ea-f29a-4883-bd00-0e32f66fbc55 for table jibber-jabber-knowledge.bmrs_data.MELNGC...
2025-08-25 16:18:34,784 - gcs_to_bq_ingest - INFO - ✅ Loaded 1350 rows. Total rows in jibber-jabber-knowledge.bmrs_data.MELNGC: 4050
2025-08-25 16:18:34,787 - gcs_to_bq_ingest - INFO - ⏳ Processing gs://jibber-jabber-knowledge-bmrs-data/elexon/MID/2025/07/MID_2025-07-01_2025-07-07.json for table 'MID'
2025-08-25 16:18:36,673 - gcs_to_bq_ingest - INFO - Starting BQ load job 3ab5b16e-e556-4b0c-82ad-ff70a1b6e32e for table jibber-jabber-knowledge.bmrs_data.MID...
2025-08-25 16:18:38,850 - gcs_to_bq_ingest - INFO - ✅ Loaded 555 rows. Total rows in jibber-jabber-knowledge.bmrs_data.MID: 1665
2025-08-25 16:18:38,852 - gcs_to_bq_ingest - INFO - ⏳ Processing gs://jibber-jabber-knowledge-bmrs-data/elexon/MNZT/2025/07/MNZT_2025-07-01_2025-07-07.json for table 'MNZT'
2025-08-25 16:18:40,408 - gcs_to_bq_ingest - INFO - Starting BQ load job 56ab6957-9da4-40be-8d68-c4962620f051 for table jibber-jabber-knowledge.bmrs_data.MNZT...
2025-08-25 16:18:43,447 - gcs_to_bq_ingest - INFO - ✅ Loaded 293 rows. Total rows in jibber-jabber-knowledge.bmrs_data.MNZT: 879
2025-08-25 16:18:43,450 - gcs_to_bq_ingest - INFO - ⏳ Processing gs://jibber-jabber-knowledge-bmrs-data/elexon/MZT/2025/07/MZT_2025-07-01_2025-07-07.json for table 'MZT'
2025-08-25 16:18:45,213 - gcs_to_bq_ingest - INFO - Starting BQ load job 4f116a21-ff80-4295-9ab8-5b8238ea2f54 for table jibber-jabber-knowledge.bmrs_data.MZT...
2025-08-25 16:18:49,396 - gcs_to_bq_ingest - INFO - ✅ Loaded 188 rows. Total rows in jibber-jabber-knowledge.bmrs_data.MZT: 564
2025-08-25 16:18:49,401 - gcs_to_bq_ingest - INFO - ⏳ Processing gs://jibber-jabber-knowledge-bmrs-data/elexon/NDF/2025/07/NDF_2025-07-01_2025-07-07.json for table 'NDF'
2025-08-25 16:18:50,932 - gcs_to_bq_ingest - INFO - Starting BQ load job abb0b53d-8e81-43bb-a65e-d7094cffe21a for table jibber-jabber-knowledge.bmrs_data.NDF...
2025-08-25 16:18:53,930 - gcs_to_bq_ingest - INFO - ✅ Loaded 75 rows. Total rows in jibber-jabber-knowledge.bmrs_data.NDF: 225
2025-08-25 16:18:53,936 - gcs_to_bq_ingest - INFO - ⏳ Processing gs://jibber-jabber-knowledge-bmrs-data/elexon/NDFD/2025/07/NDFD_2025-07-01_2025-07-07.json for table 'NDFD'
2025-08-25 16:18:55,823 - gcs_to_bq_ingest - INFO - Starting BQ load job 6f6fd919-f1f5-4b64-a4b0-7df413bf4880 for table jibber-jabber-knowledge.bmrs_data.NDFD...
2025-08-25 16:18:57,430 - gcs_to_bq_ingest - INFO - ✅ Loaded 13 rows. Total rows in jibber-jabber-knowledge.bmrs_data.NDFD: 39
2025-08-25 16:18:57,432 - gcs_to_bq_ingest - INFO - ⏳ Processing gs://jibber-jabber-knowledge-bmrs-data/elexon/NDFW/2025/07/NDFW_2025-07-01_2025-07-07.json for table 'NDFW'
2025-08-25 16:18:58,975 - gcs_to_bq_ingest - INFO - Starting BQ load job 49d9ec0c-dabc-4033-a477-5a2b6640021a for table jibber-jabber-knowledge.bmrs_data.NDFW...
2025-08-25 16:19:12,860 - gcs_to_bq_ingest - INFO - ✅ Loaded 51 rows. Total rows in jibber-jabber-knowledge.bmrs_data.NDFW: 153
2025-08-25 16:19:12,863 - gcs_to_bq_ingest - INFO - ⏳ Processing gs://jibber-jabber-knowledge-bmrs-data/elexon/NDZ/2025/07/NDZ_2025-07-01_2025-07-07.json for table 'NDZ'
2025-08-25 16:19:14,550 - gcs_to_bq_ingest - INFO - Starting BQ load job 697d9e5d-7f4d-4745-87cd-785ca4c64c26 for table jibber-jabber-knowledge.bmrs_data.NDZ...
2025-08-25 16:19:17,050 - gcs_to_bq_ingest - INFO - ✅ Loaded 341 rows. Total rows in jibber-jabber-knowledge.bmrs_data.NDZ: 1023
2025-08-25 16:19:17,051 - gcs_to_bq_ingest - INFO - ⏳ Processing gs://jibber-jabber-knowledge-bmrs-data/elexon/NETBSAD/2025/07/NETBSAD_2025-07-01_2025-07-07.json for table 'NETBSAD'
2025-08-25 16:19:18,904 - gcs_to_bq_ingest - INFO - Starting BQ load job ed1f867d-4fda-4cc1-bb8b-1ab58e735848 for table jibber-jabber-knowledge.bmrs_data.NETBSAD...
2025-08-25 16:19:22,268 - gcs_to_bq_ingest - INFO - ✅ Loaded 289 rows. Total rows in jibber-jabber-knowledge.bmrs_data.NETBSAD: 867
2025-08-25 16:19:22,269 - gcs_to_bq_ingest - INFO - ⏳ Processing gs://jibber-jabber-knowledge-bmrs-data/elexon/NONBM/2025/07/NONBM_2025-07-01_2025-07-07.json for table 'NONBM'
2025-08-25 16:19:23,904 - gcs_to_bq_ingest - INFO - Starting BQ load job 3293f094-5ece-4857-9e46-d26388bf5558 for table jibber-jabber-knowledge.bmrs_data.NONBM...
2025-08-25 16:19:31,191 - gcs_to_bq_ingest - INFO - ✅ Loaded 287 rows. Total rows in jibber-jabber-knowledge.bmrs_data.NONBM: 861
2025-08-25 16:19:31,196 - gcs_to_bq_ingest - INFO - ⏳ Processing gs://jibber-jabber-knowledge-bmrs-data/elexon/NOU2T14D/2025/07/NOU2T14D_2025-07-01_2025-07-07.json for table 'NOU2T14D'
2025-08-25 16:19:32,609 - gcs_to_bq_ingest - INFO - Starting BQ load job c3492f1d-4ab4-471e-acf6-cf7a43ec2c2c for table jibber-jabber-knowledge.bmrs_data.NOU2T14D...
2025-08-25 16:20:00,303 - gcs_to_bq_ingest - INFO - ✅ Loaded 13 rows. Total rows in jibber-jabber-knowledge.bmrs_data.NOU2T14D: 39
2025-08-25 16:20:00,310 - gcs_to_bq_ingest - INFO - ⏳ Processing gs://jibber-jabber-knowledge-bmrs-data/elexon/NOU2T3YW/2025/07/NOU2T3YW_2025-07-01_2025-07-07.json for table 'NOU2T3YW'
2025-08-25 16:20:01,829 - gcs_to_bq_ingest - INFO - Starting BQ load job b1be5a1a-8c1c-4805-b50a-572ac20f6447 for table jibber-jabber-knowledge.bmrs_data.NOU2T3YW...
2025-08-25 16:20:04,720 - gcs_to_bq_ingest - INFO - ✅ Loaded 155 rows. Total rows in jibber-jabber-knowledge.bmrs_data.NOU2T3YW: 465
2025-08-25 16:20:04,729 - gcs_to_bq_ingest - INFO - ⏳ Processing gs://jibber-jabber-knowledge-bmrs-data/elexon/NTB/2025/07/NTB_2025-07-01_2025-07-07.json for table 'NTB'
2025-08-25 16:20:06,402 - gcs_to_bq_ingest - INFO - Starting BQ load job 9e916d7d-a7f5-459f-b294-a92ffe29fd5a for table jibber-jabber-knowledge.bmrs_data.NTB...
2025-08-25 16:20:09,456 - gcs_to_bq_ingest - INFO - ✅ Loaded 76 rows. Total rows in jibber-jabber-knowledge.bmrs_data.NTB: 228
2025-08-25 16:20:09,458 - gcs_to_bq_ingest - INFO - ⏳ Processing gs://jibber-jabber-knowledge-bmrs-data/elexon/NTO/2025/07/NTO_2025-07-01_2025-07-07.json for table 'NTO'
2025-08-25 16:20:10,936 - gcs_to_bq_ingest - INFO - Starting BQ load job 0bc5b354-3131-4d6f-bd13-d7c90cd93cf5 for table jibber-jabber-knowledge.bmrs_data.NTO...
2025-08-25 16:20:14,162 - gcs_to_bq_ingest - INFO - ✅ Loaded 76 rows. Total rows in jibber-jabber-knowledge.bmrs_data.NTO: 228
2025-08-25 16:20:14,164 - gcs_to_bq_ingest - INFO - ⏳ Processing gs://jibber-jabber-knowledge-bmrs-data/elexon/OCNMF3Y/2025/07/OCNMF3Y_2025-07-01_2025-07-07.json for table 'OCNMF3Y'
2025-08-25 16:20:15,723 - gcs_to_bq_ingest - INFO - Starting BQ load job b9f9e979-8586-4254-a303-913c9d944207 for table jibber-jabber-knowledge.bmrs_data.OCNMF3Y...
2025-08-25 16:20:18,280 - gcs_to_bq_ingest - INFO - ✅ Loaded 155 rows. Total rows in jibber-jabber-knowledge.bmrs_data.OCNMF3Y: 465
2025-08-25 16:20:18,283 - gcs_to_bq_ingest - INFO - ⏳ Processing gs://jibber-jabber-knowledge-bmrs-data/elexon/OCNMF3Y2/2025/07/OCNMF3Y2_2025-07-01_2025-07-07.json for table 'OCNMF3Y2'
2025-08-25 16:20:19,808 - gcs_to_bq_ingest - INFO - Starting BQ load job f70dcc79-6721-4700-b381-d1402fbf055f for table jibber-jabber-knowledge.bmrs_data.OCNMF3Y2...
2025-08-25 16:20:23,621 - gcs_to_bq_ingest - INFO - ✅ Loaded 155 rows. Total rows in jibber-jabber-knowledge.bmrs_data.OCNMF3Y2: 465
2025-08-25 16:20:23,627 - gcs_to_bq_ingest - INFO - ⏳ Processing gs://jibber-jabber-knowledge-bmrs-data/elexon/OCNMFD/2025/07/OCNMFD_2025-07-01_2025-07-07.json for table 'OCNMFD'
2025-08-25 16:20:25,210 - gcs_to_bq_ingest - INFO - Starting BQ load job 5d10bba2-bfc3-4cb0-86fb-4b06b178e314 for table jibber-jabber-knowledge.bmrs_data.OCNMFD...
2025-08-25 16:20:26,925 - gcs_to_bq_ingest - INFO - ✅ Loaded 13 rows. Total rows in jibber-jabber-knowledge.bmrs_data.OCNMFD: 39
2025-08-25 16:20:26,927 - gcs_to_bq_ingest - INFO - ⏳ Processing gs://jibber-jabber-knowledge-bmrs-data/elexon/OCNMFD2/2025/07/OCNMFD2_2025-07-01_2025-07-07.json for table 'OCNMFD2'
2025-08-25 16:20:28,626 - gcs_to_bq_ingest - INFO - Starting BQ load job 827afca6-3c63-4853-bc1c-dff3403b0abc for table jibber-jabber-knowledge.bmrs_data.OCNMFD2...
2025-08-25 16:20:30,667 - gcs_to_bq_ingest - INFO - ✅ Loaded 13 rows. Total rows in jibber-jabber-knowledge.bmrs_data.OCNMFD2: 39
2025-08-25 16:20:30,669 - gcs_to_bq_ingest - INFO - ⏳ Processing gs://jibber-jabber-knowledge-bmrs-data/elexon/RDRE/2025/07/RDRE_2025-07-01_2025-07-07.json for table 'RDRE'
2025-08-25 16:20:32,203 - gcs_to_bq_ingest - INFO - Starting BQ load job ca2df7e1-5e7c-46ed-8fa3-72cb6d6c32b0 for table jibber-jabber-knowledge.bmrs_data.RDRE...
2025-08-25 16:20:34,668 - gcs_to_bq_ingest - INFO - ✅ Loaded 199 rows. Total rows in jibber-jabber-knowledge.bmrs_data.RDRE: 597
2025-08-25 16:20:34,671 - gcs_to_bq_ingest - INFO - ⏳ Processing gs://jibber-jabber-knowledge-bmrs-data/elexon/RURE/2025/07/RURE_2025-07-01_2025-07-07.json for table 'RURE'
2025-08-25 16:20:36,508 - gcs_to_bq_ingest - INFO - Starting BQ load job 665d63ba-7b5f-4af0-82e1-d92f123c6288 for table jibber-jabber-knowledge.bmrs_data.RURE...
2025-08-25 16:20:38,468 - gcs_to_bq_ingest - INFO - ✅ Loaded 585 rows. Total rows in jibber-jabber-knowledge.bmrs_data.RURE: 1755
2025-08-25 16:20:38,471 - gcs_to_bq_ingest - INFO - ⏳ Processing gs://jibber-jabber-knowledge-bmrs-data/elexon/RURI/2025/07/RURI_2025-07-01_2025-07-07.json for table 'RURI'
2025-08-25 16:20:39,923 - gcs_to_bq_ingest - INFO - Starting BQ load job ac2abb4e-82a3-4646-819d-cc22c0a898d5 for table jibber-jabber-knowledge.bmrs_data.RURI...
2025-08-25 16:20:41,935 - gcs_to_bq_ingest - INFO - ✅ Loaded 9 rows. Total rows in jibber-jabber-knowledge.bmrs_data.RURI: 27
2025-08-25 16:20:41,936 - gcs_to_bq_ingest - INFO - ⏳ Processing gs://jibber-jabber-knowledge-bmrs-data/elexon/SEL/2025/07/SEL_2025-07-01_2025-07-07.json for table 'SEL'
2025-08-25 16:20:43,664 - gcs_to_bq_ingest - INFO - Starting BQ load job e37bdd88-5f41-4a19-99b2-e6f9d73d7df5 for table jibber-jabber-knowledge.bmrs_data.SEL...
2025-08-25 16:20:45,209 - gcs_to_bq_ingest - INFO - ✅ Loaded 816 rows. Total rows in jibber-jabber-knowledge.bmrs_data.SEL: 2448
2025-08-25 16:20:45,210 - gcs_to_bq_ingest - INFO - ⏳ Processing gs://jibber-jabber-knowledge-bmrs-data/elexon/SIL/2025/07/SIL_2025-07-01_2025-07-07.json for table 'SIL'
2025-08-25 16:20:46,849 - gcs_to_bq_ingest - INFO - Starting BQ load job f31f7a55-73cc-44a5-a2d3-767a8ed49533 for table jibber-jabber-knowledge.bmrs_data.SIL...
2025-08-25 16:20:50,639 - gcs_to_bq_ingest - INFO - ✅ Loaded 310 rows. Total rows in jibber-jabber-knowledge.bmrs_data.SIL: 930
2025-08-25 16:20:50,641 - gcs_to_bq_ingest - INFO - ⏳ Processing gs://jibber-jabber-knowledge-bmrs-data/elexon/TEMP/2025/07/TEMP_2025-07-01_2025-07-07.json for table 'TEMP'
2025-08-25 16:20:52,249 - gcs_to_bq_ingest - INFO - Starting BQ load job b8fc40b3-7501-458c-80f9-49febd5fd9e5 for table jibber-jabber-knowledge.bmrs_data.TEMP...
2025-08-25 16:20:54,151 - gcs_to_bq_ingest - INFO - ✅ Loaded 31 rows. Total rows in jibber-jabber-knowledge.bmrs_data.TEMP: 93
2025-08-25 16:20:54,152 - gcs_to_bq_ingest - INFO - ⏳ Processing gs://jibber-jabber-knowledge-bmrs-data/elexon/TSDF/2025/07/TSDF_2025-07-01_2025-07-07.json for table 'TSDF'
2025-08-25 16:20:56,066 - gcs_to_bq_ingest - INFO - Starting BQ load job 19128d22-868f-4cc2-bc1d-4354af6c91e9 for table jibber-jabber-knowledge.bmrs_data.TSDF...
2025-08-25 16:20:58,770 - gcs_to_bq_ingest - INFO - ✅ Loaded 1350 rows. Total rows in jibber-jabber-knowledge.bmrs_data.TSDF: 4050
2025-08-25 16:20:58,771 - gcs_to_bq_ingest - INFO - ⏳ Processing gs://jibber-jabber-knowledge-bmrs-data/elexon/TSDFD/2025/07/TSDFD_2025-07-01_2025-07-07.json for table 'TSDFD'
2025-08-25 16:21:00,083 - gcs_to_bq_ingest - INFO - Starting BQ load job 0ea2464b-99ce-4e18-a360-b8f1422c1fd9 for table jibber-jabber-knowledge.bmrs_data.TSDFD...
2025-08-25 16:21:02,858 - gcs_to_bq_ingest - INFO - ✅ Loaded 13 rows. Total rows in jibber-jabber-knowledge.bmrs_data.TSDFD: 39
2025-08-25 16:21:02,859 - gcs_to_bq_ingest - INFO - ⏳ Processing gs://jibber-jabber-knowledge-bmrs-data/elexon/TSDFW/2025/07/TSDFW_2025-07-01_2025-07-07.json for table 'TSDFW'
2025-08-25 16:21:04,346 - gcs_to_bq_ingest - INFO - Starting BQ load job 10f569fa-c3ae-4690-9d83-838ab7541216 for table jibber-jabber-knowledge.bmrs_data.TSDFW...
2025-08-25 16:21:06,119 - gcs_to_bq_ingest - INFO - ✅ Loaded 51 rows. Total rows in jibber-jabber-knowledge.bmrs_data.TSDFW: 153
2025-08-25 16:21:06,120 - gcs_to_bq_ingest - INFO - ⏳ Processing gs://jibber-jabber-knowledge-bmrs-data/elexon/UOU2T14D/2025/07/UOU2T14D_2025-07-01_2025-07-07.json for table 'UOU2T14D'
2025-08-25 16:21:08,288 - gcs_to_bq_ingest - INFO - Starting BQ load job dcec74b2-c576-4d77-aa42-2c1e63e3753f for table jibber-jabber-knowledge.bmrs_data.UOU2T14D...
2025-08-25 16:21:10,139 - gcs_to_bq_ingest - INFO - ✅ Loaded 5980 rows. Total rows in jibber-jabber-knowledge.bmrs_data.UOU2T14D: 17940
2025-08-25 16:21:10,142 - gcs_to_bq_ingest - INFO - ⏳ Processing gs://jibber-jabber-knowledge-bmrs-data/elexon/UOU2T3YW/2025/07/UOU2T3YW_2025-07-01_2025-07-07.json for table 'UOU2T3YW'
2025-08-25 16:21:15,319 - gcs_to_bq_ingest - INFO - Starting BQ load job 632b866b-4df6-4d17-969c-f85b33a2d4e8 for table jibber-jabber-knowledge.bmrs_data.UOU2T3YW...
2025-08-25 16:21:17,577 - gcs_to_bq_ingest - INFO - ✅ Loaded 71300 rows. Total rows in jibber-jabber-knowledge.bmrs_data.UOU2T3YW: 213900
2025-08-25 16:21:17,631 - gcs_to_bq_ingest - INFO - ⏳ Processing gs://jibber-jabber-knowledge-bmrs-data/elexon/WINDFOR/2025/07/WINDFOR_2025-07-01_2025-07-07.json for table 'WINDFOR'
2025-08-25 16:21:19,209 - gcs_to_bq_ingest - INFO - Starting BQ load job 307b7e00-4a78-42c4-a58b-3ed3731e6008 for table jibber-jabber-knowledge.bmrs_data.WINDFOR...
2025-08-25 16:21:21,257 - gcs_to_bq_ingest - INFO - ✅ Loaded 73 rows. Total rows in jibber-jabber-knowledge.bmrs_data.WINDFOR: 219
2025-08-25 16:21:21,258 - gcs_to_bq_ingest - INFO - ⏳ Processing gs://jibber-jabber-knowledge-bmrs-data/elexon/demand_outturn/recent_20250822231607.json for table 'demand_outturn'
2025-08-25 16:21:23,316 - gcs_to_bq_ingest - INFO - Starting BQ load job 571be16e-ce59-408e-b961-5ae0b842a4e4 for table jibber-jabber-knowledge.bmrs_data.demand_outturn...
2025-08-25 16:21:25,318 - gcs_to_bq_ingest - INFO - ✅ Loaded 1390 rows. Total rows in jibber-jabber-knowledge.bmrs_data.demand_outturn: 34518
2025-08-25 16:21:25,321 - gcs_to_bq_ingest - INFO - ⏳ Processing gs://jibber-jabber-knowledge-bmrs-data/elexon/demand_outturn/recent_20250822232650.json for table 'demand_outturn'
2025-08-25 16:21:27,210 - gcs_to_bq_ingest - INFO - Starting BQ load job 600dc26f-ade5-40ae-bc2e-8b7b04a15733 for table jibber-jabber-knowledge.bmrs_data.demand_outturn...
2025-08-25 16:21:28,939 - gcs_to_bq_ingest - INFO - ✅ Loaded 1390 rows. Total rows in jibber-jabber-knowledge.bmrs_data.demand_outturn: 35908
2025-08-25 16:21:28,940 - gcs_to_bq_ingest - INFO - ⏳ Processing gs://jibber-jabber-knowledge-bmrs-data/elexon/demand_outturn/recent_20250822233106.json for table 'demand_outturn'
2025-08-25 16:21:30,849 - gcs_to_bq_ingest - INFO - Starting BQ load job 8a57672d-07c0-4dfe-839c-bfb90116201e for table jibber-jabber-knowledge.bmrs_data.demand_outturn...
2025-08-25 16:21:33,342 - gcs_to_bq_ingest - INFO - ✅ Loaded 1391 rows. Total rows in jibber-jabber-knowledge.bmrs_data.demand_outturn: 37299
2025-08-25 16:21:33,343 - gcs_to_bq_ingest - INFO - ⏳ Processing gs://jibber-jabber-knowledge-bmrs-data/elexon/demand_outturn/recent_20250823000135.json for table 'demand_outturn'
2025-08-25 16:21:35,906 - gcs_to_bq_ingest - INFO - Starting BQ load job 1b8b9ea6-4ec7-487f-b8ac-957b4f926fb0 for table jibber-jabber-knowledge.bmrs_data.demand_outturn...
2025-08-25 16:21:39,416 - gcs_to_bq_ingest - INFO - ✅ Loaded 1392 rows. Total rows in jibber-jabber-knowledge.bmrs_data.demand_outturn: 38691
2025-08-25 16:21:39,420 - gcs_to_bq_ingest - INFO - ⏳ Processing gs://jibber-jabber-knowledge-bmrs-data/elexon/demand_outturn/recent_20250823001817.json for table 'demand_outturn'
2025-08-25 16:21:41,535 - gcs_to_bq_ingest - INFO - Starting BQ load job d73c7acc-081a-4ea7-80ee-eb2222f67a71 for table jibber-jabber-knowledge.bmrs_data.demand_outturn...
2025-08-25 16:21:44,102 - gcs_to_bq_ingest - INFO - ✅ Loaded 1392 rows. Total rows in jibber-jabber-knowledge.bmrs_data.demand_outturn: 40083
2025-08-25 16:21:44,104 - gcs_to_bq_ingest - INFO - ⏳ Processing gs://jibber-jabber-knowledge-bmrs-data/elexon/demand_outturn/recent_20250823002057.json for table 'demand_outturn'
2025-08-25 16:21:46,035 - gcs_to_bq_ingest - INFO - Starting BQ load job d6be8873-db98-4aa1-b804-0e314b5e78e1 for table jibber-jabber-knowledge.bmrs_data.demand_outturn...
2025-08-25 16:21:49,703 - gcs_to_bq_ingest - INFO - ✅ Loaded 1392 rows. Total rows in jibber-jabber-knowledge.bmrs_data.demand_outturn: 41475
2025-08-25 16:21:49,706 - gcs_to_bq_ingest - INFO - ⏳ Processing gs://jibber-jabber-knowledge-bmrs-data/elexon/demand_outturn/recent_20250823003918.json for table 'demand_outturn'
2025-08-25 16:21:51,660 - gcs_to_bq_ingest - INFO - Starting BQ load job 8262f15d-0a77-44be-88ad-deabd12cfd58 for table jibber-jabber-knowledge.bmrs_data.demand_outturn...
2025-08-25 16:21:53,516 - gcs_to_bq_ingest - INFO - ✅ Loaded 1392 rows. Total rows in jibber-jabber-knowledge.bmrs_data.demand_outturn: 42867
2025-08-25 16:21:53,519 - gcs_to_bq_ingest - INFO - ⏳ Processing gs://jibber-jabber-knowledge-bmrs-data/elexon/demand_outturn/recent_20250823004002.json for table 'demand_outturn'
2025-08-25 16:21:55,441 - gcs_to_bq_ingest - INFO - Starting BQ load job c52ea770-59c1-4a21-a050-4dacaa266490 for table jibber-jabber-knowledge.bmrs_data.demand_outturn...
2025-08-25 16:21:58,527 - gcs_to_bq_ingest - INFO - ✅ Loaded 1392 rows. Total rows in jibber-jabber-knowledge.bmrs_data.demand_outturn: 44259
2025-08-25 16:21:58,530 - gcs_to_bq_ingest - INFO - ⏳ Processing gs://jibber-jabber-knowledge-bmrs-data/elexon/demand_outturn/recent_20250823004048.json for table 'demand_outturn'
2025-08-25 16:22:00,455 - gcs_to_bq_ingest - INFO - Starting BQ load job 5c9423cc-d527-474e-90ff-2f9f07086ca8 for table jibber-jabber-knowledge.bmrs_data.demand_outturn...
2025-08-25 16:22:03,070 - gcs_to_bq_ingest - INFO - ✅ Loaded 1392 rows. Total rows in jibber-jabber-knowledge.bmrs_data.demand_outturn: 45651
2025-08-25 16:22:03,072 - gcs_to_bq_ingest - INFO - ⏳ Processing gs://jibber-jabber-knowledge-bmrs-data/elexon/demand_outturn/recent_20250823011048.json for table 'demand_outturn'
2025-08-25 16:22:05,080 - gcs_to_bq_ingest - INFO - Starting BQ load job f944f549-d1de-4990-b282-b41a30c154bc for table jibber-jabber-knowledge.bmrs_data.demand_outturn...
2025-08-25 16:22:06,667 - gcs_to_bq_ingest - INFO - ✅ Loaded 1346 rows. Total rows in jibber-jabber-knowledge.bmrs_data.demand_outturn: 46997
2025-08-25 16:22:06,667 - gcs_to_bq_ingest - INFO - ⏳ Processing gs://jibber-jabber-knowledge-bmrs-data/elexon/demand_outturn/recent_20250823014056.json for table 'demand_outturn'
2025-08-25 16:22:08,563 - gcs_to_bq_ingest - INFO - Starting BQ load job 45010479-7819-44eb-a197-2901ca1798c8 for table jibber-jabber-knowledge.bmrs_data.demand_outturn...
2025-08-25 16:22:10,148 - gcs_to_bq_ingest - INFO - ✅ Loaded 1347 rows. Total rows in jibber-jabber-knowledge.bmrs_data.demand_outturn: 48344
2025-08-25 16:22:10,150 - gcs_to_bq_ingest - INFO - ⏳ Processing gs://jibber-jabber-knowledge-bmrs-data/elexon/demand_outturn/recent_20250823021058.json for table 'demand_outturn'
2025-08-25 16:22:12,148 - gcs_to_bq_ingest - INFO - Starting BQ load job bf4ff44a-44ae-4703-b1d1-263e41e7a82b for table jibber-jabber-knowledge.bmrs_data.demand_outturn...
2025-08-25 16:22:14,643 - gcs_to_bq_ingest - INFO - ✅ Loaded 1348 rows. Total rows in jibber-jabber-knowledge.bmrs_data.demand_outturn: 49692
2025-08-25 16:22:14,645 - gcs_to_bq_ingest - INFO - ⏳ Processing gs://jibber-jabber-knowledge-bmrs-data/elexon/generation_outturn/recent_20250822231612.json for table 'generation_outturn'
2025-08-25 16:22:16,139 - gcs_to_bq_ingest - INFO - Starting BQ load job b59fba82-926d-452e-bc72-77d3c3e08735 for table jibber-jabber-knowledge.bmrs_data.generation_outturn...
2025-08-25 16:22:19,210 - gcs_to_bq_ingest - INFO - ✅ Loaded 289 rows. Total rows in jibber-jabber-knowledge.bmrs_data.generation_outturn: 8277
2025-08-25 16:22:19,212 - gcs_to_bq_ingest - INFO - ⏳ Processing gs://jibber-jabber-knowledge-bmrs-data/elexon/generation_outturn/recent_20250822233110.json for table 'generation_outturn'
2025-08-25 16:22:20,850 - gcs_to_bq_ingest - INFO - Starting BQ load job b68b3b76-cc76-43ae-a55d-139d72f68261 for table jibber-jabber-knowledge.bmrs_data.generation_outturn...
2025-08-25 16:22:28,111 - gcs_to_bq_ingest - INFO - ✅ Loaded 289 rows. Total rows in jibber-jabber-knowledge.bmrs_data.generation_outturn: 8566
2025-08-25 16:22:28,119 - gcs_to_bq_ingest - INFO - ⏳ Processing gs://jibber-jabber-knowledge-bmrs-data/elexon/generation_outturn/recent_20250823000138.json for table 'generation_outturn'
2025-08-25 16:22:29,557 - gcs_to_bq_ingest - INFO - Starting BQ load job c43602c9-1628-4985-999d-56992d540be1 for table jibber-jabber-knowledge.bmrs_data.generation_outturn...
2025-08-25 16:22:32,838 - gcs_to_bq_ingest - INFO - ✅ Loaded 564 rows. Total rows in jibber-jabber-knowledge.bmrs_data.generation_outturn: 9130
2025-08-25 16:22:32,841 - gcs_to_bq_ingest - INFO - ⏳ Processing gs://jibber-jabber-knowledge-bmrs-data/elexon/generation_outturn/recent_20250823001818.json for table 'generation_outturn'
2025-08-25 16:22:34,414 - gcs_to_bq_ingest - INFO - Starting BQ load job 542b850c-6f71-446b-aa7e-21c54e5d5eec for table jibber-jabber-knowledge.bmrs_data.generation_outturn...
2025-08-25 16:22:37,241 - gcs_to_bq_ingest - INFO - ✅ Loaded 567 rows. Total rows in jibber-jabber-knowledge.bmrs_data.generation_outturn: 9697
2025-08-25 16:22:37,244 - gcs_to_bq_ingest - INFO - ⏳ Processing gs://jibber-jabber-knowledge-bmrs-data/elexon/generation_outturn/recent_20250823002058.json for table 'generation_outturn'
2025-08-25 16:22:39,190 - gcs_to_bq_ingest - INFO - Starting BQ load job 30c4a3b3-943b-4f87-82b8-d9501bd7ee73 for table jibber-jabber-knowledge.bmrs_data.generation_outturn...
2025-08-25 16:22:42,463 - gcs_to_bq_ingest - INFO - ✅ Loaded 568 rows. Total rows in jibber-jabber-knowledge.bmrs_data.generation_outturn: 10265
2025-08-25 16:22:42,465 - gcs_to_bq_ingest - INFO - ⏳ Processing gs://jibber-jabber-knowledge-bmrs-data/elexon/generation_outturn/recent_20250823003920.json for table 'generation_outturn'
2025-08-25 16:22:43,993 - gcs_to_bq_ingest - INFO - Starting BQ load job 010bb157-740f-4ca2-ac18-14e726dc4166 for table jibber-jabber-knowledge.bmrs_data.generation_outturn...
2025-08-25 16:22:46,410 - gcs_to_bq_ingest - INFO - ✅ Loaded 283 rows. Total rows in jibber-jabber-knowledge.bmrs_data.generation_outturn: 10548
2025-08-25 16:22:46,416 - gcs_to_bq_ingest - INFO - ⏳ Processing gs://jibber-jabber-knowledge-bmrs-data/elexon/generation_outturn/recent_20250823004006.json for table 'generation_outturn'
2025-08-25 16:22:48,098 - gcs_to_bq_ingest - INFO - Starting BQ load job f9063461-7c58-4a76-b940-002e47786e19 for table jibber-jabber-knowledge.bmrs_data.generation_outturn...
2025-08-25 16:22:50,816 - gcs_to_bq_ingest - INFO - ✅ Loaded 283 rows. Total rows in jibber-jabber-knowledge.bmrs_data.generation_outturn: 10831
2025-08-25 16:22:50,817 - gcs_to_bq_ingest - INFO - ⏳ Processing gs://jibber-jabber-knowledge-bmrs-data/elexon/generation_outturn/recent_20250823004050.json for table 'generation_outturn'
2025-08-25 16:22:52,522 - gcs_to_bq_ingest - INFO - Starting BQ load job 4d4b56cf-a3c9-4fe4-ae73-c8677d0aa506 for table jibber-jabber-knowledge.bmrs_data.generation_outturn...
2025-08-25 16:22:54,954 - gcs_to_bq_ingest - INFO - ✅ Loaded 284 rows. Total rows in jibber-jabber-knowledge.bmrs_data.generation_outturn: 11115
2025-08-25 16:22:54,956 - gcs_to_bq_ingest - INFO - ⏳ Processing gs://jibber-jabber-knowledge-bmrs-data/elexon/generation_outturn/recent_20250823011051.json for table 'generation_outturn'
2025-08-25 16:22:56,441 - gcs_to_bq_ingest - INFO - Starting BQ load job aedfb724-9507-4fe6-994a-04f2aad915c6 for table jibber-jabber-knowledge.bmrs_data.generation_outturn...
2025-08-25 16:22:59,037 - gcs_to_bq_ingest - INFO - ✅ Loaded 289 rows. Total rows in jibber-jabber-knowledge.bmrs_data.generation_outturn: 11404
2025-08-25 16:22:59,038 - gcs_to_bq_ingest - INFO - ⏳ Processing gs://jibber-jabber-knowledge-bmrs-data/elexon/generation_outturn/recent_20250823014058.json for table 'generation_outturn'
2025-08-25 16:23:00,485 - gcs_to_bq_ingest - INFO - Starting BQ load job 0c2eb00c-d19c-4c26-b11f-9d06944b7dd3 for table jibber-jabber-knowledge.bmrs_data.generation_outturn...
2025-08-25 16:23:03,867 - gcs_to_bq_ingest - INFO - ✅ Loaded 289 rows. Total rows in jibber-jabber-knowledge.bmrs_data.generation_outturn: 11693
2025-08-25 16:23:03,869 - gcs_to_bq_ingest - INFO - ⏳ Processing gs://jibber-jabber-knowledge-bmrs-data/elexon/generation_outturn/recent_20250823021102.json for table 'generation_outturn'
2025-08-25 16:23:05,708 - gcs_to_bq_ingest - INFO - Starting BQ load job 5fa603fa-933d-4159-b815-caaf0246a033 for table jibber-jabber-knowledge.bmrs_data.generation_outturn...
2025-08-25 16:23:07,155 - gcs_to_bq_ingest - INFO - ✅ Loaded 289 rows. Total rows in jibber-jabber-knowledge.bmrs_data.generation_outturn: 11982
2025-08-25 16:23:07,156 - gcs_to_bq_ingest - INFO - ⏳ Processing gs://jibber-jabber-knowledge-bmrs-data/elexon/rolling_demand/recent_20250823003923.json for table 'rolling_demand'
2025-08-25 16:23:08,727 - gcs_to_bq_ingest - INFO - Starting BQ load job 309e9034-8be5-4559-af86-67291dbce8fc for table jibber-jabber-knowledge.bmrs_data.rolling_demand...
2025-08-25 16:23:11,033 - gcs_to_bq_ingest - INFO - ✅ Loaded 283 rows. Total rows in jibber-jabber-knowledge.bmrs_data.rolling_demand: 14679
2025-08-25 16:23:11,034 - gcs_to_bq_ingest - INFO - ⏳ Processing gs://jibber-jabber-knowledge-bmrs-data/elexon/rolling_demand/recent_20250823004010.json for table 'rolling_demand'
2025-08-25 16:23:12,552 - gcs_to_bq_ingest - INFO - Starting BQ load job cc3f5bf6-012c-4841-a7a3-7fc8b5ce42d0 for table jibber-jabber-knowledge.bmrs_data.rolling_demand...
2025-08-25 16:23:15,335 - gcs_to_bq_ingest - INFO - ✅ Loaded 283 rows. Total rows in jibber-jabber-knowledge.bmrs_data.rolling_demand: 14962
2025-08-25 16:23:15,336 - gcs_to_bq_ingest - INFO - ⏳ Processing gs://jibber-jabber-knowledge-bmrs-data/elexon/rolling_demand/recent_20250823004055.json for table 'rolling_demand'
2025-08-25 16:23:16,752 - gcs_to_bq_ingest - INFO - Starting BQ load job 274b5254-3aa9-4481-a60e-5f12e5c0e5c0 for table jibber-jabber-knowledge.bmrs_data.rolling_demand...
2025-08-25 16:23:18,278 - gcs_to_bq_ingest - INFO - ✅ Loaded 284 rows. Total rows in jibber-jabber-knowledge.bmrs_data.rolling_demand: 15246
2025-08-25 16:23:18,278 - gcs_to_bq_ingest - INFO - ⏳ Processing gs://jibber-jabber-knowledge-bmrs-data/elexon/rolling_demand/recent_20250823004550.json for table 'rolling_demand'
2025-08-25 16:23:20,159 - gcs_to_bq_ingest - INFO - Starting BQ load job b608ff29-f819-4402-ad35-e82e8977edfd for table jibber-jabber-knowledge.bmrs_data.rolling_demand...
2025-08-25 16:23:21,886 - gcs_to_bq_ingest - INFO - ✅ Loaded 285 rows. Total rows in jibber-jabber-knowledge.bmrs_data.rolling_demand: 15531
2025-08-25 16:23:21,887 - gcs_to_bq_ingest - INFO - ⏳ Processing gs://jibber-jabber-knowledge-bmrs-data/elexon/rolling_demand/recent_20250823005054.json for table 'rolling_demand'
2025-08-25 16:23:23,354 - gcs_to_bq_ingest - INFO - Starting BQ load job 6a88c68f-ff22-40d3-8286-ad3493cb9a0a for table jibber-jabber-knowledge.bmrs_data.rolling_demand...
2025-08-25 16:23:25,795 - gcs_to_bq_ingest - INFO - ✅ Loaded 286 rows. Total rows in jibber-jabber-knowledge.bmrs_data.rolling_demand: 15817
2025-08-25 16:23:25,797 - gcs_to_bq_ingest - INFO - ⏳ Processing gs://jibber-jabber-knowledge-bmrs-data/elexon/rolling_demand/recent_20250823005557.json for table 'rolling_demand'
2025-08-25 16:23:27,444 - gcs_to_bq_ingest - INFO - Starting BQ load job 66580cab-bc07-4651-a6f3-f931a7f17534 for table jibber-jabber-knowledge.bmrs_data.rolling_demand...
2025-08-25 16:23:30,283 - gcs_to_bq_ingest - INFO - ✅ Loaded 287 rows. Total rows in jibber-jabber-knowledge.bmrs_data.rolling_demand: 16104
2025-08-25 16:23:30,284 - gcs_to_bq_ingest - INFO - ⏳ Processing gs://jibber-jabber-knowledge-bmrs-data/elexon/rolling_demand/recent_20250823010058.json for table 'rolling_demand'
2025-08-25 16:23:31,666 - gcs_to_bq_ingest - INFO - Starting BQ load job 1546d202-6c61-42e8-b75a-6f60f36b8b23 for table jibber-jabber-knowledge.bmrs_data.rolling_demand...
2025-08-25 16:23:34,391 - gcs_to_bq_ingest - INFO - ✅ Loaded 288 rows. Total rows in jibber-jabber-knowledge.bmrs_data.rolling_demand: 16392
2025-08-25 16:23:34,394 - gcs_to_bq_ingest - INFO - ⏳ Processing gs://jibber-jabber-knowledge-bmrs-data/elexon/rolling_demand/recent_20250823010600.json for table 'rolling_demand'
2025-08-25 16:23:35,856 - gcs_to_bq_ingest - INFO - Starting BQ load job d983a621-71c6-421e-8b71-e6e59e6c0982 for table jibber-jabber-knowledge.bmrs_data.rolling_demand...
2025-08-25 16:23:37,523 - gcs_to_bq_ingest - INFO - ✅ Loaded 289 rows. Total rows in jibber-jabber-knowledge.bmrs_data.rolling_demand: 16681
2025-08-25 16:23:37,524 - gcs_to_bq_ingest - INFO - ⏳ Processing gs://jibber-jabber-knowledge-bmrs-data/elexon/rolling_demand/recent_20250823011102.json for table 'rolling_demand'
2025-08-25 16:23:38,993 - gcs_to_bq_ingest - INFO - Starting BQ load job 4fafeb2b-72ab-4742-96a0-7eef361aa914 for table jibber-jabber-knowledge.bmrs_data.rolling_demand...
2025-08-25 16:23:40,805 - gcs_to_bq_ingest - INFO - ✅ Loaded 289 rows. Total rows in jibber-jabber-knowledge.bmrs_data.rolling_demand: 16970
2025-08-25 16:23:40,807 - gcs_to_bq_ingest - INFO - ⏳ Processing gs://jibber-jabber-knowledge-bmrs-data/elexon/rolling_demand/recent_20250823011604.json for table 'rolling_demand'
2025-08-25 16:23:42,372 - gcs_to_bq_ingest - INFO - Starting BQ load job 5b7e9cbb-fadf-403b-ba8a-5cf36bf0b627 for table jibber-jabber-knowledge.bmrs_data.rolling_demand...
2025-08-25 16:23:44,108 - gcs_to_bq_ingest - INFO - ✅ Loaded 289 rows. Total rows in jibber-jabber-knowledge.bmrs_data.rolling_demand: 17259
2025-08-25 16:23:44,109 - gcs_to_bq_ingest - INFO - ⏳ Processing gs://jibber-jabber-knowledge-bmrs-data/elexon/rolling_demand/recent_20250823012106.json for table 'rolling_demand'
2025-08-25 16:23:45,643 - gcs_to_bq_ingest - INFO - Starting BQ load job 106c9fc5-4688-40d8-a4ef-711ae29d091c for table jibber-jabber-knowledge.bmrs_data.rolling_demand...
2025-08-25 16:23:48,005 - gcs_to_bq_ingest - INFO - ✅ Loaded 289 rows. Total rows in jibber-jabber-knowledge.bmrs_data.rolling_demand: 17548
2025-08-25 16:23:48,006 - gcs_to_bq_ingest - INFO - ⏳ Processing gs://jibber-jabber-knowledge-bmrs-data/elexon/rolling_demand/recent_20250823012608.json for table 'rolling_demand'
2025-08-25 16:23:49,535 - gcs_to_bq_ingest - INFO - Starting BQ load job 415b844a-36e3-4cbe-bece-479340ddd5ab for table jibber-jabber-knowledge.bmrs_data.rolling_demand...
2025-08-25 16:23:51,501 - gcs_to_bq_ingest - INFO - ✅ Loaded 289 rows. Total rows in jibber-jabber-knowledge.bmrs_data.rolling_demand: 17837
2025-08-25 16:23:51,502 - gcs_to_bq_ingest - INFO - ⏳ Processing gs://jibber-jabber-knowledge-bmrs-data/elexon/rolling_demand/recent_20250823013111.json for table 'rolling_demand'
2025-08-25 16:23:53,117 - gcs_to_bq_ingest - INFO - Starting BQ load job fd59b1ee-eb5c-4be5-96c8-5327f06ebb79 for table jibber-jabber-knowledge.bmrs_data.rolling_demand...
2025-08-25 16:23:54,787 - gcs_to_bq_ingest - INFO - ✅ Loaded 289 rows. Total rows in jibber-jabber-knowledge.bmrs_data.rolling_demand: 18126
2025-08-25 16:23:54,789 - gcs_to_bq_ingest - INFO - ⏳ Processing gs://jibber-jabber-knowledge-bmrs-data/elexon/rolling_demand/recent_20250823013612.json for table 'rolling_demand'
2025-08-25 16:23:56,329 - gcs_to_bq_ingest - INFO - Starting BQ load job ed97502d-4eb5-4c2a-84c2-a2c5229d8308 for table jibber-jabber-knowledge.bmrs_data.rolling_demand...
2025-08-25 16:23:58,120 - gcs_to_bq_ingest - INFO - ✅ Loaded 289 rows. Total rows in jibber-jabber-knowledge.bmrs_data.rolling_demand: 18415
2025-08-25 16:23:58,121 - gcs_to_bq_ingest - INFO - ⏳ Processing gs://jibber-jabber-knowledge-bmrs-data/elexon/rolling_demand/recent_20250823014114.json for table 'rolling_demand'
2025-08-25 16:23:59,877 - gcs_to_bq_ingest - INFO - Starting BQ load job d4274ef0-48e8-4cbd-b8a6-3c81c1e7ceec for table jibber-jabber-knowledge.bmrs_data.rolling_demand...
2025-08-25 16:24:02,130 - gcs_to_bq_ingest - INFO - ✅ Loaded 289 rows. Total rows in jibber-jabber-knowledge.bmrs_data.rolling_demand: 18704
2025-08-25 16:24:02,131 - gcs_to_bq_ingest - INFO - ⏳ Processing gs://jibber-jabber-knowledge-bmrs-data/elexon/rolling_demand/recent_20250823014617.json for table 'rolling_demand'
2025-08-25 16:24:03,728 - gcs_to_bq_ingest - INFO - Starting BQ load job 8739a37a-3657-4d8b-ab04-cf8c67f2bfed for table jibber-jabber-knowledge.bmrs_data.rolling_demand...
2025-08-25 16:24:05,919 - gcs_to_bq_ingest - INFO - ✅ Loaded 289 rows. Total rows in jibber-jabber-knowledge.bmrs_data.rolling_demand: 18993
2025-08-25 16:24:05,920 - gcs_to_bq_ingest - INFO - ⏳ Processing gs://jibber-jabber-knowledge-bmrs-data/elexon/rolling_demand/recent_20250823015120.json for table 'rolling_demand'
2025-08-25 16:24:07,392 - gcs_to_bq_ingest - INFO - Starting BQ load job 554c88f6-93e2-469d-b23c-0c19ee88e064 for table jibber-jabber-knowledge.bmrs_data.rolling_demand...
2025-08-25 16:24:10,220 - gcs_to_bq_ingest - INFO - ✅ Loaded 289 rows. Total rows in jibber-jabber-knowledge.bmrs_data.rolling_demand: 19282
2025-08-25 16:24:10,221 - gcs_to_bq_ingest - INFO - ⏳ Processing gs://jibber-jabber-knowledge-bmrs-data/elexon/rolling_demand/recent_20250823015622.json for table 'rolling_demand'
2025-08-25 16:24:11,755 - gcs_to_bq_ingest - INFO - Starting BQ load job 1db0f51e-d459-496e-960a-de61eb8d6024 for table jibber-jabber-knowledge.bmrs_data.rolling_demand...
2025-08-25 16:24:14,289 - gcs_to_bq_ingest - INFO - ✅ Loaded 289 rows. Total rows in jibber-jabber-knowledge.bmrs_data.rolling_demand: 19571
2025-08-25 16:24:14,291 - gcs_to_bq_ingest - INFO - ⏳ Processing gs://jibber-jabber-knowledge-bmrs-data/elexon/rolling_demand/recent_20250823020125.json for table 'rolling_demand'
2025-08-25 16:24:15,817 - gcs_to_bq_ingest - INFO - Starting BQ load job d03b016c-2f2c-45d8-abab-7b56a1caa3cc for table jibber-jabber-knowledge.bmrs_data.rolling_demand...
2025-08-25 16:24:18,774 - gcs_to_bq_ingest - INFO - ✅ Loaded 289 rows. Total rows in jibber-jabber-knowledge.bmrs_data.rolling_demand: 19860
2025-08-25 16:24:18,776 - gcs_to_bq_ingest - INFO - ⏳ Processing gs://jibber-jabber-knowledge-bmrs-data/elexon/rolling_demand/recent_20250823020628.json for table 'rolling_demand'
2025-08-25 16:24:20,460 - gcs_to_bq_ingest - INFO - Starting BQ load job c8e7f7a8-33f1-4762-ade6-144f5fc1f1cd for table jibber-jabber-knowledge.bmrs_data.rolling_demand...
2025-08-25 16:24:22,707 - gcs_to_bq_ingest - INFO - ✅ Loaded 289 rows. Total rows in jibber-jabber-knowledge.bmrs_data.rolling_demand: 20149
2025-08-25 16:24:22,709 - gcs_to_bq_ingest - INFO - ⏳ Processing gs://jibber-jabber-knowledge-bmrs-data/elexon/rolling_demand/recent_20250823021130.json for table 'rolling_demand'
2025-08-25 16:24:24,356 - gcs_to_bq_ingest - INFO - Starting BQ load job 33bb3d40-f0b8-43f4-b291-e64264b6f462 for table jibber-jabber-knowledge.bmrs_data.rolling_demand...
2025-08-25 16:24:27,491 - gcs_to_bq_ingest - INFO - ✅ Loaded 289 rows. Total rows in jibber-jabber-knowledge.bmrs_data.rolling_demand: 20438
2025-08-25 16:24:27,494 - gcs_to_bq_ingest - INFO - ⏳ Processing gs://jibber-jabber-knowledge-bmrs-data/elexon/rolling_demand/recent_20250823021633.json for table 'rolling_demand'
2025-08-25 16:24:29,019 - gcs_to_bq_ingest - INFO - Starting BQ load job 2d393f24-8157-46c3-991e-cafa3de83931 for table jibber-jabber-knowledge.bmrs_data.rolling_demand...
2025-08-25 16:24:31,659 - gcs_to_bq_ingest - INFO - ✅ Loaded 289 rows. Total rows in jibber-jabber-knowledge.bmrs_data.rolling_demand: 20727
2025-08-25 16:24:31,659 - gcs_to_bq_ingest - INFO - ⏳ Processing gs://jibber-jabber-knowledge-bmrs-data/elexon/rolling_demand/recent_20250823022135.json for table 'rolling_demand'
2025-08-25 16:24:33,261 - gcs_to_bq_ingest - INFO - Starting BQ load job 71bc35ed-efb7-4f95-af94-aa22f23f038d for table jibber-jabber-knowledge.bmrs_data.rolling_demand...
2025-08-25 16:24:35,119 - gcs_to_bq_ingest - INFO - ✅ Loaded 289 rows. Total rows in jibber-jabber-knowledge.bmrs_data.rolling_demand: 21016
2025-08-25 16:24:35,120 - gcs_to_bq_ingest - INFO - ⏳ Processing gs://jibber-jabber-knowledge-bmrs-data/elexon/rolling_demand/recent_20250823022637.json for table 'rolling_demand'
2025-08-25 16:24:36,744 - gcs_to_bq_ingest - INFO - Starting BQ load job d1ddd53f-4088-4a96-ae5c-3f38de5e15b1 for table jibber-jabber-knowledge.bmrs_data.rolling_demand...
2025-08-25 16:24:41,973 - gcs_to_bq_ingest - INFO - ✅ Loaded 289 rows. Total rows in jibber-jabber-knowledge.bmrs_data.rolling_demand: 21305
2025-08-25 16:24:41,976 - gcs_to_bq_ingest - INFO - ⏳ Processing gs://jibber-jabber-knowledge-bmrs-data/elexon/rolling_demand/recent_20250823023139.json for table 'rolling_demand'
2025-08-25 16:24:43,501 - gcs_to_bq_ingest - INFO - Starting BQ load job 441626c5-6cdb-4da6-b9d8-cc5d41ca818d for table jibber-jabber-knowledge.bmrs_data.rolling_demand...
2025-08-25 16:24:46,069 - gcs_to_bq_ingest - INFO - ✅ Loaded 289 rows. Total rows in jibber-jabber-knowledge.bmrs_data.rolling_demand: 21594
2025-08-25 16:24:46,070 - gcs_to_bq_ingest - INFO - ⏳ Processing gs://jibber-jabber-knowledge-bmrs-data/elexon/system_frequency/recent_20250823003922.json for table 'system_frequency'
2025-08-25 16:24:48,007 - gcs_to_bq_ingest - INFO - Starting BQ load job 06390b62-581c-4bcb-8e5a-c3113a35ae70 for table jibber-jabber-knowledge.bmrs_data.system_frequency...
2025-08-25 16:24:50,566 - gcs_to_bq_ingest - INFO - ✅ Loaded 5672 rows. Total rows in jibber-jabber-knowledge.bmrs_data.system_frequency: 292940
2025-08-25 16:24:50,568 - gcs_to_bq_ingest - INFO - ⏳ Processing gs://jibber-jabber-knowledge-bmrs-data/elexon/system_frequency/recent_20250823004009.json for table 'system_frequency'
2025-08-25 16:24:52,691 - gcs_to_bq_ingest - INFO - Starting BQ load job 3f59f846-98ba-4e7d-952d-0d53404c44ba for table jibber-jabber-knowledge.bmrs_data.system_frequency...
2025-08-25 16:24:54,986 - gcs_to_bq_ingest - INFO - ✅ Loaded 5672 rows. Total rows in jibber-jabber-knowledge.bmrs_data.system_frequency: 298612
2025-08-25 16:24:54,987 - gcs_to_bq_ingest - INFO - ⏳ Processing gs://jibber-jabber-knowledge-bmrs-data/elexon/system_frequency/recent_20250823004053.json for table 'system_frequency'
2025-08-25 16:24:57,115 - gcs_to_bq_ingest - INFO - Starting BQ load job a3f9133f-36fb-4b6a-ad96-f62afb024283 for table jibber-jabber-knowledge.bmrs_data.system_frequency...
2025-08-25 16:24:58,579 - gcs_to_bq_ingest - INFO - ✅ Loaded 5680 rows. Total rows in jibber-jabber-knowledge.bmrs_data.system_frequency: 304292
2025-08-25 16:24:58,580 - gcs_to_bq_ingest - INFO - ⏳ Processing gs://jibber-jabber-knowledge-bmrs-data/elexon/system_frequency/recent_20250823004548.json for table 'system_frequency'
2025-08-25 16:25:00,610 - gcs_to_bq_ingest - INFO - Starting BQ load job 6b2a5b31-ddcd-4139-bb08-add6d3e27b79 for table jibber-jabber-knowledge.bmrs_data.system_frequency...
2025-08-25 16:25:20,024 - gcs_to_bq_ingest - INFO - ✅ Loaded 5696 rows. Total rows in jibber-jabber-knowledge.bmrs_data.system_frequency: 309988
2025-08-25 16:25:20,027 - gcs_to_bq_ingest - INFO - ⏳ Processing gs://jibber-jabber-knowledge-bmrs-data/elexon/system_frequency/recent_20250823005051.json for table 'system_frequency'
2025-08-25 16:25:22,104 - gcs_to_bq_ingest - INFO - Starting BQ load job 9eb08776-83fc-4c28-bace-b4c752170fdd for table jibber-jabber-knowledge.bmrs_data.system_frequency...
2025-08-25 16:25:24,385 - gcs_to_bq_ingest - INFO - ✅ Loaded 5720 rows. Total rows in jibber-jabber-knowledge.bmrs_data.system_frequency: 315708
2025-08-25 16:25:24,385 - gcs_to_bq_ingest - INFO - ⏳ Processing gs://jibber-jabber-knowledge-bmrs-data/elexon/system_frequency/recent_20250823005554.json for table 'system_frequency'
2025-08-25 16:25:26,677 - gcs_to_bq_ingest - INFO - Starting BQ load job e4a0c34d-fa32-4686-8cad-92b2ed7c469e for table jibber-jabber-knowledge.bmrs_data.system_frequency...
2025-08-25 16:25:29,071 - gcs_to_bq_ingest - INFO - ✅ Loaded 5736 rows. Total rows in jibber-jabber-knowledge.bmrs_data.system_frequency: 321444
2025-08-25 16:25:29,075 - gcs_to_bq_ingest - INFO - ⏳ Processing gs://jibber-jabber-knowledge-bmrs-data/elexon/system_frequency/recent_20250823010056.json for table 'system_frequency'
2025-08-25 16:25:30,877 - gcs_to_bq_ingest - INFO - Starting BQ load job d924b240-3d1c-4b61-bc04-e6bc218286be for table jibber-jabber-knowledge.bmrs_data.system_frequency...
2025-08-25 16:25:35,176 - gcs_to_bq_ingest - INFO - ✅ Loaded 5760 rows. Total rows in jibber-jabber-knowledge.bmrs_data.system_frequency: 327204
2025-08-25 16:25:35,179 - gcs_to_bq_ingest - INFO - ⏳ Processing gs://jibber-jabber-knowledge-bmrs-data/elexon/system_frequency/recent_20250823010558.json for table 'system_frequency'
2025-08-25 16:25:37,262 - gcs_to_bq_ingest - INFO - Starting BQ load job 5641bbb5-1449-44e3-9b30-38320aca38f8 for table jibber-jabber-knowledge.bmrs_data.system_frequency...
2025-08-25 16:25:39,316 - gcs_to_bq_ingest - INFO - ✅ Loaded 5761 rows. Total rows in jibber-jabber-knowledge.bmrs_data.system_frequency: 332965
2025-08-25 16:25:39,332 - gcs_to_bq_ingest - INFO - ⏳ Processing gs://jibber-jabber-knowledge-bmrs-data/elexon/system_frequency/recent_20250823011100.json for table 'system_frequency'
2025-08-25 16:25:41,371 - gcs_to_bq_ingest - INFO - Starting BQ load job 2997cefa-063d-432b-8bf8-3db9ef4baa12 for table jibber-jabber-knowledge.bmrs_data.system_frequency...
2025-08-25 16:25:43,940 - gcs_to_bq_ingest - INFO - ✅ Loaded 5761 rows. Total rows in jibber-jabber-knowledge.bmrs_data.system_frequency: 338726
2025-08-25 16:25:43,942 - gcs_to_bq_ingest - INFO - ⏳ Processing gs://jibber-jabber-knowledge-bmrs-data/elexon/system_frequency/recent_20250823011602.json for table 'system_frequency'
2025-08-25 16:25:45,775 - gcs_to_bq_ingest - INFO - Starting BQ load job f20296f5-6f45-48e0-a955-9e91c92def95 for table jibber-jabber-knowledge.bmrs_data.system_frequency...
2025-08-25 16:25:47,536 - gcs_to_bq_ingest - INFO - ✅ Loaded 5761 rows. Total rows in jibber-jabber-knowledge.bmrs_data.system_frequency: 344487
2025-08-25 16:25:47,538 - gcs_to_bq_ingest - INFO - ⏳ Processing gs://jibber-jabber-knowledge-bmrs-data/elexon/system_frequency/recent_20250823012104.json for table 'system_frequency'
2025-08-25 16:25:49,485 - gcs_to_bq_ingest - INFO - Starting BQ load job b1f0e958-c15f-4e0e-83a5-c9ab5d2ff1b3 for table jibber-jabber-knowledge.bmrs_data.system_frequency...
2025-08-25 16:25:56,734 - gcs_to_bq_ingest - INFO - ✅ Loaded 5761 rows. Total rows in jibber-jabber-knowledge.bmrs_data.system_frequency: 350248
2025-08-25 16:25:56,737 - gcs_to_bq_ingest - INFO - ⏳ Processing gs://jibber-jabber-knowledge-bmrs-data/elexon/system_frequency/recent_20250823012606.json for table 'system_frequency'
2025-08-25 16:25:58,746 - gcs_to_bq_ingest - INFO - Starting BQ load job 1298def1-f440-4610-be4c-161dcb86318c for table jibber-jabber-knowledge.bmrs_data.system_frequency...
2025-08-25 16:26:01,018 - gcs_to_bq_ingest - INFO - ✅ Loaded 5761 rows. Total rows in jibber-jabber-knowledge.bmrs_data.system_frequency: 356009
2025-08-25 16:26:01,019 - gcs_to_bq_ingest - INFO - ⏳ Processing gs://jibber-jabber-knowledge-bmrs-data/elexon/system_frequency/recent_20250823013108.json for table 'system_frequency'
2025-08-25 16:26:03,554 - gcs_to_bq_ingest - INFO - Starting BQ load job 8fbe5b6f-f0bc-4c5a-ab5d-ac279e039fc0 for table jibber-jabber-knowledge.bmrs_data.system_frequency...
2025-08-25 16:26:06,137 - gcs_to_bq_ingest - INFO - ✅ Loaded 5761 rows. Total rows in jibber-jabber-knowledge.bmrs_data.system_frequency: 361770
2025-08-25 16:26:06,139 - gcs_to_bq_ingest - INFO - ⏳ Processing gs://jibber-jabber-knowledge-bmrs-data/elexon/system_frequency/recent_20250823013610.json for table 'system_frequency'
2025-08-25 16:26:07,998 - gcs_to_bq_ingest - INFO - Starting BQ load job c65d84c6-790a-4b41-b6dc-5c4278a94d43 for table jibber-jabber-knowledge.bmrs_data.system_frequency...
2025-08-25 16:26:10,713 - gcs_to_bq_ingest - INFO - ✅ Loaded 5761 rows. Total rows in jibber-jabber-knowledge.bmrs_data.system_frequency: 367531
2025-08-25 16:26:10,714 - gcs_to_bq_ingest - INFO - ⏳ Processing gs://jibber-jabber-knowledge-bmrs-data/elexon/system_frequency/recent_20250823014111.json for table 'system_frequency'
2025-08-25 16:26:12,793 - gcs_to_bq_ingest - INFO - Starting BQ load job a37c2f41-5b3a-4163-a058-6a1d6ccccbc0 for table jibber-jabber-knowledge.bmrs_data.system_frequency...
2025-08-25 16:26:14,963 - gcs_to_bq_ingest - INFO - ✅ Loaded 5761 rows. Total rows in jibber-jabber-knowledge.bmrs_data.system_frequency: 373292
2025-08-25 16:26:14,964 - gcs_to_bq_ingest - INFO - ⏳ Processing gs://jibber-jabber-knowledge-bmrs-data/elexon/system_frequency/recent_20250823014614.json for table 'system_frequency'
2025-08-25 16:26:16,665 - gcs_to_bq_ingest - INFO - Starting BQ load job 25b2de95-b589-4e0d-a38b-4076af93404e for table jibber-jabber-knowledge.bmrs_data.system_frequency...
2025-08-25 16:26:19,543 - gcs_to_bq_ingest - INFO - ✅ Loaded 5761 rows. Total rows in jibber-jabber-knowledge.bmrs_data.system_frequency: 379053
2025-08-25 16:26:19,544 - gcs_to_bq_ingest - INFO - ⏳ Processing gs://jibber-jabber-knowledge-bmrs-data/elexon/system_frequency/recent_20250823015117.json for table 'system_frequency'
2025-08-25 16:26:21,702 - gcs_to_bq_ingest - INFO - Starting BQ load job 4c8e7f8e-b241-403f-8357-375ed2375dc4 for table jibber-jabber-knowledge.bmrs_data.system_frequency...
2025-08-25 16:26:23,646 - gcs_to_bq_ingest - INFO - ✅ Loaded 5761 rows. Total rows in jibber-jabber-knowledge.bmrs_data.system_frequency: 384814
2025-08-25 16:26:23,646 - gcs_to_bq_ingest - INFO - ⏳ Processing gs://jibber-jabber-knowledge-bmrs-data/elexon/system_frequency/recent_20250823015620.json for table 'system_frequency'
2025-08-25 16:26:25,514 - gcs_to_bq_ingest - INFO - Starting BQ load job b9cadc94-5e51-49ac-bd0c-29d5d4f4f207 for table jibber-jabber-knowledge.bmrs_data.system_frequency...
2025-08-25 16:26:27,893 - gcs_to_bq_ingest - INFO - ✅ Loaded 5761 rows. Total rows in jibber-jabber-knowledge.bmrs_data.system_frequency: 390575
2025-08-25 16:26:27,895 - gcs_to_bq_ingest - INFO - ⏳ Processing gs://jibber-jabber-knowledge-bmrs-data/elexon/system_frequency/recent_20250823020123.json for table 'system_frequency'
2025-08-25 16:26:29,780 - gcs_to_bq_ingest - INFO - Starting BQ load job e5467db7-821b-4f20-81e0-aac2160be691 for table jibber-jabber-knowledge.bmrs_data.system_frequency...
2025-08-25 16:26:31,393 - gcs_to_bq_ingest - INFO - ✅ Loaded 5761 rows. Total rows in jibber-jabber-knowledge.bmrs_data.system_frequency: 396336
2025-08-25 16:26:31,394 - gcs_to_bq_ingest - INFO - ⏳ Processing gs://jibber-jabber-knowledge-bmrs-data/elexon/system_frequency/recent_20250823020625.json for table 'system_frequency'
2025-08-25 16:26:33,423 - gcs_to_bq_ingest - INFO - Starting BQ load job 23be0ed8-9950-4043-87e6-bce297cf2bef for table jibber-jabber-knowledge.bmrs_data.system_frequency...
2025-08-25 16:26:36,244 - gcs_to_bq_ingest - INFO - ✅ Loaded 5761 rows. Total rows in jibber-jabber-knowledge.bmrs_data.system_frequency: 402097
2025-08-25 16:26:36,246 - gcs_to_bq_ingest - INFO - ⏳ Processing gs://jibber-jabber-knowledge-bmrs-data/elexon/system_frequency/recent_20250823021128.json for table 'system_frequency'
2025-08-25 16:26:38,201 - gcs_to_bq_ingest - INFO - Starting BQ load job 4dec17c6-9306-42ae-8347-f6c4fa9b1075 for table jibber-jabber-knowledge.bmrs_data.system_frequency...
2025-08-25 16:26:40,148 - gcs_to_bq_ingest - INFO - ✅ Loaded 5761 rows. Total rows in jibber-jabber-knowledge.bmrs_data.system_frequency: 407858
2025-08-25 16:26:40,152 - gcs_to_bq_ingest - INFO - ⏳ Processing gs://jibber-jabber-knowledge-bmrs-data/elexon/system_frequency/recent_20250823021630.json for table 'system_frequency'
2025-08-25 16:26:42,828 - gcs_to_bq_ingest - INFO - Starting BQ load job b32d07e4-9380-4479-b683-c67515606847 for table jibber-jabber-knowledge.bmrs_data.system_frequency...
2025-08-25 16:26:44,471 - gcs_to_bq_ingest - INFO - ✅ Loaded 5761 rows. Total rows in jibber-jabber-knowledge.bmrs_data.system_frequency: 413619
2025-08-25 16:26:44,472 - gcs_to_bq_ingest - INFO - ⏳ Processing gs://jibber-jabber-knowledge-bmrs-data/elexon/system_frequency/recent_20250823022132.json for table 'system_frequency'
2025-08-25 16:26:46,253 - gcs_to_bq_ingest - INFO - Starting BQ load job de387a6c-f810-41dd-8230-ad396c4c3939 for table jibber-jabber-knowledge.bmrs_data.system_frequency...
2025-08-25 16:26:48,140 - gcs_to_bq_ingest - INFO - ✅ Loaded 5761 rows. Total rows in jibber-jabber-knowledge.bmrs_data.system_frequency: 419380
2025-08-25 16:26:48,140 - gcs_to_bq_ingest - INFO - ⏳ Processing gs://jibber-jabber-knowledge-bmrs-data/elexon/system_frequency/recent_20250823022634.json for table 'system_frequency'
2025-08-25 16:26:50,010 - gcs_to_bq_ingest - INFO - Starting BQ load job a1f680b6-bcb6-4e30-9760-1237739022ad for table jibber-jabber-knowledge.bmrs_data.system_frequency...
2025-08-25 16:26:52,220 - gcs_to_bq_ingest - INFO - ✅ Loaded 5761 rows. Total rows in jibber-jabber-knowledge.bmrs_data.system_frequency: 425141
2025-08-25 16:26:52,220 - gcs_to_bq_ingest - INFO - ⏳ Processing gs://jibber-jabber-knowledge-bmrs-data/elexon/system_frequency/recent_20250823023137.json for table 'system_frequency'
2025-08-25 16:26:54,189 - gcs_to_bq_ingest - INFO - Starting BQ load job cb7026df-eadc-47cc-af3e-b04850d10a50 for table jibber-jabber-knowledge.bmrs_data.system_frequency...
2025-08-25 16:26:55,655 - gcs_to_bq_ingest - INFO - ✅ Loaded 5761 rows. Total rows in jibber-jabber-knowledge.bmrs_data.system_frequency: 430902
2025-08-25 16:26:55,656 - gcs_to_bq_ingest - INFO - ⏳ Processing gs://jibber-jabber-knowledge-bmrs-data/elexon/system_warnings/recent_20250822233112.json for table 'system_warnings'
2025-08-25 16:26:57,445 - gcs_to_bq_ingest - INFO - Starting BQ load job 7579bff9-cf4c-43da-83fe-40867bf95239 for table jibber-jabber-knowledge.bmrs_data.system_warnings...
2025-08-25 16:26:59,327 - gcs_to_bq_ingest - INFO - ✅ Loaded 1 rows. Total rows in jibber-jabber-knowledge.bmrs_data.system_warnings: 17
2025-08-25 16:26:59,330 - gcs_to_bq_ingest - INFO - ⏳ Processing gs://jibber-jabber-knowledge-bmrs-data/elexon/system_warnings/recent_20250823000140.json for table 'system_warnings'
2025-08-25 16:27:00,674 - gcs_to_bq_ingest - INFO - Starting BQ load job 03dcc280-1704-459d-97b3-8d9b33bac17d for table jibber-jabber-knowledge.bmrs_data.system_warnings...
2025-08-25 16:27:02,469 - gcs_to_bq_ingest - INFO - ✅ Loaded 1 rows. Total rows in jibber-jabber-knowledge.bmrs_data.system_warnings: 18
2025-08-25 16:27:02,471 - gcs_to_bq_ingest - INFO - ⏳ Processing gs://jibber-jabber-knowledge-bmrs-data/elexon/system_warnings/recent_20250823001819.json for table 'system_warnings'
2025-08-25 16:27:04,099 - gcs_to_bq_ingest - INFO - Starting BQ load job 482eda1f-a4b6-47be-b679-c71501871608 for table jibber-jabber-knowledge.bmrs_data.system_warnings...
2025-08-25 16:27:05,994 - gcs_to_bq_ingest - INFO - ✅ Loaded 1 rows. Total rows in jibber-jabber-knowledge.bmrs_data.system_warnings: 19
2025-08-25 16:27:05,995 - gcs_to_bq_ingest - INFO - ⏳ Processing gs://jibber-jabber-knowledge-bmrs-data/elexon/system_warnings/recent_20250823002059.json for table 'system_warnings'
2025-08-25 16:27:07,480 - gcs_to_bq_ingest - INFO - Starting BQ load job 388cb7ec-1120-4e9a-ab94-a91bc26e1f75 for table jibber-jabber-knowledge.bmrs_data.system_warnings...
2025-08-25 16:27:10,691 - gcs_to_bq_ingest - INFO - ✅ Loaded 1 rows. Total rows in jibber-jabber-knowledge.bmrs_data.system_warnings: 20
2025-08-25 16:27:10,692 - gcs_to_bq_ingest - INFO - ⏳ Processing gs://jibber-jabber-knowledge-bmrs-data/elexon/system_warnings/recent_20250823003921.json for table 'system_warnings'
2025-08-25 16:27:12,188 - gcs_to_bq_ingest - INFO - Starting BQ load job 44435eab-c2b5-49d9-873d-dcaffeda1b74 for table jibber-jabber-knowledge.bmrs_data.system_warnings...
2025-08-25 16:27:14,010 - gcs_to_bq_ingest - INFO - ✅ Loaded 1 rows. Total rows in jibber-jabber-knowledge.bmrs_data.system_warnings: 21
2025-08-25 16:27:14,010 - gcs_to_bq_ingest - INFO - ⏳ Processing gs://jibber-jabber-knowledge-bmrs-data/elexon/system_warnings/recent_20250823004008.json for table 'system_warnings'
2025-08-25 16:27:15,464 - gcs_to_bq_ingest - INFO - Starting BQ load job c11b3301-7b26-4733-b5c1-1dc89d5cbb39 for table jibber-jabber-knowledge.bmrs_data.system_warnings...
2025-08-25 16:27:19,357 - gcs_to_bq_ingest - INFO - ✅ Loaded 1 rows. Total rows in jibber-jabber-knowledge.bmrs_data.system_warnings: 22
2025-08-25 16:27:19,366 - gcs_to_bq_ingest - INFO - ⏳ Processing gs://jibber-jabber-knowledge-bmrs-data/elexon/system_warnings/recent_20250823004052.json for table 'system_warnings'
2025-08-25 16:27:20,889 - gcs_to_bq_ingest - INFO - Starting BQ load job b68cf185-5a63-4235-b2c4-507ffe77bb20 for table jibber-jabber-knowledge.bmrs_data.system_warnings...
2025-08-25 16:27:22,892 - gcs_to_bq_ingest - INFO - ✅ Loaded 1 rows. Total rows in jibber-jabber-knowledge.bmrs_data.system_warnings: 23
2025-08-25 16:27:22,893 - gcs_to_bq_ingest - INFO - ⏳ Processing gs://jibber-jabber-knowledge-bmrs-data/elexon/system_warnings/recent_20250823014048.json for table 'system_warnings'
2025-08-25 16:27:24,374 - gcs_to_bq_ingest - INFO - Starting BQ load job 14548455-8298-4cc7-aa69-a10a39cb2ee6 for table jibber-jabber-knowledge.bmrs_data.system_warnings...
2025-08-25 16:27:26,495 - gcs_to_bq_ingest - INFO - ✅ Loaded 1 rows. Total rows in jibber-jabber-knowledge.bmrs_data.system_warnings: 24
2025-08-25 16:27:26,499 - gcs_to_bq_ingest - INFO - 🎉 Ingestion run complete. Processed 121 JSON files.
